8=FIX4.4; 35=0; 34=33; 49=MTHREE; 56=MS; 52=2022-04-14-12:22:30; 108=30; 10=0015;
8=FIX4.4; 35=0; 34=33; 49=MS; 56=MTHREE; 52=2022-04-14-12:22:30; 108=30; 10=0015;
8=FIX4.4; 35=0; 34=34; 49=MTHREE; 56=MS; 52=2022-04-14-12:22:32; 108=30; 10=0015;
8=FIX4.4; 35=0; 34=34; 49=MS; 56=MTHREE; 52=2022-04-14-12:22:32; 108=30; 10=0015;
8=FIX4.4; 35=0; 34=35; 49=MTHREE; 56=MS; 52=2022-04-14-12:22:34; 108=30; 10=0015;
8=FIX4.4; 35=0; 34=35; 49=MS; 56=MTHREE; 52=2022-04-14-12:22:34; 108=30; 10=0015;
8=FIX4.4; 35=0; 34=36; 49=MTHREE; 56=MS; 52=2022-04-14-12:22:36; 108=30; 10=0015;
8=FIX4.4; 35=0; 34=36; 49=MS; 56=MTHREE; 52=2022-04-14-12:22:36; 108=30; 10=0015;
8=FIX4.4; 35=0; 34=37; 49=MTHREE; 56=MS; 52=2022-04-14-12:22:38; 108=30; 10=0015;
8=FIX4.4; 35=0; 34=37; 49=MS; 56=MTHREE; 52=2022-04-14-12:22:38; 108=30; 10=0015;
8=FIX4.4; 35=0; 34=38; 49=MTHREE; 56=MS; 52=2022-04-14-12:22:40; 108=30; 10=0015;
8=FIX4.4; 35=0; 34=38; 49=MS; 56=MTHREE; 52=2022-04-14-12:22:40; 108=30; 10=0015;
8=FIX4.4; 35=0; 34=39; 49=MTHREE; 56=MS; 52=2022-04-14-12:22:42; 108=30; 10=0015;
8=FIX4.4; 35=0; 34=39; 49=MS; 56=MTHREE; 52=2022-04-14-12:22:42; 108=30; 10=0015;
8=FIX4.4; 35=0; 34=40; 49=MTHREE; 56=MS; 52=2022-04-14-12:22:44; 108=30; 10=0015;
8=FIX4.4; 35=0; 34=40; 49=MS; 56=MTHREE; 52=2022-04-14-12:22:44; 108=30; 10=0015;
8=FIX4.4; 35=0; 34=41; 49=MTHREE; 56=MS; 52=2022-04-14-12:22:46; 108=30; 10=0015;
8=FIX4.4; 35=0; 34=41; 49=MS; 56=MTHREE; 52=2022-04-14-12:22:46; 108=30; 10=0015;
8=FIX4.4; 35=0; 34=42; 49=MTHREE; 56=MS; 52=2022-04-14-12:22:48; 108=30; 10=0015;
8=FIX4.4; 35=0; 34=42; 49=MS; 56=MTHREE; 52=2022-04-14-12:22:48; 108=30; 10=0015;
8=FIX4.4; 35=0; 34=43; 49=MTHREE; 56=MS; 52=2022-04-14-12:22:50; 108=30; 10=0015;
8=FIX4.4; 35=0; 34=43; 49=MS; 56=MTHREE; 52=2022-04-14-12:22:50; 108=30; 10=0015;
8=FIX4.4; 35=0; 34=44; 49=MTHREE; 56=MS; 52=2022-04-14-12:22:52; 108=30; 10=0015;
8=FIX4.4; 35=0; 34=44; 49=MS; 56=MTHREE; 52=2022-04-14-12:22:52; 108=30; 10=0015;
8=FIX4.4; 35=0; 34=45; 49=MTHREE; 56=MS; 52=2022-04-14-12:22:54; 108=30; 10=0015;
8=FIX4.4; 35=0; 34=45; 49=MS; 56=MTHREE; 52=2022-04-14-12:22:54; 108=30; 10=0015;
8=FIX4.4; 35=0; 34=46; 49=MTHREE; 56=MS; 52=2022-04-14-12:22:56; 108=30; 10=0015;
8=FIX4.4; 35=0; 34=46; 49=MS; 56=MTHREE; 52=2022-04-14-12:22:56; 108=30; 10=0015;
8=FIX4.4; 35=0; 34=47; 49=MTHREE; 56=MS; 52=2022-04-14-12:22:58; 108=30; 10=0015;
8=FIX4.4; 35=0; 34=47; 49=MS; 56=MTHREE; 52=2022-04-14-12:22:58; 108=30; 10=0015;
8=FIX4.4; 35=0; 34=48; 49=MTHREE; 56=MS; 52=2022-04-14-12:23:00; 108=30; 10=0015;
8=FIX4.4; 35=0; 34=48; 49=MS; 56=MTHREE; 52=2022-04-14-12:23:00; 108=30; 10=0015;
8=FIX4.4; 35=0; 34=49; 49=MTHREE; 56=MS; 52=2022-04-14-12:23:02; 108=30; 10=0015;
8=FIX4.4; 35=0; 34=49; 49=MS; 56=MTHREE; 52=2022-04-14-12:23:02; 108=30; 10=0015;
8=FIX4.4; 35=0; 34=50; 49=MTHREE; 56=MS; 52=2022-04-14-12:23:04; 108=30; 10=0015;
8=FIX4.4; 35=0; 34=50; 49=MS; 56=MTHREE; 52=2022-04-14-12:23:04; 108=30; 10=0015;
8=FIX4.4; 35=0; 34=51; 49=MTHREE; 56=MS; 52=2022-04-14-12:23:06; 108=30; 10=0015;
8=FIX4.4; 35=0; 34=51; 49=MS; 56=MTHREE; 52=2022-04-14-12:23:06; 108=30; 10=0015;
8=FIX4.4; 35=D; 34=52; 49=MTHREE; 56=MS; 52=2022-04-14-12:23:08; 55=AAPL; 40=2; 38=7305; 21=2; 11=algo20220414122308; 60=2022-04-14-12:23:08; 54=2; 44=1276.37; 10=0252;
8=FIX4.4; 35=8; 34=52; 49=MS; 56=MTHREE; 52=2022-04-14-12:23:08; 55=AAPL; 40=2; 11=algo20220414122308; 31=1276.37; 150=0; 39=0; 54=2; 44=1276.37; 32=0; 17=exec20220414122308; 38=7305; 60=2022-04-14-12:23:08; 6=0; 14=0; 37=algo20220414122308; 10=200;
8=FIX4.4; 35=8; 34=53; 49=MS; 56=MTHREE; 52=2022-04-14-12:23:08; 55=AAPL; 40=2; 11=algo20220414122308; 31=1276.37; 150=1; 39=1; 54=2; 44=1276.37; 32=2435; 17=exec20220414122308; 38=7305; 60=2022-04-14-12:23:08; 6=1276.37; 14=2435; 37=algo20220414122308; 10=240;
8=FIX4.4; 35=F; 34=52; 49=MTHREE; 56=MS; 52=2022-04-14-12:23:09; 41=algo20220414122308; 55=AAPL; 38=7305; 11=C_algo20220414122308; 60=2022-04-14-12:23:09; 10=060;
8=FIX4.4; 35=8; 34=53; 49=MS; 56=MTHREE; 52=2022-04-14-12:23:09; 55=AAPL; 11=C_algo20220414122308; 31=0; 150=6; 39=6; 54=2; 44=1276.37; 17=exec20220414122309; 32=0; 41=algo20220414122308; 38=7305; 60=2022-04-14-12:23:09; 6=0.0; 14=2435; 37=algo20220414122308; 10=252;
8=FIX4.4; 35=8; 34=54; 49=MS; 56=MTHREE; 52=2022-04-14-12:23:09; 151=2435; 55=AAPL; 11=C_algo20220414122308; 31=0; 150=4; 39=4; 54=2; 17=exec20220414122309; 32=0; 41=algo20220414122308; 38=7305; 60=2022-04-14-12:23:09; 6=0.0; 14=2435; 37=algo20220414122308; 10=252;
8=FIX4.4; 35=D; 34=54; 49=MTHREE; 56=MS; 52=2022-04-14-12:23:11; 55=MSFT; 40=2; 38=27977; 21=2; 11=algo20220414122311; 60=2022-04-14-12:23:11; 54=1; 44=59.89; 10=0252;
8=FIX4.4; 35=8; 34=56; 49=MS; 56=MTHREE; 52=2022-04-14-12:23:11; 55=MSFT; 40=2; 11=algo20220414122311; 31=59.89; 150=0; 39=0; 54=1; 44=59.89; 32=0; 17=exec20220414122311; 38=27977; 60=2022-04-14-12:23:11; 6=0; 14=0; 37=algo20220414122311; 10=200;
8=FIX4.4; 35=8; 34=57; 49=MS; 56=MTHREE; 52=2022-04-14-12:23:11; 55=MSFT; 40=2; 11=algo20220414122311; 31=59.89; 150=1; 39=1; 54=1; 44=59.89; 32=5595; 17=exec20220414122311; 38=27977; 60=2022-04-14-12:23:11; 6=59.89; 14=5595; 37=algo20220414122311; 10=240;
8=FIX4.4; 35=8; 34=58; 49=MS; 56=MTHREE; 52=2022-04-14-12:23:12; 55=MSFT; 40=2; 11=algo20220414122311; 31=59.89; 150=1; 39=1; 54=1; 44=59.89; 32=5595; 17=exec20220414122312; 38=27977; 60=2022-04-14-12:23:12; 6=59.89; 14=11190; 37=algo20220414122311; 10=240;
8=FIX4.4; 35=F; 34=54; 49=MTHREE; 56=MS; 52=2022-04-14-12:23:13; 41=algo20220414122311; 55=MSFT; 38=27977; 11=C_algo20220414122311; 60=2022-04-14-12:23:13; 10=060;
8=FIX4.4; 35=8; 34=58; 49=MS; 56=MTHREE; 52=2022-04-14-12:23:13; 55=MSFT; 11=C_algo20220414122311; 31=0; 150=6; 39=6; 54=1; 44=59.89; 17=exec20220414122313; 32=0; 41=algo20220414122311; 38=27977; 60=2022-04-14-12:23:13; 6=0.0; 14=11190; 37=algo20220414122311; 10=252;
8=FIX4.4; 35=8; 34=59; 49=MS; 56=MTHREE; 52=2022-04-14-12:23:13; 151=11192; 55=MSFT; 11=C_algo20220414122311; 31=0; 150=4; 39=4; 54=1; 17=exec20220414122313; 32=0; 41=algo20220414122311; 38=27977; 60=2022-04-14-12:23:13; 6=0.0; 14=11190; 37=algo20220414122311; 10=252;
8=FIX4.4; 35=D; 34=56; 49=MTHREE; 56=MS; 52=2022-04-14-12:23:15; 55=AMZN; 40=2; 38=29884; 21=2; 11=algo20220414122315; 60=2022-04-14-12:23:15; 54=1; 44=133.47; 10=0252;
8=FIX4.4; 35=8; 34=61; 49=MS; 56=MTHREE; 52=2022-04-14-12:23:15; 55=AMZN; 40=2; 11=algo20220414122315; 31=133.47; 150=0; 39=0; 54=1; 44=133.47; 32=0; 17=exec20220414122315; 38=29884; 60=2022-04-14-12:23:15; 6=0; 14=0; 37=algo20220414122315; 10=200;
8=FIX4.4; 35=8; 34=62; 49=MS; 56=MTHREE; 52=2022-04-14-12:23:15; 55=AMZN; 40=2; 11=algo20220414122315; 31=133.47; 150=1; 39=1; 54=1; 44=133.47; 32=5976; 17=exec20220414122315; 38=29884; 60=2022-04-14-12:23:15; 6=133.47; 14=5976; 37=algo20220414122315; 10=240;
8=FIX4.4; 35=8; 34=63; 49=MS; 56=MTHREE; 52=2022-04-14-12:23:16; 55=AMZN; 40=2; 11=algo20220414122315; 31=133.47; 150=1; 39=1; 54=1; 44=133.47; 32=5976; 17=exec20220414122316; 38=29884; 60=2022-04-14-12:23:16; 6=133.47; 14=11952; 37=algo20220414122315; 10=240;
8=FIX4.4; 35=8; 34=64; 49=MS; 56=MTHREE; 52=2022-04-14-12:23:17; 55=AMZN; 40=2; 11=algo20220414122315; 31=133.47; 150=1; 39=1; 54=1; 44=133.47; 32=5976; 17=exec20220414122317; 38=29884; 60=2022-04-14-12:23:17; 6=133.47; 14=17928; 37=algo20220414122315; 10=240;
8=FIX4.4; 35=F; 34=56; 49=MTHREE; 56=MS; 52=2022-04-14-12:23:18; 41=algo20220414122315; 55=AMZN; 38=29884; 11=C_algo20220414122315; 60=2022-04-14-12:23:18; 10=060;
8=FIX4.4; 35=8; 34=64; 49=MS; 56=MTHREE; 52=2022-04-14-12:23:18; 55=AMZN; 11=C_algo20220414122315; 31=0; 150=6; 39=6; 54=1; 44=133.47; 17=exec20220414122318; 32=0; 41=algo20220414122315; 38=29884; 60=2022-04-14-12:23:18; 6=0.0; 14=17928; 37=algo20220414122315; 10=252;
8=FIX4.4; 35=8; 34=65; 49=MS; 56=MTHREE; 52=2022-04-14-12:23:18; 151=5980; 55=AMZN; 11=C_algo20220414122315; 31=0; 150=4; 39=4; 54=1; 17=exec20220414122318; 32=0; 41=algo20220414122315; 38=29884; 60=2022-04-14-12:23:18; 6=0.0; 14=17928; 37=algo20220414122315; 10=252;
8=FIX4.4; 35=D; 34=58; 49=MTHREE; 56=MS; 52=2022-04-14-12:23:20; 55=FB; 40=2; 38=4934; 21=2; 11=algo20220414122320; 60=2022-04-14-12:23:20; 54=1; 44=430.62; 10=0252;
8=FIX4.4; 35=8; 34=67; 49=MS; 56=MTHREE; 52=2022-04-14-12:23:20; 55=FB; 40=2; 11=algo20220414122320; 31=430.62; 150=0; 39=0; 54=1; 44=430.62; 32=0; 17=exec20220414122320; 38=4934; 60=2022-04-14-12:23:20; 6=0; 14=0; 37=algo20220414122320; 10=200;
8=FIX4.4; 35=F; 34=58; 49=MTHREE; 56=MS; 52=2022-04-14-12:23:20; 41=algo20220414122320; 55=FB; 38=4934; 11=C_algo20220414122320; 60=2022-04-14-12:23:20; 10=060;
8=FIX4.4; 35=8; 34=67; 49=MS; 56=MTHREE; 52=2022-04-14-12:23:20; 55=FB; 11=C_algo20220414122320; 31=0; 150=6; 39=6; 54=1; 44=430.62; 17=exec20220414122320; 32=0; 41=algo20220414122320; 38=4934; 60=2022-04-14-12:23:20; 6=0.0; 14=0; 37=algo20220414122320; 10=252;
8=FIX4.4; 35=8; 34=68; 49=MS; 56=MTHREE; 52=2022-04-14-12:23:20; 151=3701; 55=FB; 11=C_algo20220414122320; 31=0; 150=4; 39=4; 54=1; 17=exec20220414122320; 32=0; 41=algo20220414122320; 38=4934; 60=2022-04-14-12:23:20; 6=0.0; 14=0; 37=algo20220414122320; 10=252;
8=FIX4.4; 35=D; 34=60; 49=MTHREE; 56=MS; 52=2022-04-14-12:23:22; 55=GOOG; 40=2; 38=2312; 21=2; 11=algo20220414122323; 60=2022-04-14-12:23:22; 54=1; 44=42.05; 10=0252;
8=FIX4.4; 35=8; 34=70; 49=MS; 56=MTHREE; 52=2022-04-14-12:23:22; 55=GOOG; 40=2; 11=algo20220414122323; 31=42.05; 150=0; 39=0; 54=1; 44=42.05; 32=0; 17=exec20220414122323; 38=2312; 60=2022-04-14-12:23:22; 6=0; 14=0; 37=algo20220414122323; 10=200;
8=FIX4.4; 35=8; 34=71; 49=MS; 56=MTHREE; 52=2022-04-14-12:23:23; 55=GOOG; 40=2; 11=algo20220414122323; 31=42.05; 150=1; 39=1; 54=1; 44=42.05; 32=578; 17=exec20220414122323; 38=2312; 60=2022-04-14-12:23:23; 6=42.05; 14=578; 37=algo20220414122323; 10=240;
8=FIX4.4; 35=F; 34=60; 49=MTHREE; 56=MS; 52=2022-04-14-12:23:24; 41=algo20220414122323; 55=GOOG; 38=2312; 11=C_algo20220414122323; 60=2022-04-14-12:23:24; 10=060;
8=FIX4.4; 35=8; 34=71; 49=MS; 56=MTHREE; 52=2022-04-14-12:23:24; 55=GOOG; 11=C_algo20220414122323; 31=0; 150=6; 39=6; 54=1; 44=42.05; 17=exec20220414122324; 32=0; 41=algo20220414122323; 38=2312; 60=2022-04-14-12:23:24; 6=0.0; 14=578; 37=algo20220414122323; 10=252;
8=FIX4.4; 35=8; 34=72; 49=MS; 56=MTHREE; 52=2022-04-14-12:23:24; 151=1156; 55=GOOG; 11=C_algo20220414122323; 31=0; 150=4; 39=4; 54=1; 17=exec20220414122324; 32=0; 41=algo20220414122323; 38=2312; 60=2022-04-14-12:23:24; 6=0.0; 14=578; 37=algo20220414122323; 10=252;
8=FIX4.4; 35=D; 34=62; 49=MTHREE; 56=MS; 52=2022-04-14-12:23:26; 55=GOOGL; 40=2; 38=30430; 21=2; 11=algo20220414122326; 60=2022-04-14-12:23:26; 54=1; 44=289.20; 10=0252;
8=FIX4.4; 35=8; 34=74; 49=MS; 56=MTHREE; 52=2022-04-14-12:23:26; 55=GOOGL; 40=2; 11=algo20220414122326; 31=289.20; 150=0; 39=0; 54=1; 44=289.20; 32=0; 17=exec20220414122326; 38=30430; 60=2022-04-14-12:23:26; 6=0; 14=0; 37=algo20220414122326; 10=200;
8=FIX4.4; 35=F; 34=62; 49=MTHREE; 56=MS; 52=2022-04-14-12:23:26; 41=algo20220414122326; 55=GOOGL; 38=30430; 11=C_algo20220414122326; 60=2022-04-14-12:23:26; 10=060;
8=FIX4.4; 35=8; 34=74; 49=MS; 56=MTHREE; 52=2022-04-14-12:23:26; 55=GOOGL; 11=C_algo20220414122326; 31=0; 150=6; 39=6; 54=1; 44=289.20; 17=exec20220414122326; 32=0; 41=algo20220414122326; 38=30430; 60=2022-04-14-12:23:26; 6=0.0; 14=0; 37=algo20220414122326; 10=252;
8=FIX4.4; 35=8; 34=75; 49=MS; 56=MTHREE; 52=2022-04-14-12:23:26; 151=24344; 55=GOOGL; 11=C_algo20220414122326; 31=0; 150=4; 39=4; 54=1; 17=exec20220414122326; 32=0; 41=algo20220414122326; 38=30430; 60=2022-04-14-12:23:26; 6=0.0; 14=0; 37=algo20220414122326; 10=252;
8=FIX4.4; 35=D; 34=64; 49=MTHREE; 56=MS; 52=2022-04-14-12:23:28; 55=INTC; 40=2; 38=32608; 21=2; 11=algo20220414122328; 60=2022-04-14-12:23:28; 54=1; 44=339.13; 10=0252;
8=FIX4.4; 35=8; 34=77; 49=MS; 56=MTHREE; 52=2022-04-14-12:23:28; 55=INTC; 40=2; 11=algo20220414122328; 31=339.13; 150=0; 39=0; 54=1; 44=339.13; 32=0; 17=exec20220414122328; 38=32608; 60=2022-04-14-12:23:28; 6=0; 14=0; 37=algo20220414122328; 10=200;
8=FIX4.4; 35=8; 34=78; 49=MS; 56=MTHREE; 52=2022-04-14-12:23:28; 55=INTC; 40=2; 11=algo20220414122328; 31=339.13; 150=1; 39=1; 54=1; 44=339.13; 32=16304; 17=exec20220414122328; 38=32608; 60=2022-04-14-12:23:28; 6=339.13; 14=16304; 37=algo20220414122328; 10=240;
8=FIX4.4; 35=8; 34=79; 49=MS; 56=MTHREE; 52=2022-04-14-12:23:30; 55=INTC; 40=2; 11=algo20220414122328; 31=339.13; 150=2; 39=2; 54=1; 44=339.13; 32=16304; 17=exec20220414122330; 38=32608; 60=2022-04-14-12:23:30; 6=339.13; 14=32608; 37=algo20220414122328; 10=246;
8=FIX4.4; 35=D; 34=65; 49=MTHREE; 56=MS; 52=2022-04-14-12:23:30; 55=PEP; 40=2; 38=2386; 21=2; 11=algo20220414122330; 60=2022-04-14-12:23:30; 54=2; 44=36.21; 10=0252;
8=FIX4.4; 35=8; 34=80; 49=MS; 56=MTHREE; 52=2022-04-14-12:23:30; 55=PEP; 40=2; 11=algo20220414122330; 31=36.21; 150=0; 39=0; 54=2; 44=36.21; 32=0; 17=exec20220414122330; 38=2386; 60=2022-04-14-12:23:30; 6=0; 14=0; 37=algo20220414122330; 10=200;
8=FIX4.4; 35=F; 34=65; 49=MTHREE; 56=MS; 52=2022-04-14-12:23:30; 41=algo20220414122330; 55=PEP; 38=2386; 11=C_algo20220414122330; 60=2022-04-14-12:23:30; 10=060;
8=FIX4.4; 35=8; 34=80; 49=MS; 56=MTHREE; 52=2022-04-14-12:23:30; 55=PEP; 11=C_algo20220414122330; 31=0; 150=6; 39=6; 54=2; 44=36.21; 17=exec20220414122330; 32=0; 41=algo20220414122330; 38=2386; 60=2022-04-14-12:23:30; 6=0.0; 14=0; 37=algo20220414122330; 10=252;
8=FIX4.4; 35=8; 34=81; 49=MS; 56=MTHREE; 52=2022-04-14-12:23:30; 151=1909; 55=PEP; 11=C_algo20220414122330; 31=0; 150=4; 39=4; 54=2; 17=exec20220414122330; 32=0; 41=algo20220414122330; 38=2386; 60=2022-04-14-12:23:30; 6=0.0; 14=0; 37=algo20220414122330; 10=252;
8=FIX4.4; 35=D; 34=67; 49=MTHREE; 56=MS; 52=2022-04-14-12:23:32; 55=NFLX; 40=2; 38=26664; 21=2; 11=algo20220414122332; 60=2022-04-14-12:23:32; 54=2; 44=306.71; 10=0252;
8=FIX4.4; 35=8; 34=83; 49=MS; 56=MTHREE; 52=2022-04-14-12:23:32; 55=NFLX; 40=2; 11=algo20220414122332; 31=306.71; 150=0; 39=0; 54=2; 44=306.71; 32=0; 17=exec20220414122332; 38=26664; 60=2022-04-14-12:23:32; 6=0; 14=0; 37=algo20220414122332; 10=200;
8=FIX4.4; 35=8; 34=84; 49=MS; 56=MTHREE; 52=2022-04-14-12:23:32; 55=NFLX; 40=2; 11=algo20220414122332; 31=306.71; 150=1; 39=1; 54=2; 44=306.71; 32=8888; 17=exec20220414122332; 38=26664; 60=2022-04-14-12:23:32; 6=306.71; 14=8888; 37=algo20220414122332; 10=240;
8=FIX4.4; 35=8; 34=85; 49=MS; 56=MTHREE; 52=2022-04-14-12:23:33; 55=NFLX; 40=2; 11=algo20220414122332; 31=306.71; 150=1; 39=1; 54=2; 44=306.71; 32=8888; 17=exec20220414122333; 38=26664; 60=2022-04-14-12:23:33; 6=306.71; 14=17776; 37=algo20220414122332; 10=240;
8=FIX4.4; 35=8; 34=86; 49=MS; 56=MTHREE; 52=2022-04-14-12:23:35; 55=NFLX; 40=2; 11=algo20220414122332; 31=306.71; 150=2; 39=2; 54=2; 44=306.71; 32=8888; 17=exec20220414122335; 38=26664; 60=2022-04-14-12:23:35; 6=306.71; 14=26664; 37=algo20220414122332; 10=246;
8=FIX4.4; 35=D; 34=68; 49=MTHREE; 56=MS; 52=2022-04-14-12:23:35; 55=CSCO; 40=2; 38=30868; 21=2; 11=algo20220414122335; 60=2022-04-14-12:23:35; 54=1; 44=233.73; 10=0252;
8=FIX4.4; 35=8; 34=87; 49=MS; 56=MTHREE; 52=2022-04-14-12:23:35; 55=CSCO; 40=2; 11=algo20220414122335; 31=233.73; 150=0; 39=0; 54=1; 44=233.73; 32=0; 17=exec20220414122335; 38=30868; 60=2022-04-14-12:23:35; 6=0; 14=0; 37=algo20220414122335; 10=200;
8=FIX4.4; 35=8; 34=88; 49=MS; 56=MTHREE; 52=2022-04-14-12:23:35; 55=CSCO; 40=2; 11=algo20220414122335; 31=233.73; 150=1; 39=1; 54=1; 44=233.73; 32=10289; 17=exec20220414122335; 38=30868; 60=2022-04-14-12:23:35; 6=233.73; 14=10289; 37=algo20220414122335; 10=240;
8=FIX4.4; 35=8; 34=89; 49=MS; 56=MTHREE; 52=2022-04-14-12:23:36; 55=CSCO; 40=2; 11=algo20220414122335; 31=233.73; 150=1; 39=1; 54=1; 44=233.73; 32=10289; 17=exec20220414122336; 38=30868; 60=2022-04-14-12:23:36; 6=233.73; 14=20578; 37=algo20220414122335; 10=240;
8=FIX4.4; 35=8; 34=90; 49=MS; 56=MTHREE; 52=2022-04-14-12:23:38; 55=CSCO; 40=2; 11=algo20220414122335; 31=233.73; 150=2; 39=2; 54=1; 44=233.73; 32=10290; 17=exec20220414122338; 38=30868; 60=2022-04-14-12:23:38; 6=233.73; 14=30868; 37=algo20220414122335; 10=246;
8=FIX4.4; 35=D; 34=69; 49=MTHREE; 56=MS; 52=2022-04-14-12:23:38; 55=AMGN; 40=2; 38=9344; 21=2; 11=algo20220414122338; 60=2022-04-14-12:23:38; 54=2; 44=116.62; 10=0252;
8=FIX4.4; 35=8; 34=91; 49=MS; 56=MTHREE; 52=2022-04-14-12:23:38; 55=AMGN; 40=2; 11=algo20220414122338; 31=116.62; 150=0; 39=0; 54=2; 44=116.62; 32=0; 17=exec20220414122338; 38=9344; 60=2022-04-14-12:23:38; 6=0; 14=0; 37=algo20220414122338; 10=200;
8=FIX4.4; 35=8; 34=92; 49=MS; 56=MTHREE; 52=2022-04-14-12:23:39; 55=AMGN; 40=2; 11=algo20220414122338; 31=116.62; 150=2; 39=2; 54=2; 44=116.62; 32=9344; 17=exec20220414122339; 38=9344; 60=2022-04-14-12:23:39; 6=116.62; 14=9344; 37=algo20220414122338; 10=246;
8=FIX4.4; 35=D; 34=70; 49=MTHREE; 56=MS; 52=2022-04-14-12:23:39; 55=PYPL; 40=2; 38=11116; 21=2; 11=algo20220414122339; 60=2022-04-14-12:23:39; 54=1; 44=723.61; 10=0252;
8=FIX4.4; 35=8; 34=93; 49=MS; 56=MTHREE; 52=2022-04-14-12:23:39; 55=PYPL; 40=2; 11=algo20220414122339; 31=723.61; 150=0; 39=0; 54=1; 44=723.61; 32=0; 17=exec20220414122339; 38=11116; 60=2022-04-14-12:23:39; 6=0; 14=0; 37=algo20220414122339; 10=200;
8=FIX4.4; 35=8; 34=94; 49=MS; 56=MTHREE; 52=2022-04-14-12:23:39; 55=PYPL; 40=2; 11=algo20220414122339; 31=723.61; 150=1; 39=1; 54=1; 44=723.61; 32=2779; 17=exec20220414122339; 38=11116; 60=2022-04-14-12:23:39; 6=723.61; 14=2779; 37=algo20220414122339; 10=240;
8=FIX4.4; 35=F; 34=70; 49=MTHREE; 56=MS; 52=2022-04-14-12:23:40; 41=algo20220414122339; 55=PYPL; 38=11116; 11=C_algo20220414122339; 60=2022-04-14-12:23:40; 10=060;
8=FIX4.4; 35=8; 34=94; 49=MS; 56=MTHREE; 52=2022-04-14-12:23:40; 55=PYPL; 11=C_algo20220414122339; 31=0; 150=6; 39=6; 54=1; 44=723.61; 17=exec20220414122340; 32=0; 41=algo20220414122339; 38=11116; 60=2022-04-14-12:23:40; 6=0.0; 14=2779; 37=algo20220414122339; 10=252;
8=FIX4.4; 35=8; 34=95; 49=MS; 56=MTHREE; 52=2022-04-14-12:23:40; 151=5558; 55=PYPL; 11=C_algo20220414122339; 31=0; 150=4; 39=4; 54=1; 17=exec20220414122340; 32=0; 41=algo20220414122339; 38=11116; 60=2022-04-14-12:23:40; 6=0.0; 14=2779; 37=algo20220414122339; 10=252;
8=FIX4.4; 35=D; 34=72; 49=MTHREE; 56=MS; 52=2022-04-14-12:23:42; 55=TSLA; 40=2; 38=7245; 21=2; 11=algo20220414122342; 60=2022-04-14-12:23:42; 54=2; 44=503.77; 10=0252;
8=FIX4.4; 35=8; 34=97; 49=MS; 56=MTHREE; 52=2022-04-14-12:23:42; 55=TSLA; 40=2; 11=algo20220414122342; 31=503.77; 150=0; 39=0; 54=2; 44=503.77; 32=0; 17=exec20220414122342; 38=7245; 60=2022-04-14-12:23:42; 6=0; 14=0; 37=algo20220414122342; 10=200;
8=FIX4.4; 35=F; 34=72; 49=MTHREE; 56=MS; 52=2022-04-14-12:23:42; 41=algo20220414122342; 55=TSLA; 38=7245; 11=C_algo20220414122342; 60=2022-04-14-12:23:42; 10=060;
8=FIX4.4; 35=8; 34=97; 49=MS; 56=MTHREE; 52=2022-04-14-12:23:42; 55=TSLA; 11=C_algo20220414122342; 31=0; 150=6; 39=6; 54=2; 44=503.77; 17=exec20220414122342; 32=0; 41=algo20220414122342; 38=7245; 60=2022-04-14-12:23:42; 6=0.0; 14=0; 37=algo20220414122342; 10=252;
8=FIX4.4; 35=8; 34=98; 49=MS; 56=MTHREE; 52=2022-04-14-12:23:42; 151=3623; 55=TSLA; 11=C_algo20220414122342; 31=0; 150=4; 39=4; 54=2; 17=exec20220414122342; 32=0; 41=algo20220414122342; 38=7245; 60=2022-04-14-12:23:42; 6=0.0; 14=0; 37=algo20220414122342; 10=252;
8=FIX4.4; 35=D; 34=74; 49=MTHREE; 56=MS; 52=2022-04-14-12:23:44; 55=TXN; 40=2; 38=23693; 21=2; 11=algo20220414122344; 60=2022-04-14-12:23:44; 54=1; 44=112.46; 10=0252;
8=FIX4.4; 35=8; 34=100; 49=MS; 56=MTHREE; 52=2022-04-14-12:23:44; 55=TXN; 40=2; 11=algo20220414122344; 31=112.46; 150=0; 39=0; 54=1; 44=112.46; 32=0; 17=exec20220414122344; 38=23693; 60=2022-04-14-12:23:44; 6=0; 14=0; 37=algo20220414122344; 10=200;
8=FIX4.4; 35=8; 34=101; 49=MS; 56=MTHREE; 52=2022-04-14-12:23:44; 55=TXN; 40=2; 11=algo20220414122344; 31=112.46; 150=1; 39=1; 54=1; 44=112.46; 32=4738; 17=exec20220414122344; 38=23693; 60=2022-04-14-12:23:44; 6=112.46; 14=4738; 37=algo20220414122344; 10=240;
8=FIX4.4; 35=8; 34=102; 49=MS; 56=MTHREE; 52=2022-04-14-12:23:45; 55=TXN; 40=2; 11=algo20220414122344; 31=112.46; 150=1; 39=1; 54=1; 44=112.46; 32=4738; 17=exec20220414122345; 38=23693; 60=2022-04-14-12:23:45; 6=112.46; 14=9476; 37=algo20220414122344; 10=240;
8=FIX4.4; 35=8; 34=103; 49=MS; 56=MTHREE; 52=2022-04-14-12:23:46; 55=TXN; 40=2; 11=algo20220414122344; 31=112.46; 150=1; 39=1; 54=1; 44=112.46; 32=4738; 17=exec20220414122346; 38=23693; 60=2022-04-14-12:23:46; 6=112.46; 14=14214; 37=algo20220414122344; 10=240;
8=FIX4.4; 35=F; 34=74; 49=MTHREE; 56=MS; 52=2022-04-14-12:23:47; 41=algo20220414122344; 55=TXN; 38=23693; 11=C_algo20220414122344; 60=2022-04-14-12:23:47; 10=060;
8=FIX4.4; 35=8; 34=103; 49=MS; 56=MTHREE; 52=2022-04-14-12:23:47; 55=TXN; 11=C_algo20220414122344; 31=0; 150=6; 39=6; 54=1; 44=112.46; 17=exec20220414122347; 32=0; 41=algo20220414122344; 38=23693; 60=2022-04-14-12:23:47; 6=0.0; 14=14214; 37=algo20220414122344; 10=252;
8=FIX4.4; 35=8; 34=104; 49=MS; 56=MTHREE; 52=2022-04-14-12:23:47; 151=4741; 55=TXN; 11=C_algo20220414122344; 31=0; 150=4; 39=4; 54=1; 17=exec20220414122347; 32=0; 41=algo20220414122344; 38=23693; 60=2022-04-14-12:23:47; 6=0.0; 14=14214; 37=algo20220414122344; 10=252;
8=FIX4.4; 35=D; 34=76; 49=MTHREE; 56=MS; 52=2022-04-14-12:23:49; 55=AVGO; 40=2; 38=23900; 21=2; 11=algo20220414122349; 60=2022-04-14-12:23:49; 54=2; 44=262.99; 10=0252;
8=FIX4.4; 35=8; 34=106; 49=MS; 56=MTHREE; 52=2022-04-14-12:23:49; 55=AVGO; 40=2; 11=algo20220414122349; 31=262.99; 150=0; 39=0; 54=2; 44=262.99; 32=0; 17=exec20220414122349; 38=23900; 60=2022-04-14-12:23:49; 6=0; 14=0; 37=algo20220414122349; 10=200;
8=FIX4.4; 35=8; 34=107; 49=MS; 56=MTHREE; 52=2022-04-14-12:23:49; 55=AVGO; 40=2; 11=algo20220414122349; 31=262.99; 150=1; 39=1; 54=2; 44=262.99; 32=7966; 17=exec20220414122349; 38=23900; 60=2022-04-14-12:23:49; 6=262.99; 14=7966; 37=algo20220414122349; 10=240;
8=FIX4.4; 35=8; 34=108; 49=MS; 56=MTHREE; 52=2022-04-14-12:23:50; 55=AVGO; 40=2; 11=algo20220414122349; 31=262.99; 150=1; 39=1; 54=2; 44=262.99; 32=7966; 17=exec20220414122350; 38=23900; 60=2022-04-14-12:23:50; 6=262.99; 14=15932; 37=algo20220414122349; 10=240;
8=FIX4.4; 35=8; 34=109; 49=MS; 56=MTHREE; 52=2022-04-14-12:23:52; 55=AVGO; 40=2; 11=algo20220414122349; 31=262.99; 150=2; 39=2; 54=2; 44=262.99; 32=7968; 17=exec20220414122352; 38=23900; 60=2022-04-14-12:23:52; 6=262.99; 14=23900; 37=algo20220414122349; 10=246;
8=FIX4.4; 35=D; 34=77; 49=MTHREE; 56=MS; 52=2022-04-14-12:23:52; 55=GILD; 40=2; 38=7904; 21=2; 11=algo20220414122352; 60=2022-04-14-12:23:52; 54=1; 44=82.91; 10=0252;
8=FIX4.4; 35=8; 34=110; 49=MS; 56=MTHREE; 52=2022-04-14-12:23:52; 55=GILD; 40=2; 11=algo20220414122352; 31=82.91; 150=0; 39=0; 54=1; 44=82.91; 32=0; 17=exec20220414122352; 38=7904; 60=2022-04-14-12:23:52; 6=0; 14=0; 37=algo20220414122352; 10=200;
8=FIX4.4; 35=F; 34=77; 49=MTHREE; 56=MS; 52=2022-04-14-12:23:52; 41=algo20220414122352; 55=GILD; 38=7904; 11=C_algo20220414122352; 60=2022-04-14-12:23:52; 10=060;
8=FIX4.4; 35=8; 34=110; 49=MS; 56=MTHREE; 52=2022-04-14-12:23:52; 55=GILD; 11=C_algo20220414122352; 31=0; 150=6; 39=6; 54=1; 44=82.91; 17=exec20220414122352; 32=0; 41=algo20220414122352; 38=7904; 60=2022-04-14-12:23:52; 6=0.0; 14=0; 37=algo20220414122352; 10=252;
8=FIX4.4; 35=8; 34=111; 49=MS; 56=MTHREE; 52=2022-04-14-12:23:52; 151=5928; 55=GILD; 11=C_algo20220414122352; 31=0; 150=4; 39=4; 54=1; 17=exec20220414122352; 32=0; 41=algo20220414122352; 38=7904; 60=2022-04-14-12:23:52; 6=0.0; 14=0; 37=algo20220414122352; 10=252;
8=FIX4.4; 35=D; 34=79; 49=MTHREE; 56=MS; 52=2022-04-14-12:23:54; 55=SBUX; 40=2; 38=24606; 21=2; 11=algo20220414122354; 60=2022-04-14-12:23:54; 54=1; 44=75.71; 10=0252;
8=FIX4.4; 35=8; 34=113; 49=MS; 56=MTHREE; 52=2022-04-14-12:23:54; 55=SBUX; 40=2; 11=algo20220414122354; 31=75.71; 150=0; 39=0; 54=1; 44=75.71; 32=0; 17=exec20220414122354; 38=24606; 60=2022-04-14-12:23:54; 6=0; 14=0; 37=algo20220414122354; 10=200;
8=FIX4.4; 35=8; 34=114; 49=MS; 56=MTHREE; 52=2022-04-14-12:23:55; 55=SBUX; 40=2; 11=algo20220414122354; 31=75.71; 150=2; 39=2; 54=1; 44=75.71; 32=24606; 17=exec20220414122355; 38=24606; 60=2022-04-14-12:23:55; 6=75.71; 14=24606; 37=algo20220414122354; 10=246;
8=FIX4.4; 35=D; 34=80; 49=MTHREE; 56=MS; 52=2022-04-14-12:23:55; 55=QCOM; 40=2; 38=23153; 21=2; 11=algo20220414122355; 60=2022-04-14-12:23:55; 54=2; 44=75.47; 10=0252;
8=FIX4.4; 35=8; 34=115; 49=MS; 56=MTHREE; 52=2022-04-14-12:23:55; 55=QCOM; 40=2; 11=algo20220414122355; 31=75.47; 150=0; 39=0; 54=2; 44=75.47; 32=0; 17=exec20220414122355; 38=23153; 60=2022-04-14-12:23:55; 6=0; 14=0; 37=algo20220414122355; 10=200;
8=FIX4.4; 35=8; 34=116; 49=MS; 56=MTHREE; 52=2022-04-14-12:23:55; 55=QCOM; 40=2; 11=algo20220414122355; 31=75.47; 150=1; 39=1; 54=2; 44=75.47; 32=7717; 17=exec20220414122355; 38=23153; 60=2022-04-14-12:23:55; 6=75.47; 14=7717; 37=algo20220414122355; 10=240;
8=FIX4.4; 35=8; 34=117; 49=MS; 56=MTHREE; 52=2022-04-14-12:23:56; 55=QCOM; 40=2; 11=algo20220414122355; 31=75.47; 150=1; 39=1; 54=2; 44=75.47; 32=7717; 17=exec20220414122356; 38=23153; 60=2022-04-14-12:23:56; 6=75.47; 14=15434; 37=algo20220414122355; 10=240;
8=FIX4.4; 35=8; 34=118; 49=MS; 56=MTHREE; 52=2022-04-14-12:23:58; 55=QCOM; 40=2; 11=algo20220414122355; 31=75.47; 150=2; 39=2; 54=2; 44=75.47; 32=7719; 17=exec20220414122358; 38=23153; 60=2022-04-14-12:23:58; 6=75.47; 14=23153; 37=algo20220414122355; 10=246;
8=FIX4.4; 35=D; 34=81; 49=MTHREE; 56=MS; 52=2022-04-14-12:23:58; 55=TMUS; 40=2; 38=12126; 21=2; 11=algo20220414122358; 60=2022-04-14-12:23:58; 54=2; 44=90.74; 10=0252;
8=FIX4.4; 35=8; 34=119; 49=MS; 56=MTHREE; 52=2022-04-14-12:23:58; 55=TMUS; 40=2; 11=algo20220414122358; 31=90.74; 150=0; 39=0; 54=2; 44=90.74; 32=0; 17=exec20220414122358; 38=12126; 60=2022-04-14-12:23:58; 6=0; 14=0; 37=algo20220414122358; 10=200;
8=FIX4.4; 35=8; 34=120; 49=MS; 56=MTHREE; 52=2022-04-14-12:23:59; 55=TMUS; 40=2; 11=algo20220414122358; 31=90.74; 150=2; 39=2; 54=2; 44=90.74; 32=12126; 17=exec20220414122359; 38=12126; 60=2022-04-14-12:23:59; 6=90.74; 14=12126; 37=algo20220414122358; 10=246;
8=FIX4.4; 35=D; 34=82; 49=MTHREE; 56=MS; 52=2022-04-14-12:23:59; 55=MDLZ; 40=2; 38=16821; 21=2; 11=algo20220414122359; 60=2022-04-14-12:23:59; 54=1; 44=52.26; 10=0252;
8=FIX4.4; 35=8; 34=121; 49=MS; 56=MTHREE; 52=2022-04-14-12:23:59; 55=MDLZ; 40=2; 11=algo20220414122359; 31=52.26; 150=0; 39=0; 54=1; 44=52.26; 32=0; 17=exec20220414122359; 38=16821; 60=2022-04-14-12:23:59; 6=0; 14=0; 37=algo20220414122359; 10=200;
8=FIX4.4; 35=F; 34=82; 49=MTHREE; 56=MS; 52=2022-04-14-12:23:59; 41=algo20220414122359; 55=MDLZ; 38=16821; 11=C_algo20220414122359; 60=2022-04-14-12:23:59; 10=060;
8=FIX4.4; 35=8; 34=121; 49=MS; 56=MTHREE; 52=2022-04-14-12:23:59; 55=MDLZ; 11=C_algo20220414122359; 31=0; 150=6; 39=6; 54=1; 44=52.26; 17=exec20220414122359; 32=0; 41=algo20220414122359; 38=16821; 60=2022-04-14-12:23:59; 6=0.0; 14=0; 37=algo20220414122359; 10=252;
8=FIX4.4; 35=8; 34=122; 49=MS; 56=MTHREE; 52=2022-04-14-12:23:59; 151=8411; 55=MDLZ; 11=C_algo20220414122359; 31=0; 150=4; 39=4; 54=1; 17=exec20220414122359; 32=0; 41=algo20220414122359; 38=16821; 60=2022-04-14-12:23:59; 6=0.0; 14=0; 37=algo20220414122359; 10=252;
8=FIX4.4; 35=D; 34=84; 49=MTHREE; 56=MS; 52=2022-04-14-12:24:01; 55=BAC; 40=2; 38=17420; 21=2; 11=algo20220414122401; 60=2022-04-14-12:24:01; 54=2; 44=22.03; 10=0252;
8=FIX4.4; 35=8; 34=124; 49=MS; 56=MTHREE; 52=2022-04-14-12:24:01; 55=BAC; 40=2; 11=algo20220414122401; 31=22.03; 150=0; 39=0; 54=2; 44=22.03; 32=0; 17=exec20220414122401; 38=17420; 60=2022-04-14-12:24:01; 6=0; 14=0; 37=algo20220414122401; 10=200;
8=FIX4.4; 35=F; 34=84; 49=MTHREE; 56=MS; 52=2022-04-14-12:24:01; 41=algo20220414122401; 55=BAC; 38=17420; 11=C_algo20220414122401; 60=2022-04-14-12:24:01; 10=060;
8=FIX4.4; 35=8; 34=124; 49=MS; 56=MTHREE; 52=2022-04-14-12:24:01; 55=BAC; 11=C_algo20220414122401; 31=0; 150=6; 39=6; 54=2; 44=22.03; 17=exec20220414122401; 32=0; 41=algo20220414122401; 38=17420; 60=2022-04-14-12:24:01; 6=0.0; 14=0; 37=algo20220414122401; 10=252;
8=FIX4.4; 35=8; 34=125; 49=MS; 56=MTHREE; 52=2022-04-14-12:24:01; 151=11614; 55=BAC; 11=C_algo20220414122401; 31=0; 150=4; 39=4; 54=2; 17=exec20220414122401; 32=0; 41=algo20220414122401; 38=17420; 60=2022-04-14-12:24:01; 6=0.0; 14=0; 37=algo20220414122401; 10=252;
8=FIX4.4; 35=D; 34=86; 49=MTHREE; 56=MS; 52=2022-04-14-12:24:03; 55=DDD; 40=2; 38=32146; 21=2; 11=algo20220414122403; 60=2022-04-14-12:24:03; 54=2; 44=8.01; 10=0252;
8=FIX4.4; 35=8; 34=127; 49=MS; 56=MTHREE; 52=2022-04-14-12:24:03; 55=DDD; 40=2; 11=algo20220414122403; 31=8.01; 150=0; 39=0; 54=2; 44=8.01; 32=0; 17=exec20220414122403; 38=32146; 60=2022-04-14-12:24:03; 6=0; 14=0; 37=algo20220414122403; 10=200;
8=FIX4.4; 35=F; 34=86; 49=MTHREE; 56=MS; 52=2022-04-14-12:24:03; 41=algo20220414122403; 55=DDD; 38=32146; 11=C_algo20220414122403; 60=2022-04-14-12:24:03; 10=060;
8=FIX4.4; 35=8; 34=127; 49=MS; 56=MTHREE; 52=2022-04-14-12:24:03; 55=DDD; 11=C_algo20220414122403; 31=0; 150=6; 39=6; 54=2; 44=8.01; 17=exec20220414122403; 32=0; 41=algo20220414122403; 38=32146; 60=2022-04-14-12:24:03; 6=0.0; 14=0; 37=algo20220414122403; 10=252;
8=FIX4.4; 35=8; 34=128; 49=MS; 56=MTHREE; 52=2022-04-14-12:24:03; 151=16073; 55=DDD; 11=C_algo20220414122403; 31=0; 150=4; 39=4; 54=2; 17=exec20220414122403; 32=0; 41=algo20220414122403; 38=32146; 60=2022-04-14-12:24:03; 6=0.0; 14=0; 37=algo20220414122403; 10=252;
8=FIX4.4; 35=D; 34=88; 49=MTHREE; 56=MS; 52=2022-04-14-12:24:05; 55=MMM; 40=2; 38=3755; 21=2; 11=algo20220414122405; 60=2022-04-14-12:24:05; 54=1; 44=146.98; 10=0252;
8=FIX4.4; 35=8; 34=130; 49=MS; 56=MTHREE; 52=2022-04-14-12:24:05; 55=MMM; 40=2; 11=algo20220414122405; 31=146.98; 150=0; 39=0; 54=1; 44=146.98; 32=0; 17=exec20220414122405; 38=3755; 60=2022-04-14-12:24:05; 6=0; 14=0; 37=algo20220414122405; 10=200;
8=FIX4.4; 35=8; 34=131; 49=MS; 56=MTHREE; 52=2022-04-14-12:24:06; 55=MMM; 40=2; 11=algo20220414122405; 31=146.98; 150=2; 39=2; 54=1; 44=146.98; 32=3755; 17=exec20220414122406; 38=3755; 60=2022-04-14-12:24:06; 6=146.98; 14=3755; 37=algo20220414122405; 10=246;
8=FIX4.4; 35=D; 34=89; 49=MTHREE; 56=MS; 52=2022-04-14-12:24:06; 55=WBAI; 40=2; 38=16630; 21=2; 11=algo20220414122406; 60=2022-04-14-12:24:06; 54=1; 44=4.10; 10=0252;
8=FIX4.4; 35=8; 34=132; 49=MS; 56=MTHREE; 52=2022-04-14-12:24:06; 55=WBAI; 40=2; 11=algo20220414122406; 31=4.10; 150=0; 39=0; 54=1; 44=4.10; 32=0; 17=exec20220414122406; 38=16630; 60=2022-04-14-12:24:06; 6=0; 14=0; 37=algo20220414122406; 10=200;
8=FIX4.4; 35=F; 34=89; 49=MTHREE; 56=MS; 52=2022-04-14-12:24:06; 41=algo20220414122406; 55=WBAI; 38=16630; 11=C_algo20220414122406; 60=2022-04-14-12:24:06; 10=060;
8=FIX4.4; 35=8; 34=132; 49=MS; 56=MTHREE; 52=2022-04-14-12:24:06; 55=WBAI; 11=C_algo20220414122406; 31=0; 150=6; 39=6; 54=1; 44=4.10; 17=exec20220414122406; 32=0; 41=algo20220414122406; 38=16630; 60=2022-04-14-12:24:06; 6=0.0; 14=0; 37=algo20220414122406; 10=252;
8=FIX4.4; 35=8; 34=133; 49=MS; 56=MTHREE; 52=2022-04-14-12:24:06; 151=13304; 55=WBAI; 11=C_algo20220414122406; 31=0; 150=4; 39=4; 54=1; 17=exec20220414122406; 32=0; 41=algo20220414122406; 38=16630; 60=2022-04-14-12:24:06; 6=0.0; 14=0; 37=algo20220414122406; 10=252;
8=FIX4.4; 35=D; 34=91; 49=MTHREE; 56=MS; 52=2022-04-14-12:24:08; 55=WUBA; 40=2; 38=21485; 21=2; 11=algo20220414122408; 60=2022-04-14-12:24:08; 54=1; 44=51.41; 10=0252;
8=FIX4.4; 35=8; 34=135; 49=MS; 56=MTHREE; 52=2022-04-14-12:24:08; 55=WUBA; 40=2; 11=algo20220414122408; 31=51.41; 150=0; 39=0; 54=1; 44=51.41; 32=0; 17=exec20220414122408; 38=21485; 60=2022-04-14-12:24:08; 6=0; 14=0; 37=algo20220414122408; 10=200;
8=FIX4.4; 35=F; 34=91; 49=MTHREE; 56=MS; 52=2022-04-14-12:24:08; 41=algo20220414122408; 55=WUBA; 38=21485; 11=C_algo20220414122408; 60=2022-04-14-12:24:08; 10=060;
8=FIX4.4; 35=8; 34=135; 49=MS; 56=MTHREE; 52=2022-04-14-12:24:08; 55=WUBA; 11=C_algo20220414122408; 31=0; 150=6; 39=6; 54=1; 44=51.41; 17=exec20220414122408; 32=0; 41=algo20220414122408; 38=21485; 60=2022-04-14-12:24:08; 6=0.0; 14=0; 37=algo20220414122408; 10=252;
8=FIX4.4; 35=8; 34=136; 49=MS; 56=MTHREE; 52=2022-04-14-12:24:08; 151=17188; 55=WUBA; 11=C_algo20220414122408; 31=0; 150=4; 39=4; 54=1; 17=exec20220414122408; 32=0; 41=algo20220414122408; 38=21485; 60=2022-04-14-12:24:08; 6=0.0; 14=0; 37=algo20220414122408; 10=252;
8=FIX4.4; 35=D; 34=93; 49=MTHREE; 56=MS; 52=2022-04-14-12:24:10; 55=EGHT; 40=2; 38=19265; 21=2; 11=algo20220414122410; 60=2022-04-14-12:24:10; 54=1; 44=17.03; 10=0252;
8=FIX4.4; 35=8; 34=138; 49=MS; 56=MTHREE; 52=2022-04-14-12:24:10; 55=EGHT; 40=2; 11=algo20220414122410; 31=17.03; 150=0; 39=0; 54=1; 44=17.03; 32=0; 17=exec20220414122410; 38=19265; 60=2022-04-14-12:24:10; 6=0; 14=0; 37=algo20220414122410; 10=200;
8=FIX4.4; 35=8; 34=139; 49=MS; 56=MTHREE; 52=2022-04-14-12:24:10; 55=EGHT; 40=2; 11=algo20220414122410; 31=17.03; 150=1; 39=1; 54=1; 44=17.03; 32=3853; 17=exec20220414122410; 38=19265; 60=2022-04-14-12:24:10; 6=17.03; 14=3853; 37=algo20220414122410; 10=240;
8=FIX4.4; 35=8; 34=140; 49=MS; 56=MTHREE; 52=2022-04-14-12:24:11; 55=EGHT; 40=2; 11=algo20220414122410; 31=17.03; 150=1; 39=1; 54=1; 44=17.03; 32=3853; 17=exec20220414122411; 38=19265; 60=2022-04-14-12:24:11; 6=17.03; 14=7706; 37=algo20220414122410; 10=240;
8=FIX4.4; 35=8; 34=141; 49=MS; 56=MTHREE; 52=2022-04-14-12:24:12; 55=EGHT; 40=2; 11=algo20220414122410; 31=17.03; 150=1; 39=1; 54=1; 44=17.03; 32=3853; 17=exec20220414122412; 38=19265; 60=2022-04-14-12:24:12; 6=17.03; 14=11559; 37=algo20220414122410; 10=240;
8=FIX4.4; 35=8; 34=142; 49=MS; 56=MTHREE; 52=2022-04-14-12:24:13; 55=EGHT; 40=2; 11=algo20220414122410; 31=17.03; 150=1; 39=1; 54=1; 44=17.03; 32=3853; 17=exec20220414122413; 38=19265; 60=2022-04-14-12:24:13; 6=17.03; 14=15412; 37=algo20220414122410; 10=240;
8=FIX4.4; 35=8; 34=143; 49=MS; 56=MTHREE; 52=2022-04-14-12:24:15; 55=EGHT; 40=2; 11=algo20220414122410; 31=17.03; 150=2; 39=2; 54=1; 44=17.03; 32=3853; 17=exec20220414122415; 38=19265; 60=2022-04-14-12:24:15; 6=17.03; 14=19265; 37=algo20220414122410; 10=246;
8=FIX4.4; 35=D; 34=94; 49=MTHREE; 56=MS; 52=2022-04-14-12:24:15; 55=AHC; 40=2; 38=22178; 21=2; 11=algo20220414122415; 60=2022-04-14-12:24:15; 54=1; 44=1.40; 10=0252;
8=FIX4.4; 35=8; 34=144; 49=MS; 56=MTHREE; 52=2022-04-14-12:24:15; 55=AHC; 40=2; 11=algo20220414122415; 31=1.40; 150=0; 39=0; 54=1; 44=1.40; 32=0; 17=exec20220414122415; 38=22178; 60=2022-04-14-12:24:15; 6=0; 14=0; 37=algo20220414122415; 10=200;
8=FIX4.4; 35=F; 34=94; 49=MTHREE; 56=MS; 52=2022-04-14-12:24:15; 41=algo20220414122415; 55=AHC; 38=22178; 11=C_algo20220414122415; 60=2022-04-14-12:24:15; 10=060;
8=FIX4.4; 35=8; 34=144; 49=MS; 56=MTHREE; 52=2022-04-14-12:24:15; 55=AHC; 11=C_algo20220414122415; 31=0; 150=6; 39=6; 54=1; 44=1.40; 17=exec20220414122415; 32=0; 41=algo20220414122415; 38=22178; 60=2022-04-14-12:24:15; 6=0.0; 14=0; 37=algo20220414122415; 10=252;
8=FIX4.4; 35=8; 34=145; 49=MS; 56=MTHREE; 52=2022-04-14-12:24:15; 151=17743; 55=AHC; 11=C_algo20220414122415; 31=0; 150=4; 39=4; 54=1; 17=exec20220414122415; 32=0; 41=algo20220414122415; 38=22178; 60=2022-04-14-12:24:15; 6=0.0; 14=0; 37=algo20220414122415; 10=252;
8=FIX4.4; 35=D; 34=96; 49=MTHREE; 56=MS; 52=2022-04-14-12:24:17; 55=AOS; 40=2; 38=13697; 21=2; 11=algo20220414122417; 60=2022-04-14-12:24:17; 54=2; 44=40.38; 10=0252;
8=FIX4.4; 35=8; 34=147; 49=MS; 56=MTHREE; 52=2022-04-14-12:24:17; 55=AOS; 40=2; 11=algo20220414122417; 31=40.38; 150=0; 39=0; 54=2; 44=40.38; 32=0; 17=exec20220414122417; 38=13697; 60=2022-04-14-12:24:17; 6=0; 14=0; 37=algo20220414122417; 10=200;
8=FIX4.4; 35=8; 34=148; 49=MS; 56=MTHREE; 52=2022-04-14-12:24:17; 55=AOS; 40=2; 11=algo20220414122417; 31=40.38; 150=1; 39=1; 54=2; 44=40.38; 32=3424; 17=exec20220414122417; 38=13697; 60=2022-04-14-12:24:17; 6=40.38; 14=3424; 37=algo20220414122417; 10=240;
8=FIX4.4; 35=8; 34=149; 49=MS; 56=MTHREE; 52=2022-04-14-12:24:18; 55=AOS; 40=2; 11=algo20220414122417; 31=40.38; 150=1; 39=1; 54=2; 44=40.38; 32=3424; 17=exec20220414122418; 38=13697; 60=2022-04-14-12:24:18; 6=40.38; 14=6848; 37=algo20220414122417; 10=240;
8=FIX4.4; 35=F; 34=96; 49=MTHREE; 56=MS; 52=2022-04-14-12:24:19; 41=algo20220414122417; 55=AOS; 38=13697; 11=C_algo20220414122417; 60=2022-04-14-12:24:19; 10=060;
8=FIX4.4; 35=8; 34=149; 49=MS; 56=MTHREE; 52=2022-04-14-12:24:19; 55=AOS; 11=C_algo20220414122417; 31=0; 150=6; 39=6; 54=2; 44=40.38; 17=exec20220414122419; 32=0; 41=algo20220414122417; 38=13697; 60=2022-04-14-12:24:19; 6=0.0; 14=6848; 37=algo20220414122417; 10=252;
8=FIX4.4; 35=8; 34=150; 49=MS; 56=MTHREE; 52=2022-04-14-12:24:19; 151=3425; 55=AOS; 11=C_algo20220414122417; 31=0; 150=4; 39=4; 54=2; 17=exec20220414122419; 32=0; 41=algo20220414122417; 38=13697; 60=2022-04-14-12:24:19; 6=0.0; 14=6848; 37=algo20220414122417; 10=252;
8=FIX4.4; 35=D; 34=98; 49=MTHREE; 56=MS; 52=2022-04-14-12:24:21; 55=ATEN; 40=2; 38=21726; 21=2; 11=algo20220414122421; 60=2022-04-14-12:24:21; 54=1; 44=6.45; 10=0252;
8=FIX4.4; 35=8; 34=152; 49=MS; 56=MTHREE; 52=2022-04-14-12:24:21; 55=ATEN; 40=2; 11=algo20220414122421; 31=6.45; 150=0; 39=0; 54=1; 44=6.45; 32=0; 17=exec20220414122421; 38=21726; 60=2022-04-14-12:24:21; 6=0; 14=0; 37=algo20220414122421; 10=200;
8=FIX4.4; 35=8; 34=153; 49=MS; 56=MTHREE; 52=2022-04-14-12:24:21; 55=ATEN; 40=2; 11=algo20220414122421; 31=6.45; 150=1; 39=1; 54=1; 44=6.45; 32=4345; 17=exec20220414122421; 38=21726; 60=2022-04-14-12:24:21; 6=6.45; 14=4345; 37=algo20220414122421; 10=240;
8=FIX4.4; 35=8; 34=154; 49=MS; 56=MTHREE; 52=2022-04-14-12:24:22; 55=ATEN; 40=2; 11=algo20220414122421; 31=6.45; 150=1; 39=1; 54=1; 44=6.45; 32=4345; 17=exec20220414122422; 38=21726; 60=2022-04-14-12:24:22; 6=6.45; 14=8690; 37=algo20220414122421; 10=240;
8=FIX4.4; 35=F; 34=98; 49=MTHREE; 56=MS; 52=2022-04-14-12:24:23; 41=algo20220414122421; 55=ATEN; 38=21726; 11=C_algo20220414122421; 60=2022-04-14-12:24:23; 10=060;
8=FIX4.4; 35=8; 34=154; 49=MS; 56=MTHREE; 52=2022-04-14-12:24:23; 55=ATEN; 11=C_algo20220414122421; 31=0; 150=6; 39=6; 54=1; 44=6.45; 17=exec20220414122423; 32=0; 41=algo20220414122421; 38=21726; 60=2022-04-14-12:24:23; 6=0.0; 14=8690; 37=algo20220414122421; 10=252;
8=FIX4.4; 35=8; 34=155; 49=MS; 56=MTHREE; 52=2022-04-14-12:24:23; 151=8691; 55=ATEN; 11=C_algo20220414122421; 31=0; 150=4; 39=4; 54=1; 17=exec20220414122423; 32=0; 41=algo20220414122421; 38=21726; 60=2022-04-14-12:24:23; 6=0.0; 14=8690; 37=algo20220414122421; 10=252;
8=FIX4.4; 35=D; 34=100; 49=MTHREE; 56=MS; 52=2022-04-14-12:24:25; 55=AIR; 40=2; 38=4511; 21=2; 11=algo20220414122425; 60=2022-04-14-12:24:25; 54=2; 44=16.31; 10=0252;
8=FIX4.4; 35=8; 34=157; 49=MS; 56=MTHREE; 52=2022-04-14-12:24:25; 55=AIR; 40=2; 11=algo20220414122425; 31=16.31; 150=0; 39=0; 54=2; 44=16.31; 32=0; 17=exec20220414122425; 38=4511; 60=2022-04-14-12:24:25; 6=0; 14=0; 37=algo20220414122425; 10=200;
8=FIX4.4; 35=F; 34=100; 49=MTHREE; 56=MS; 52=2022-04-14-12:24:25; 41=algo20220414122425; 55=AIR; 38=4511; 11=C_algo20220414122425; 60=2022-04-14-12:24:25; 10=060;
8=FIX4.4; 35=8; 34=157; 49=MS; 56=MTHREE; 52=2022-04-14-12:24:25; 55=AIR; 11=C_algo20220414122425; 31=0; 150=6; 39=6; 54=2; 44=16.31; 17=exec20220414122425; 32=0; 41=algo20220414122425; 38=4511; 60=2022-04-14-12:24:25; 6=0.0; 14=0; 37=algo20220414122425; 10=252;
8=FIX4.4; 35=8; 34=158; 49=MS; 56=MTHREE; 52=2022-04-14-12:24:25; 151=2256; 55=AIR; 11=C_algo20220414122425; 31=0; 150=4; 39=4; 54=2; 17=exec20220414122425; 32=0; 41=algo20220414122425; 38=4511; 60=2022-04-14-12:24:25; 6=0.0; 14=0; 37=algo20220414122425; 10=252;
8=FIX4.4; 35=D; 34=102; 49=MTHREE; 56=MS; 52=2022-04-14-12:24:27; 55=AAN; 40=2; 38=17490; 21=2; 11=algo20220414122427; 60=2022-04-14-12:24:27; 54=2; 44=25.68; 10=0252;
8=FIX4.4; 35=8; 34=160; 49=MS; 56=MTHREE; 52=2022-04-14-12:24:27; 55=AAN; 40=2; 11=algo20220414122427; 31=25.68; 150=0; 39=0; 54=2; 44=25.68; 32=0; 17=exec20220414122427; 38=17490; 60=2022-04-14-12:24:27; 6=0; 14=0; 37=algo20220414122427; 10=200;
8=FIX4.4; 35=8; 34=161; 49=MS; 56=MTHREE; 52=2022-04-14-12:24:28; 55=AAN; 40=2; 11=algo20220414122427; 31=25.68; 150=2; 39=2; 54=2; 44=25.68; 32=17490; 17=exec20220414122428; 38=17490; 60=2022-04-14-12:24:28; 6=25.68; 14=17490; 37=algo20220414122427; 10=246;
8=FIX4.4; 35=D; 34=103; 49=MTHREE; 56=MS; 52=2022-04-14-12:24:28; 55=ABB; 40=2; 38=30199; 21=2; 11=algo20220414122428; 60=2022-04-14-12:24:28; 54=1; 44=17.42; 10=0252;
8=FIX4.4; 35=8; 34=162; 49=MS; 56=MTHREE; 52=2022-04-14-12:24:28; 55=ABB; 40=2; 11=algo20220414122428; 31=17.42; 150=0; 39=0; 54=1; 44=17.42; 32=0; 17=exec20220414122428; 38=30199; 60=2022-04-14-12:24:28; 6=0; 14=0; 37=algo20220414122428; 10=200;
8=FIX4.4; 35=8; 34=163; 49=MS; 56=MTHREE; 52=2022-04-14-12:24:28; 55=ABB; 40=2; 11=algo20220414122428; 31=17.42; 150=1; 39=1; 54=1; 44=17.42; 32=10066; 17=exec20220414122428; 38=30199; 60=2022-04-14-12:24:28; 6=17.42; 14=10066; 37=algo20220414122428; 10=240;
8=FIX4.4; 35=F; 34=103; 49=MTHREE; 56=MS; 52=2022-04-14-12:24:29; 41=algo20220414122428; 55=ABB; 38=30199; 11=C_algo20220414122428; 60=2022-04-14-12:24:29; 10=060;
8=FIX4.4; 35=8; 34=163; 49=MS; 56=MTHREE; 52=2022-04-14-12:24:29; 55=ABB; 11=C_algo20220414122428; 31=0; 150=6; 39=6; 54=1; 44=17.42; 17=exec20220414122429; 32=0; 41=algo20220414122428; 38=30199; 60=2022-04-14-12:24:29; 6=0.0; 14=10066; 37=algo20220414122428; 10=252;
8=FIX4.4; 35=8; 34=164; 49=MS; 56=MTHREE; 52=2022-04-14-12:24:29; 151=10067; 55=ABB; 11=C_algo20220414122428; 31=0; 150=4; 39=4; 54=1; 17=exec20220414122429; 32=0; 41=algo20220414122428; 38=30199; 60=2022-04-14-12:24:29; 6=0.0; 14=10066; 37=algo20220414122428; 10=252;
8=FIX4.4; 35=D; 34=105; 49=MTHREE; 56=MS; 52=2022-04-14-12:24:31; 55=ABT; 40=2; 38=14038; 21=2; 11=algo20220414122431; 60=2022-04-14-12:24:31; 54=1; 44=94.04; 10=0252;
8=FIX4.4; 35=8; 34=166; 49=MS; 56=MTHREE; 52=2022-04-14-12:24:31; 55=ABT; 40=2; 11=algo20220414122431; 31=94.04; 150=0; 39=0; 54=1; 44=94.04; 32=0; 17=exec20220414122431; 38=14038; 60=2022-04-14-12:24:31; 6=0; 14=0; 37=algo20220414122431; 10=200;
8=FIX4.4; 35=8; 34=167; 49=MS; 56=MTHREE; 52=2022-04-14-12:24:32; 55=ABT; 40=2; 11=algo20220414122431; 31=94.04; 150=2; 39=2; 54=1; 44=94.04; 32=14038; 17=exec20220414122432; 38=14038; 60=2022-04-14-12:24:32; 6=94.04; 14=14038; 37=algo20220414122431; 10=246;
8=FIX4.4; 35=D; 34=106; 49=MTHREE; 56=MS; 52=2022-04-14-12:24:32; 55=ABBV; 40=2; 38=14953; 21=2; 11=algo20220414122432; 60=2022-04-14-12:24:32; 54=2; 44=83.60; 10=0252;
8=FIX4.4; 35=8; 34=168; 49=MS; 56=MTHREE; 52=2022-04-14-12:24:32; 55=ABBV; 40=2; 11=algo20220414122432; 31=83.60; 150=0; 39=0; 54=2; 44=83.60; 32=0; 17=exec20220414122432; 38=14953; 60=2022-04-14-12:24:32; 6=0; 14=0; 37=algo20220414122432; 10=200;
8=FIX4.4; 35=F; 34=106; 49=MTHREE; 56=MS; 52=2022-04-14-12:24:32; 41=algo20220414122432; 55=ABBV; 38=14953; 11=C_algo20220414122432; 60=2022-04-14-12:24:32; 10=060;
8=FIX4.4; 35=8; 34=168; 49=MS; 56=MTHREE; 52=2022-04-14-12:24:32; 55=ABBV; 11=C_algo20220414122432; 31=0; 150=6; 39=6; 54=2; 44=83.60; 17=exec20220414122432; 32=0; 41=algo20220414122432; 38=14953; 60=2022-04-14-12:24:32; 6=0.0; 14=0; 37=algo20220414122432; 10=252;
8=FIX4.4; 35=8; 34=169; 49=MS; 56=MTHREE; 52=2022-04-14-12:24:32; 151=9969; 55=ABBV; 11=C_algo20220414122432; 31=0; 150=4; 39=4; 54=2; 17=exec20220414122432; 32=0; 41=algo20220414122432; 38=14953; 60=2022-04-14-12:24:32; 6=0.0; 14=0; 37=algo20220414122432; 10=252;
8=FIX4.4; 35=D; 34=108; 49=MTHREE; 56=MS; 52=2022-04-14-12:24:34; 55=ANF; 40=2; 38=25084; 21=2; 11=algo20220414122434; 60=2022-04-14-12:24:34; 54=1; 44=9.10; 10=0252;
8=FIX4.4; 35=8; 34=171; 49=MS; 56=MTHREE; 52=2022-04-14-12:24:34; 55=ANF; 40=2; 11=algo20220414122434; 31=9.10; 150=0; 39=0; 54=1; 44=9.10; 32=0; 17=exec20220414122434; 38=25084; 60=2022-04-14-12:24:34; 6=0; 14=0; 37=algo20220414122434; 10=200;
8=FIX4.4; 35=8; 34=172; 49=MS; 56=MTHREE; 52=2022-04-14-12:24:35; 55=ANF; 40=2; 11=algo20220414122434; 31=9.10; 150=2; 39=2; 54=1; 44=9.10; 32=25084; 17=exec20220414122435; 38=25084; 60=2022-04-14-12:24:35; 6=9.10; 14=25084; 37=algo20220414122434; 10=246;
8=FIX4.4; 35=D; 34=109; 49=MTHREE; 56=MS; 52=2022-04-14-12:24:35; 55=ABM; 40=2; 38=23185; 21=2; 11=algo20220414122435; 60=2022-04-14-12:24:35; 54=2; 44=31.64; 10=0252;
8=FIX4.4; 35=8; 34=173; 49=MS; 56=MTHREE; 52=2022-04-14-12:24:35; 55=ABM; 40=2; 11=algo20220414122435; 31=31.64; 150=0; 39=0; 54=2; 44=31.64; 32=0; 17=exec20220414122435; 38=23185; 60=2022-04-14-12:24:35; 6=0; 14=0; 37=algo20220414122435; 10=200;
8=FIX4.4; 35=8; 34=174; 49=MS; 56=MTHREE; 52=2022-04-14-12:24:35; 55=ABM; 40=2; 11=algo20220414122435; 31=31.64; 150=1; 39=1; 54=2; 44=31.64; 32=7728; 17=exec20220414122435; 38=23185; 60=2022-04-14-12:24:35; 6=31.64; 14=7728; 37=algo20220414122435; 10=240;
8=FIX4.4; 35=F; 34=109; 49=MTHREE; 56=MS; 52=2022-04-14-12:24:36; 41=algo20220414122435; 55=ABM; 38=23185; 11=C_algo20220414122435; 60=2022-04-14-12:24:36; 10=060;
8=FIX4.4; 35=8; 34=174; 49=MS; 56=MTHREE; 52=2022-04-14-12:24:36; 55=ABM; 11=C_algo20220414122435; 31=0; 150=6; 39=6; 54=2; 44=31.64; 17=exec20220414122436; 32=0; 41=algo20220414122435; 38=23185; 60=2022-04-14-12:24:36; 6=0.0; 14=7728; 37=algo20220414122435; 10=252;
8=FIX4.4; 35=8; 34=175; 49=MS; 56=MTHREE; 52=2022-04-14-12:24:36; 151=7729; 55=ABM; 11=C_algo20220414122435; 31=0; 150=4; 39=4; 54=2; 17=exec20220414122436; 32=0; 41=algo20220414122435; 38=23185; 60=2022-04-14-12:24:36; 6=0.0; 14=7728; 37=algo20220414122435; 10=252;
8=FIX4.4; 35=D; 34=111; 49=MTHREE; 56=MS; 52=2022-04-14-12:24:38; 55=AAPL; 40=2; 38=650; 21=2; 11=algo20220414122438; 60=2022-04-14-12:24:38; 54=2; 44=284.65; 10=0252;
8=FIX4.4; 35=8; 34=177; 49=MS; 56=MTHREE; 52=2022-04-14-12:24:38; 55=AAPL; 40=2; 11=algo20220414122438; 31=284.65; 150=0; 39=0; 54=2; 44=284.65; 32=0; 17=exec20220414122438; 38=650; 60=2022-04-14-12:24:38; 6=0; 14=0; 37=algo20220414122438; 10=200;
8=FIX4.4; 35=F; 34=111; 49=MTHREE; 56=MS; 52=2022-04-14-12:24:38; 41=algo20220414122438; 55=AAPL; 38=650; 11=C_algo20220414122438; 60=2022-04-14-12:24:38; 10=060;
8=FIX4.4; 35=8; 34=177; 49=MS; 56=MTHREE; 52=2022-04-14-12:24:38; 55=AAPL; 11=C_algo20220414122438; 31=0; 150=6; 39=6; 54=2; 44=284.65; 17=exec20220414122438; 32=0; 41=algo20220414122438; 38=650; 60=2022-04-14-12:24:38; 6=0.0; 14=0; 37=algo20220414122438; 10=252;
8=FIX4.4; 35=8; 34=178; 49=MS; 56=MTHREE; 52=2022-04-14-12:24:38; 151=488; 55=AAPL; 11=C_algo20220414122438; 31=0; 150=4; 39=4; 54=2; 17=exec20220414122438; 32=0; 41=algo20220414122438; 38=650; 60=2022-04-14-12:24:38; 6=0.0; 14=0; 37=algo20220414122438; 10=252;
8=FIX4.4; 35=D; 34=113; 49=MTHREE; 56=MS; 52=2022-04-14-12:24:40; 55=PEP; 40=2; 38=24172; 21=2; 11=algo20220414122440; 60=2022-04-14-12:24:40; 54=1; 44=45.43; 10=0252;
8=FIX4.4; 35=8; 34=180; 49=MS; 56=MTHREE; 52=2022-04-14-12:24:40; 55=PEP; 40=2; 11=algo20220414122440; 31=45.43; 150=0; 39=0; 54=1; 44=45.43; 32=0; 17=exec20220414122440; 38=24172; 60=2022-04-14-12:24:40; 6=0; 14=0; 37=algo20220414122440; 10=200;
8=FIX4.4; 35=8; 34=181; 49=MS; 56=MTHREE; 52=2022-04-14-12:24:40; 55=PEP; 40=2; 11=algo20220414122440; 31=45.43; 150=1; 39=1; 54=1; 44=45.43; 32=6043; 17=exec20220414122440; 38=24172; 60=2022-04-14-12:24:40; 6=45.43; 14=6043; 37=algo20220414122440; 10=240;
8=FIX4.4; 35=F; 34=113; 49=MTHREE; 56=MS; 52=2022-04-14-12:24:41; 41=algo20220414122440; 55=PEP; 38=24172; 11=C_algo20220414122440; 60=2022-04-14-12:24:41; 10=060;
8=FIX4.4; 35=8; 34=181; 49=MS; 56=MTHREE; 52=2022-04-14-12:24:41; 55=PEP; 11=C_algo20220414122440; 31=0; 150=6; 39=6; 54=1; 44=45.43; 17=exec20220414122441; 32=0; 41=algo20220414122440; 38=24172; 60=2022-04-14-12:24:41; 6=0.0; 14=6043; 37=algo20220414122440; 10=252;
8=FIX4.4; 35=8; 34=182; 49=MS; 56=MTHREE; 52=2022-04-14-12:24:41; 151=12086; 55=PEP; 11=C_algo20220414122440; 31=0; 150=4; 39=4; 54=1; 17=exec20220414122441; 32=0; 41=algo20220414122440; 38=24172; 60=2022-04-14-12:24:41; 6=0.0; 14=6043; 37=algo20220414122440; 10=252;
8=FIX4.4; 35=D; 34=115; 49=MTHREE; 56=MS; 52=2022-04-14-12:24:43; 55=; 40=2; 38=19464; 21=2; 11=algo20220414122443; 60=2022-04-14-12:24:43; 54=1; 44=; 10=0252;
8=FIX4.4; 35=8; 34=184; 49=MS; 56=MTHREE; 52=2022-04-14-12:24:43; 55=; 40=2; 11=algo20220414122443; 31=; 150=0; 39=0; 54=1; 44=; 32=0; 17=exec20220414122443; 38=19464; 60=2022-04-14-12:24:43; 6=0; 14=0; 37=algo20220414122443; 10=200;
8=FIX4.4; 35=8; 34=185; 49=MS; 56=MTHREE; 52=2022-04-14-12:24:43; 55=; 40=2; 11=algo20220414122443; 31=; 150=1; 39=1; 54=1; 44=; 32=4866; 17=exec20220414122443; 38=19464; 60=2022-04-14-12:24:43; 6=; 14=4866; 37=algo20220414122443; 10=240;
8=FIX4.4; 35=8; 34=186; 49=MS; 56=MTHREE; 52=2022-04-14-12:24:44; 55=; 40=2; 11=algo20220414122443; 31=; 150=1; 39=1; 54=1; 44=; 32=4866; 17=exec20220414122444; 38=19464; 60=2022-04-14-12:24:44; 6=; 14=9732; 37=algo20220414122443; 10=240;
8=FIX4.4; 35=8; 34=187; 49=MS; 56=MTHREE; 52=2022-04-14-12:24:45; 55=; 40=2; 11=algo20220414122443; 31=; 150=1; 39=1; 54=1; 44=; 32=4866; 17=exec20220414122445; 38=19464; 60=2022-04-14-12:24:45; 6=; 14=14598; 37=algo20220414122443; 10=240;
8=FIX4.4; 35=8; 34=188; 49=MS; 56=MTHREE; 52=2022-04-14-12:24:47; 55=; 40=2; 11=algo20220414122443; 31=; 150=2; 39=2; 54=1; 44=; 32=4866; 17=exec20220414122447; 38=19464; 60=2022-04-14-12:24:47; 6=; 14=19464; 37=algo20220414122443; 10=246;
