8=FIX4.4; 35=A; 34=1; 49=MTHREE; 56=MS; 52=2022-04-15-01:23:34; 108=30; 10=0015;
8=FIX4.4; 35=A; 34=1; 49=MS; 56=MTHREE; 52=2022-04-15-01:23:34; 108=30; 10=0016;
8=FIX4.4; 35=0; 34=2; 49=MTHREE; 56=MS; 52=2022-04-15-01:23:34; 108=30; 10=0015;
8=FIX4.4; 35=0; 34=2; 49=MS; 56=MTHREE; 52=2022-04-15-01:23:34; 108=30; 10=0015;
8=FIX4.4; 35=0; 34=3; 49=MTHREE; 56=MS; 52=2022-04-15-01:23:36; 108=30; 10=0015;
8=FIX4.4; 35=0; 34=3; 49=MS; 56=MTHREE; 52=2022-04-15-01:23:36; 108=30; 10=0015;
8=FIX4.4; 35=0; 34=4; 49=MTHREE; 56=MS; 52=2022-04-15-01:23:38; 108=30; 10=0015;
8=FIX4.4; 35=0; 34=4; 49=MS; 56=MTHREE; 52=2022-04-15-01:23:38; 108=30; 10=0015;
8=FIX4.4; 35=0; 34=5; 49=MTHREE; 56=MS; 52=2022-04-15-01:23:40; 108=30; 10=0015;
8=FIX4.4; 35=0; 34=5; 49=MS; 56=MTHREE; 52=2022-04-15-01:23:40; 108=30; 10=0015;
8=FIX4.4; 35=0; 34=6; 49=MTHREE; 56=MS; 52=2022-04-15-01:23:42; 108=30; 10=0015;
8=FIX4.4; 35=0; 34=6; 49=MS; 56=MTHREE; 52=2022-04-15-01:23:42; 108=30; 10=0015;
8=FIX4.4; 35=0; 34=7; 49=MTHREE; 56=MS; 52=2022-04-15-01:23:44; 108=30; 10=0015;
8=FIX4.4; 35=0; 34=7; 49=MS; 56=MTHREE; 52=2022-04-15-01:23:44; 108=30; 10=0015;
8=FIX4.4; 35=0; 34=8; 49=MTHREE; 56=MS; 52=2022-04-15-01:23:46; 108=30; 10=0015;
8=FIX4.4; 35=0; 34=8; 49=MS; 56=MTHREE; 52=2022-04-15-01:23:46; 108=30; 10=0015;
8=FIX4.4; 35=0; 34=9; 49=MTHREE; 56=MS; 52=2022-04-15-01:23:48; 108=30; 10=0015;
8=FIX4.4; 35=0; 34=9; 49=MS; 56=MTHREE; 52=2022-04-15-01:23:48; 108=30; 10=0015;
8=FIX4.4; 35=0; 34=10; 49=MTHREE; 56=MS; 52=2022-04-15-01:23:50; 108=30; 10=0015;
8=FIX4.4; 35=0; 34=10; 49=MS; 56=MTHREE; 52=2022-04-15-01:23:50; 108=30; 10=0015;
8=FIX4.4; 35=0; 34=11; 49=MTHREE; 56=MS; 52=2022-04-15-01:23:52; 108=30; 10=0015;
8=FIX4.4; 35=0; 34=11; 49=MS; 56=MTHREE; 52=2022-04-15-01:23:52; 108=30; 10=0015;
8=FIX4.4; 35=0; 34=12; 49=MTHREE; 56=MS; 52=2022-04-15-01:23:54; 108=30; 10=0015;
8=FIX4.4; 35=0; 34=12; 49=MS; 56=MTHREE; 52=2022-04-15-01:23:54; 108=30; 10=0015;
8=FIX4.4; 35=0; 34=13; 49=MTHREE; 56=MS; 52=2022-04-15-01:23:56; 108=30; 10=0015;
8=FIX4.4; 35=0; 34=13; 49=MS; 56=MTHREE; 52=2022-04-15-01:23:56; 108=30; 10=0015;
8=FIX4.4; 35=0; 34=14; 49=MTHREE; 56=MS; 52=2022-04-15-01:23:58; 108=30; 10=0015;
8=FIX4.4; 35=0; 34=14; 49=MS; 56=MTHREE; 52=2022-04-15-01:23:58; 108=30; 10=0015;
8=FIX4.4; 35=0; 34=15; 49=MTHREE; 56=MS; 52=2022-04-15-01:24:00; 108=30; 10=0015;
8=FIX4.4; 35=0; 34=15; 49=MS; 56=MTHREE; 52=2022-04-15-01:24:00; 108=30; 10=0015;
8=FIX4.4; 35=0; 34=16; 49=MTHREE; 56=MS; 52=2022-04-15-01:24:02; 108=30; 10=0015;
8=FIX4.4; 35=0; 34=16; 49=MS; 56=MTHREE; 52=2022-04-15-01:24:02; 108=30; 10=0015;
8=FIX4.4; 35=0; 34=17; 49=MTHREE; 56=MS; 52=2022-04-15-01:24:04; 108=30; 10=0015;
8=FIX4.4; 35=0; 34=17; 49=MS; 56=MTHREE; 52=2022-04-15-01:24:04; 108=30; 10=0015;
8=FIX4.4; 35=0; 34=18; 49=MTHREE; 56=MS; 52=2022-04-15-01:24:06; 108=30; 10=0015;
8=FIX4.4; 35=0; 34=18; 49=MS; 56=MTHREE; 52=2022-04-15-01:24:06; 108=30; 10=0015;
8=FIX4.4; 35=0; 34=19; 49=MTHREE; 56=MS; 52=2022-04-15-01:24:08; 108=30; 10=0015;
8=FIX4.4; 35=0; 34=19; 49=MS; 56=MTHREE; 52=2022-04-15-01:24:08; 108=30; 10=0015;
8=FIX4.4; 35=0; 34=20; 49=MTHREE; 56=MS; 52=2022-04-15-01:24:10; 108=30; 10=0015;
8=FIX4.4; 35=0; 34=20; 49=MS; 56=MTHREE; 52=2022-04-15-01:24:10; 108=30; 10=0015;
8=FIX4.4; 35=0; 34=21; 49=MTHREE; 56=MS; 52=2022-04-15-01:24:12; 108=30; 10=0015;
8=FIX4.4; 35=0; 34=21; 49=MS; 56=MTHREE; 52=2022-04-15-01:24:12; 108=30; 10=0015;
8=FIX4.4; 35=0; 34=22; 49=MTHREE; 56=MS; 52=2022-04-15-01:24:14; 108=30; 10=0015;
8=FIX4.4; 35=0; 34=22; 49=MS; 56=MTHREE; 52=2022-04-15-01:24:14; 108=30; 10=0015;
8=FIX4.4; 35=0; 34=23; 49=MTHREE; 56=MS; 52=2022-04-15-01:24:16; 108=30; 10=0015;
8=FIX4.4; 35=0; 34=23; 49=MS; 56=MTHREE; 52=2022-04-15-01:24:16; 108=30; 10=0015;
8=FIX4.4; 35=0; 34=24; 49=MTHREE; 56=MS; 52=2022-04-15-01:24:18; 108=30; 10=0015;
8=FIX4.4; 35=0; 34=24; 49=MS; 56=MTHREE; 52=2022-04-15-01:24:18; 108=30; 10=0015;
8=FIX4.4; 35=0; 34=25; 49=MTHREE; 56=MS; 52=2022-04-15-01:24:20; 108=30; 10=0015;
8=FIX4.4; 35=0; 34=25; 49=MS; 56=MTHREE; 52=2022-04-15-01:24:20; 108=30; 10=0015;
8=FIX4.4; 35=0; 34=26; 49=MTHREE; 56=MS; 52=2022-04-15-01:24:22; 108=30; 10=0015;
8=FIX4.4; 35=0; 34=26; 49=MS; 56=MTHREE; 52=2022-04-15-01:24:22; 108=30; 10=0015;
8=FIX4.4; 35=0; 34=27; 49=MTHREE; 56=MS; 52=2022-04-15-01:24:24; 108=30; 10=0015;
8=FIX4.4; 35=0; 34=27; 49=MS; 56=MTHREE; 52=2022-04-15-01:24:24; 108=30; 10=0015;
8=FIX4.4; 35=0; 34=28; 49=MTHREE; 56=MS; 52=2022-04-15-01:24:26; 108=30; 10=0015;
8=FIX4.4; 35=0; 34=28; 49=MS; 56=MTHREE; 52=2022-04-15-01:24:26; 108=30; 10=0015;
8=FIX4.4; 35=0; 34=29; 49=MTHREE; 56=MS; 52=2022-04-15-01:24:28; 108=30; 10=0015;
8=FIX4.4; 35=0; 34=29; 49=MS; 56=MTHREE; 52=2022-04-15-01:24:28; 108=30; 10=0015;
8=FIX4.4; 35=0; 34=30; 49=MTHREE; 56=MS; 52=2022-04-15-01:24:30; 108=30; 10=0015;
8=FIX4.4; 35=0; 34=30; 49=MS; 56=MTHREE; 52=2022-04-15-01:24:30; 108=30; 10=0015;
8=FIX4.4; 35=0; 34=31; 49=MTHREE; 56=MS; 52=2022-04-15-01:24:32; 108=30; 10=0015;
8=FIX4.4; 35=0; 34=31; 49=MS; 56=MTHREE; 52=2022-04-15-01:24:32; 108=30; 10=0015;
8=FIX4.4; 35=0; 34=32; 49=MTHREE; 56=MS; 52=2022-04-15-01:24:34; 108=30; 10=0015;
8=FIX4.4; 35=0; 34=32; 49=MS; 56=MTHREE; 52=2022-04-15-01:24:34; 108=30; 10=0015;
8=FIX4.4; 35=0; 34=33; 49=MTHREE; 56=MS; 52=2022-04-15-01:24:36; 108=30; 10=0015;
8=FIX4.4; 35=0; 34=33; 49=MS; 56=MTHREE; 52=2022-04-15-01:24:36; 108=30; 10=0015;
8=FIX4.4; 35=0; 34=34; 49=MTHREE; 56=MS; 52=2022-04-15-01:24:38; 108=30; 10=0015;
8=FIX4.4; 35=0; 34=34; 49=MS; 56=MTHREE; 52=2022-04-15-01:24:38; 108=30; 10=0015;
8=FIX4.4; 35=0; 34=35; 49=MTHREE; 56=MS; 52=2022-04-15-01:24:40; 108=30; 10=0015;
8=FIX4.4; 35=0; 34=35; 49=MS; 56=MTHREE; 52=2022-04-15-01:24:40; 108=30; 10=0015;
8=FIX4.4; 35=0; 34=36; 49=MTHREE; 56=MS; 52=2022-04-15-01:24:42; 108=30; 10=0015;
8=FIX4.4; 35=0; 34=36; 49=MS; 56=MTHREE; 52=2022-04-15-01:24:42; 108=30; 10=0015;
8=FIX4.4; 35=0; 34=37; 49=MTHREE; 56=MS; 52=2022-04-15-01:24:44; 108=30; 10=0015;
8=FIX4.4; 35=0; 34=37; 49=MS; 56=MTHREE; 52=2022-04-15-01:24:44; 108=30; 10=0015;
8=FIX4.4; 35=0; 34=38; 49=MTHREE; 56=MS; 52=2022-04-15-01:24:46; 108=30; 10=0015;
8=FIX4.4; 35=0; 34=38; 49=MS; 56=MTHREE; 52=2022-04-15-01:24:46; 108=30; 10=0015;
8=FIX4.4; 35=0; 34=39; 49=MTHREE; 56=MS; 52=2022-04-15-01:24:48; 108=30; 10=0015;
8=FIX4.4; 35=0; 34=39; 49=MS; 56=MTHREE; 52=2022-04-15-01:24:48; 108=30; 10=0015;
8=FIX4.4; 35=0; 34=40; 49=MTHREE; 56=MS; 52=2022-04-15-01:24:50; 108=30; 10=0015;
8=FIX4.4; 35=0; 34=40; 49=MS; 56=MTHREE; 52=2022-04-15-01:24:50; 108=30; 10=0015;
8=FIX4.4; 35=0; 34=41; 49=MTHREE; 56=MS; 52=2022-04-15-01:24:52; 108=30; 10=0015;
8=FIX4.4; 35=0; 34=41; 49=MS; 56=MTHREE; 52=2022-04-15-01:24:52; 108=30; 10=0015;
8=FIX4.4; 35=0; 34=42; 49=MTHREE; 56=MS; 52=2022-04-15-01:24:54; 108=30; 10=0015;
8=FIX4.4; 35=0; 34=42; 49=MS; 56=MTHREE; 52=2022-04-15-01:24:54; 108=30; 10=0015;
8=FIX4.4; 35=0; 34=43; 49=MTHREE; 56=MS; 52=2022-04-15-01:24:56; 108=30; 10=0015;
8=FIX4.4; 35=0; 34=43; 49=MS; 56=MTHREE; 52=2022-04-15-01:24:56; 108=30; 10=0015;
8=FIX4.4; 35=0; 34=44; 49=MTHREE; 56=MS; 52=2022-04-15-01:24:58; 108=30; 10=0015;
8=FIX4.4; 35=0; 34=44; 49=MS; 56=MTHREE; 52=2022-04-15-01:24:58; 108=30; 10=0015;
8=FIX4.4; 35=0; 34=45; 49=MTHREE; 56=MS; 52=2022-04-15-01:25:00; 108=30; 10=0015;
8=FIX4.4; 35=0; 34=45; 49=MS; 56=MTHREE; 52=2022-04-15-01:25:00; 108=30; 10=0015;
8=FIX4.4; 35=0; 34=46; 49=MTHREE; 56=MS; 52=2022-04-15-01:25:02; 108=30; 10=0015;
8=FIX4.4; 35=0; 34=46; 49=MS; 56=MTHREE; 52=2022-04-15-01:25:02; 108=30; 10=0015;
8=FIX4.4; 35=0; 34=47; 49=MTHREE; 56=MS; 52=2022-04-15-01:25:04; 108=30; 10=0015;
8=FIX4.4; 35=0; 34=47; 49=MS; 56=MTHREE; 52=2022-04-15-01:25:04; 108=30; 10=0015;
8=FIX4.4; 35=0; 34=48; 49=MTHREE; 56=MS; 52=2022-04-15-01:25:06; 108=30; 10=0015;
8=FIX4.4; 35=0; 34=48; 49=MS; 56=MTHREE; 52=2022-04-15-01:25:06; 108=30; 10=0015;
8=FIX4.4; 35=0; 34=49; 49=MTHREE; 56=MS; 52=2022-04-15-01:25:08; 108=30; 10=0015;
8=FIX4.4; 35=0; 34=49; 49=MS; 56=MTHREE; 52=2022-04-15-01:25:08; 108=30; 10=0015;
8=FIX4.4; 35=0; 34=50; 49=MTHREE; 56=MS; 52=2022-04-15-01:25:10; 108=30; 10=0015;
8=FIX4.4; 35=0; 34=50; 49=MS; 56=MTHREE; 52=2022-04-15-01:25:10; 108=30; 10=0015;
8=FIX4.4; 35=0; 34=51; 49=MTHREE; 56=MS; 52=2022-04-15-01:25:12; 108=30; 10=0015;
8=FIX4.4; 35=0; 34=51; 49=MS; 56=MTHREE; 52=2022-04-15-01:25:12; 108=30; 10=0015;
8=FIX4.4; 35=D; 34=52; 49=MTHREE; 56=MS; 52=2022-04-15-01:25:14; 55=AAPL; 40=2; 38=9375; 21=2; 11=algo20220415012514; 60=2022-04-15-01:25:14; 54=2; 44=1276.37; 10=0252;
8=FIX4.4; 35=8; 34=52; 49=MS; 56=MTHREE; 52=2022-04-15-01:25:14; 55=AAPL; 40=2; 11=algo20220415012514; 31=1276.37; 150=0; 39=0; 54=2; 44=1276.37; 32=0; 17=exec20220415012514; 38=9375; 60=2022-04-15-01:25:14; 6=0; 14=0; 37=algo20220415012514; 10=200;
8=FIX4.4; 35=8; 34=53; 49=MS; 56=MTHREE; 52=2022-04-15-01:25:14; 55=AAPL; 40=2; 11=algo20220415012514; 31=1276.37; 150=1; 39=1; 54=2; 44=1276.37; 32=2343; 17=exec20220415012514; 38=9375; 60=2022-04-15-01:25:14; 6=1276.37; 14=2343; 37=algo20220415012514; 10=240;
8=FIX4.4; 35=8; 34=54; 49=MS; 56=MTHREE; 52=2022-04-15-01:25:15; 55=AAPL; 40=2; 11=algo20220415012514; 31=1276.37; 150=1; 39=1; 54=2; 44=1276.37; 32=2343; 17=exec20220415012515; 38=9375; 60=2022-04-15-01:25:15; 6=1276.37; 14=4686; 37=algo20220415012514; 10=240;
8=FIX4.4; 35=8; 34=55; 49=MS; 56=MTHREE; 52=2022-04-15-01:25:16; 55=AAPL; 40=2; 11=algo20220415012514; 31=1276.37; 150=1; 39=1; 54=2; 44=1276.37; 32=2343; 17=exec20220415012516; 38=9375; 60=2022-04-15-01:25:16; 6=1276.37; 14=7029; 37=algo20220415012514; 10=240;
8=FIX4.4; 35=8; 34=56; 49=MS; 56=MTHREE; 52=2022-04-15-01:25:18; 55=AAPL; 40=2; 11=algo20220415012514; 31=1276.37; 150=2; 39=2; 54=2; 44=1276.37; 32=2346; 17=exec20220415012518; 38=9375; 60=2022-04-15-01:25:18; 6=1276.37; 14=9375; 37=algo20220415012514; 10=246;
8=FIX4.4; 35=D; 34=53; 49=MTHREE; 56=MS; 52=2022-04-15-01:25:18; 55=MSFT; 40=2; 38=15640; 21=2; 11=algo20220415012518; 60=2022-04-15-01:25:18; 54=2; 44=59.89; 10=0252;
8=FIX4.4; 35=8; 34=57; 49=MS; 56=MTHREE; 52=2022-04-15-01:25:18; 55=MSFT; 40=2; 11=algo20220415012518; 31=59.89; 150=0; 39=0; 54=2; 44=59.89; 32=0; 17=exec20220415012518; 38=15640; 60=2022-04-15-01:25:18; 6=0; 14=0; 37=algo20220415012518; 10=200;
8=FIX4.4; 35=8; 34=58; 49=MS; 56=MTHREE; 52=2022-04-15-01:25:19; 55=MSFT; 40=2; 11=algo20220415012518; 31=59.89; 150=2; 39=2; 54=2; 44=59.89; 32=15640; 17=exec20220415012519; 38=15640; 60=2022-04-15-01:25:19; 6=59.89; 14=15640; 37=algo20220415012518; 10=246;
8=FIX4.4; 35=D; 34=54; 49=MTHREE; 56=MS; 52=2022-04-15-01:25:19; 55=AMZN; 40=2; 38=15873; 21=2; 11=algo20220415012519; 60=2022-04-15-01:25:19; 54=2; 44=133.47; 10=0252;
8=FIX4.4; 35=8; 34=59; 49=MS; 56=MTHREE; 52=2022-04-15-01:25:19; 55=AMZN; 40=2; 11=algo20220415012519; 31=133.47; 150=0; 39=0; 54=2; 44=133.47; 32=0; 17=exec20220415012519; 38=15873; 60=2022-04-15-01:25:19; 6=0; 14=0; 37=algo20220415012519; 10=200;
8=FIX4.4; 35=F; 34=54; 49=MTHREE; 56=MS; 52=2022-04-15-01:25:19; 41=algo20220415012519; 55=AMZN; 38=15873; 11=C_algo20220415012519; 60=2022-04-15-01:25:19; 10=060;
8=FIX4.4; 35=8; 34=59; 49=MS; 56=MTHREE; 52=2022-04-15-01:25:19; 55=AMZN; 11=C_algo20220415012519; 31=0; 150=6; 39=6; 54=2; 44=133.47; 17=exec20220415012519; 32=0; 41=algo20220415012519; 38=15873; 60=2022-04-15-01:25:19; 6=0.0; 14=0; 37=algo20220415012519; 10=252;
8=FIX4.4; 35=8; 34=60; 49=MS; 56=MTHREE; 52=2022-04-15-01:25:19; 151=10582; 55=AMZN; 11=C_algo20220415012519; 31=0; 150=4; 39=4; 54=2; 17=exec20220415012519; 32=0; 41=algo20220415012519; 38=15873; 60=2022-04-15-01:25:19; 6=0.0; 14=0; 37=algo20220415012519; 10=252;
8=FIX4.4; 35=D; 34=56; 49=MTHREE; 56=MS; 52=2022-04-15-01:25:21; 55=FB; 40=2; 38=7314; 21=2; 11=algo20220415012521; 60=2022-04-15-01:25:21; 54=1; 44=430.62; 10=0252;
8=FIX4.4; 35=8; 34=62; 49=MS; 56=MTHREE; 52=2022-04-15-01:25:21; 55=FB; 40=2; 11=algo20220415012521; 31=430.62; 150=0; 39=0; 54=1; 44=430.62; 32=0; 17=exec20220415012521; 38=7314; 60=2022-04-15-01:25:21; 6=0; 14=0; 37=algo20220415012521; 10=200;
8=FIX4.4; 35=F; 34=56; 49=MTHREE; 56=MS; 52=2022-04-15-01:25:21; 41=algo20220415012521; 55=FB; 38=7314; 11=C_algo20220415012521; 60=2022-04-15-01:25:21; 10=060;
8=FIX4.4; 35=8; 34=62; 49=MS; 56=MTHREE; 52=2022-04-15-01:25:21; 55=FB; 11=C_algo20220415012521; 31=0; 150=6; 39=6; 54=1; 44=430.62; 17=exec20220415012521; 32=0; 41=algo20220415012521; 38=7314; 60=2022-04-15-01:25:21; 6=0.0; 14=0; 37=algo20220415012521; 10=252;
8=FIX4.4; 35=8; 34=63; 49=MS; 56=MTHREE; 52=2022-04-15-01:25:21; 151=4876; 55=FB; 11=C_algo20220415012521; 31=0; 150=4; 39=4; 54=1; 17=exec20220415012521; 32=0; 41=algo20220415012521; 38=7314; 60=2022-04-15-01:25:21; 6=0.0; 14=0; 37=algo20220415012521; 10=252;
8=FIX4.4; 35=D; 34=58; 49=MTHREE; 56=MS; 52=2022-04-15-01:25:23; 55=GOOG; 40=2; 38=19589; 21=2; 11=algo20220415012523; 60=2022-04-15-01:25:23; 54=1; 44=42.05; 10=0252;
8=FIX4.4; 35=8; 34=65; 49=MS; 56=MTHREE; 52=2022-04-15-01:25:23; 55=GOOG; 40=2; 11=algo20220415012523; 31=42.05; 150=0; 39=0; 54=1; 44=42.05; 32=0; 17=exec20220415012523; 38=19589; 60=2022-04-15-01:25:23; 6=0; 14=0; 37=algo20220415012523; 10=200;
8=FIX4.4; 35=8; 34=66; 49=MS; 56=MTHREE; 52=2022-04-15-01:25:24; 55=GOOG; 40=2; 11=algo20220415012523; 31=42.05; 150=2; 39=2; 54=1; 44=42.05; 32=19589; 17=exec20220415012524; 38=19589; 60=2022-04-15-01:25:24; 6=42.05; 14=19589; 37=algo20220415012523; 10=246;
8=FIX4.4; 35=D; 34=59; 49=MTHREE; 56=MS; 52=2022-04-15-01:25:24; 55=GOOGL; 40=2; 38=24737; 21=2; 11=algo20220415012524; 60=2022-04-15-01:25:24; 54=2; 44=289.20; 10=0252;
8=FIX4.4; 35=8; 34=67; 49=MS; 56=MTHREE; 52=2022-04-15-01:25:24; 55=GOOGL; 40=2; 11=algo20220415012524; 31=289.20; 150=0; 39=0; 54=2; 44=289.20; 32=0; 17=exec20220415012524; 38=24737; 60=2022-04-15-01:25:24; 6=0; 14=0; 37=algo20220415012524; 10=200;
8=FIX4.4; 35=8; 34=68; 49=MS; 56=MTHREE; 52=2022-04-15-01:25:25; 55=GOOGL; 40=2; 11=algo20220415012524; 31=289.20; 150=2; 39=2; 54=2; 44=289.20; 32=24737; 17=exec20220415012525; 38=24737; 60=2022-04-15-01:25:25; 6=289.20; 14=24737; 37=algo20220415012524; 10=246;
8=FIX4.4; 35=D; 34=60; 49=MTHREE; 56=MS; 52=2022-04-15-01:25:25; 55=INTC; 40=2; 38=20746; 21=2; 11=algo20220415012525; 60=2022-04-15-01:25:25; 54=1; 44=339.13; 10=0252;
8=FIX4.4; 35=8; 34=69; 49=MS; 56=MTHREE; 52=2022-04-15-01:25:25; 55=INTC; 40=2; 11=algo20220415012525; 31=339.13; 150=0; 39=0; 54=1; 44=339.13; 32=0; 17=exec20220415012525; 38=20746; 60=2022-04-15-01:25:25; 6=0; 14=0; 37=algo20220415012525; 10=200;
8=FIX4.4; 35=8; 34=70; 49=MS; 56=MTHREE; 52=2022-04-15-01:25:25; 55=INTC; 40=2; 11=algo20220415012525; 31=339.13; 150=1; 39=1; 54=1; 44=339.13; 32=4149; 17=exec20220415012525; 38=20746; 60=2022-04-15-01:25:25; 6=339.13; 14=4149; 37=algo20220415012525; 10=240;
8=FIX4.4; 35=F; 34=60; 49=MTHREE; 56=MS; 52=2022-04-15-01:25:26; 41=algo20220415012525; 55=INTC; 38=20746; 11=C_algo20220415012525; 60=2022-04-15-01:25:26; 10=060;
8=FIX4.4; 35=8; 34=70; 49=MS; 56=MTHREE; 52=2022-04-15-01:25:26; 55=INTC; 11=C_algo20220415012525; 31=0; 150=6; 39=6; 54=1; 44=339.13; 17=exec20220415012526; 32=0; 41=algo20220415012525; 38=20746; 60=2022-04-15-01:25:26; 6=0.0; 14=4149; 37=algo20220415012525; 10=252;
8=FIX4.4; 35=8; 34=71; 49=MS; 56=MTHREE; 52=2022-04-15-01:25:26; 151=12448; 55=INTC; 11=C_algo20220415012525; 31=0; 150=4; 39=4; 54=1; 17=exec20220415012526; 32=0; 41=algo20220415012525; 38=20746; 60=2022-04-15-01:25:26; 6=0.0; 14=4149; 37=algo20220415012525; 10=252;
8=FIX4.4; 35=D; 34=62; 49=MTHREE; 56=MS; 52=2022-04-15-01:25:28; 55=PEP; 40=2; 38=21053; 21=2; 11=algo20220415012528; 60=2022-04-15-01:25:28; 54=2; 44=36.21; 10=0252;
8=FIX4.4; 35=8; 34=73; 49=MS; 56=MTHREE; 52=2022-04-15-01:25:28; 55=PEP; 40=2; 11=algo20220415012528; 31=36.21; 150=0; 39=0; 54=2; 44=36.21; 32=0; 17=exec20220415012528; 38=21053; 60=2022-04-15-01:25:28; 6=0; 14=0; 37=algo20220415012528; 10=200;
8=FIX4.4; 35=8; 34=74; 49=MS; 56=MTHREE; 52=2022-04-15-01:25:28; 55=PEP; 40=2; 11=algo20220415012528; 31=36.21; 150=1; 39=1; 54=2; 44=36.21; 32=5263; 17=exec20220415012528; 38=21053; 60=2022-04-15-01:25:28; 6=36.21; 14=5263; 37=algo20220415012528; 10=240;
8=FIX4.4; 35=F; 34=62; 49=MTHREE; 56=MS; 52=2022-04-15-01:25:29; 41=algo20220415012528; 55=PEP; 38=21053; 11=C_algo20220415012528; 60=2022-04-15-01:25:29; 10=060;
8=FIX4.4; 35=8; 34=74; 49=MS; 56=MTHREE; 52=2022-04-15-01:25:29; 55=PEP; 11=C_algo20220415012528; 31=0; 150=6; 39=6; 54=2; 44=36.21; 17=exec20220415012529; 32=0; 41=algo20220415012528; 38=21053; 60=2022-04-15-01:25:29; 6=0.0; 14=5263; 37=algo20220415012528; 10=252;
8=FIX4.4; 35=8; 34=75; 49=MS; 56=MTHREE; 52=2022-04-15-01:25:29; 151=10527; 55=PEP; 11=C_algo20220415012528; 31=0; 150=4; 39=4; 54=2; 17=exec20220415012529; 32=0; 41=algo20220415012528; 38=21053; 60=2022-04-15-01:25:29; 6=0.0; 14=5263; 37=algo20220415012528; 10=252;
8=FIX4.4; 35=D; 34=64; 49=MTHREE; 56=MS; 52=2022-04-15-01:25:31; 55=NFLX; 40=2; 38=1419; 21=2; 11=algo20220415012531; 60=2022-04-15-01:25:31; 54=1; 44=306.71; 10=0252;
8=FIX4.4; 35=8; 34=77; 49=MS; 56=MTHREE; 52=2022-04-15-01:25:31; 55=NFLX; 40=2; 11=algo20220415012531; 31=306.71; 150=0; 39=0; 54=1; 44=306.71; 32=0; 17=exec20220415012531; 38=1419; 60=2022-04-15-01:25:31; 6=0; 14=0; 37=algo20220415012531; 10=200;
8=FIX4.4; 35=8; 34=78; 49=MS; 56=MTHREE; 52=2022-04-15-01:25:31; 55=NFLX; 40=2; 11=algo20220415012531; 31=306.71; 150=1; 39=1; 54=1; 44=306.71; 32=709; 17=exec20220415012531; 38=1419; 60=2022-04-15-01:25:31; 6=306.71; 14=709; 37=algo20220415012531; 10=240;
8=FIX4.4; 35=8; 34=79; 49=MS; 56=MTHREE; 52=2022-04-15-01:25:33; 55=NFLX; 40=2; 11=algo20220415012531; 31=306.71; 150=2; 39=2; 54=1; 44=306.71; 32=710; 17=exec20220415012533; 38=1419; 60=2022-04-15-01:25:33; 6=306.71; 14=1419; 37=algo20220415012531; 10=246;
8=FIX4.4; 35=D; 34=65; 49=MTHREE; 56=MS; 52=2022-04-15-01:25:33; 55=CSCO; 40=2; 38=1231; 21=2; 11=algo20220415012533; 60=2022-04-15-01:25:33; 54=2; 44=233.73; 10=0252;
8=FIX4.4; 35=8; 34=80; 49=MS; 56=MTHREE; 52=2022-04-15-01:25:33; 55=CSCO; 40=2; 11=algo20220415012533; 31=233.73; 150=0; 39=0; 54=2; 44=233.73; 32=0; 17=exec20220415012533; 38=1231; 60=2022-04-15-01:25:33; 6=0; 14=0; 37=algo20220415012533; 10=200;
8=FIX4.4; 35=F; 34=65; 49=MTHREE; 56=MS; 52=2022-04-15-01:25:33; 41=algo20220415012533; 55=CSCO; 38=1231; 11=C_algo20220415012533; 60=2022-04-15-01:25:33; 10=060;
8=FIX4.4; 35=8; 34=80; 49=MS; 56=MTHREE; 52=2022-04-15-01:25:33; 55=CSCO; 11=C_algo20220415012533; 31=0; 150=6; 39=6; 54=2; 44=233.73; 17=exec20220415012533; 32=0; 41=algo20220415012533; 38=1231; 60=2022-04-15-01:25:33; 6=0.0; 14=0; 37=algo20220415012533; 10=252;
8=FIX4.4; 35=8; 34=81; 49=MS; 56=MTHREE; 52=2022-04-15-01:25:33; 151=924; 55=CSCO; 11=C_algo20220415012533; 31=0; 150=4; 39=4; 54=2; 17=exec20220415012533; 32=0; 41=algo20220415012533; 38=1231; 60=2022-04-15-01:25:33; 6=0.0; 14=0; 37=algo20220415012533; 10=252;
8=FIX4.4; 35=D; 34=67; 49=MTHREE; 56=MS; 52=2022-04-15-01:25:35; 55=AMGN; 40=2; 38=390; 21=2; 11=algo20220415012535; 60=2022-04-15-01:25:35; 54=1; 44=116.62; 10=0252;
8=FIX4.4; 35=8; 34=83; 49=MS; 56=MTHREE; 52=2022-04-15-01:25:35; 55=AMGN; 40=2; 11=algo20220415012535; 31=116.62; 150=0; 39=0; 54=1; 44=116.62; 32=0; 17=exec20220415012535; 38=390; 60=2022-04-15-01:25:35; 6=0; 14=0; 37=algo20220415012535; 10=200;
8=FIX4.4; 35=8; 34=84; 49=MS; 56=MTHREE; 52=2022-04-15-01:25:36; 55=AMGN; 40=2; 11=algo20220415012535; 31=116.62; 150=2; 39=2; 54=1; 44=116.62; 32=390; 17=exec20220415012536; 38=390; 60=2022-04-15-01:25:36; 6=116.62; 14=390; 37=algo20220415012535; 10=246;
8=FIX4.4; 35=D; 34=68; 49=MTHREE; 56=MS; 52=2022-04-15-01:25:36; 55=PYPL; 40=2; 38=15521; 21=2; 11=algo20220415012536; 60=2022-04-15-01:25:36; 54=1; 44=723.61; 10=0252;
8=FIX4.4; 35=8; 34=85; 49=MS; 56=MTHREE; 52=2022-04-15-01:25:36; 55=PYPL; 40=2; 11=algo20220415012536; 31=723.61; 150=0; 39=0; 54=1; 44=723.61; 32=0; 17=exec20220415012536; 38=15521; 60=2022-04-15-01:25:36; 6=0; 14=0; 37=algo20220415012536; 10=200;
8=FIX4.4; 35=8; 34=86; 49=MS; 56=MTHREE; 52=2022-04-15-01:25:38; 55=PYPL; 40=2; 11=algo20220415012536; 31=723.61; 150=2; 39=2; 54=1; 44=723.61; 32=15521; 17=exec20220415012537; 38=15521; 60=2022-04-15-01:25:38; 6=723.61; 14=15521; 37=algo20220415012536; 10=246;
8=FIX4.4; 35=D; 34=69; 49=MTHREE; 56=MS; 52=2022-04-15-01:25:38; 55=TSLA; 40=2; 38=31748; 21=2; 11=algo20220415012538; 60=2022-04-15-01:25:38; 54=1; 44=503.77; 10=0252;
8=FIX4.4; 35=8; 34=87; 49=MS; 56=MTHREE; 52=2022-04-15-01:25:38; 55=TSLA; 40=2; 11=algo20220415012538; 31=503.77; 150=0; 39=0; 54=1; 44=503.77; 32=0; 17=exec20220415012538; 38=31748; 60=2022-04-15-01:25:38; 6=0; 14=0; 37=algo20220415012538; 10=200;
8=FIX4.4; 35=8; 34=88; 49=MS; 56=MTHREE; 52=2022-04-15-01:25:38; 55=TSLA; 40=2; 11=algo20220415012538; 31=503.77; 150=1; 39=1; 54=1; 44=503.77; 32=6349; 17=exec20220415012538; 38=31748; 60=2022-04-15-01:25:38; 6=503.77; 14=6349; 37=algo20220415012538; 10=240;
8=FIX4.4; 35=F; 34=69; 49=MTHREE; 56=MS; 52=2022-04-15-01:25:39; 41=algo20220415012538; 55=TSLA; 38=31748; 11=C_algo20220415012538; 60=2022-04-15-01:25:39; 10=060;
8=FIX4.4; 35=8; 34=88; 49=MS; 56=MTHREE; 52=2022-04-15-01:25:39; 55=TSLA; 11=C_algo20220415012538; 31=0; 150=6; 39=6; 54=1; 44=503.77; 17=exec20220415012539; 32=0; 41=algo20220415012538; 38=31748; 60=2022-04-15-01:25:39; 6=0.0; 14=6349; 37=algo20220415012538; 10=252;
8=FIX4.4; 35=8; 34=89; 49=MS; 56=MTHREE; 52=2022-04-15-01:25:39; 151=19050; 55=TSLA; 11=C_algo20220415012538; 31=0; 150=4; 39=4; 54=1; 17=exec20220415012539; 32=0; 41=algo20220415012538; 38=31748; 60=2022-04-15-01:25:39; 6=0.0; 14=6349; 37=algo20220415012538; 10=252;
8=FIX4.4; 35=D; 34=71; 49=MTHREE; 56=MS; 52=2022-04-15-01:25:41; 55=TXN; 40=2; 38=24960; 21=2; 11=algo20220415012541; 60=2022-04-15-01:25:41; 54=1; 44=112.46; 10=0252;
8=FIX4.4; 35=8; 34=91; 49=MS; 56=MTHREE; 52=2022-04-15-01:25:41; 55=TXN; 40=2; 11=algo20220415012541; 31=112.46; 150=0; 39=0; 54=1; 44=112.46; 32=0; 17=exec20220415012541; 38=24960; 60=2022-04-15-01:25:41; 6=0; 14=0; 37=algo20220415012541; 10=200;
8=FIX4.4; 35=8; 34=92; 49=MS; 56=MTHREE; 52=2022-04-15-01:25:41; 55=TXN; 40=2; 11=algo20220415012541; 31=112.46; 150=1; 39=1; 54=1; 44=112.46; 32=8320; 17=exec20220415012541; 38=24960; 60=2022-04-15-01:25:41; 6=112.46; 14=8320; 37=algo20220415012541; 10=240;
8=FIX4.4; 35=8; 34=93; 49=MS; 56=MTHREE; 52=2022-04-15-01:25:42; 55=TXN; 40=2; 11=algo20220415012541; 31=112.46; 150=1; 39=1; 54=1; 44=112.46; 32=8320; 17=exec20220415012542; 38=24960; 60=2022-04-15-01:25:42; 6=112.46; 14=16640; 37=algo20220415012541; 10=240;
8=FIX4.4; 35=8; 34=94; 49=MS; 56=MTHREE; 52=2022-04-15-01:25:44; 55=TXN; 40=2; 11=algo20220415012541; 31=112.46; 150=2; 39=2; 54=1; 44=112.46; 32=8320; 17=exec20220415012544; 38=24960; 60=2022-04-15-01:25:44; 6=112.46; 14=24960; 37=algo20220415012541; 10=246;
8=FIX4.4; 35=D; 34=72; 49=MTHREE; 56=MS; 52=2022-04-15-01:25:44; 55=AVGO; 40=2; 38=19513; 21=2; 11=algo20220415012544; 60=2022-04-15-01:25:44; 54=2; 44=262.99; 10=0252;
8=FIX4.4; 35=8; 34=95; 49=MS; 56=MTHREE; 52=2022-04-15-01:25:44; 55=AVGO; 40=2; 11=algo20220415012544; 31=262.99; 150=0; 39=0; 54=2; 44=262.99; 32=0; 17=exec20220415012544; 38=19513; 60=2022-04-15-01:25:44; 6=0; 14=0; 37=algo20220415012544; 10=200;
8=FIX4.4; 35=8; 34=96; 49=MS; 56=MTHREE; 52=2022-04-15-01:25:44; 55=AVGO; 40=2; 11=algo20220415012544; 31=262.99; 150=1; 39=1; 54=2; 44=262.99; 32=9756; 17=exec20220415012544; 38=19513; 60=2022-04-15-01:25:44; 6=262.99; 14=9756; 37=algo20220415012544; 10=240;
8=FIX4.4; 35=8; 34=97; 49=MS; 56=MTHREE; 52=2022-04-15-01:25:46; 55=AVGO; 40=2; 11=algo20220415012544; 31=262.99; 150=2; 39=2; 54=2; 44=262.99; 32=9757; 17=exec20220415012546; 38=19513; 60=2022-04-15-01:25:46; 6=262.99; 14=19513; 37=algo20220415012544; 10=246;
8=FIX4.4; 35=D; 34=73; 49=MTHREE; 56=MS; 52=2022-04-15-01:25:46; 55=GILD; 40=2; 38=3146; 21=2; 11=algo20220415012546; 60=2022-04-15-01:25:46; 54=1; 44=82.91; 10=0252;
8=FIX4.4; 35=8; 34=98; 49=MS; 56=MTHREE; 52=2022-04-15-01:25:46; 55=GILD; 40=2; 11=algo20220415012546; 31=82.91; 150=0; 39=0; 54=1; 44=82.91; 32=0; 17=exec20220415012546; 38=3146; 60=2022-04-15-01:25:46; 6=0; 14=0; 37=algo20220415012546; 10=200;
8=FIX4.4; 35=F; 34=73; 49=MTHREE; 56=MS; 52=2022-04-15-01:25:46; 41=algo20220415012546; 55=GILD; 38=3146; 11=C_algo20220415012546; 60=2022-04-15-01:25:46; 10=060;
8=FIX4.4; 35=8; 34=98; 49=MS; 56=MTHREE; 52=2022-04-15-01:25:46; 55=GILD; 11=C_algo20220415012546; 31=0; 150=6; 39=6; 54=1; 44=82.91; 17=exec20220415012546; 32=0; 41=algo20220415012546; 38=3146; 60=2022-04-15-01:25:46; 6=0.0; 14=0; 37=algo20220415012546; 10=252;
8=FIX4.4; 35=8; 34=99; 49=MS; 56=MTHREE; 52=2022-04-15-01:25:46; 151=2360; 55=GILD; 11=C_algo20220415012546; 31=0; 150=4; 39=4; 54=1; 17=exec20220415012546; 32=0; 41=algo20220415012546; 38=3146; 60=2022-04-15-01:25:46; 6=0.0; 14=0; 37=algo20220415012546; 10=252;
8=FIX4.4; 35=D; 34=75; 49=MTHREE; 56=MS; 52=2022-04-15-01:25:48; 55=SBUX; 40=2; 38=7607; 21=2; 11=algo20220415012548; 60=2022-04-15-01:25:48; 54=2; 44=75.71; 10=0252;
8=FIX4.4; 35=8; 34=101; 49=MS; 56=MTHREE; 52=2022-04-15-01:25:48; 55=SBUX; 40=2; 11=algo20220415012548; 31=75.71; 150=0; 39=0; 54=2; 44=75.71; 32=0; 17=exec20220415012548; 38=7607; 60=2022-04-15-01:25:48; 6=0; 14=0; 37=algo20220415012548; 10=200;
8=FIX4.4; 35=F; 34=75; 49=MTHREE; 56=MS; 52=2022-04-15-01:25:48; 41=algo20220415012548; 55=SBUX; 38=7607; 11=C_algo20220415012548; 60=2022-04-15-01:25:48; 10=060;
8=FIX4.4; 35=8; 34=101; 49=MS; 56=MTHREE; 52=2022-04-15-01:25:48; 55=SBUX; 11=C_algo20220415012548; 31=0; 150=6; 39=6; 54=2; 44=75.71; 17=exec20220415012548; 32=0; 41=algo20220415012548; 38=7607; 60=2022-04-15-01:25:48; 6=0.0; 14=0; 37=algo20220415012548; 10=252;
8=FIX4.4; 35=8; 34=102; 49=MS; 56=MTHREE; 52=2022-04-15-01:25:48; 151=5072; 55=SBUX; 11=C_algo20220415012548; 31=0; 150=4; 39=4; 54=2; 17=exec20220415012548; 32=0; 41=algo20220415012548; 38=7607; 60=2022-04-15-01:25:48; 6=0.0; 14=0; 37=algo20220415012548; 10=252;
8=FIX4.4; 35=D; 34=77; 49=MTHREE; 56=MS; 52=2022-04-15-01:25:50; 55=QCOM; 40=2; 38=17567; 21=2; 11=algo20220415012550; 60=2022-04-15-01:25:50; 54=2; 44=75.47; 10=0252;
8=FIX4.4; 35=8; 34=104; 49=MS; 56=MTHREE; 52=2022-04-15-01:25:50; 55=QCOM; 40=2; 11=algo20220415012550; 31=75.47; 150=0; 39=0; 54=2; 44=75.47; 32=0; 17=exec20220415012550; 38=17567; 60=2022-04-15-01:25:50; 6=0; 14=0; 37=algo20220415012550; 10=200;
8=FIX4.4; 35=8; 34=105; 49=MS; 56=MTHREE; 52=2022-04-15-01:25:51; 55=QCOM; 40=2; 11=algo20220415012550; 31=75.47; 150=2; 39=2; 54=2; 44=75.47; 32=17567; 17=exec20220415012551; 38=17567; 60=2022-04-15-01:25:51; 6=75.47; 14=17567; 37=algo20220415012550; 10=246;
8=FIX4.4; 35=D; 34=78; 49=MTHREE; 56=MS; 52=2022-04-15-01:25:51; 55=TMUS; 40=2; 38=29369; 21=2; 11=algo20220415012551; 60=2022-04-15-01:25:51; 54=2; 44=90.74; 10=0252;
8=FIX4.4; 35=8; 34=106; 49=MS; 56=MTHREE; 52=2022-04-15-01:25:51; 55=TMUS; 40=2; 11=algo20220415012551; 31=90.74; 150=0; 39=0; 54=2; 44=90.74; 32=0; 17=exec20220415012551; 38=29369; 60=2022-04-15-01:25:51; 6=0; 14=0; 37=algo20220415012551; 10=200;
8=FIX4.4; 35=8; 34=107; 49=MS; 56=MTHREE; 52=2022-04-15-01:25:51; 55=TMUS; 40=2; 11=algo20220415012551; 31=90.74; 150=1; 39=1; 54=2; 44=90.74; 32=7342; 17=exec20220415012551; 38=29369; 60=2022-04-15-01:25:51; 6=90.74; 14=7342; 37=algo20220415012551; 10=240;
8=FIX4.4; 35=F; 34=78; 49=MTHREE; 56=MS; 52=2022-04-15-01:25:52; 41=algo20220415012551; 55=TMUS; 38=29369; 11=C_algo20220415012551; 60=2022-04-15-01:25:52; 10=060;
8=FIX4.4; 35=8; 34=107; 49=MS; 56=MTHREE; 52=2022-04-15-01:25:52; 55=TMUS; 11=C_algo20220415012551; 31=0; 150=6; 39=6; 54=2; 44=90.74; 17=exec20220415012552; 32=0; 41=algo20220415012551; 38=29369; 60=2022-04-15-01:25:52; 6=0.0; 14=7342; 37=algo20220415012551; 10=252;
8=FIX4.4; 35=8; 34=108; 49=MS; 56=MTHREE; 52=2022-04-15-01:25:52; 151=14685; 55=TMUS; 11=C_algo20220415012551; 31=0; 150=4; 39=4; 54=2; 17=exec20220415012552; 32=0; 41=algo20220415012551; 38=29369; 60=2022-04-15-01:25:52; 6=0.0; 14=7342; 37=algo20220415012551; 10=252;
8=FIX4.4; 35=D; 34=80; 49=MTHREE; 56=MS; 52=2022-04-15-01:25:54; 55=MDLZ; 40=2; 38=31154; 21=2; 11=algo20220415012554; 60=2022-04-15-01:25:54; 54=1; 44=52.26; 10=0252;
8=FIX4.4; 35=8; 34=110; 49=MS; 56=MTHREE; 52=2022-04-15-01:25:54; 55=MDLZ; 40=2; 11=algo20220415012554; 31=52.26; 150=0; 39=0; 54=1; 44=52.26; 32=0; 17=exec20220415012554; 38=31154; 60=2022-04-15-01:25:54; 6=0; 14=0; 37=algo20220415012554; 10=200;
8=FIX4.4; 35=8; 34=111; 49=MS; 56=MTHREE; 52=2022-04-15-01:25:54; 55=MDLZ; 40=2; 11=algo20220415012554; 31=52.26; 150=1; 39=1; 54=1; 44=52.26; 32=7788; 17=exec20220415012554; 38=31154; 60=2022-04-15-01:25:54; 6=52.26; 14=7788; 37=algo20220415012554; 10=240;
8=FIX4.4; 35=F; 34=80; 49=MTHREE; 56=MS; 52=2022-04-15-01:25:55; 41=algo20220415012554; 55=MDLZ; 38=31154; 11=C_algo20220415012554; 60=2022-04-15-01:25:55; 10=060;
8=FIX4.4; 35=8; 34=111; 49=MS; 56=MTHREE; 52=2022-04-15-01:25:55; 55=MDLZ; 11=C_algo20220415012554; 31=0; 150=6; 39=6; 54=1; 44=52.26; 17=exec20220415012555; 32=0; 41=algo20220415012554; 38=31154; 60=2022-04-15-01:25:55; 6=0.0; 14=7788; 37=algo20220415012554; 10=252;
8=FIX4.4; 35=8; 34=112; 49=MS; 56=MTHREE; 52=2022-04-15-01:25:55; 151=15578; 55=MDLZ; 11=C_algo20220415012554; 31=0; 150=4; 39=4; 54=1; 17=exec20220415012555; 32=0; 41=algo20220415012554; 38=31154; 60=2022-04-15-01:25:55; 6=0.0; 14=7788; 37=algo20220415012554; 10=252;
8=FIX4.4; 35=D; 34=82; 49=MTHREE; 56=MS; 52=2022-04-15-01:25:57; 55=BAC; 40=2; 38=8845; 21=2; 11=algo20220415012557; 60=2022-04-15-01:25:57; 54=1; 44=22.03; 10=0252;
8=FIX4.4; 35=8; 34=114; 49=MS; 56=MTHREE; 52=2022-04-15-01:25:57; 55=BAC; 40=2; 11=algo20220415012557; 31=22.03; 150=0; 39=0; 54=1; 44=22.03; 32=0; 17=exec20220415012557; 38=8845; 60=2022-04-15-01:25:57; 6=0; 14=0; 37=algo20220415012557; 10=200;
8=FIX4.4; 35=8; 34=115; 49=MS; 56=MTHREE; 52=2022-04-15-01:25:57; 55=BAC; 40=2; 11=algo20220415012557; 31=22.03; 150=1; 39=1; 54=1; 44=22.03; 32=2948; 17=exec20220415012557; 38=8845; 60=2022-04-15-01:25:57; 6=22.03; 14=2948; 37=algo20220415012557; 10=240;
8=FIX4.4; 35=F; 34=82; 49=MTHREE; 56=MS; 52=2022-04-15-01:25:58; 41=algo20220415012557; 55=BAC; 38=8845; 11=C_algo20220415012557; 60=2022-04-15-01:25:58; 10=060;
8=FIX4.4; 35=8; 34=115; 49=MS; 56=MTHREE; 52=2022-04-15-01:25:58; 55=BAC; 11=C_algo20220415012557; 31=0; 150=6; 39=6; 54=1; 44=22.03; 17=exec20220415012558; 32=0; 41=algo20220415012557; 38=8845; 60=2022-04-15-01:25:58; 6=0.0; 14=2948; 37=algo20220415012557; 10=252;
8=FIX4.4; 35=8; 34=116; 49=MS; 56=MTHREE; 52=2022-04-15-01:25:58; 151=2949; 55=BAC; 11=C_algo20220415012557; 31=0; 150=4; 39=4; 54=1; 17=exec20220415012558; 32=0; 41=algo20220415012557; 38=8845; 60=2022-04-15-01:25:58; 6=0.0; 14=2948; 37=algo20220415012557; 10=252;
8=FIX4.4; 35=D; 34=84; 49=MTHREE; 56=MS; 52=2022-04-15-01:26:00; 55=DDD; 40=2; 38=472; 21=2; 11=algo20220415012600; 60=2022-04-15-01:26:00; 54=2; 44=8.01; 10=0252;
8=FIX4.4; 35=8; 34=118; 49=MS; 56=MTHREE; 52=2022-04-15-01:26:00; 55=DDD; 40=2; 11=algo20220415012600; 31=8.01; 150=0; 39=0; 54=2; 44=8.01; 32=0; 17=exec20220415012600; 38=472; 60=2022-04-15-01:26:00; 6=0; 14=0; 37=algo20220415012600; 10=200;
8=FIX4.4; 35=8; 34=119; 49=MS; 56=MTHREE; 52=2022-04-15-01:26:01; 55=DDD; 40=2; 11=algo20220415012600; 31=8.01; 150=2; 39=2; 54=2; 44=8.01; 32=472; 17=exec20220415012601; 38=472; 60=2022-04-15-01:26:01; 6=8.01; 14=472; 37=algo20220415012600; 10=246;
8=FIX4.4; 35=D; 34=85; 49=MTHREE; 56=MS; 52=2022-04-15-01:26:01; 55=MMM; 40=2; 38=31843; 21=2; 11=algo20220415012601; 60=2022-04-15-01:26:01; 54=2; 44=146.98; 10=0252;
8=FIX4.4; 35=8; 34=120; 49=MS; 56=MTHREE; 52=2022-04-15-01:26:01; 55=MMM; 40=2; 11=algo20220415012601; 31=146.98; 150=0; 39=0; 54=2; 44=146.98; 32=0; 17=exec20220415012601; 38=31843; 60=2022-04-15-01:26:01; 6=0; 14=0; 37=algo20220415012601; 10=200;
8=FIX4.4; 35=F; 34=85; 49=MTHREE; 56=MS; 52=2022-04-15-01:26:01; 41=algo20220415012601; 55=MMM; 38=31843; 11=C_algo20220415012601; 60=2022-04-15-01:26:01; 10=060;
8=FIX4.4; 35=8; 34=120; 49=MS; 56=MTHREE; 52=2022-04-15-01:26:01; 55=MMM; 11=C_algo20220415012601; 31=0; 150=6; 39=6; 54=2; 44=146.98; 17=exec20220415012601; 32=0; 41=algo20220415012601; 38=31843; 60=2022-04-15-01:26:01; 6=0.0; 14=0; 37=algo20220415012601; 10=252;
8=FIX4.4; 35=8; 34=121; 49=MS; 56=MTHREE; 52=2022-04-15-01:26:01; 151=23883; 55=MMM; 11=C_algo20220415012601; 31=0; 150=4; 39=4; 54=2; 17=exec20220415012601; 32=0; 41=algo20220415012601; 38=31843; 60=2022-04-15-01:26:01; 6=0.0; 14=0; 37=algo20220415012601; 10=252;
8=FIX4.4; 35=D; 34=87; 49=MTHREE; 56=MS; 52=2022-04-15-01:26:03; 55=WBAI; 40=2; 38=22432; 21=2; 11=algo20220415012603; 60=2022-04-15-01:26:03; 54=1; 44=4.10; 10=0252;
8=FIX4.4; 35=8; 34=123; 49=MS; 56=MTHREE; 52=2022-04-15-01:26:03; 55=WBAI; 40=2; 11=algo20220415012603; 31=4.10; 150=0; 39=0; 54=1; 44=4.10; 32=0; 17=exec20220415012603; 38=22432; 60=2022-04-15-01:26:03; 6=0; 14=0; 37=algo20220415012603; 10=200;
8=FIX4.4; 35=F; 34=87; 49=MTHREE; 56=MS; 52=2022-04-15-01:26:03; 41=algo20220415012603; 55=WBAI; 38=22432; 11=C_algo20220415012603; 60=2022-04-15-01:26:03; 10=060;
8=FIX4.4; 35=8; 34=123; 49=MS; 56=MTHREE; 52=2022-04-15-01:26:03; 55=WBAI; 11=C_algo20220415012603; 31=0; 150=6; 39=6; 54=1; 44=4.10; 17=exec20220415012603; 32=0; 41=algo20220415012603; 38=22432; 60=2022-04-15-01:26:03; 6=0.0; 14=0; 37=algo20220415012603; 10=252;
8=FIX4.4; 35=8; 34=124; 49=MS; 56=MTHREE; 52=2022-04-15-01:26:03; 151=16824; 55=WBAI; 11=C_algo20220415012603; 31=0; 150=4; 39=4; 54=1; 17=exec20220415012603; 32=0; 41=algo20220415012603; 38=22432; 60=2022-04-15-01:26:03; 6=0.0; 14=0; 37=algo20220415012603; 10=252;
8=FIX4.4; 35=D; 34=89; 49=MTHREE; 56=MS; 52=2022-04-15-01:26:05; 55=WUBA; 40=2; 38=31943; 21=2; 11=algo20220415012605; 60=2022-04-15-01:26:05; 54=2; 44=51.41; 10=0252;
8=FIX4.4; 35=8; 34=126; 49=MS; 56=MTHREE; 52=2022-04-15-01:26:05; 55=WUBA; 40=2; 11=algo20220415012605; 31=51.41; 150=0; 39=0; 54=2; 44=51.41; 32=0; 17=exec20220415012605; 38=31943; 60=2022-04-15-01:26:05; 6=0; 14=0; 37=algo20220415012605; 10=200;
8=FIX4.4; 35=8; 34=127; 49=MS; 56=MTHREE; 52=2022-04-15-01:26:05; 55=WUBA; 40=2; 11=algo20220415012605; 31=51.41; 150=1; 39=1; 54=2; 44=51.41; 32=15971; 17=exec20220415012605; 38=31943; 60=2022-04-15-01:26:05; 6=51.41; 14=15971; 37=algo20220415012605; 10=240;
8=FIX4.4; 35=8; 34=128; 49=MS; 56=MTHREE; 52=2022-04-15-01:26:07; 55=WUBA; 40=2; 11=algo20220415012605; 31=51.41; 150=2; 39=2; 54=2; 44=51.41; 32=15972; 17=exec20220415012607; 38=31943; 60=2022-04-15-01:26:07; 6=51.41; 14=31943; 37=algo20220415012605; 10=246;
8=FIX4.4; 35=D; 34=90; 49=MTHREE; 56=MS; 52=2022-04-15-01:26:07; 55=EGHT; 40=2; 38=2793; 21=2; 11=algo20220415012607; 60=2022-04-15-01:26:07; 54=1; 44=17.03; 10=0252;
8=FIX4.4; 35=8; 34=129; 49=MS; 56=MTHREE; 52=2022-04-15-01:26:07; 55=EGHT; 40=2; 11=algo20220415012607; 31=17.03; 150=0; 39=0; 54=1; 44=17.03; 32=0; 17=exec20220415012607; 38=2793; 60=2022-04-15-01:26:07; 6=0; 14=0; 37=algo20220415012607; 10=200;
8=FIX4.4; 35=8; 34=130; 49=MS; 56=MTHREE; 52=2022-04-15-01:26:07; 55=EGHT; 40=2; 11=algo20220415012607; 31=17.03; 150=1; 39=1; 54=1; 44=17.03; 32=558; 17=exec20220415012607; 38=2793; 60=2022-04-15-01:26:07; 6=17.03; 14=558; 37=algo20220415012607; 10=240;
8=FIX4.4; 35=F; 34=90; 49=MTHREE; 56=MS; 52=2022-04-15-01:26:08; 41=algo20220415012607; 55=EGHT; 38=2793; 11=C_algo20220415012607; 60=2022-04-15-01:26:08; 10=060;
8=FIX4.4; 35=8; 34=130; 49=MS; 56=MTHREE; 52=2022-04-15-01:26:08; 55=EGHT; 11=C_algo20220415012607; 31=0; 150=6; 39=6; 54=1; 44=17.03; 17=exec20220415012608; 32=0; 41=algo20220415012607; 38=2793; 60=2022-04-15-01:26:08; 6=0.0; 14=558; 37=algo20220415012607; 10=252;
8=FIX4.4; 35=8; 34=131; 49=MS; 56=MTHREE; 52=2022-04-15-01:26:08; 151=1677; 55=EGHT; 11=C_algo20220415012607; 31=0; 150=4; 39=4; 54=1; 17=exec20220415012608; 32=0; 41=algo20220415012607; 38=2793; 60=2022-04-15-01:26:08; 6=0.0; 14=558; 37=algo20220415012607; 10=252;
8=FIX4.4; 35=D; 34=92; 49=MTHREE; 56=MS; 52=2022-04-15-01:26:10; 55=AHC; 40=2; 38=32025; 21=2; 11=algo20220415012610; 60=2022-04-15-01:26:10; 54=1; 44=1.40; 10=0252;
8=FIX4.4; 35=8; 34=133; 49=MS; 56=MTHREE; 52=2022-04-15-01:26:10; 55=AHC; 40=2; 11=algo20220415012610; 31=1.40; 150=0; 39=0; 54=1; 44=1.40; 32=0; 17=exec20220415012610; 38=32025; 60=2022-04-15-01:26:10; 6=0; 14=0; 37=algo20220415012610; 10=200;
8=FIX4.4; 35=8; 34=134; 49=MS; 56=MTHREE; 52=2022-04-15-01:26:10; 55=AHC; 40=2; 11=algo20220415012610; 31=1.40; 150=1; 39=1; 54=1; 44=1.40; 32=10675; 17=exec20220415012610; 38=32025; 60=2022-04-15-01:26:10; 6=1.40; 14=10675; 37=algo20220415012610; 10=240;
8=FIX4.4; 35=8; 34=135; 49=MS; 56=MTHREE; 52=2022-04-15-01:26:11; 55=AHC; 40=2; 11=algo20220415012610; 31=1.40; 150=1; 39=1; 54=1; 44=1.40; 32=10675; 17=exec20220415012611; 38=32025; 60=2022-04-15-01:26:11; 6=1.40; 14=21350; 37=algo20220415012610; 10=240;
8=FIX4.4; 35=8; 34=136; 49=MS; 56=MTHREE; 52=2022-04-15-01:26:13; 55=AHC; 40=2; 11=algo20220415012610; 31=1.40; 150=2; 39=2; 54=1; 44=1.40; 32=10675; 17=exec20220415012613; 38=32025; 60=2022-04-15-01:26:13; 6=1.40; 14=32025; 37=algo20220415012610; 10=246;
8=FIX4.4; 35=D; 34=93; 49=MTHREE; 56=MS; 52=2022-04-15-01:26:13; 55=AOS; 40=2; 38=12318; 21=2; 11=algo20220415012613; 60=2022-04-15-01:26:13; 54=2; 44=40.38; 10=0252;
8=FIX4.4; 35=8; 34=137; 49=MS; 56=MTHREE; 52=2022-04-15-01:26:13; 55=AOS; 40=2; 11=algo20220415012613; 31=40.38; 150=0; 39=0; 54=2; 44=40.38; 32=0; 17=exec20220415012613; 38=12318; 60=2022-04-15-01:26:13; 6=0; 14=0; 37=algo20220415012613; 10=200;
8=FIX4.4; 35=8; 34=138; 49=MS; 56=MTHREE; 52=2022-04-15-01:26:13; 55=AOS; 40=2; 11=algo20220415012613; 31=40.38; 150=1; 39=1; 54=2; 44=40.38; 32=4106; 17=exec20220415012613; 38=12318; 60=2022-04-15-01:26:13; 6=40.38; 14=4106; 37=algo20220415012613; 10=240;
8=FIX4.4; 35=F; 34=93; 49=MTHREE; 56=MS; 52=2022-04-15-01:26:14; 41=algo20220415012613; 55=AOS; 38=12318; 11=C_algo20220415012613; 60=2022-04-15-01:26:14; 10=060;
8=FIX4.4; 35=8; 34=138; 49=MS; 56=MTHREE; 52=2022-04-15-01:26:14; 55=AOS; 11=C_algo20220415012613; 31=0; 150=6; 39=6; 54=2; 44=40.38; 17=exec20220415012614; 32=0; 41=algo20220415012613; 38=12318; 60=2022-04-15-01:26:14; 6=0.0; 14=4106; 37=algo20220415012613; 10=252;
8=FIX4.4; 35=8; 34=139; 49=MS; 56=MTHREE; 52=2022-04-15-01:26:14; 151=4106; 55=AOS; 11=C_algo20220415012613; 31=0; 150=4; 39=4; 54=2; 17=exec20220415012614; 32=0; 41=algo20220415012613; 38=12318; 60=2022-04-15-01:26:14; 6=0.0; 14=4106; 37=algo20220415012613; 10=252;
8=FIX4.4; 35=D; 34=95; 49=MTHREE; 56=MS; 52=2022-04-15-01:26:16; 55=ATEN; 40=2; 38=2141; 21=2; 11=algo20220415012616; 60=2022-04-15-01:26:16; 54=2; 44=6.45; 10=0252;
8=FIX4.4; 35=8; 34=141; 49=MS; 56=MTHREE; 52=2022-04-15-01:26:16; 55=ATEN; 40=2; 11=algo20220415012616; 31=6.45; 150=0; 39=0; 54=2; 44=6.45; 32=0; 17=exec20220415012616; 38=2141; 60=2022-04-15-01:26:16; 6=0; 14=0; 37=algo20220415012616; 10=200;
8=FIX4.4; 35=8; 34=142; 49=MS; 56=MTHREE; 52=2022-04-15-01:26:17; 55=ATEN; 40=2; 11=algo20220415012616; 31=6.45; 150=2; 39=2; 54=2; 44=6.45; 32=2141; 17=exec20220415012617; 38=2141; 60=2022-04-15-01:26:17; 6=6.45; 14=2141; 37=algo20220415012616; 10=246;
8=FIX4.4; 35=D; 34=96; 49=MTHREE; 56=MS; 52=2022-04-15-01:26:17; 55=AIR; 40=2; 38=4975; 21=2; 11=algo20220415012617; 60=2022-04-15-01:26:17; 54=1; 44=16.31; 10=0252;
8=FIX4.4; 35=8; 34=143; 49=MS; 56=MTHREE; 52=2022-04-15-01:26:17; 55=AIR; 40=2; 11=algo20220415012617; 31=16.31; 150=0; 39=0; 54=1; 44=16.31; 32=0; 17=exec20220415012617; 38=4975; 60=2022-04-15-01:26:17; 6=0; 14=0; 37=algo20220415012617; 10=200;
8=FIX4.4; 35=F; 34=96; 49=MTHREE; 56=MS; 52=2022-04-15-01:26:17; 41=algo20220415012617; 55=AIR; 38=4975; 11=C_algo20220415012617; 60=2022-04-15-01:26:17; 10=060;
8=FIX4.4; 35=8; 34=143; 49=MS; 56=MTHREE; 52=2022-04-15-01:26:17; 55=AIR; 11=C_algo20220415012617; 31=0; 150=6; 39=6; 54=1; 44=16.31; 17=exec20220415012617; 32=0; 41=algo20220415012617; 38=4975; 60=2022-04-15-01:26:17; 6=0.0; 14=0; 37=algo20220415012617; 10=252;
8=FIX4.4; 35=8; 34=144; 49=MS; 56=MTHREE; 52=2022-04-15-01:26:17; 151=3980; 55=AIR; 11=C_algo20220415012617; 31=0; 150=4; 39=4; 54=1; 17=exec20220415012617; 32=0; 41=algo20220415012617; 38=4975; 60=2022-04-15-01:26:17; 6=0.0; 14=0; 37=algo20220415012617; 10=252;
8=FIX4.4; 35=D; 34=98; 49=MTHREE; 56=MS; 52=2022-04-15-01:26:19; 55=AAN; 40=2; 38=18913; 21=2; 11=algo20220415012619; 60=2022-04-15-01:26:19; 54=2; 44=25.68; 10=0252;
8=FIX4.4; 35=8; 34=146; 49=MS; 56=MTHREE; 52=2022-04-15-01:26:19; 55=AAN; 40=2; 11=algo20220415012619; 31=25.68; 150=0; 39=0; 54=2; 44=25.68; 32=0; 17=exec20220415012619; 38=18913; 60=2022-04-15-01:26:19; 6=0; 14=0; 37=algo20220415012619; 10=200;
8=FIX4.4; 35=F; 34=98; 49=MTHREE; 56=MS; 52=2022-04-15-01:26:19; 41=algo20220415012619; 55=AAN; 38=18913; 11=C_algo20220415012619; 60=2022-04-15-01:26:19; 10=060;
8=FIX4.4; 35=8; 34=146; 49=MS; 56=MTHREE; 52=2022-04-15-01:26:19; 55=AAN; 11=C_algo20220415012619; 31=0; 150=6; 39=6; 54=2; 44=25.68; 17=exec20220415012619; 32=0; 41=algo20220415012619; 38=18913; 60=2022-04-15-01:26:19; 6=0.0; 14=0; 37=algo20220415012619; 10=252;
8=FIX4.4; 35=8; 34=147; 49=MS; 56=MTHREE; 52=2022-04-15-01:26:19; 151=15131; 55=AAN; 11=C_algo20220415012619; 31=0; 150=4; 39=4; 54=2; 17=exec20220415012619; 32=0; 41=algo20220415012619; 38=18913; 60=2022-04-15-01:26:19; 6=0.0; 14=0; 37=algo20220415012619; 10=252;
8=FIX4.4; 35=D; 34=100; 49=MTHREE; 56=MS; 52=2022-04-15-01:26:21; 55=ABB; 40=2; 38=32315; 21=2; 11=algo20220415012621; 60=2022-04-15-01:26:21; 54=1; 44=17.42; 10=0252;
8=FIX4.4; 35=8; 34=149; 49=MS; 56=MTHREE; 52=2022-04-15-01:26:21; 55=ABB; 40=2; 11=algo20220415012621; 31=17.42; 150=0; 39=0; 54=1; 44=17.42; 32=0; 17=exec20220415012621; 38=32315; 60=2022-04-15-01:26:21; 6=0; 14=0; 37=algo20220415012621; 10=200;
8=FIX4.4; 35=8; 34=150; 49=MS; 56=MTHREE; 52=2022-04-15-01:26:22; 55=ABB; 40=2; 11=algo20220415012621; 31=17.42; 150=2; 39=2; 54=1; 44=17.42; 32=32315; 17=exec20220415012622; 38=32315; 60=2022-04-15-01:26:22; 6=17.42; 14=32315; 37=algo20220415012621; 10=246;
8=FIX4.4; 35=D; 34=101; 49=MTHREE; 56=MS; 52=2022-04-15-01:26:22; 55=ABT; 40=2; 38=28889; 21=2; 11=algo20220415012622; 60=2022-04-15-01:26:22; 54=2; 44=94.04; 10=0252;
8=FIX4.4; 35=8; 34=151; 49=MS; 56=MTHREE; 52=2022-04-15-01:26:22; 55=ABT; 40=2; 11=algo20220415012622; 31=94.04; 150=0; 39=0; 54=2; 44=94.04; 32=0; 17=exec20220415012622; 38=28889; 60=2022-04-15-01:26:22; 6=0; 14=0; 37=algo20220415012622; 10=200;
8=FIX4.4; 35=8; 34=152; 49=MS; 56=MTHREE; 52=2022-04-15-01:26:22; 55=ABT; 40=2; 11=algo20220415012622; 31=94.04; 150=1; 39=1; 54=2; 44=94.04; 32=14444; 17=exec20220415012622; 38=28889; 60=2022-04-15-01:26:22; 6=94.04; 14=14444; 37=algo20220415012622; 10=240;
8=FIX4.4; 35=8; 34=153; 49=MS; 56=MTHREE; 52=2022-04-15-01:26:24; 55=ABT; 40=2; 11=algo20220415012622; 31=94.04; 150=2; 39=2; 54=2; 44=94.04; 32=14445; 17=exec20220415012624; 38=28889; 60=2022-04-15-01:26:24; 6=94.04; 14=28889; 37=algo20220415012622; 10=246;
8=FIX4.4; 35=D; 34=102; 49=MTHREE; 56=MS; 52=2022-04-15-01:26:24; 55=ABBV; 40=2; 38=12714; 21=2; 11=algo20220415012624; 60=2022-04-15-01:26:24; 54=2; 44=83.60; 10=0252;
8=FIX4.4; 35=8; 34=154; 49=MS; 56=MTHREE; 52=2022-04-15-01:26:24; 55=ABBV; 40=2; 11=algo20220415012624; 31=83.60; 150=0; 39=0; 54=2; 44=83.60; 32=0; 17=exec20220415012624; 38=12714; 60=2022-04-15-01:26:24; 6=0; 14=0; 37=algo20220415012624; 10=200;
8=FIX4.4; 35=8; 34=155; 49=MS; 56=MTHREE; 52=2022-04-15-01:26:25; 55=ABBV; 40=2; 11=algo20220415012624; 31=83.60; 150=2; 39=2; 54=2; 44=83.60; 32=12714; 17=exec20220415012625; 38=12714; 60=2022-04-15-01:26:25; 6=83.60; 14=12714; 37=algo20220415012624; 10=246;
8=FIX4.4; 35=D; 34=103; 49=MTHREE; 56=MS; 52=2022-04-15-01:26:25; 55=ANF; 40=2; 38=25020; 21=2; 11=algo20220415012625; 60=2022-04-15-01:26:25; 54=1; 44=9.10; 10=0252;
8=FIX4.4; 35=8; 34=156; 49=MS; 56=MTHREE; 52=2022-04-15-01:26:25; 55=ANF; 40=2; 11=algo20220415012625; 31=9.10; 150=0; 39=0; 54=1; 44=9.10; 32=0; 17=exec20220415012625; 38=25020; 60=2022-04-15-01:26:25; 6=0; 14=0; 37=algo20220415012625; 10=200;
8=FIX4.4; 35=8; 34=157; 49=MS; 56=MTHREE; 52=2022-04-15-01:26:25; 55=ANF; 40=2; 11=algo20220415012625; 31=9.10; 150=1; 39=1; 54=1; 44=9.10; 32=6255; 17=exec20220415012625; 38=25020; 60=2022-04-15-01:26:25; 6=9.10; 14=6255; 37=algo20220415012625; 10=240;
8=FIX4.4; 35=F; 34=103; 49=MTHREE; 56=MS; 52=2022-04-15-01:26:26; 41=algo20220415012625; 55=ANF; 38=25020; 11=C_algo20220415012625; 60=2022-04-15-01:26:26; 10=060;
8=FIX4.4; 35=8; 34=157; 49=MS; 56=MTHREE; 52=2022-04-15-01:26:26; 55=ANF; 11=C_algo20220415012625; 31=0; 150=6; 39=6; 54=1; 44=9.10; 17=exec20220415012626; 32=0; 41=algo20220415012625; 38=25020; 60=2022-04-15-01:26:26; 6=0.0; 14=6255; 37=algo20220415012625; 10=252;
8=FIX4.4; 35=8; 34=158; 49=MS; 56=MTHREE; 52=2022-04-15-01:26:26; 151=12510; 55=ANF; 11=C_algo20220415012625; 31=0; 150=4; 39=4; 54=1; 17=exec20220415012626; 32=0; 41=algo20220415012625; 38=25020; 60=2022-04-15-01:26:26; 6=0.0; 14=6255; 37=algo20220415012625; 10=252;
8=FIX4.4; 35=D; 34=105; 49=MTHREE; 56=MS; 52=2022-04-15-01:26:28; 55=ABM; 40=2; 38=8300; 21=2; 11=algo20220415012628; 60=2022-04-15-01:26:28; 54=2; 44=31.64; 10=0252;
8=FIX4.4; 35=8; 34=160; 49=MS; 56=MTHREE; 52=2022-04-15-01:26:28; 55=ABM; 40=2; 11=algo20220415012628; 31=31.64; 150=0; 39=0; 54=2; 44=31.64; 32=0; 17=exec20220415012628; 38=8300; 60=2022-04-15-01:26:28; 6=0; 14=0; 37=algo20220415012628; 10=200;
8=FIX4.4; 35=8; 34=161; 49=MS; 56=MTHREE; 52=2022-04-15-01:26:29; 55=ABM; 40=2; 11=algo20220415012628; 31=31.64; 150=2; 39=2; 54=2; 44=31.64; 32=8300; 17=exec20220415012629; 38=8300; 60=2022-04-15-01:26:29; 6=31.64; 14=8300; 37=algo20220415012628; 10=246;
8=FIX4.4; 35=D; 34=106; 49=MTHREE; 56=MS; 52=2022-04-15-01:26:29; 55=AAPL; 40=2; 38=13444; 21=2; 11=algo20220415012629; 60=2022-04-15-01:26:29; 54=2; 44=284.65; 10=0252;
8=FIX4.4; 35=8; 34=162; 49=MS; 56=MTHREE; 52=2022-04-15-01:26:29; 55=AAPL; 40=2; 11=algo20220415012629; 31=284.65; 150=0; 39=0; 54=2; 44=284.65; 32=0; 17=exec20220415012629; 38=13444; 60=2022-04-15-01:26:29; 6=0; 14=0; 37=algo20220415012629; 10=200;
8=FIX4.4; 35=F; 34=106; 49=MTHREE; 56=MS; 52=2022-04-15-01:26:29; 41=algo20220415012629; 55=AAPL; 38=13444; 11=C_algo20220415012629; 60=2022-04-15-01:26:29; 10=060;
8=FIX4.4; 35=8; 34=162; 49=MS; 56=MTHREE; 52=2022-04-15-01:26:29; 55=AAPL; 11=C_algo20220415012629; 31=0; 150=6; 39=6; 54=2; 44=284.65; 17=exec20220415012629; 32=0; 41=algo20220415012629; 38=13444; 60=2022-04-15-01:26:29; 6=0.0; 14=0; 37=algo20220415012629; 10=252;
8=FIX4.4; 35=8; 34=163; 49=MS; 56=MTHREE; 52=2022-04-15-01:26:29; 151=8963; 55=AAPL; 11=C_algo20220415012629; 31=0; 150=4; 39=4; 54=2; 17=exec20220415012629; 32=0; 41=algo20220415012629; 38=13444; 60=2022-04-15-01:26:29; 6=0.0; 14=0; 37=algo20220415012629; 10=252;
8=FIX4.4; 35=D; 34=108; 49=MTHREE; 56=MS; 52=2022-04-15-01:26:31; 55=PEP; 40=2; 38=16923; 21=2; 11=algo20220415012631; 60=2022-04-15-01:26:31; 54=1; 44=45.43; 10=0252;
8=FIX4.4; 35=8; 34=165; 49=MS; 56=MTHREE; 52=2022-04-15-01:26:31; 55=PEP; 40=2; 11=algo20220415012631; 31=45.43; 150=0; 39=0; 54=1; 44=45.43; 32=0; 17=exec20220415012631; 38=16923; 60=2022-04-15-01:26:31; 6=0; 14=0; 37=algo20220415012631; 10=200;
8=FIX4.4; 35=F; 34=108; 49=MTHREE; 56=MS; 52=2022-04-15-01:26:31; 41=algo20220415012631; 55=PEP; 38=16923; 11=C_algo20220415012631; 60=2022-04-15-01:26:31; 10=060;
8=FIX4.4; 35=8; 34=165; 49=MS; 56=MTHREE; 52=2022-04-15-01:26:31; 55=PEP; 11=C_algo20220415012631; 31=0; 150=6; 39=6; 54=1; 44=45.43; 17=exec20220415012631; 32=0; 41=algo20220415012631; 38=16923; 60=2022-04-15-01:26:31; 6=0.0; 14=0; 37=algo20220415012631; 10=252;
8=FIX4.4; 35=8; 34=166; 49=MS; 56=MTHREE; 52=2022-04-15-01:26:31; 151=11282; 55=PEP; 11=C_algo20220415012631; 31=0; 150=4; 39=4; 54=1; 17=exec20220415012631; 32=0; 41=algo20220415012631; 38=16923; 60=2022-04-15-01:26:31; 6=0.0; 14=0; 37=algo20220415012631; 10=252;
8=FIX4.4; 35=D; 34=110; 49=MTHREE; 56=MS; 52=2022-04-15-01:26:33; 55=; 40=2; 38=28097; 21=2; 11=algo20220415012633; 60=2022-04-15-01:26:33; 54=2; 44=; 10=0252;
8=FIX4.4; 35=8; 34=168; 49=MS; 56=MTHREE; 52=2022-04-15-01:26:33; 55=; 40=2; 11=algo20220415012633; 31=; 150=0; 39=0; 54=2; 44=; 32=0; 17=exec20220415012633; 38=28097; 60=2022-04-15-01:26:33; 6=0; 14=0; 37=algo20220415012633; 10=200;
8=FIX4.4; 35=8; 34=169; 49=MS; 56=MTHREE; 52=2022-04-15-01:26:33; 55=; 40=2; 11=algo20220415012633; 31=; 150=1; 39=1; 54=2; 44=; 32=14048; 17=exec20220415012633; 38=28097; 60=2022-04-15-01:26:33; 6=; 14=14048; 37=algo20220415012633; 10=240;
8=FIX4.4; 35=8; 34=170; 49=MS; 56=MTHREE; 52=2022-04-15-01:26:35; 55=; 40=2; 11=algo20220415012633; 31=; 150=2; 39=2; 54=2; 44=; 32=14049; 17=exec20220415012635; 38=28097; 60=2022-04-15-01:26:35; 6=; 14=28097; 37=algo20220415012633; 10=246;
