8=FIX4.4; 35=A; 34=1; 49=MTHREE; 56=MS; 52=2022-04-16-00:15:40; 108=30; 10=0015;
8=FIX4.4; 35=A; 34=1; 49=MS; 56=MTHREE; 52=2022-04-16-00:15:40; 108=30; 10=0016;
8=FIX4.4; 35=0; 34=2; 49=MTHREE; 56=MS; 52=2022-04-16-00:15:40; 108=30; 10=0015;
8=FIX4.4; 35=0; 34=2; 49=MS; 56=MTHREE; 52=2022-04-16-00:15:40; 108=30; 10=0015;
8=FIX4.4; 35=0; 34=3; 49=MTHREE; 56=MS; 52=2022-04-16-00:15:42; 108=30; 10=0015;
8=FIX4.4; 35=0; 34=3; 49=MS; 56=MTHREE; 52=2022-04-16-00:15:42; 108=30; 10=0015;
8=FIX4.4; 35=0; 34=4; 49=MTHREE; 56=MS; 52=2022-04-16-00:15:44; 108=30; 10=0015;
8=FIX4.4; 35=0; 34=4; 49=MS; 56=MTHREE; 52=2022-04-16-00:15:44; 108=30; 10=0015;
8=FIX4.4; 35=0; 34=5; 49=MTHREE; 56=MS; 52=2022-04-16-00:15:46; 108=30; 10=0015;
8=FIX4.4; 35=0; 34=5; 49=MS; 56=MTHREE; 52=2022-04-16-00:15:46; 108=30; 10=0015;
8=FIX4.4; 35=0; 34=6; 49=MTHREE; 56=MS; 52=2022-04-16-00:15:48; 108=30; 10=0015;
8=FIX4.4; 35=0; 34=6; 49=MS; 56=MTHREE; 52=2022-04-16-00:15:48; 108=30; 10=0015;
8=FIX4.4; 35=0; 34=7; 49=MTHREE; 56=MS; 52=2022-04-16-00:15:50; 108=30; 10=0015;
8=FIX4.4; 35=0; 34=7; 49=MS; 56=MTHREE; 52=2022-04-16-00:15:50; 108=30; 10=0015;
8=FIX4.4; 35=0; 34=8; 49=MTHREE; 56=MS; 52=2022-04-16-00:15:52; 108=30; 10=0015;
8=FIX4.4; 35=0; 34=8; 49=MS; 56=MTHREE; 52=2022-04-16-00:15:52; 108=30; 10=0015;
8=FIX4.4; 35=0; 34=9; 49=MTHREE; 56=MS; 52=2022-04-16-00:15:54; 108=30; 10=0015;
8=FIX4.4; 35=0; 34=9; 49=MS; 56=MTHREE; 52=2022-04-16-00:15:54; 108=30; 10=0015;
8=FIX4.4; 35=0; 34=10; 49=MTHREE; 56=MS; 52=2022-04-16-00:15:56; 108=30; 10=0015;
8=FIX4.4; 35=0; 34=10; 49=MS; 56=MTHREE; 52=2022-04-16-00:15:56; 108=30; 10=0015;
8=FIX4.4; 35=0; 34=11; 49=MTHREE; 56=MS; 52=2022-04-16-00:15:58; 108=30; 10=0015;
8=FIX4.4; 35=0; 34=11; 49=MS; 56=MTHREE; 52=2022-04-16-00:15:58; 108=30; 10=0015;
8=FIX4.4; 35=0; 34=12; 49=MTHREE; 56=MS; 52=2022-04-16-00:16:00; 108=30; 10=0015;
8=FIX4.4; 35=0; 34=12; 49=MS; 56=MTHREE; 52=2022-04-16-00:16:00; 108=30; 10=0015;
8=FIX4.4; 35=0; 34=13; 49=MTHREE; 56=MS; 52=2022-04-16-00:16:02; 108=30; 10=0015;
8=FIX4.4; 35=0; 34=13; 49=MS; 56=MTHREE; 52=2022-04-16-00:16:02; 108=30; 10=0015;
8=FIX4.4; 35=0; 34=14; 49=MTHREE; 56=MS; 52=2022-04-16-00:16:04; 108=30; 10=0015;
8=FIX4.4; 35=0; 34=14; 49=MS; 56=MTHREE; 52=2022-04-16-00:16:04; 108=30; 10=0015;
8=FIX4.4; 35=0; 34=15; 49=MTHREE; 56=MS; 52=2022-04-16-00:16:06; 108=30; 10=0015;
8=FIX4.4; 35=0; 34=15; 49=MS; 56=MTHREE; 52=2022-04-16-00:16:06; 108=30; 10=0015;
8=FIX4.4; 35=0; 34=16; 49=MTHREE; 56=MS; 52=2022-04-16-00:16:08; 108=30; 10=0015;
8=FIX4.4; 35=0; 34=16; 49=MS; 56=MTHREE; 52=2022-04-16-00:16:08; 108=30; 10=0015;
8=FIX4.4; 35=0; 34=17; 49=MTHREE; 56=MS; 52=2022-04-16-00:16:10; 108=30; 10=0015;
8=FIX4.4; 35=0; 34=17; 49=MS; 56=MTHREE; 52=2022-04-16-00:16:10; 108=30; 10=0015;
8=FIX4.4; 35=0; 34=18; 49=MTHREE; 56=MS; 52=2022-04-16-00:16:12; 108=30; 10=0015;
8=FIX4.4; 35=0; 34=18; 49=MS; 56=MTHREE; 52=2022-04-16-00:16:12; 108=30; 10=0015;
8=FIX4.4; 35=0; 34=19; 49=MTHREE; 56=MS; 52=2022-04-16-00:16:14; 108=30; 10=0015;
8=FIX4.4; 35=0; 34=19; 49=MS; 56=MTHREE; 52=2022-04-16-00:16:14; 108=30; 10=0015;
8=FIX4.4; 35=0; 34=20; 49=MTHREE; 56=MS; 52=2022-04-16-00:16:16; 108=30; 10=0015;
8=FIX4.4; 35=0; 34=20; 49=MS; 56=MTHREE; 52=2022-04-16-00:16:16; 108=30; 10=0015;
8=FIX4.4; 35=0; 34=21; 49=MTHREE; 56=MS; 52=2022-04-16-00:16:18; 108=30; 10=0015;
8=FIX4.4; 35=0; 34=21; 49=MS; 56=MTHREE; 52=2022-04-16-00:16:18; 108=30; 10=0015;
8=FIX4.4; 35=0; 34=22; 49=MTHREE; 56=MS; 52=2022-04-16-00:16:20; 108=30; 10=0015;
8=FIX4.4; 35=0; 34=22; 49=MS; 56=MTHREE; 52=2022-04-16-00:16:20; 108=30; 10=0015;
8=FIX4.4; 35=0; 34=23; 49=MTHREE; 56=MS; 52=2022-04-16-00:16:22; 108=30; 10=0015;
8=FIX4.4; 35=0; 34=23; 49=MS; 56=MTHREE; 52=2022-04-16-00:16:22; 108=30; 10=0015;
8=FIX4.4; 35=0; 34=24; 49=MTHREE; 56=MS; 52=2022-04-16-00:16:24; 108=30; 10=0015;
8=FIX4.4; 35=0; 34=24; 49=MS; 56=MTHREE; 52=2022-04-16-00:16:24; 108=30; 10=0015;
8=FIX4.4; 35=0; 34=25; 49=MTHREE; 56=MS; 52=2022-04-16-00:16:26; 108=30; 10=0015;
8=FIX4.4; 35=0; 34=25; 49=MS; 56=MTHREE; 52=2022-04-16-00:16:26; 108=30; 10=0015;
8=FIX4.4; 35=0; 34=26; 49=MTHREE; 56=MS; 52=2022-04-16-00:16:28; 108=30; 10=0015;
8=FIX4.4; 35=0; 34=26; 49=MS; 56=MTHREE; 52=2022-04-16-00:16:28; 108=30; 10=0015;
8=FIX4.4; 35=0; 34=27; 49=MTHREE; 56=MS; 52=2022-04-16-00:16:30; 108=30; 10=0015;
8=FIX4.4; 35=0; 34=27; 49=MS; 56=MTHREE; 52=2022-04-16-00:16:30; 108=30; 10=0015;
8=FIX4.4; 35=0; 34=28; 49=MTHREE; 56=MS; 52=2022-04-16-00:16:32; 108=30; 10=0015;
8=FIX4.4; 35=0; 34=28; 49=MS; 56=MTHREE; 52=2022-04-16-00:16:32; 108=30; 10=0015;
8=FIX4.4; 35=0; 34=29; 49=MTHREE; 56=MS; 52=2022-04-16-00:16:34; 108=30; 10=0015;
8=FIX4.4; 35=0; 34=29; 49=MS; 56=MTHREE; 52=2022-04-16-00:16:34; 108=30; 10=0015;
8=FIX4.4; 35=0; 34=30; 49=MTHREE; 56=MS; 52=2022-04-16-00:16:36; 108=30; 10=0015;
8=FIX4.4; 35=0; 34=30; 49=MS; 56=MTHREE; 52=2022-04-16-00:16:36; 108=30; 10=0015;
8=FIX4.4; 35=0; 34=31; 49=MTHREE; 56=MS; 52=2022-04-16-00:16:38; 108=30; 10=0015;
8=FIX4.4; 35=0; 34=31; 49=MS; 56=MTHREE; 52=2022-04-16-00:16:38; 108=30; 10=0015;
8=FIX4.4; 35=0; 34=32; 49=MTHREE; 56=MS; 52=2022-04-16-00:16:40; 108=30; 10=0015;
8=FIX4.4; 35=0; 34=32; 49=MS; 56=MTHREE; 52=2022-04-16-00:16:40; 108=30; 10=0015;
8=FIX4.4; 35=0; 34=33; 49=MTHREE; 56=MS; 52=2022-04-16-00:16:42; 108=30; 10=0015;
8=FIX4.4; 35=0; 34=33; 49=MS; 56=MTHREE; 52=2022-04-16-00:16:42; 108=30; 10=0015;
8=FIX4.4; 35=0; 34=34; 49=MTHREE; 56=MS; 52=2022-04-16-00:16:44; 108=30; 10=0015;
8=FIX4.4; 35=0; 34=34; 49=MS; 56=MTHREE; 52=2022-04-16-00:16:44; 108=30; 10=0015;
8=FIX4.4; 35=0; 34=35; 49=MTHREE; 56=MS; 52=2022-04-16-00:16:46; 108=30; 10=0015;
8=FIX4.4; 35=0; 34=35; 49=MS; 56=MTHREE; 52=2022-04-16-00:16:46; 108=30; 10=0015;
8=FIX4.4; 35=0; 34=36; 49=MTHREE; 56=MS; 52=2022-04-16-00:16:48; 108=30; 10=0015;
8=FIX4.4; 35=0; 34=36; 49=MS; 56=MTHREE; 52=2022-04-16-00:16:48; 108=30; 10=0015;
8=FIX4.4; 35=0; 34=37; 49=MTHREE; 56=MS; 52=2022-04-16-00:16:50; 108=30; 10=0015;
8=FIX4.4; 35=0; 34=37; 49=MS; 56=MTHREE; 52=2022-04-16-00:16:50; 108=30; 10=0015;
8=FIX4.4; 35=0; 34=38; 49=MTHREE; 56=MS; 52=2022-04-16-00:16:52; 108=30; 10=0015;
8=FIX4.4; 35=0; 34=38; 49=MS; 56=MTHREE; 52=2022-04-16-00:16:52; 108=30; 10=0015;
8=FIX4.4; 35=0; 34=39; 49=MTHREE; 56=MS; 52=2022-04-16-00:16:54; 108=30; 10=0015;
8=FIX4.4; 35=0; 34=39; 49=MS; 56=MTHREE; 52=2022-04-16-00:16:54; 108=30; 10=0015;
8=FIX4.4; 35=0; 34=40; 49=MTHREE; 56=MS; 52=2022-04-16-00:16:56; 108=30; 10=0015;
8=FIX4.4; 35=0; 34=40; 49=MS; 56=MTHREE; 52=2022-04-16-00:16:56; 108=30; 10=0015;
8=FIX4.4; 35=0; 34=41; 49=MTHREE; 56=MS; 52=2022-04-16-00:16:58; 108=30; 10=0015;
8=FIX4.4; 35=0; 34=41; 49=MS; 56=MTHREE; 52=2022-04-16-00:16:58; 108=30; 10=0015;
8=FIX4.4; 35=0; 34=42; 49=MTHREE; 56=MS; 52=2022-04-16-00:17:00; 108=30; 10=0015;
8=FIX4.4; 35=0; 34=42; 49=MS; 56=MTHREE; 52=2022-04-16-00:17:00; 108=30; 10=0015;
8=FIX4.4; 35=0; 34=43; 49=MTHREE; 56=MS; 52=2022-04-16-00:17:02; 108=30; 10=0015;
8=FIX4.4; 35=0; 34=43; 49=MS; 56=MTHREE; 52=2022-04-16-00:17:02; 108=30; 10=0015;
8=FIX4.4; 35=0; 34=44; 49=MTHREE; 56=MS; 52=2022-04-16-00:17:04; 108=30; 10=0015;
8=FIX4.4; 35=0; 34=44; 49=MS; 56=MTHREE; 52=2022-04-16-00:17:04; 108=30; 10=0015;
8=FIX4.4; 35=0; 34=45; 49=MTHREE; 56=MS; 52=2022-04-16-00:17:06; 108=30; 10=0015;
8=FIX4.4; 35=0; 34=45; 49=MS; 56=MTHREE; 52=2022-04-16-00:17:06; 108=30; 10=0015;
8=FIX4.4; 35=0; 34=46; 49=MTHREE; 56=MS; 52=2022-04-16-00:17:08; 108=30; 10=0015;
8=FIX4.4; 35=0; 34=46; 49=MS; 56=MTHREE; 52=2022-04-16-00:17:08; 108=30; 10=0015;
8=FIX4.4; 35=0; 34=47; 49=MTHREE; 56=MS; 52=2022-04-16-00:17:10; 108=30; 10=0015;
8=FIX4.4; 35=0; 34=47; 49=MS; 56=MTHREE; 52=2022-04-16-00:17:10; 108=30; 10=0015;
8=FIX4.4; 35=0; 34=48; 49=MTHREE; 56=MS; 52=2022-04-16-00:17:12; 108=30; 10=0015;
8=FIX4.4; 35=0; 34=48; 49=MS; 56=MTHREE; 52=2022-04-16-00:17:12; 108=30; 10=0015;
8=FIX4.4; 35=0; 34=49; 49=MTHREE; 56=MS; 52=2022-04-16-00:17:14; 108=30; 10=0015;
8=FIX4.4; 35=0; 34=49; 49=MS; 56=MTHREE; 52=2022-04-16-00:17:14; 108=30; 10=0015;
8=FIX4.4; 35=0; 34=50; 49=MTHREE; 56=MS; 52=2022-04-16-00:17:16; 108=30; 10=0015;
8=FIX4.4; 35=0; 34=50; 49=MS; 56=MTHREE; 52=2022-04-16-00:17:16; 108=30; 10=0015;
8=FIX4.4; 35=0; 34=51; 49=MTHREE; 56=MS; 52=2022-04-16-00:17:18; 108=30; 10=0015;
8=FIX4.4; 35=0; 34=51; 49=MS; 56=MTHREE; 52=2022-04-16-00:17:18; 108=30; 10=0015;
8=FIX4.4; 35=D; 34=52; 49=MTHREE; 56=MS; 52=2022-04-16-00:17:20; 55=AAPL; 40=2; 38=15336; 21=2; 11=algo20220416001720; 60=2022-04-16-00:17:20; 54=1; 44=1276.37; 10=0252;
8=FIX4.4; 35=8; 34=52; 49=MS; 56=MTHREE; 52=2022-04-16-00:17:20; 55=AAPL; 40=2; 11=algo20220416001720; 31=1276.37; 150=0; 39=0; 54=1; 44=1276.37; 32=0; 17=exec20220416001720; 38=15336; 60=2022-04-16-00:17:20; 6=0; 14=0; 37=algo20220416001720; 10=200;
8=FIX4.4; 35=8; 34=53; 49=MS; 56=MTHREE; 52=2022-04-16-00:17:21; 55=AAPL; 40=2; 11=algo20220416001720; 31=1276.37; 150=2; 39=2; 54=1; 44=1276.37; 32=15336; 17=exec20220416001721; 38=15336; 60=2022-04-16-00:17:21; 6=1276.37; 14=15336; 37=algo20220416001720; 10=246;
8=FIX4.4; 35=D; 34=53; 49=MTHREE; 56=MS; 52=2022-04-16-00:17:21; 55=MSFT; 40=2; 38=7228; 21=2; 11=algo20220416001721; 60=2022-04-16-00:17:21; 54=2; 44=59.89; 10=0252;
8=FIX4.4; 35=8; 34=54; 49=MS; 56=MTHREE; 52=2022-04-16-00:17:21; 55=MSFT; 40=2; 11=algo20220416001721; 31=59.89; 150=0; 39=0; 54=2; 44=59.89; 32=0; 17=exec20220416001721; 38=7228; 60=2022-04-16-00:17:21; 6=0; 14=0; 37=algo20220416001721; 10=200;
8=FIX4.4; 35=8; 34=55; 49=MS; 56=MTHREE; 52=2022-04-16-00:17:21; 55=MSFT; 40=2; 11=algo20220416001721; 31=59.89; 150=1; 39=1; 54=2; 44=59.89; 32=3614; 17=exec20220416001721; 38=7228; 60=2022-04-16-00:17:21; 6=59.89; 14=3614; 37=algo20220416001721; 10=240;
8=FIX4.4; 35=8; 34=56; 49=MS; 56=MTHREE; 52=2022-04-16-00:17:23; 55=MSFT; 40=2; 11=algo20220416001721; 31=59.89; 150=2; 39=2; 54=2; 44=59.89; 32=3614; 17=exec20220416001723; 38=7228; 60=2022-04-16-00:17:23; 6=59.89; 14=7228; 37=algo20220416001721; 10=246;
8=FIX4.4; 35=D; 34=54; 49=MTHREE; 56=MS; 52=2022-04-16-00:17:23; 55=AMZN; 40=2; 38=30392; 21=2; 11=algo20220416001723; 60=2022-04-16-00:17:23; 54=1; 44=133.47; 10=0252;
8=FIX4.4; 35=8; 34=57; 49=MS; 56=MTHREE; 52=2022-04-16-00:17:23; 55=AMZN; 40=2; 11=algo20220416001723; 31=133.47; 150=0; 39=0; 54=1; 44=133.47; 32=0; 17=exec20220416001723; 38=30392; 60=2022-04-16-00:17:23; 6=0; 14=0; 37=algo20220416001723; 10=200;
8=FIX4.4; 35=F; 34=54; 49=MTHREE; 56=MS; 52=2022-04-16-00:17:23; 41=algo20220416001723; 55=AMZN; 38=30392; 11=C_algo20220416001723; 60=2022-04-16-00:17:23; 10=060;
8=FIX4.4; 35=8; 34=57; 49=MS; 56=MTHREE; 52=2022-04-16-00:17:23; 55=AMZN; 11=C_algo20220416001723; 31=0; 150=6; 39=6; 54=1; 44=133.47; 17=exec20220416001723; 32=0; 41=algo20220416001723; 38=30392; 60=2022-04-16-00:17:23; 6=0.0; 14=0; 37=algo20220416001723; 10=252;
8=FIX4.4; 35=8; 34=58; 49=MS; 56=MTHREE; 52=2022-04-16-00:17:23; 151=20262; 55=AMZN; 11=C_algo20220416001723; 31=0; 150=4; 39=4; 54=1; 17=exec20220416001723; 32=0; 41=algo20220416001723; 38=30392; 60=2022-04-16-00:17:23; 6=0.0; 14=0; 37=algo20220416001723; 10=252;
8=FIX4.4; 35=D; 34=56; 49=MTHREE; 56=MS; 52=2022-04-16-00:17:25; 55=FB; 40=2; 38=2537; 21=2; 11=algo20220416001725; 60=2022-04-16-00:17:25; 54=2; 44=430.62; 10=0252;
8=FIX4.4; 35=8; 34=60; 49=MS; 56=MTHREE; 52=2022-04-16-00:17:25; 55=FB; 40=2; 11=algo20220416001725; 31=430.62; 150=0; 39=0; 54=2; 44=430.62; 32=0; 17=exec20220416001725; 38=2537; 60=2022-04-16-00:17:25; 6=0; 14=0; 37=algo20220416001725; 10=200;
8=FIX4.4; 35=8; 34=61; 49=MS; 56=MTHREE; 52=2022-04-16-00:17:25; 55=FB; 40=2; 11=algo20220416001725; 31=430.62; 150=1; 39=1; 54=2; 44=430.62; 32=1268; 17=exec20220416001725; 38=2537; 60=2022-04-16-00:17:25; 6=430.62; 14=1268; 37=algo20220416001725; 10=240;
8=FIX4.4; 35=8; 34=62; 49=MS; 56=MTHREE; 52=2022-04-16-00:17:27; 55=FB; 40=2; 11=algo20220416001725; 31=430.62; 150=2; 39=2; 54=2; 44=430.62; 32=1269; 17=exec20220416001727; 38=2537; 60=2022-04-16-00:17:27; 6=430.62; 14=2537; 37=algo20220416001725; 10=246;
8=FIX4.4; 35=D; 34=57; 49=MTHREE; 56=MS; 52=2022-04-16-00:17:27; 55=GOOG; 40=2; 38=20111; 21=2; 11=algo20220416001727; 60=2022-04-16-00:17:27; 54=1; 44=42.05; 10=0252;
8=FIX4.4; 35=8; 34=63; 49=MS; 56=MTHREE; 52=2022-04-16-00:17:27; 55=GOOG; 40=2; 11=algo20220416001727; 31=42.05; 150=0; 39=0; 54=1; 44=42.05; 32=0; 17=exec20220416001727; 38=20111; 60=2022-04-16-00:17:27; 6=0; 14=0; 37=algo20220416001727; 10=200;
8=FIX4.4; 35=F; 34=57; 49=MTHREE; 56=MS; 52=2022-04-16-00:17:27; 41=algo20220416001727; 55=GOOG; 38=20111; 11=C_algo20220416001727; 60=2022-04-16-00:17:27; 10=060;
8=FIX4.4; 35=8; 34=63; 49=MS; 56=MTHREE; 52=2022-04-16-00:17:27; 55=GOOG; 11=C_algo20220416001727; 31=0; 150=6; 39=6; 54=1; 44=42.05; 17=exec20220416001727; 32=0; 41=algo20220416001727; 38=20111; 60=2022-04-16-00:17:27; 6=0.0; 14=0; 37=algo20220416001727; 10=252;
8=FIX4.4; 35=8; 34=64; 49=MS; 56=MTHREE; 52=2022-04-16-00:17:27; 151=16089; 55=GOOG; 11=C_algo20220416001727; 31=0; 150=4; 39=4; 54=1; 17=exec20220416001727; 32=0; 41=algo20220416001727; 38=20111; 60=2022-04-16-00:17:27; 6=0.0; 14=0; 37=algo20220416001727; 10=252;
8=FIX4.4; 35=D; 34=59; 49=MTHREE; 56=MS; 52=2022-04-16-00:17:29; 55=GOOGL; 40=2; 38=20122; 21=2; 11=algo20220416001729; 60=2022-04-16-00:17:29; 54=2; 44=289.20; 10=0252;
8=FIX4.4; 35=8; 34=66; 49=MS; 56=MTHREE; 52=2022-04-16-00:17:29; 55=GOOGL; 40=2; 11=algo20220416001729; 31=289.20; 150=0; 39=0; 54=2; 44=289.20; 32=0; 17=exec20220416001729; 38=20122; 60=2022-04-16-00:17:29; 6=0; 14=0; 37=algo20220416001729; 10=200;
8=FIX4.4; 35=8; 34=67; 49=MS; 56=MTHREE; 52=2022-04-16-00:17:29; 55=GOOGL; 40=2; 11=algo20220416001729; 31=289.20; 150=1; 39=1; 54=2; 44=289.20; 32=4024; 17=exec20220416001729; 38=20122; 60=2022-04-16-00:17:29; 6=289.20; 14=4024; 37=algo20220416001729; 10=240;
8=FIX4.4; 35=F; 34=59; 49=MTHREE; 56=MS; 52=2022-04-16-00:17:30; 41=algo20220416001729; 55=GOOGL; 38=20122; 11=C_algo20220416001729; 60=2022-04-16-00:17:30; 10=060;
8=FIX4.4; 35=8; 34=67; 49=MS; 56=MTHREE; 52=2022-04-16-00:17:30; 55=GOOGL; 11=C_algo20220416001729; 31=0; 150=6; 39=6; 54=2; 44=289.20; 17=exec20220416001730; 32=0; 41=algo20220416001729; 38=20122; 60=2022-04-16-00:17:30; 6=0.0; 14=4024; 37=algo20220416001729; 10=252;
8=FIX4.4; 35=8; 34=68; 49=MS; 56=MTHREE; 52=2022-04-16-00:17:30; 151=12074; 55=GOOGL; 11=C_algo20220416001729; 31=0; 150=4; 39=4; 54=2; 17=exec20220416001730; 32=0; 41=algo20220416001729; 38=20122; 60=2022-04-16-00:17:30; 6=0.0; 14=4024; 37=algo20220416001729; 10=252;
8=FIX4.4; 35=D; 34=61; 49=MTHREE; 56=MS; 52=2022-04-16-00:17:32; 55=INTC; 40=2; 38=28162; 21=2; 11=algo20220416001732; 60=2022-04-16-00:17:32; 54=1; 44=339.13; 10=0252;
8=FIX4.4; 35=8; 34=70; 49=MS; 56=MTHREE; 52=2022-04-16-00:17:32; 55=INTC; 40=2; 11=algo20220416001732; 31=339.13; 150=0; 39=0; 54=1; 44=339.13; 32=0; 17=exec20220416001732; 38=28162; 60=2022-04-16-00:17:32; 6=0; 14=0; 37=algo20220416001732; 10=200;
8=FIX4.4; 35=F; 34=61; 49=MTHREE; 56=MS; 52=2022-04-16-00:17:32; 41=algo20220416001732; 55=INTC; 38=28162; 11=C_algo20220416001732; 60=2022-04-16-00:17:32; 10=060;
8=FIX4.4; 35=8; 34=70; 49=MS; 56=MTHREE; 52=2022-04-16-00:17:32; 55=INTC; 11=C_algo20220416001732; 31=0; 150=6; 39=6; 54=1; 44=339.13; 17=exec20220416001732; 32=0; 41=algo20220416001732; 38=28162; 60=2022-04-16-00:17:32; 6=0.0; 14=0; 37=algo20220416001732; 10=252;
8=FIX4.4; 35=8; 34=71; 49=MS; 56=MTHREE; 52=2022-04-16-00:17:32; 151=18775; 55=INTC; 11=C_algo20220416001732; 31=0; 150=4; 39=4; 54=1; 17=exec20220416001732; 32=0; 41=algo20220416001732; 38=28162; 60=2022-04-16-00:17:32; 6=0.0; 14=0; 37=algo20220416001732; 10=252;
8=FIX4.4; 35=D; 34=63; 49=MTHREE; 56=MS; 52=2022-04-16-00:17:34; 55=PEP; 40=2; 38=1463; 21=2; 11=algo20220416001734; 60=2022-04-16-00:17:34; 54=2; 44=36.21; 10=0252;
8=FIX4.4; 35=8; 34=73; 49=MS; 56=MTHREE; 52=2022-04-16-00:17:34; 55=PEP; 40=2; 11=algo20220416001734; 31=36.21; 150=0; 39=0; 54=2; 44=36.21; 32=0; 17=exec20220416001734; 38=1463; 60=2022-04-16-00:17:34; 6=0; 14=0; 37=algo20220416001734; 10=200;
8=FIX4.4; 35=8; 34=74; 49=MS; 56=MTHREE; 52=2022-04-16-00:17:34; 55=PEP; 40=2; 11=algo20220416001734; 31=36.21; 150=1; 39=1; 54=2; 44=36.21; 32=731; 17=exec20220416001734; 38=1463; 60=2022-04-16-00:17:34; 6=36.21; 14=731; 37=algo20220416001734; 10=240;
8=FIX4.4; 35=8; 34=75; 49=MS; 56=MTHREE; 52=2022-04-16-00:17:36; 55=PEP; 40=2; 11=algo20220416001734; 31=36.21; 150=2; 39=2; 54=2; 44=36.21; 32=732; 17=exec20220416001736; 38=1463; 60=2022-04-16-00:17:36; 6=36.21; 14=1463; 37=algo20220416001734; 10=246;
8=FIX4.4; 35=D; 34=64; 49=MTHREE; 56=MS; 52=2022-04-16-00:17:36; 55=NFLX; 40=2; 38=13599; 21=2; 11=algo20220416001736; 60=2022-04-16-00:17:36; 54=2; 44=306.71; 10=0252;
8=FIX4.4; 35=8; 34=76; 49=MS; 56=MTHREE; 52=2022-04-16-00:17:36; 55=NFLX; 40=2; 11=algo20220416001736; 31=306.71; 150=0; 39=0; 54=2; 44=306.71; 32=0; 17=exec20220416001736; 38=13599; 60=2022-04-16-00:17:36; 6=0; 14=0; 37=algo20220416001736; 10=200;
8=FIX4.4; 35=F; 34=64; 49=MTHREE; 56=MS; 52=2022-04-16-00:17:36; 41=algo20220416001736; 55=NFLX; 38=13599; 11=C_algo20220416001736; 60=2022-04-16-00:17:36; 10=060;
8=FIX4.4; 35=8; 34=76; 49=MS; 56=MTHREE; 52=2022-04-16-00:17:36; 55=NFLX; 11=C_algo20220416001736; 31=0; 150=6; 39=6; 54=2; 44=306.71; 17=exec20220416001736; 32=0; 41=algo20220416001736; 38=13599; 60=2022-04-16-00:17:36; 6=0.0; 14=0; 37=algo20220416001736; 10=252;
8=FIX4.4; 35=8; 34=77; 49=MS; 56=MTHREE; 52=2022-04-16-00:17:36; 151=10200; 55=NFLX; 11=C_algo20220416001736; 31=0; 150=4; 39=4; 54=2; 17=exec20220416001736; 32=0; 41=algo20220416001736; 38=13599; 60=2022-04-16-00:17:36; 6=0.0; 14=0; 37=algo20220416001736; 10=252;
8=FIX4.4; 35=D; 34=66; 49=MTHREE; 56=MS; 52=2022-04-16-00:17:38; 55=CSCO; 40=2; 38=5173; 21=2; 11=algo20220416001738; 60=2022-04-16-00:17:38; 54=1; 44=233.73; 10=0252;
8=FIX4.4; 35=8; 34=79; 49=MS; 56=MTHREE; 52=2022-04-16-00:17:38; 55=CSCO; 40=2; 11=algo20220416001738; 31=233.73; 150=0; 39=0; 54=1; 44=233.73; 32=0; 17=exec20220416001738; 38=5173; 60=2022-04-16-00:17:38; 6=0; 14=0; 37=algo20220416001738; 10=200;
8=FIX4.4; 35=F; 34=66; 49=MTHREE; 56=MS; 52=2022-04-16-00:17:38; 41=algo20220416001738; 55=CSCO; 38=5173; 11=C_algo20220416001738; 60=2022-04-16-00:17:38; 10=060;
8=FIX4.4; 35=8; 34=79; 49=MS; 56=MTHREE; 52=2022-04-16-00:17:38; 55=CSCO; 11=C_algo20220416001738; 31=0; 150=6; 39=6; 54=1; 44=233.73; 17=exec20220416001738; 32=0; 41=algo20220416001738; 38=5173; 60=2022-04-16-00:17:38; 6=0.0; 14=0; 37=algo20220416001738; 10=252;
8=FIX4.4; 35=8; 34=80; 49=MS; 56=MTHREE; 52=2022-04-16-00:17:38; 151=3449; 55=CSCO; 11=C_algo20220416001738; 31=0; 150=4; 39=4; 54=1; 17=exec20220416001738; 32=0; 41=algo20220416001738; 38=5173; 60=2022-04-16-00:17:38; 6=0.0; 14=0; 37=algo20220416001738; 10=252;
8=FIX4.4; 35=D; 34=68; 49=MTHREE; 56=MS; 52=2022-04-16-00:17:40; 55=AMGN; 40=2; 38=1913; 21=2; 11=algo20220416001740; 60=2022-04-16-00:17:40; 54=2; 44=116.62; 10=0252;
8=FIX4.4; 35=8; 34=82; 49=MS; 56=MTHREE; 52=2022-04-16-00:17:40; 55=AMGN; 40=2; 11=algo20220416001740; 31=116.62; 150=0; 39=0; 54=2; 44=116.62; 32=0; 17=exec20220416001740; 38=1913; 60=2022-04-16-00:17:40; 6=0; 14=0; 37=algo20220416001740; 10=200;
8=FIX4.4; 35=F; 34=68; 49=MTHREE; 56=MS; 52=2022-04-16-00:17:40; 41=algo20220416001740; 55=AMGN; 38=1913; 11=C_algo20220416001740; 60=2022-04-16-00:17:40; 10=060;
8=FIX4.4; 35=8; 34=82; 49=MS; 56=MTHREE; 52=2022-04-16-00:17:40; 55=AMGN; 11=C_algo20220416001740; 31=0; 150=6; 39=6; 54=2; 44=116.62; 17=exec20220416001740; 32=0; 41=algo20220416001740; 38=1913; 60=2022-04-16-00:17:40; 6=0.0; 14=0; 37=algo20220416001740; 10=252;
8=FIX4.4; 35=8; 34=83; 49=MS; 56=MTHREE; 52=2022-04-16-00:17:40; 151=1531; 55=AMGN; 11=C_algo20220416001740; 31=0; 150=4; 39=4; 54=2; 17=exec20220416001740; 32=0; 41=algo20220416001740; 38=1913; 60=2022-04-16-00:17:40; 6=0.0; 14=0; 37=algo20220416001740; 10=252;
8=FIX4.4; 35=D; 34=70; 49=MTHREE; 56=MS; 52=2022-04-16-00:17:42; 55=PYPL; 40=2; 38=7197; 21=2; 11=algo20220416001742; 60=2022-04-16-00:17:42; 54=2; 44=723.61; 10=0252;
8=FIX4.4; 35=8; 34=85; 49=MS; 56=MTHREE; 52=2022-04-16-00:17:42; 55=PYPL; 40=2; 11=algo20220416001742; 31=723.61; 150=0; 39=0; 54=2; 44=723.61; 32=0; 17=exec20220416001742; 38=7197; 60=2022-04-16-00:17:42; 6=0; 14=0; 37=algo20220416001742; 10=200;
8=FIX4.4; 35=8; 34=86; 49=MS; 56=MTHREE; 52=2022-04-16-00:17:42; 55=PYPL; 40=2; 11=algo20220416001742; 31=723.61; 150=1; 39=1; 54=2; 44=723.61; 32=3598; 17=exec20220416001742; 38=7197; 60=2022-04-16-00:17:42; 6=723.61; 14=3598; 37=algo20220416001742; 10=240;
8=FIX4.4; 35=8; 34=87; 49=MS; 56=MTHREE; 52=2022-04-16-00:17:44; 55=PYPL; 40=2; 11=algo20220416001742; 31=723.61; 150=2; 39=2; 54=2; 44=723.61; 32=3599; 17=exec20220416001744; 38=7197; 60=2022-04-16-00:17:44; 6=723.61; 14=7197; 37=algo20220416001742; 10=246;
8=FIX4.4; 35=D; 34=71; 49=MTHREE; 56=MS; 52=2022-04-16-00:17:44; 55=TSLA; 40=2; 38=6753; 21=2; 11=algo20220416001744; 60=2022-04-16-00:17:44; 54=1; 44=503.77; 10=0252;
8=FIX4.4; 35=8; 34=88; 49=MS; 56=MTHREE; 52=2022-04-16-00:17:44; 55=TSLA; 40=2; 11=algo20220416001744; 31=503.77; 150=0; 39=0; 54=1; 44=503.77; 32=0; 17=exec20220416001744; 38=6753; 60=2022-04-16-00:17:44; 6=0; 14=0; 37=algo20220416001744; 10=200;
8=FIX4.4; 35=F; 34=71; 49=MTHREE; 56=MS; 52=2022-04-16-00:17:44; 41=algo20220416001744; 55=TSLA; 38=6753; 11=C_algo20220416001744; 60=2022-04-16-00:17:44; 10=060;
8=FIX4.4; 35=8; 34=88; 49=MS; 56=MTHREE; 52=2022-04-16-00:17:44; 55=TSLA; 11=C_algo20220416001744; 31=0; 150=6; 39=6; 54=1; 44=503.77; 17=exec20220416001744; 32=0; 41=algo20220416001744; 38=6753; 60=2022-04-16-00:17:44; 6=0.0; 14=0; 37=algo20220416001744; 10=252;
8=FIX4.4; 35=8; 34=89; 49=MS; 56=MTHREE; 52=2022-04-16-00:17:44; 151=3377; 55=TSLA; 11=C_algo20220416001744; 31=0; 150=4; 39=4; 54=1; 17=exec20220416001744; 32=0; 41=algo20220416001744; 38=6753; 60=2022-04-16-00:17:44; 6=0.0; 14=0; 37=algo20220416001744; 10=252;
8=FIX4.4; 35=D; 34=73; 49=MTHREE; 56=MS; 52=2022-04-16-00:17:46; 55=TXN; 40=2; 38=23106; 21=2; 11=algo20220416001746; 60=2022-04-16-00:17:46; 54=2; 44=112.46; 10=0252;
8=FIX4.4; 35=8; 34=91; 49=MS; 56=MTHREE; 52=2022-04-16-00:17:46; 55=TXN; 40=2; 11=algo20220416001746; 31=112.46; 150=0; 39=0; 54=2; 44=112.46; 32=0; 17=exec20220416001746; 38=23106; 60=2022-04-16-00:17:46; 6=0; 14=0; 37=algo20220416001746; 10=200;
8=FIX4.4; 35=F; 34=73; 49=MTHREE; 56=MS; 52=2022-04-16-00:17:46; 41=algo20220416001746; 55=TXN; 38=23106; 11=C_algo20220416001746; 60=2022-04-16-00:17:46; 10=060;
8=FIX4.4; 35=8; 34=91; 49=MS; 56=MTHREE; 52=2022-04-16-00:17:46; 55=TXN; 11=C_algo20220416001746; 31=0; 150=6; 39=6; 54=2; 44=112.46; 17=exec20220416001746; 32=0; 41=algo20220416001746; 38=23106; 60=2022-04-16-00:17:46; 6=0.0; 14=0; 37=algo20220416001746; 10=252;
8=FIX4.4; 35=8; 34=92; 49=MS; 56=MTHREE; 52=2022-04-16-00:17:46; 151=17330; 55=TXN; 11=C_algo20220416001746; 31=0; 150=4; 39=4; 54=2; 17=exec20220416001746; 32=0; 41=algo20220416001746; 38=23106; 60=2022-04-16-00:17:46; 6=0.0; 14=0; 37=algo20220416001746; 10=252;
8=FIX4.4; 35=D; 34=75; 49=MTHREE; 56=MS; 52=2022-04-16-00:17:48; 55=AVGO; 40=2; 38=20208; 21=2; 11=algo20220416001748; 60=2022-04-16-00:17:48; 54=2; 44=262.99; 10=0252;
8=FIX4.4; 35=8; 34=94; 49=MS; 56=MTHREE; 52=2022-04-16-00:17:48; 55=AVGO; 40=2; 11=algo20220416001748; 31=262.99; 150=0; 39=0; 54=2; 44=262.99; 32=0; 17=exec20220416001748; 38=20208; 60=2022-04-16-00:17:48; 6=0; 14=0; 37=algo20220416001748; 10=200;
8=FIX4.4; 35=F; 34=75; 49=MTHREE; 56=MS; 52=2022-04-16-00:17:48; 41=algo20220416001748; 55=AVGO; 38=20208; 11=C_algo20220416001748; 60=2022-04-16-00:17:48; 10=060;
8=FIX4.4; 35=8; 34=94; 49=MS; 56=MTHREE; 52=2022-04-16-00:17:48; 55=AVGO; 11=C_algo20220416001748; 31=0; 150=6; 39=6; 54=2; 44=262.99; 17=exec20220416001748; 32=0; 41=algo20220416001748; 38=20208; 60=2022-04-16-00:17:48; 6=0.0; 14=0; 37=algo20220416001748; 10=252;
8=FIX4.4; 35=8; 34=95; 49=MS; 56=MTHREE; 52=2022-04-16-00:17:48; 151=15156; 55=AVGO; 11=C_algo20220416001748; 31=0; 150=4; 39=4; 54=2; 17=exec20220416001748; 32=0; 41=algo20220416001748; 38=20208; 60=2022-04-16-00:17:48; 6=0.0; 14=0; 37=algo20220416001748; 10=252;
8=FIX4.4; 35=D; 34=77; 49=MTHREE; 56=MS; 52=2022-04-16-00:17:50; 55=GILD; 40=2; 38=32115; 21=2; 11=algo20220416001750; 60=2022-04-16-00:17:50; 54=2; 44=82.91; 10=0252;
8=FIX4.4; 35=8; 34=97; 49=MS; 56=MTHREE; 52=2022-04-16-00:17:50; 55=GILD; 40=2; 11=algo20220416001750; 31=82.91; 150=0; 39=0; 54=2; 44=82.91; 32=0; 17=exec20220416001750; 38=32115; 60=2022-04-16-00:17:50; 6=0; 14=0; 37=algo20220416001750; 10=200;
8=FIX4.4; 35=8; 34=98; 49=MS; 56=MTHREE; 52=2022-04-16-00:17:50; 55=GILD; 40=2; 11=algo20220416001750; 31=82.91; 150=1; 39=1; 54=2; 44=82.91; 32=10705; 17=exec20220416001750; 38=32115; 60=2022-04-16-00:17:50; 6=82.91; 14=10705; 37=algo20220416001750; 10=240;
8=FIX4.4; 35=F; 34=77; 49=MTHREE; 56=MS; 52=2022-04-16-00:17:51; 41=algo20220416001750; 55=GILD; 38=32115; 11=C_algo20220416001750; 60=2022-04-16-00:17:51; 10=060;
8=FIX4.4; 35=8; 34=98; 49=MS; 56=MTHREE; 52=2022-04-16-00:17:51; 55=GILD; 11=C_algo20220416001750; 31=0; 150=6; 39=6; 54=2; 44=82.91; 17=exec20220416001751; 32=0; 41=algo20220416001750; 38=32115; 60=2022-04-16-00:17:51; 6=0.0; 14=10705; 37=algo20220416001750; 10=252;
8=FIX4.4; 35=8; 34=99; 49=MS; 56=MTHREE; 52=2022-04-16-00:17:51; 151=10705; 55=GILD; 11=C_algo20220416001750; 31=0; 150=4; 39=4; 54=2; 17=exec20220416001751; 32=0; 41=algo20220416001750; 38=32115; 60=2022-04-16-00:17:51; 6=0.0; 14=10705; 37=algo20220416001750; 10=252;
8=FIX4.4; 35=D; 34=79; 49=MTHREE; 56=MS; 52=2022-04-16-00:17:53; 55=SBUX; 40=2; 38=24359; 21=2; 11=algo20220416001753; 60=2022-04-16-00:17:53; 54=1; 44=75.71; 10=0252;
8=FIX4.4; 35=8; 34=101; 49=MS; 56=MTHREE; 52=2022-04-16-00:17:53; 55=SBUX; 40=2; 11=algo20220416001753; 31=75.71; 150=0; 39=0; 54=1; 44=75.71; 32=0; 17=exec20220416001753; 38=24359; 60=2022-04-16-00:17:53; 6=0; 14=0; 37=algo20220416001753; 10=200;
8=FIX4.4; 35=F; 34=79; 49=MTHREE; 56=MS; 52=2022-04-16-00:17:53; 41=algo20220416001753; 55=SBUX; 38=24359; 11=C_algo20220416001753; 60=2022-04-16-00:17:53; 10=060;
8=FIX4.4; 35=8; 34=101; 49=MS; 56=MTHREE; 52=2022-04-16-00:17:53; 55=SBUX; 11=C_algo20220416001753; 31=0; 150=6; 39=6; 54=1; 44=75.71; 17=exec20220416001753; 32=0; 41=algo20220416001753; 38=24359; 60=2022-04-16-00:17:53; 6=0.0; 14=0; 37=algo20220416001753; 10=252;
8=FIX4.4; 35=8; 34=102; 49=MS; 56=MTHREE; 52=2022-04-16-00:17:53; 151=16240; 55=SBUX; 11=C_algo20220416001753; 31=0; 150=4; 39=4; 54=1; 17=exec20220416001753; 32=0; 41=algo20220416001753; 38=24359; 60=2022-04-16-00:17:53; 6=0.0; 14=0; 37=algo20220416001753; 10=252;
8=FIX4.4; 35=D; 34=81; 49=MTHREE; 56=MS; 52=2022-04-16-00:17:55; 55=QCOM; 40=2; 38=23153; 21=2; 11=algo20220416001755; 60=2022-04-16-00:17:55; 54=1; 44=75.47; 10=0252;
8=FIX4.4; 35=8; 34=104; 49=MS; 56=MTHREE; 52=2022-04-16-00:17:55; 55=QCOM; 40=2; 11=algo20220416001755; 31=75.47; 150=0; 39=0; 54=1; 44=75.47; 32=0; 17=exec20220416001755; 38=23153; 60=2022-04-16-00:17:55; 6=0; 14=0; 37=algo20220416001755; 10=200;
8=FIX4.4; 35=F; 34=81; 49=MTHREE; 56=MS; 52=2022-04-16-00:17:55; 41=algo20220416001755; 55=QCOM; 38=23153; 11=C_algo20220416001755; 60=2022-04-16-00:17:55; 10=060;
8=FIX4.4; 35=8; 34=104; 49=MS; 56=MTHREE; 52=2022-04-16-00:17:55; 55=QCOM; 11=C_algo20220416001755; 31=0; 150=6; 39=6; 54=1; 44=75.47; 17=exec20220416001755; 32=0; 41=algo20220416001755; 38=23153; 60=2022-04-16-00:17:55; 6=0.0; 14=0; 37=algo20220416001755; 10=252;
8=FIX4.4; 35=8; 34=105; 49=MS; 56=MTHREE; 52=2022-04-16-00:17:55; 151=17365; 55=QCOM; 11=C_algo20220416001755; 31=0; 150=4; 39=4; 54=1; 17=exec20220416001755; 32=0; 41=algo20220416001755; 38=23153; 60=2022-04-16-00:17:55; 6=0.0; 14=0; 37=algo20220416001755; 10=252;
8=FIX4.4; 35=D; 34=83; 49=MTHREE; 56=MS; 52=2022-04-16-00:17:57; 55=TMUS; 40=2; 38=13861; 21=2; 11=algo20220416001757; 60=2022-04-16-00:17:57; 54=2; 44=90.74; 10=0252;
8=FIX4.4; 35=8; 34=107; 49=MS; 56=MTHREE; 52=2022-04-16-00:17:57; 55=TMUS; 40=2; 11=algo20220416001757; 31=90.74; 150=0; 39=0; 54=2; 44=90.74; 32=0; 17=exec20220416001757; 38=13861; 60=2022-04-16-00:17:57; 6=0; 14=0; 37=algo20220416001757; 10=200;
8=FIX4.4; 35=F; 34=83; 49=MTHREE; 56=MS; 52=2022-04-16-00:17:57; 41=algo20220416001757; 55=TMUS; 38=13861; 11=C_algo20220416001757; 60=2022-04-16-00:17:57; 10=060;
8=FIX4.4; 35=8; 34=107; 49=MS; 56=MTHREE; 52=2022-04-16-00:17:57; 55=TMUS; 11=C_algo20220416001757; 31=0; 150=6; 39=6; 54=2; 44=90.74; 17=exec20220416001757; 32=0; 41=algo20220416001757; 38=13861; 60=2022-04-16-00:17:57; 6=0.0; 14=0; 37=algo20220416001757; 10=252;
8=FIX4.4; 35=8; 34=108; 49=MS; 56=MTHREE; 52=2022-04-16-00:17:57; 151=9241; 55=TMUS; 11=C_algo20220416001757; 31=0; 150=4; 39=4; 54=2; 17=exec20220416001757; 32=0; 41=algo20220416001757; 38=13861; 60=2022-04-16-00:17:57; 6=0.0; 14=0; 37=algo20220416001757; 10=252;
8=FIX4.4; 35=D; 34=85; 49=MTHREE; 56=MS; 52=2022-04-16-00:17:59; 55=MDLZ; 40=2; 38=11183; 21=2; 11=algo20220416001759; 60=2022-04-16-00:17:59; 54=1; 44=52.26; 10=0252;
8=FIX4.4; 35=8; 34=110; 49=MS; 56=MTHREE; 52=2022-04-16-00:17:59; 55=MDLZ; 40=2; 11=algo20220416001759; 31=52.26; 150=0; 39=0; 54=1; 44=52.26; 32=0; 17=exec20220416001759; 38=11183; 60=2022-04-16-00:17:59; 6=0; 14=0; 37=algo20220416001759; 10=200;
8=FIX4.4; 35=8; 34=111; 49=MS; 56=MTHREE; 52=2022-04-16-00:17:59; 55=MDLZ; 40=2; 11=algo20220416001759; 31=52.26; 150=1; 39=1; 54=1; 44=52.26; 32=2795; 17=exec20220416001759; 38=11183; 60=2022-04-16-00:17:59; 6=52.26; 14=2795; 37=algo20220416001759; 10=240;
8=FIX4.4; 35=F; 34=85; 49=MTHREE; 56=MS; 52=2022-04-16-00:18:00; 41=algo20220416001759; 55=MDLZ; 38=11183; 11=C_algo20220416001759; 60=2022-04-16-00:18:00; 10=060;
8=FIX4.4; 35=8; 34=111; 49=MS; 56=MTHREE; 52=2022-04-16-00:18:00; 55=MDLZ; 11=C_algo20220416001759; 31=0; 150=6; 39=6; 54=1; 44=52.26; 17=exec20220416001800; 32=0; 41=algo20220416001759; 38=11183; 60=2022-04-16-00:18:00; 6=0.0; 14=2795; 37=algo20220416001759; 10=252;
8=FIX4.4; 35=8; 34=112; 49=MS; 56=MTHREE; 52=2022-04-16-00:18:00; 151=5593; 55=MDLZ; 11=C_algo20220416001759; 31=0; 150=4; 39=4; 54=1; 17=exec20220416001800; 32=0; 41=algo20220416001759; 38=11183; 60=2022-04-16-00:18:00; 6=0.0; 14=2795; 37=algo20220416001759; 10=252;
8=FIX4.4; 35=D; 34=87; 49=MTHREE; 56=MS; 52=2022-04-16-00:18:02; 55=BAC; 40=2; 38=21822; 21=2; 11=algo20220416001802; 60=2022-04-16-00:18:02; 54=1; 44=22.03; 10=0252;
8=FIX4.4; 35=8; 34=114; 49=MS; 56=MTHREE; 52=2022-04-16-00:18:02; 55=BAC; 40=2; 11=algo20220416001802; 31=22.03; 150=0; 39=0; 54=1; 44=22.03; 32=0; 17=exec20220416001802; 38=21822; 60=2022-04-16-00:18:02; 6=0; 14=0; 37=algo20220416001802; 10=200;
8=FIX4.4; 35=8; 34=115; 49=MS; 56=MTHREE; 52=2022-04-16-00:18:02; 55=BAC; 40=2; 11=algo20220416001802; 31=22.03; 150=1; 39=1; 54=1; 44=22.03; 32=10911; 17=exec20220416001802; 38=21822; 60=2022-04-16-00:18:02; 6=22.03; 14=10911; 37=algo20220416001802; 10=240;
8=FIX4.4; 35=8; 34=116; 49=MS; 56=MTHREE; 52=2022-04-16-00:18:04; 55=BAC; 40=2; 11=algo20220416001802; 31=22.03; 150=2; 39=2; 54=1; 44=22.03; 32=10911; 17=exec20220416001804; 38=21822; 60=2022-04-16-00:18:04; 6=22.03; 14=21822; 37=algo20220416001802; 10=246;
8=FIX4.4; 35=D; 34=88; 49=MTHREE; 56=MS; 52=2022-04-16-00:18:04; 55=DDD; 40=2; 38=18158; 21=2; 11=algo20220416001804; 60=2022-04-16-00:18:04; 54=1; 44=8.01; 10=0252;
8=FIX4.4; 35=8; 34=117; 49=MS; 56=MTHREE; 52=2022-04-16-00:18:04; 55=DDD; 40=2; 11=algo20220416001804; 31=8.01; 150=0; 39=0; 54=1; 44=8.01; 32=0; 17=exec20220416001804; 38=18158; 60=2022-04-16-00:18:04; 6=0; 14=0; 37=algo20220416001804; 10=200;
8=FIX4.4; 35=F; 34=88; 49=MTHREE; 56=MS; 52=2022-04-16-00:18:04; 41=algo20220416001804; 55=DDD; 38=18158; 11=C_algo20220416001804; 60=2022-04-16-00:18:04; 10=060;
8=FIX4.4; 35=8; 34=117; 49=MS; 56=MTHREE; 52=2022-04-16-00:18:04; 55=DDD; 11=C_algo20220416001804; 31=0; 150=6; 39=6; 54=1; 44=8.01; 17=exec20220416001804; 32=0; 41=algo20220416001804; 38=18158; 60=2022-04-16-00:18:04; 6=0.0; 14=0; 37=algo20220416001804; 10=252;
8=FIX4.4; 35=8; 34=118; 49=MS; 56=MTHREE; 52=2022-04-16-00:18:04; 151=12106; 55=DDD; 11=C_algo20220416001804; 31=0; 150=4; 39=4; 54=1; 17=exec20220416001804; 32=0; 41=algo20220416001804; 38=18158; 60=2022-04-16-00:18:04; 6=0.0; 14=0; 37=algo20220416001804; 10=252;
8=FIX4.4; 35=D; 34=90; 49=MTHREE; 56=MS; 52=2022-04-16-00:18:06; 55=MMM; 40=2; 38=21634; 21=2; 11=algo20220416001806; 60=2022-04-16-00:18:06; 54=2; 44=146.98; 10=0252;
8=FIX4.4; 35=8; 34=120; 49=MS; 56=MTHREE; 52=2022-04-16-00:18:06; 55=MMM; 40=2; 11=algo20220416001806; 31=146.98; 150=0; 39=0; 54=2; 44=146.98; 32=0; 17=exec20220416001806; 38=21634; 60=2022-04-16-00:18:06; 6=0; 14=0; 37=algo20220416001806; 10=200;
8=FIX4.4; 35=8; 34=121; 49=MS; 56=MTHREE; 52=2022-04-16-00:18:07; 55=MMM; 40=2; 11=algo20220416001806; 31=146.98; 150=2; 39=2; 54=2; 44=146.98; 32=21634; 17=exec20220416001807; 38=21634; 60=2022-04-16-00:18:07; 6=146.98; 14=21634; 37=algo20220416001806; 10=246;
8=FIX4.4; 35=D; 34=91; 49=MTHREE; 56=MS; 52=2022-04-16-00:18:07; 55=WBAI; 40=2; 38=1908; 21=2; 11=algo20220416001807; 60=2022-04-16-00:18:07; 54=1; 44=4.10; 10=0252;
8=FIX4.4; 35=8; 34=122; 49=MS; 56=MTHREE; 52=2022-04-16-00:18:07; 55=WBAI; 40=2; 11=algo20220416001807; 31=4.10; 150=0; 39=0; 54=1; 44=4.10; 32=0; 17=exec20220416001807; 38=1908; 60=2022-04-16-00:18:07; 6=0; 14=0; 37=algo20220416001807; 10=200;
8=FIX4.4; 35=8; 34=123; 49=MS; 56=MTHREE; 52=2022-04-16-00:18:08; 55=WBAI; 40=2; 11=algo20220416001807; 31=4.10; 150=2; 39=2; 54=1; 44=4.10; 32=1908; 17=exec20220416001808; 38=1908; 60=2022-04-16-00:18:08; 6=4.10; 14=1908; 37=algo20220416001807; 10=246;
8=FIX4.4; 35=D; 34=92; 49=MTHREE; 56=MS; 52=2022-04-16-00:18:08; 55=WUBA; 40=2; 38=8915; 21=2; 11=algo20220416001808; 60=2022-04-16-00:18:08; 54=1; 44=51.41; 10=0252;
8=FIX4.4; 35=8; 34=124; 49=MS; 56=MTHREE; 52=2022-04-16-00:18:08; 55=WUBA; 40=2; 11=algo20220416001808; 31=51.41; 150=0; 39=0; 54=1; 44=51.41; 32=0; 17=exec20220416001808; 38=8915; 60=2022-04-16-00:18:08; 6=0; 14=0; 37=algo20220416001808; 10=200;
8=FIX4.4; 35=F; 34=92; 49=MTHREE; 56=MS; 52=2022-04-16-00:18:08; 41=algo20220416001808; 55=WUBA; 38=8915; 11=C_algo20220416001808; 60=2022-04-16-00:18:08; 10=060;
8=FIX4.4; 35=8; 34=124; 49=MS; 56=MTHREE; 52=2022-04-16-00:18:08; 55=WUBA; 11=C_algo20220416001808; 31=0; 150=6; 39=6; 54=1; 44=51.41; 17=exec20220416001808; 32=0; 41=algo20220416001808; 38=8915; 60=2022-04-16-00:18:08; 6=0.0; 14=0; 37=algo20220416001808; 10=252;
8=FIX4.4; 35=8; 34=125; 49=MS; 56=MTHREE; 52=2022-04-16-00:18:08; 151=6687; 55=WUBA; 11=C_algo20220416001808; 31=0; 150=4; 39=4; 54=1; 17=exec20220416001808; 32=0; 41=algo20220416001808; 38=8915; 60=2022-04-16-00:18:08; 6=0.0; 14=0; 37=algo20220416001808; 10=252;
8=FIX4.4; 35=D; 34=94; 49=MTHREE; 56=MS; 52=2022-04-16-00:18:10; 55=EGHT; 40=2; 38=30073; 21=2; 11=algo20220416001810; 60=2022-04-16-00:18:10; 54=2; 44=17.03; 10=0252;
8=FIX4.4; 35=8; 34=127; 49=MS; 56=MTHREE; 52=2022-04-16-00:18:10; 55=EGHT; 40=2; 11=algo20220416001810; 31=17.03; 150=0; 39=0; 54=2; 44=17.03; 32=0; 17=exec20220416001810; 38=30073; 60=2022-04-16-00:18:10; 6=0; 14=0; 37=algo20220416001810; 10=200;
8=FIX4.4; 35=F; 34=94; 49=MTHREE; 56=MS; 52=2022-04-16-00:18:10; 41=algo20220416001810; 55=EGHT; 38=30073; 11=C_algo20220416001810; 60=2022-04-16-00:18:10; 10=060;
8=FIX4.4; 35=8; 34=127; 49=MS; 56=MTHREE; 52=2022-04-16-00:18:10; 55=EGHT; 11=C_algo20220416001810; 31=0; 150=6; 39=6; 54=2; 44=17.03; 17=exec20220416001810; 32=0; 41=algo20220416001810; 38=30073; 60=2022-04-16-00:18:10; 6=0.0; 14=0; 37=algo20220416001810; 10=252;
8=FIX4.4; 35=8; 34=128; 49=MS; 56=MTHREE; 52=2022-04-16-00:18:10; 151=20049; 55=EGHT; 11=C_algo20220416001810; 31=0; 150=4; 39=4; 54=2; 17=exec20220416001810; 32=0; 41=algo20220416001810; 38=30073; 60=2022-04-16-00:18:10; 6=0.0; 14=0; 37=algo20220416001810; 10=252;
8=FIX4.4; 35=D; 34=96; 49=MTHREE; 56=MS; 52=2022-04-16-00:18:12; 55=AHC; 40=2; 38=25315; 21=2; 11=algo20220416001812; 60=2022-04-16-00:18:12; 54=2; 44=1.40; 10=0252;
8=FIX4.4; 35=8; 34=130; 49=MS; 56=MTHREE; 52=2022-04-16-00:18:12; 55=AHC; 40=2; 11=algo20220416001812; 31=1.40; 150=0; 39=0; 54=2; 44=1.40; 32=0; 17=exec20220416001812; 38=25315; 60=2022-04-16-00:18:12; 6=0; 14=0; 37=algo20220416001812; 10=200;
8=FIX4.4; 35=8; 34=131; 49=MS; 56=MTHREE; 52=2022-04-16-00:18:12; 55=AHC; 40=2; 11=algo20220416001812; 31=1.40; 150=1; 39=1; 54=2; 44=1.40; 32=5063; 17=exec20220416001812; 38=25315; 60=2022-04-16-00:18:12; 6=1.40; 14=5063; 37=algo20220416001812; 10=240;
8=FIX4.4; 35=8; 34=132; 49=MS; 56=MTHREE; 52=2022-04-16-00:18:13; 55=AHC; 40=2; 11=algo20220416001812; 31=1.40; 150=1; 39=1; 54=2; 44=1.40; 32=5063; 17=exec20220416001813; 38=25315; 60=2022-04-16-00:18:13; 6=1.40; 14=10126; 37=algo20220416001812; 10=240;
8=FIX4.4; 35=F; 34=96; 49=MTHREE; 56=MS; 52=2022-04-16-00:18:14; 41=algo20220416001812; 55=AHC; 38=25315; 11=C_algo20220416001812; 60=2022-04-16-00:18:14; 10=060;
8=FIX4.4; 35=8; 34=132; 49=MS; 56=MTHREE; 52=2022-04-16-00:18:14; 55=AHC; 11=C_algo20220416001812; 31=0; 150=6; 39=6; 54=2; 44=1.40; 17=exec20220416001814; 32=0; 41=algo20220416001812; 38=25315; 60=2022-04-16-00:18:14; 6=0.0; 14=10126; 37=algo20220416001812; 10=252;
8=FIX4.4; 35=8; 34=133; 49=MS; 56=MTHREE; 52=2022-04-16-00:18:14; 151=10126; 55=AHC; 11=C_algo20220416001812; 31=0; 150=4; 39=4; 54=2; 17=exec20220416001814; 32=0; 41=algo20220416001812; 38=25315; 60=2022-04-16-00:18:14; 6=0.0; 14=10126; 37=algo20220416001812; 10=252;
8=FIX4.4; 35=D; 34=98; 49=MTHREE; 56=MS; 52=2022-04-16-00:18:16; 55=AOS; 40=2; 38=28390; 21=2; 11=algo20220416001816; 60=2022-04-16-00:18:16; 54=1; 44=40.38; 10=0252;
8=FIX4.4; 35=8; 34=135; 49=MS; 56=MTHREE; 52=2022-04-16-00:18:16; 55=AOS; 40=2; 11=algo20220416001816; 31=40.38; 150=0; 39=0; 54=1; 44=40.38; 32=0; 17=exec20220416001816; 38=28390; 60=2022-04-16-00:18:16; 6=0; 14=0; 37=algo20220416001816; 10=200;
8=FIX4.4; 35=8; 34=136; 49=MS; 56=MTHREE; 52=2022-04-16-00:18:16; 55=AOS; 40=2; 11=algo20220416001816; 31=40.38; 150=1; 39=1; 54=1; 44=40.38; 32=9463; 17=exec20220416001816; 38=28390; 60=2022-04-16-00:18:16; 6=40.38; 14=9463; 37=algo20220416001816; 10=240;
8=FIX4.4; 35=F; 34=98; 49=MTHREE; 56=MS; 52=2022-04-16-00:18:18; 41=algo20220416001816; 55=AOS; 38=28390; 11=C_algo20220416001816; 60=2022-04-16-00:18:18; 10=060;
8=FIX4.4; 35=8; 34=136; 49=MS; 56=MTHREE; 52=2022-04-16-00:18:18; 55=AOS; 11=C_algo20220416001816; 31=0; 150=6; 39=6; 54=1; 44=40.38; 17=exec20220416001818; 32=0; 41=algo20220416001816; 38=28390; 60=2022-04-16-00:18:18; 6=0.0; 14=9463; 37=algo20220416001816; 10=252;
8=FIX4.4; 35=8; 34=137; 49=MS; 56=MTHREE; 52=2022-04-16-00:18:18; 151=9464; 55=AOS; 11=C_algo20220416001816; 31=0; 150=4; 39=4; 54=1; 17=exec20220416001818; 32=0; 41=algo20220416001816; 38=28390; 60=2022-04-16-00:18:18; 6=0.0; 14=9463; 37=algo20220416001816; 10=252;
8=FIX4.4; 35=D; 34=100; 49=MTHREE; 56=MS; 52=2022-04-16-00:18:20; 55=ATEN; 40=2; 38=13339; 21=2; 11=algo20220416001820; 60=2022-04-16-00:18:20; 54=2; 44=6.45; 10=0252;
8=FIX4.4; 35=8; 34=139; 49=MS; 56=MTHREE; 52=2022-04-16-00:18:20; 55=ATEN; 40=2; 11=algo20220416001820; 31=6.45; 150=0; 39=0; 54=2; 44=6.45; 32=0; 17=exec20220416001820; 38=13339; 60=2022-04-16-00:18:20; 6=0; 14=0; 37=algo20220416001820; 10=200;
8=FIX4.4; 35=F; 34=100; 49=MTHREE; 56=MS; 52=2022-04-16-00:18:20; 41=algo20220416001820; 55=ATEN; 38=13339; 11=C_algo20220416001820; 60=2022-04-16-00:18:20; 10=060;
8=FIX4.4; 35=8; 34=139; 49=MS; 56=MTHREE; 52=2022-04-16-00:18:20; 55=ATEN; 11=C_algo20220416001820; 31=0; 150=6; 39=6; 54=2; 44=6.45; 17=exec20220416001820; 32=0; 41=algo20220416001820; 38=13339; 60=2022-04-16-00:18:20; 6=0.0; 14=0; 37=algo20220416001820; 10=252;
8=FIX4.4; 35=8; 34=140; 49=MS; 56=MTHREE; 52=2022-04-16-00:18:20; 151=6670; 55=ATEN; 11=C_algo20220416001820; 31=0; 150=4; 39=4; 54=2; 17=exec20220416001820; 32=0; 41=algo20220416001820; 38=13339; 60=2022-04-16-00:18:20; 6=0.0; 14=0; 37=algo20220416001820; 10=252;
8=FIX4.4; 35=D; 34=102; 49=MTHREE; 56=MS; 52=2022-04-16-00:18:22; 55=AIR; 40=2; 38=29334; 21=2; 11=algo20220416001822; 60=2022-04-16-00:18:22; 54=1; 44=16.31; 10=0252;
8=FIX4.4; 35=8; 34=142; 49=MS; 56=MTHREE; 52=2022-04-16-00:18:22; 55=AIR; 40=2; 11=algo20220416001822; 31=16.31; 150=0; 39=0; 54=1; 44=16.31; 32=0; 17=exec20220416001822; 38=29334; 60=2022-04-16-00:18:22; 6=0; 14=0; 37=algo20220416001822; 10=200;
8=FIX4.4; 35=8; 34=143; 49=MS; 56=MTHREE; 52=2022-04-16-00:18:23; 55=AIR; 40=2; 11=algo20220416001822; 31=16.31; 150=2; 39=2; 54=1; 44=16.31; 32=29334; 17=exec20220416001823; 38=29334; 60=2022-04-16-00:18:23; 6=16.31; 14=29334; 37=algo20220416001822; 10=246;
8=FIX4.4; 35=D; 34=103; 49=MTHREE; 56=MS; 52=2022-04-16-00:18:23; 55=AAN; 40=2; 38=5491; 21=2; 11=algo20220416001823; 60=2022-04-16-00:18:23; 54=1; 44=25.68; 10=0252;
8=FIX4.4; 35=8; 34=144; 49=MS; 56=MTHREE; 52=2022-04-16-00:18:23; 55=AAN; 40=2; 11=algo20220416001823; 31=25.68; 150=0; 39=0; 54=1; 44=25.68; 32=0; 17=exec20220416001823; 38=5491; 60=2022-04-16-00:18:23; 6=0; 14=0; 37=algo20220416001823; 10=200;
8=FIX4.4; 35=8; 34=145; 49=MS; 56=MTHREE; 52=2022-04-16-00:18:23; 55=AAN; 40=2; 11=algo20220416001823; 31=25.68; 150=1; 39=1; 54=1; 44=25.68; 32=1830; 17=exec20220416001823; 38=5491; 60=2022-04-16-00:18:23; 6=25.68; 14=1830; 37=algo20220416001823; 10=240;
8=FIX4.4; 35=F; 34=103; 49=MTHREE; 56=MS; 52=2022-04-16-00:18:24; 41=algo20220416001823; 55=AAN; 38=5491; 11=C_algo20220416001823; 60=2022-04-16-00:18:24; 10=060;
8=FIX4.4; 35=8; 34=145; 49=MS; 56=MTHREE; 52=2022-04-16-00:18:24; 55=AAN; 11=C_algo20220416001823; 31=0; 150=6; 39=6; 54=1; 44=25.68; 17=exec20220416001824; 32=0; 41=algo20220416001823; 38=5491; 60=2022-04-16-00:18:24; 6=0.0; 14=1830; 37=algo20220416001823; 10=252;
8=FIX4.4; 35=8; 34=146; 49=MS; 56=MTHREE; 52=2022-04-16-00:18:24; 151=1831; 55=AAN; 11=C_algo20220416001823; 31=0; 150=4; 39=4; 54=1; 17=exec20220416001824; 32=0; 41=algo20220416001823; 38=5491; 60=2022-04-16-00:18:24; 6=0.0; 14=1830; 37=algo20220416001823; 10=252;
8=FIX4.4; 35=D; 34=105; 49=MTHREE; 56=MS; 52=2022-04-16-00:18:26; 55=ABB; 40=2; 38=4558; 21=2; 11=algo20220416001826; 60=2022-04-16-00:18:26; 54=1; 44=17.42; 10=0252;
8=FIX4.4; 35=8; 34=148; 49=MS; 56=MTHREE; 52=2022-04-16-00:18:26; 55=ABB; 40=2; 11=algo20220416001826; 31=17.42; 150=0; 39=0; 54=1; 44=17.42; 32=0; 17=exec20220416001826; 38=4558; 60=2022-04-16-00:18:26; 6=0; 14=0; 37=algo20220416001826; 10=200;
8=FIX4.4; 35=8; 34=149; 49=MS; 56=MTHREE; 52=2022-04-16-00:18:26; 55=ABB; 40=2; 11=algo20220416001826; 31=17.42; 150=1; 39=1; 54=1; 44=17.42; 32=1519; 17=exec20220416001826; 38=4558; 60=2022-04-16-00:18:26; 6=17.42; 14=1519; 37=algo20220416001826; 10=240;
8=FIX4.4; 35=F; 34=105; 49=MTHREE; 56=MS; 52=2022-04-16-00:18:27; 41=algo20220416001826; 55=ABB; 38=4558; 11=C_algo20220416001826; 60=2022-04-16-00:18:27; 10=060;
8=FIX4.4; 35=8; 34=149; 49=MS; 56=MTHREE; 52=2022-04-16-00:18:27; 55=ABB; 11=C_algo20220416001826; 31=0; 150=6; 39=6; 54=1; 44=17.42; 17=exec20220416001827; 32=0; 41=algo20220416001826; 38=4558; 60=2022-04-16-00:18:27; 6=0.0; 14=1519; 37=algo20220416001826; 10=252;
8=FIX4.4; 35=8; 34=150; 49=MS; 56=MTHREE; 52=2022-04-16-00:18:27; 151=1520; 55=ABB; 11=C_algo20220416001826; 31=0; 150=4; 39=4; 54=1; 17=exec20220416001827; 32=0; 41=algo20220416001826; 38=4558; 60=2022-04-16-00:18:27; 6=0.0; 14=1519; 37=algo20220416001826; 10=252;
8=FIX4.4; 35=D; 34=107; 49=MTHREE; 56=MS; 52=2022-04-16-00:18:29; 55=ABT; 40=2; 38=25365; 21=2; 11=algo20220416001829; 60=2022-04-16-00:18:29; 54=1; 44=94.04; 10=0252;
8=FIX4.4; 35=8; 34=152; 49=MS; 56=MTHREE; 52=2022-04-16-00:18:29; 55=ABT; 40=2; 11=algo20220416001829; 31=94.04; 150=0; 39=0; 54=1; 44=94.04; 32=0; 17=exec20220416001829; 38=25365; 60=2022-04-16-00:18:29; 6=0; 14=0; 37=algo20220416001829; 10=200;
8=FIX4.4; 35=8; 34=153; 49=MS; 56=MTHREE; 52=2022-04-16-00:18:29; 55=ABT; 40=2; 11=algo20220416001829; 31=94.04; 150=1; 39=1; 54=1; 44=94.04; 32=5073; 17=exec20220416001829; 38=25365; 60=2022-04-16-00:18:29; 6=94.04; 14=5073; 37=algo20220416001829; 10=240;
8=FIX4.4; 35=8; 34=154; 49=MS; 56=MTHREE; 52=2022-04-16-00:18:30; 55=ABT; 40=2; 11=algo20220416001829; 31=94.04; 150=1; 39=1; 54=1; 44=94.04; 32=5073; 17=exec20220416001830; 38=25365; 60=2022-04-16-00:18:30; 6=94.04; 14=10146; 37=algo20220416001829; 10=240;
8=FIX4.4; 35=F; 34=107; 49=MTHREE; 56=MS; 52=2022-04-16-00:18:31; 41=algo20220416001829; 55=ABT; 38=25365; 11=C_algo20220416001829; 60=2022-04-16-00:18:31; 10=060;
8=FIX4.4; 35=8; 34=154; 49=MS; 56=MTHREE; 52=2022-04-16-00:18:31; 55=ABT; 11=C_algo20220416001829; 31=0; 150=6; 39=6; 54=1; 44=94.04; 17=exec20220416001831; 32=0; 41=algo20220416001829; 38=25365; 60=2022-04-16-00:18:31; 6=0.0; 14=10146; 37=algo20220416001829; 10=252;
8=FIX4.4; 35=8; 34=155; 49=MS; 56=MTHREE; 52=2022-04-16-00:18:31; 151=10146; 55=ABT; 11=C_algo20220416001829; 31=0; 150=4; 39=4; 54=1; 17=exec20220416001831; 32=0; 41=algo20220416001829; 38=25365; 60=2022-04-16-00:18:31; 6=0.0; 14=10146; 37=algo20220416001829; 10=252;
8=FIX4.4; 35=D; 34=109; 49=MTHREE; 56=MS; 52=2022-04-16-00:18:33; 55=ABBV; 40=2; 38=10022; 21=2; 11=algo20220416001833; 60=2022-04-16-00:18:33; 54=1; 44=83.60; 10=0252;
8=FIX4.4; 35=8; 34=157; 49=MS; 56=MTHREE; 52=2022-04-16-00:18:33; 55=ABBV; 40=2; 11=algo20220416001833; 31=83.60; 150=0; 39=0; 54=1; 44=83.60; 32=0; 17=exec20220416001833; 38=10022; 60=2022-04-16-00:18:33; 6=0; 14=0; 37=algo20220416001833; 10=200;
8=FIX4.4; 35=F; 34=109; 49=MTHREE; 56=MS; 52=2022-04-16-00:18:33; 41=algo20220416001833; 55=ABBV; 38=10022; 11=C_algo20220416001833; 60=2022-04-16-00:18:33; 10=060;
8=FIX4.4; 35=8; 34=157; 49=MS; 56=MTHREE; 52=2022-04-16-00:18:33; 55=ABBV; 11=C_algo20220416001833; 31=0; 150=6; 39=6; 54=1; 44=83.60; 17=exec20220416001833; 32=0; 41=algo20220416001833; 38=10022; 60=2022-04-16-00:18:33; 6=0.0; 14=0; 37=algo20220416001833; 10=252;
8=FIX4.4; 35=8; 34=158; 49=MS; 56=MTHREE; 52=2022-04-16-00:18:33; 151=7517; 55=ABBV; 11=C_algo20220416001833; 31=0; 150=4; 39=4; 54=1; 17=exec20220416001833; 32=0; 41=algo20220416001833; 38=10022; 60=2022-04-16-00:18:33; 6=0.0; 14=0; 37=algo20220416001833; 10=252;
8=FIX4.4; 35=D; 34=111; 49=MTHREE; 56=MS; 52=2022-04-16-00:18:35; 55=ANF; 40=2; 38=5351; 21=2; 11=algo20220416001835; 60=2022-04-16-00:18:35; 54=2; 44=9.10; 10=0252;
8=FIX4.4; 35=8; 34=160; 49=MS; 56=MTHREE; 52=2022-04-16-00:18:35; 55=ANF; 40=2; 11=algo20220416001835; 31=9.10; 150=0; 39=0; 54=2; 44=9.10; 32=0; 17=exec20220416001835; 38=5351; 60=2022-04-16-00:18:35; 6=0; 14=0; 37=algo20220416001835; 10=200;
8=FIX4.4; 35=8; 34=161; 49=MS; 56=MTHREE; 52=2022-04-16-00:18:35; 55=ANF; 40=2; 11=algo20220416001835; 31=9.10; 150=1; 39=1; 54=2; 44=9.10; 32=2675; 17=exec20220416001835; 38=5351; 60=2022-04-16-00:18:35; 6=9.10; 14=2675; 37=algo20220416001835; 10=240;
8=FIX4.4; 35=8; 34=162; 49=MS; 56=MTHREE; 52=2022-04-16-00:18:37; 55=ANF; 40=2; 11=algo20220416001835; 31=9.10; 150=2; 39=2; 54=2; 44=9.10; 32=2676; 17=exec20220416001837; 38=5351; 60=2022-04-16-00:18:37; 6=9.10; 14=5351; 37=algo20220416001835; 10=246;
8=FIX4.4; 35=D; 34=112; 49=MTHREE; 56=MS; 52=2022-04-16-00:18:37; 55=ABM; 40=2; 38=8433; 21=2; 11=algo20220416001837; 60=2022-04-16-00:18:37; 54=2; 44=31.64; 10=0252;
8=FIX4.4; 35=8; 34=163; 49=MS; 56=MTHREE; 52=2022-04-16-00:18:37; 55=ABM; 40=2; 11=algo20220416001837; 31=31.64; 150=0; 39=0; 54=2; 44=31.64; 32=0; 17=exec20220416001837; 38=8433; 60=2022-04-16-00:18:37; 6=0; 14=0; 37=algo20220416001837; 10=200;
8=FIX4.4; 35=8; 34=164; 49=MS; 56=MTHREE; 52=2022-04-16-00:18:37; 55=ABM; 40=2; 11=algo20220416001837; 31=31.64; 150=1; 39=1; 54=2; 44=31.64; 32=4216; 17=exec20220416001837; 38=8433; 60=2022-04-16-00:18:37; 6=31.64; 14=4216; 37=algo20220416001837; 10=240;
8=FIX4.4; 35=8; 34=165; 49=MS; 56=MTHREE; 52=2022-04-16-00:18:39; 55=ABM; 40=2; 11=algo20220416001837; 31=31.64; 150=2; 39=2; 54=2; 44=31.64; 32=4217; 17=exec20220416001839; 38=8433; 60=2022-04-16-00:18:39; 6=31.64; 14=8433; 37=algo20220416001837; 10=246;
8=FIX4.4; 35=D; 34=113; 49=MTHREE; 56=MS; 52=2022-04-16-00:18:39; 55=AAPL; 40=2; 38=6918; 21=2; 11=algo20220416001839; 60=2022-04-16-00:18:39; 54=2; 44=284.65; 10=0252;
8=FIX4.4; 35=8; 34=166; 49=MS; 56=MTHREE; 52=2022-04-16-00:18:39; 55=AAPL; 40=2; 11=algo20220416001839; 31=284.65; 150=0; 39=0; 54=2; 44=284.65; 32=0; 17=exec20220416001839; 38=6918; 60=2022-04-16-00:18:39; 6=0; 14=0; 37=algo20220416001839; 10=200;
8=FIX4.4; 35=F; 34=113; 49=MTHREE; 56=MS; 52=2022-04-16-00:18:39; 41=algo20220416001839; 55=AAPL; 38=6918; 11=C_algo20220416001839; 60=2022-04-16-00:18:39; 10=060;
8=FIX4.4; 35=8; 34=166; 49=MS; 56=MTHREE; 52=2022-04-16-00:18:39; 55=AAPL; 11=C_algo20220416001839; 31=0; 150=6; 39=6; 54=2; 44=284.65; 17=exec20220416001839; 32=0; 41=algo20220416001839; 38=6918; 60=2022-04-16-00:18:39; 6=0.0; 14=0; 37=algo20220416001839; 10=252;
8=FIX4.4; 35=8; 34=167; 49=MS; 56=MTHREE; 52=2022-04-16-00:18:39; 151=5535; 55=AAPL; 11=C_algo20220416001839; 31=0; 150=4; 39=4; 54=2; 17=exec20220416001839; 32=0; 41=algo20220416001839; 38=6918; 60=2022-04-16-00:18:39; 6=0.0; 14=0; 37=algo20220416001839; 10=252;
8=FIX4.4; 35=D; 34=115; 49=MTHREE; 56=MS; 52=2022-04-16-00:18:41; 55=PEP; 40=2; 38=15130; 21=2; 11=algo20220416001841; 60=2022-04-16-00:18:41; 54=1; 44=45.43; 10=0252;
8=FIX4.4; 35=8; 34=169; 49=MS; 56=MTHREE; 52=2022-04-16-00:18:41; 55=PEP; 40=2; 11=algo20220416001841; 31=45.43; 150=0; 39=0; 54=1; 44=45.43; 32=0; 17=exec20220416001841; 38=15130; 60=2022-04-16-00:18:41; 6=0; 14=0; 37=algo20220416001841; 10=200;
8=FIX4.4; 35=8; 34=170; 49=MS; 56=MTHREE; 52=2022-04-16-00:18:41; 55=PEP; 40=2; 11=algo20220416001841; 31=45.43; 150=1; 39=1; 54=1; 44=45.43; 32=7565; 17=exec20220416001841; 38=15130; 60=2022-04-16-00:18:41; 6=45.43; 14=7565; 37=algo20220416001841; 10=240;
8=FIX4.4; 35=8; 34=171; 49=MS; 56=MTHREE; 52=2022-04-16-00:18:43; 55=PEP; 40=2; 11=algo20220416001841; 31=45.43; 150=2; 39=2; 54=1; 44=45.43; 32=7565; 17=exec20220416001843; 38=15130; 60=2022-04-16-00:18:43; 6=45.43; 14=15130; 37=algo20220416001841; 10=246;
8=FIX4.4; 35=D; 34=116; 49=MTHREE; 56=MS; 52=2022-04-16-00:18:43; 55=; 40=2; 38=19932; 21=2; 11=algo20220416001843; 60=2022-04-16-00:18:43; 54=2; 44=; 10=0252;
8=FIX4.4; 35=8; 34=172; 49=MS; 56=MTHREE; 52=2022-04-16-00:18:43; 55=; 40=2; 11=algo20220416001843; 31=; 150=0; 39=0; 54=2; 44=; 32=0; 17=exec20220416001843; 38=19932; 60=2022-04-16-00:18:43; 6=0; 14=0; 37=algo20220416001843; 10=200;
8=FIX4.4; 35=8; 34=173; 49=MS; 56=MTHREE; 52=2022-04-16-00:18:43; 55=; 40=2; 11=algo20220416001843; 31=; 150=1; 39=1; 54=2; 44=; 32=6644; 17=exec20220416001843; 38=19932; 60=2022-04-16-00:18:43; 6=; 14=6644; 37=algo20220416001843; 10=240;
8=FIX4.4; 35=8; 34=174; 49=MS; 56=MTHREE; 52=2022-04-16-00:18:44; 55=; 40=2; 11=algo20220416001843; 31=; 150=1; 39=1; 54=2; 44=; 32=6644; 17=exec20220416001844; 38=19932; 60=2022-04-16-00:18:44; 6=; 14=13288; 37=algo20220416001843; 10=240;
8=FIX4.4; 35=8; 34=175; 49=MS; 56=MTHREE; 52=2022-04-16-00:18:46; 55=; 40=2; 11=algo20220416001843; 31=; 150=2; 39=2; 54=2; 44=; 32=6644; 17=exec20220416001846; 38=19932; 60=2022-04-16-00:18:46; 6=; 14=19932; 37=algo20220416001843; 10=246;
