8=FIX4.4; 35=A; 34=1; 49=MTHREE; 56=MS; 52=2022-04-16-00:11:48; 108=30; 10=0015;
8=FIX4.4; 35=A; 34=1; 49=MS; 56=MTHREE; 52=2022-04-16-00:11:48; 108=30; 10=0016;
8=FIX4.4; 35=0; 34=2; 49=MTHREE; 56=MS; 52=2022-04-16-00:11:48; 108=30; 10=0015;
8=FIX4.4; 35=0; 34=2; 49=MS; 56=MTHREE; 52=2022-04-16-00:11:48; 108=30; 10=0015;
8=FIX4.4; 35=0; 34=3; 49=MTHREE; 56=MS; 52=2022-04-16-00:11:50; 108=30; 10=0015;
8=FIX4.4; 35=0; 34=3; 49=MS; 56=MTHREE; 52=2022-04-16-00:11:50; 108=30; 10=0015;
8=FIX4.4; 35=0; 34=4; 49=MTHREE; 56=MS; 52=2022-04-16-00:11:52; 108=30; 10=0015;
8=FIX4.4; 35=0; 34=4; 49=MS; 56=MTHREE; 52=2022-04-16-00:11:52; 108=30; 10=0015;
8=FIX4.4; 35=0; 34=5; 49=MTHREE; 56=MS; 52=2022-04-16-00:11:54; 108=30; 10=0015;
8=FIX4.4; 35=0; 34=5; 49=MS; 56=MTHREE; 52=2022-04-16-00:11:54; 108=30; 10=0015;
8=FIX4.4; 35=0; 34=6; 49=MTHREE; 56=MS; 52=2022-04-16-00:11:56; 108=30; 10=0015;
8=FIX4.4; 35=0; 34=6; 49=MS; 56=MTHREE; 52=2022-04-16-00:11:56; 108=30; 10=0015;
8=FIX4.4; 35=0; 34=7; 49=MTHREE; 56=MS; 52=2022-04-16-00:11:58; 108=30; 10=0015;
8=FIX4.4; 35=0; 34=7; 49=MS; 56=MTHREE; 52=2022-04-16-00:11:58; 108=30; 10=0015;
8=FIX4.4; 35=0; 34=8; 49=MTHREE; 56=MS; 52=2022-04-16-00:12:00; 108=30; 10=0015;
8=FIX4.4; 35=0; 34=8; 49=MS; 56=MTHREE; 52=2022-04-16-00:12:00; 108=30; 10=0015;
8=FIX4.4; 35=0; 34=9; 49=MTHREE; 56=MS; 52=2022-04-16-00:12:02; 108=30; 10=0015;
8=FIX4.4; 35=0; 34=9; 49=MS; 56=MTHREE; 52=2022-04-16-00:12:02; 108=30; 10=0015;
8=FIX4.4; 35=0; 34=10; 49=MTHREE; 56=MS; 52=2022-04-16-00:12:04; 108=30; 10=0015;
8=FIX4.4; 35=0; 34=10; 49=MS; 56=MTHREE; 52=2022-04-16-00:12:04; 108=30; 10=0015;
8=FIX4.4; 35=0; 34=11; 49=MTHREE; 56=MS; 52=2022-04-16-00:12:06; 108=30; 10=0015;
8=FIX4.4; 35=0; 34=11; 49=MS; 56=MTHREE; 52=2022-04-16-00:12:06; 108=30; 10=0015;
8=FIX4.4; 35=0; 34=12; 49=MTHREE; 56=MS; 52=2022-04-16-00:12:08; 108=30; 10=0015;
8=FIX4.4; 35=0; 34=12; 49=MS; 56=MTHREE; 52=2022-04-16-00:12:08; 108=30; 10=0015;
8=FIX4.4; 35=0; 34=13; 49=MTHREE; 56=MS; 52=2022-04-16-00:12:10; 108=30; 10=0015;
8=FIX4.4; 35=0; 34=13; 49=MS; 56=MTHREE; 52=2022-04-16-00:12:10; 108=30; 10=0015;
8=FIX4.4; 35=0; 34=14; 49=MTHREE; 56=MS; 52=2022-04-16-00:12:12; 108=30; 10=0015;
8=FIX4.4; 35=0; 34=14; 49=MS; 56=MTHREE; 52=2022-04-16-00:12:12; 108=30; 10=0015;
8=FIX4.4; 35=0; 34=15; 49=MTHREE; 56=MS; 52=2022-04-16-00:12:14; 108=30; 10=0015;
8=FIX4.4; 35=0; 34=15; 49=MS; 56=MTHREE; 52=2022-04-16-00:12:14; 108=30; 10=0015;
8=FIX4.4; 35=0; 34=16; 49=MTHREE; 56=MS; 52=2022-04-16-00:12:16; 108=30; 10=0015;
8=FIX4.4; 35=0; 34=16; 49=MS; 56=MTHREE; 52=2022-04-16-00:12:16; 108=30; 10=0015;
8=FIX4.4; 35=0; 34=17; 49=MTHREE; 56=MS; 52=2022-04-16-00:12:18; 108=30; 10=0015;
8=FIX4.4; 35=0; 34=17; 49=MS; 56=MTHREE; 52=2022-04-16-00:12:18; 108=30; 10=0015;
8=FIX4.4; 35=0; 34=18; 49=MTHREE; 56=MS; 52=2022-04-16-00:12:20; 108=30; 10=0015;
8=FIX4.4; 35=0; 34=18; 49=MS; 56=MTHREE; 52=2022-04-16-00:12:20; 108=30; 10=0015;
8=FIX4.4; 35=0; 34=19; 49=MTHREE; 56=MS; 52=2022-04-16-00:12:22; 108=30; 10=0015;
8=FIX4.4; 35=0; 34=19; 49=MS; 56=MTHREE; 52=2022-04-16-00:12:22; 108=30; 10=0015;
8=FIX4.4; 35=0; 34=20; 49=MTHREE; 56=MS; 52=2022-04-16-00:12:24; 108=30; 10=0015;
8=FIX4.4; 35=0; 34=20; 49=MS; 56=MTHREE; 52=2022-04-16-00:12:24; 108=30; 10=0015;
8=FIX4.4; 35=0; 34=21; 49=MTHREE; 56=MS; 52=2022-04-16-00:12:26; 108=30; 10=0015;
8=FIX4.4; 35=0; 34=21; 49=MS; 56=MTHREE; 52=2022-04-16-00:12:26; 108=30; 10=0015;
8=FIX4.4; 35=0; 34=22; 49=MTHREE; 56=MS; 52=2022-04-16-00:12:28; 108=30; 10=0015;
8=FIX4.4; 35=0; 34=22; 49=MS; 56=MTHREE; 52=2022-04-16-00:12:28; 108=30; 10=0015;
8=FIX4.4; 35=0; 34=23; 49=MTHREE; 56=MS; 52=2022-04-16-00:12:30; 108=30; 10=0015;
8=FIX4.4; 35=0; 34=23; 49=MS; 56=MTHREE; 52=2022-04-16-00:12:30; 108=30; 10=0015;
8=FIX4.4; 35=0; 34=24; 49=MTHREE; 56=MS; 52=2022-04-16-00:12:32; 108=30; 10=0015;
8=FIX4.4; 35=0; 34=24; 49=MS; 56=MTHREE; 52=2022-04-16-00:12:32; 108=30; 10=0015;
8=FIX4.4; 35=0; 34=25; 49=MTHREE; 56=MS; 52=2022-04-16-00:12:34; 108=30; 10=0015;
8=FIX4.4; 35=0; 34=25; 49=MS; 56=MTHREE; 52=2022-04-16-00:12:34; 108=30; 10=0015;
8=FIX4.4; 35=0; 34=26; 49=MTHREE; 56=MS; 52=2022-04-16-00:12:36; 108=30; 10=0015;
8=FIX4.4; 35=0; 34=26; 49=MS; 56=MTHREE; 52=2022-04-16-00:12:36; 108=30; 10=0015;
8=FIX4.4; 35=0; 34=27; 49=MTHREE; 56=MS; 52=2022-04-16-00:12:38; 108=30; 10=0015;
8=FIX4.4; 35=0; 34=27; 49=MS; 56=MTHREE; 52=2022-04-16-00:12:38; 108=30; 10=0015;
8=FIX4.4; 35=0; 34=28; 49=MTHREE; 56=MS; 52=2022-04-16-00:12:40; 108=30; 10=0015;
8=FIX4.4; 35=0; 34=28; 49=MS; 56=MTHREE; 52=2022-04-16-00:12:40; 108=30; 10=0015;
8=FIX4.4; 35=0; 34=29; 49=MTHREE; 56=MS; 52=2022-04-16-00:12:42; 108=30; 10=0015;
8=FIX4.4; 35=0; 34=29; 49=MS; 56=MTHREE; 52=2022-04-16-00:12:42; 108=30; 10=0015;
8=FIX4.4; 35=0; 34=30; 49=MTHREE; 56=MS; 52=2022-04-16-00:12:44; 108=30; 10=0015;
8=FIX4.4; 35=0; 34=30; 49=MS; 56=MTHREE; 52=2022-04-16-00:12:44; 108=30; 10=0015;
8=FIX4.4; 35=0; 34=31; 49=MTHREE; 56=MS; 52=2022-04-16-00:12:46; 108=30; 10=0015;
8=FIX4.4; 35=0; 34=31; 49=MS; 56=MTHREE; 52=2022-04-16-00:12:46; 108=30; 10=0015;
8=FIX4.4; 35=0; 34=32; 49=MTHREE; 56=MS; 52=2022-04-16-00:12:48; 108=30; 10=0015;
8=FIX4.4; 35=0; 34=32; 49=MS; 56=MTHREE; 52=2022-04-16-00:12:48; 108=30; 10=0015;
8=FIX4.4; 35=0; 34=33; 49=MTHREE; 56=MS; 52=2022-04-16-00:12:50; 108=30; 10=0015;
8=FIX4.4; 35=0; 34=33; 49=MS; 56=MTHREE; 52=2022-04-16-00:12:50; 108=30; 10=0015;
8=FIX4.4; 35=0; 34=34; 49=MTHREE; 56=MS; 52=2022-04-16-00:12:52; 108=30; 10=0015;
8=FIX4.4; 35=0; 34=34; 49=MS; 56=MTHREE; 52=2022-04-16-00:12:52; 108=30; 10=0015;
8=FIX4.4; 35=0; 34=35; 49=MTHREE; 56=MS; 52=2022-04-16-00:12:54; 108=30; 10=0015;
8=FIX4.4; 35=0; 34=35; 49=MS; 56=MTHREE; 52=2022-04-16-00:12:54; 108=30; 10=0015;
8=FIX4.4; 35=0; 34=36; 49=MTHREE; 56=MS; 52=2022-04-16-00:12:56; 108=30; 10=0015;
8=FIX4.4; 35=0; 34=36; 49=MS; 56=MTHREE; 52=2022-04-16-00:12:56; 108=30; 10=0015;
8=FIX4.4; 35=0; 34=37; 49=MTHREE; 56=MS; 52=2022-04-16-00:12:58; 108=30; 10=0015;
8=FIX4.4; 35=0; 34=37; 49=MS; 56=MTHREE; 52=2022-04-16-00:12:58; 108=30; 10=0015;
8=FIX4.4; 35=0; 34=38; 49=MTHREE; 56=MS; 52=2022-04-16-00:13:00; 108=30; 10=0015;
8=FIX4.4; 35=0; 34=38; 49=MS; 56=MTHREE; 52=2022-04-16-00:13:00; 108=30; 10=0015;
8=FIX4.4; 35=0; 34=39; 49=MTHREE; 56=MS; 52=2022-04-16-00:13:02; 108=30; 10=0015;
8=FIX4.4; 35=0; 34=39; 49=MS; 56=MTHREE; 52=2022-04-16-00:13:02; 108=30; 10=0015;
8=FIX4.4; 35=0; 34=40; 49=MTHREE; 56=MS; 52=2022-04-16-00:13:04; 108=30; 10=0015;
8=FIX4.4; 35=0; 34=40; 49=MS; 56=MTHREE; 52=2022-04-16-00:13:04; 108=30; 10=0015;
8=FIX4.4; 35=0; 34=41; 49=MTHREE; 56=MS; 52=2022-04-16-00:13:06; 108=30; 10=0015;
8=FIX4.4; 35=0; 34=41; 49=MS; 56=MTHREE; 52=2022-04-16-00:13:06; 108=30; 10=0015;
8=FIX4.4; 35=0; 34=42; 49=MTHREE; 56=MS; 52=2022-04-16-00:13:08; 108=30; 10=0015;
8=FIX4.4; 35=0; 34=42; 49=MS; 56=MTHREE; 52=2022-04-16-00:13:08; 108=30; 10=0015;
8=FIX4.4; 35=0; 34=43; 49=MTHREE; 56=MS; 52=2022-04-16-00:13:10; 108=30; 10=0015;
8=FIX4.4; 35=0; 34=43; 49=MS; 56=MTHREE; 52=2022-04-16-00:13:10; 108=30; 10=0015;
8=FIX4.4; 35=0; 34=44; 49=MTHREE; 56=MS; 52=2022-04-16-00:13:12; 108=30; 10=0015;
8=FIX4.4; 35=0; 34=44; 49=MS; 56=MTHREE; 52=2022-04-16-00:13:12; 108=30; 10=0015;
8=FIX4.4; 35=0; 34=45; 49=MTHREE; 56=MS; 52=2022-04-16-00:13:14; 108=30; 10=0015;
8=FIX4.4; 35=0; 34=45; 49=MS; 56=MTHREE; 52=2022-04-16-00:13:14; 108=30; 10=0015;
8=FIX4.4; 35=0; 34=46; 49=MTHREE; 56=MS; 52=2022-04-16-00:13:16; 108=30; 10=0015;
8=FIX4.4; 35=0; 34=46; 49=MS; 56=MTHREE; 52=2022-04-16-00:13:16; 108=30; 10=0015;
8=FIX4.4; 35=0; 34=47; 49=MTHREE; 56=MS; 52=2022-04-16-00:13:18; 108=30; 10=0015;
8=FIX4.4; 35=0; 34=47; 49=MS; 56=MTHREE; 52=2022-04-16-00:13:18; 108=30; 10=0015;
8=FIX4.4; 35=0; 34=48; 49=MTHREE; 56=MS; 52=2022-04-16-00:13:20; 108=30; 10=0015;
8=FIX4.4; 35=0; 34=48; 49=MS; 56=MTHREE; 52=2022-04-16-00:13:20; 108=30; 10=0015;
8=FIX4.4; 35=0; 34=49; 49=MTHREE; 56=MS; 52=2022-04-16-00:13:22; 108=30; 10=0015;
8=FIX4.4; 35=0; 34=49; 49=MS; 56=MTHREE; 52=2022-04-16-00:13:22; 108=30; 10=0015;
8=FIX4.4; 35=0; 34=50; 49=MTHREE; 56=MS; 52=2022-04-16-00:13:24; 108=30; 10=0015;
8=FIX4.4; 35=0; 34=50; 49=MS; 56=MTHREE; 52=2022-04-16-00:13:24; 108=30; 10=0015;
8=FIX4.4; 35=0; 34=51; 49=MTHREE; 56=MS; 52=2022-04-16-00:13:26; 108=30; 10=0015;
8=FIX4.4; 35=0; 34=51; 49=MS; 56=MTHREE; 52=2022-04-16-00:13:26; 108=30; 10=0015;
8=FIX4.4; 35=D; 34=52; 49=MTHREE; 56=MS; 52=2022-04-16-00:13:28; 55=AAPL; 40=2; 38=27583; 21=2; 11=algo20220416001328; 60=2022-04-16-00:13:28; 54=1; 44=1276.37; 10=0252;
8=FIX4.4; 35=8; 34=52; 49=MS; 56=MTHREE; 52=2022-04-16-00:13:28; 55=AAPL; 40=2; 11=algo20220416001328; 31=1276.37; 150=0; 39=0; 54=1; 44=1276.37; 32=0; 17=exec20220416001328; 38=27583; 60=2022-04-16-00:13:28; 6=0; 14=0; 37=algo20220416001328; 10=200;
8=FIX4.4; 35=F; 34=52; 49=MTHREE; 56=MS; 52=2022-04-16-00:13:28; 41=algo20220416001328; 55=AAPL; 38=27583; 11=C_algo20220416001328; 60=2022-04-16-00:13:28; 10=060;
8=FIX4.4; 35=8; 34=52; 49=MS; 56=MTHREE; 52=2022-04-16-00:13:28; 55=AAPL; 11=C_algo20220416001328; 31=0; 150=6; 39=6; 54=1; 44=1276.37; 17=exec20220416001328; 32=0; 41=algo20220416001328; 38=27583; 60=2022-04-16-00:13:28; 6=0.0; 14=0; 37=algo20220416001328; 10=252;
8=FIX4.4; 35=8; 34=53; 49=MS; 56=MTHREE; 52=2022-04-16-00:13:28; 151=13792; 55=AAPL; 11=C_algo20220416001328; 31=0; 150=4; 39=4; 54=1; 17=exec20220416001328; 32=0; 41=algo20220416001328; 38=27583; 60=2022-04-16-00:13:28; 6=0.0; 14=0; 37=algo20220416001328; 10=252;
8=FIX4.4; 35=D; 34=54; 49=MTHREE; 56=MS; 52=2022-04-16-00:13:30; 55=MSFT; 40=2; 38=28844; 21=2; 11=algo20220416001330; 60=2022-04-16-00:13:30; 54=1; 44=59.89; 10=0252;
8=FIX4.4; 35=8; 34=55; 49=MS; 56=MTHREE; 52=2022-04-16-00:13:30; 55=MSFT; 40=2; 11=algo20220416001330; 31=59.89; 150=0; 39=0; 54=1; 44=59.89; 32=0; 17=exec20220416001330; 38=28844; 60=2022-04-16-00:13:30; 6=0; 14=0; 37=algo20220416001330; 10=200;
8=FIX4.4; 35=8; 34=56; 49=MS; 56=MTHREE; 52=2022-04-16-00:13:30; 55=MSFT; 40=2; 11=algo20220416001330; 31=59.89; 150=1; 39=1; 54=1; 44=59.89; 32=7211; 17=exec20220416001330; 38=28844; 60=2022-04-16-00:13:30; 6=59.89; 14=7211; 37=algo20220416001330; 10=240;
8=FIX4.4; 35=F; 34=54; 49=MTHREE; 56=MS; 52=2022-04-16-00:13:31; 41=algo20220416001330; 55=MSFT; 38=28844; 11=C_algo20220416001330; 60=2022-04-16-00:13:31; 10=060;
8=FIX4.4; 35=8; 34=56; 49=MS; 56=MTHREE; 52=2022-04-16-00:13:31; 55=MSFT; 11=C_algo20220416001330; 31=0; 150=6; 39=6; 54=1; 44=59.89; 17=exec20220416001331; 32=0; 41=algo20220416001330; 38=28844; 60=2022-04-16-00:13:31; 6=0.0; 14=7211; 37=algo20220416001330; 10=252;
8=FIX4.4; 35=8; 34=57; 49=MS; 56=MTHREE; 52=2022-04-16-00:13:31; 151=14422; 55=MSFT; 11=C_algo20220416001330; 31=0; 150=4; 39=4; 54=1; 17=exec20220416001331; 32=0; 41=algo20220416001330; 38=28844; 60=2022-04-16-00:13:31; 6=0.0; 14=7211; 37=algo20220416001330; 10=252;
8=FIX4.4; 35=D; 34=56; 49=MTHREE; 56=MS; 52=2022-04-16-00:13:33; 55=AMZN; 40=2; 38=3474; 21=2; 11=algo20220416001333; 60=2022-04-16-00:13:33; 54=2; 44=133.47; 10=0252;
8=FIX4.4; 35=8; 34=59; 49=MS; 56=MTHREE; 52=2022-04-16-00:13:33; 55=AMZN; 40=2; 11=algo20220416001333; 31=133.47; 150=0; 39=0; 54=2; 44=133.47; 32=0; 17=exec20220416001333; 38=3474; 60=2022-04-16-00:13:33; 6=0; 14=0; 37=algo20220416001333; 10=200;
8=FIX4.4; 35=F; 34=56; 49=MTHREE; 56=MS; 52=2022-04-16-00:13:33; 41=algo20220416001333; 55=AMZN; 38=3474; 11=C_algo20220416001333; 60=2022-04-16-00:13:33; 10=060;
8=FIX4.4; 35=8; 34=59; 49=MS; 56=MTHREE; 52=2022-04-16-00:13:33; 55=AMZN; 11=C_algo20220416001333; 31=0; 150=6; 39=6; 54=2; 44=133.47; 17=exec20220416001333; 32=0; 41=algo20220416001333; 38=3474; 60=2022-04-16-00:13:33; 6=0.0; 14=0; 37=algo20220416001333; 10=252;
8=FIX4.4; 35=8; 34=60; 49=MS; 56=MTHREE; 52=2022-04-16-00:13:33; 151=2316; 55=AMZN; 11=C_algo20220416001333; 31=0; 150=4; 39=4; 54=2; 17=exec20220416001333; 32=0; 41=algo20220416001333; 38=3474; 60=2022-04-16-00:13:33; 6=0.0; 14=0; 37=algo20220416001333; 10=252;
8=FIX4.4; 35=D; 34=58; 49=MTHREE; 56=MS; 52=2022-04-16-00:13:35; 55=FB; 40=2; 38=15791; 21=2; 11=algo20220416001335; 60=2022-04-16-00:13:35; 54=2; 44=430.62; 10=0252;
8=FIX4.4; 35=8; 34=62; 49=MS; 56=MTHREE; 52=2022-04-16-00:13:35; 55=FB; 40=2; 11=algo20220416001335; 31=430.62; 150=0; 39=0; 54=2; 44=430.62; 32=0; 17=exec20220416001335; 38=15791; 60=2022-04-16-00:13:35; 6=0; 14=0; 37=algo20220416001335; 10=200;
8=FIX4.4; 35=F; 34=58; 49=MTHREE; 56=MS; 52=2022-04-16-00:13:35; 41=algo20220416001335; 55=FB; 38=15791; 11=C_algo20220416001335; 60=2022-04-16-00:13:35; 10=060;
8=FIX4.4; 35=8; 34=62; 49=MS; 56=MTHREE; 52=2022-04-16-00:13:35; 55=FB; 11=C_algo20220416001335; 31=0; 150=6; 39=6; 54=2; 44=430.62; 17=exec20220416001335; 32=0; 41=algo20220416001335; 38=15791; 60=2022-04-16-00:13:35; 6=0.0; 14=0; 37=algo20220416001335; 10=252;
8=FIX4.4; 35=8; 34=63; 49=MS; 56=MTHREE; 52=2022-04-16-00:13:35; 151=11844; 55=FB; 11=C_algo20220416001335; 31=0; 150=4; 39=4; 54=2; 17=exec20220416001335; 32=0; 41=algo20220416001335; 38=15791; 60=2022-04-16-00:13:35; 6=0.0; 14=0; 37=algo20220416001335; 10=252;
8=FIX4.4; 35=D; 34=60; 49=MTHREE; 56=MS; 52=2022-04-16-00:13:37; 55=GOOG; 40=2; 38=28356; 21=2; 11=algo20220416001337; 60=2022-04-16-00:13:37; 54=2; 44=42.05; 10=0252;
8=FIX4.4; 35=8; 34=65; 49=MS; 56=MTHREE; 52=2022-04-16-00:13:37; 55=GOOG; 40=2; 11=algo20220416001337; 31=42.05; 150=0; 39=0; 54=2; 44=42.05; 32=0; 17=exec20220416001337; 38=28356; 60=2022-04-16-00:13:37; 6=0; 14=0; 37=algo20220416001337; 10=200;
8=FIX4.4; 35=8; 34=66; 49=MS; 56=MTHREE; 52=2022-04-16-00:13:37; 55=GOOG; 40=2; 11=algo20220416001337; 31=42.05; 150=1; 39=1; 54=2; 44=42.05; 32=14178; 17=exec20220416001337; 38=28356; 60=2022-04-16-00:13:37; 6=42.05; 14=14178; 37=algo20220416001337; 10=240;
8=FIX4.4; 35=8; 34=67; 49=MS; 56=MTHREE; 52=2022-04-16-00:13:39; 55=GOOG; 40=2; 11=algo20220416001337; 31=42.05; 150=2; 39=2; 54=2; 44=42.05; 32=14178; 17=exec20220416001339; 38=28356; 60=2022-04-16-00:13:39; 6=42.05; 14=28356; 37=algo20220416001337; 10=246;
8=FIX4.4; 35=D; 34=61; 49=MTHREE; 56=MS; 52=2022-04-16-00:13:39; 55=GOOGL; 40=2; 38=21948; 21=2; 11=algo20220416001339; 60=2022-04-16-00:13:39; 54=1; 44=289.20; 10=0252;
8=FIX4.4; 35=8; 34=68; 49=MS; 56=MTHREE; 52=2022-04-16-00:13:39; 55=GOOGL; 40=2; 11=algo20220416001339; 31=289.20; 150=0; 39=0; 54=1; 44=289.20; 32=0; 17=exec20220416001339; 38=21948; 60=2022-04-16-00:13:39; 6=0; 14=0; 37=algo20220416001339; 10=200;
8=FIX4.4; 35=F; 34=61; 49=MTHREE; 56=MS; 52=2022-04-16-00:13:39; 41=algo20220416001339; 55=GOOGL; 38=21948; 11=C_algo20220416001339; 60=2022-04-16-00:13:39; 10=060;
8=FIX4.4; 35=8; 34=68; 49=MS; 56=MTHREE; 52=2022-04-16-00:13:39; 55=GOOGL; 11=C_algo20220416001339; 31=0; 150=6; 39=6; 54=1; 44=289.20; 17=exec20220416001339; 32=0; 41=algo20220416001339; 38=21948; 60=2022-04-16-00:13:39; 6=0.0; 14=0; 37=algo20220416001339; 10=252;
8=FIX4.4; 35=8; 34=69; 49=MS; 56=MTHREE; 52=2022-04-16-00:13:39; 151=10974; 55=GOOGL; 11=C_algo20220416001339; 31=0; 150=4; 39=4; 54=1; 17=exec20220416001339; 32=0; 41=algo20220416001339; 38=21948; 60=2022-04-16-00:13:39; 6=0.0; 14=0; 37=algo20220416001339; 10=252;
8=FIX4.4; 35=D; 34=63; 49=MTHREE; 56=MS; 52=2022-04-16-00:13:41; 55=INTC; 40=2; 38=5243; 21=2; 11=algo20220416001341; 60=2022-04-16-00:13:41; 54=2; 44=339.13; 10=0252;
8=FIX4.4; 35=8; 34=71; 49=MS; 56=MTHREE; 52=2022-04-16-00:13:41; 55=INTC; 40=2; 11=algo20220416001341; 31=339.13; 150=0; 39=0; 54=2; 44=339.13; 32=0; 17=exec20220416001341; 38=5243; 60=2022-04-16-00:13:41; 6=0; 14=0; 37=algo20220416001341; 10=200;
8=FIX4.4; 35=8; 34=72; 49=MS; 56=MTHREE; 52=2022-04-16-00:13:41; 55=INTC; 40=2; 11=algo20220416001341; 31=339.13; 150=1; 39=1; 54=2; 44=339.13; 32=1310; 17=exec20220416001341; 38=5243; 60=2022-04-16-00:13:41; 6=339.13; 14=1310; 37=algo20220416001341; 10=240;
8=FIX4.4; 35=8; 34=73; 49=MS; 56=MTHREE; 52=2022-04-16-00:13:42; 55=INTC; 40=2; 11=algo20220416001341; 31=339.13; 150=1; 39=1; 54=2; 44=339.13; 32=1310; 17=exec20220416001342; 38=5243; 60=2022-04-16-00:13:42; 6=339.13; 14=2620; 37=algo20220416001341; 10=240;
8=FIX4.4; 35=8; 34=74; 49=MS; 56=MTHREE; 52=2022-04-16-00:13:43; 55=INTC; 40=2; 11=algo20220416001341; 31=339.13; 150=1; 39=1; 54=2; 44=339.13; 32=1310; 17=exec20220416001343; 38=5243; 60=2022-04-16-00:13:43; 6=339.13; 14=3930; 37=algo20220416001341; 10=240;
8=FIX4.4; 35=8; 34=75; 49=MS; 56=MTHREE; 52=2022-04-16-00:13:45; 55=INTC; 40=2; 11=algo20220416001341; 31=339.13; 150=2; 39=2; 54=2; 44=339.13; 32=1313; 17=exec20220416001345; 38=5243; 60=2022-04-16-00:13:45; 6=339.13; 14=5243; 37=algo20220416001341; 10=246;
8=FIX4.4; 35=D; 34=64; 49=MTHREE; 56=MS; 52=2022-04-16-00:13:45; 55=PEP; 40=2; 38=15052; 21=2; 11=algo20220416001345; 60=2022-04-16-00:13:45; 54=2; 44=36.21; 10=0252;
8=FIX4.4; 35=8; 34=76; 49=MS; 56=MTHREE; 52=2022-04-16-00:13:45; 55=PEP; 40=2; 11=algo20220416001345; 31=36.21; 150=0; 39=0; 54=2; 44=36.21; 32=0; 17=exec20220416001345; 38=15052; 60=2022-04-16-00:13:45; 6=0; 14=0; 37=algo20220416001345; 10=200;
8=FIX4.4; 35=8; 34=77; 49=MS; 56=MTHREE; 52=2022-04-16-00:13:45; 55=PEP; 40=2; 11=algo20220416001345; 31=36.21; 150=1; 39=1; 54=2; 44=36.21; 32=3010; 17=exec20220416001345; 38=15052; 60=2022-04-16-00:13:45; 6=36.21; 14=3010; 37=algo20220416001345; 10=240;
8=FIX4.4; 35=8; 34=78; 49=MS; 56=MTHREE; 52=2022-04-16-00:13:46; 55=PEP; 40=2; 11=algo20220416001345; 31=36.21; 150=1; 39=1; 54=2; 44=36.21; 32=3010; 17=exec20220416001346; 38=15052; 60=2022-04-16-00:13:46; 6=36.21; 14=6020; 37=algo20220416001345; 10=240;
8=FIX4.4; 35=8; 34=79; 49=MS; 56=MTHREE; 52=2022-04-16-00:13:47; 55=PEP; 40=2; 11=algo20220416001345; 31=36.21; 150=1; 39=1; 54=2; 44=36.21; 32=3010; 17=exec20220416001347; 38=15052; 60=2022-04-16-00:13:47; 6=36.21; 14=9030; 37=algo20220416001345; 10=240;
8=FIX4.4; 35=F; 34=64; 49=MTHREE; 56=MS; 52=2022-04-16-00:13:48; 41=algo20220416001345; 55=PEP; 38=15052; 11=C_algo20220416001345; 60=2022-04-16-00:13:48; 10=060;
8=FIX4.4; 35=8; 34=79; 49=MS; 56=MTHREE; 52=2022-04-16-00:13:48; 55=PEP; 11=C_algo20220416001345; 31=0; 150=6; 39=6; 54=2; 44=36.21; 17=exec20220416001348; 32=0; 41=algo20220416001345; 38=15052; 60=2022-04-16-00:13:48; 6=0.0; 14=9030; 37=algo20220416001345; 10=252;
8=FIX4.4; 35=8; 34=80; 49=MS; 56=MTHREE; 52=2022-04-16-00:13:48; 151=3012; 55=PEP; 11=C_algo20220416001345; 31=0; 150=4; 39=4; 54=2; 17=exec20220416001348; 32=0; 41=algo20220416001345; 38=15052; 60=2022-04-16-00:13:48; 6=0.0; 14=9030; 37=algo20220416001345; 10=252;
8=FIX4.4; 35=D; 34=66; 49=MTHREE; 56=MS; 52=2022-04-16-00:13:50; 55=NFLX; 40=2; 38=13040; 21=2; 11=algo20220416001350; 60=2022-04-16-00:13:50; 54=2; 44=306.71; 10=0252;
8=FIX4.4; 35=8; 34=82; 49=MS; 56=MTHREE; 52=2022-04-16-00:13:50; 55=NFLX; 40=2; 11=algo20220416001350; 31=306.71; 150=0; 39=0; 54=2; 44=306.71; 32=0; 17=exec20220416001350; 38=13040; 60=2022-04-16-00:13:50; 6=0; 14=0; 37=algo20220416001350; 10=200;
8=FIX4.4; 35=8; 34=83; 49=MS; 56=MTHREE; 52=2022-04-16-00:13:50; 55=NFLX; 40=2; 11=algo20220416001350; 31=306.71; 150=1; 39=1; 54=2; 44=306.71; 32=4346; 17=exec20220416001350; 38=13040; 60=2022-04-16-00:13:50; 6=306.71; 14=4346; 37=algo20220416001350; 10=240;
8=FIX4.4; 35=8; 34=84; 49=MS; 56=MTHREE; 52=2022-04-16-00:13:51; 55=NFLX; 40=2; 11=algo20220416001350; 31=306.71; 150=1; 39=1; 54=2; 44=306.71; 32=4346; 17=exec20220416001351; 38=13040; 60=2022-04-16-00:13:51; 6=306.71; 14=8692; 37=algo20220416001350; 10=240;
8=FIX4.4; 35=8; 34=85; 49=MS; 56=MTHREE; 52=2022-04-16-00:13:54; 55=NFLX; 40=2; 11=algo20220416001350; 31=306.71; 150=2; 39=2; 54=2; 44=306.71; 32=4348; 17=exec20220416001353; 38=13040; 60=2022-04-16-00:13:54; 6=306.71; 14=13040; 37=algo20220416001350; 10=246;
8=FIX4.4; 35=D; 34=67; 49=MTHREE; 56=MS; 52=2022-04-16-00:13:54; 55=CSCO; 40=2; 38=3541; 21=2; 11=algo20220416001354; 60=2022-04-16-00:13:54; 54=1; 44=233.73; 10=0252;
8=FIX4.4; 35=8; 34=86; 49=MS; 56=MTHREE; 52=2022-04-16-00:13:54; 55=CSCO; 40=2; 11=algo20220416001354; 31=233.73; 150=0; 39=0; 54=1; 44=233.73; 32=0; 17=exec20220416001354; 38=3541; 60=2022-04-16-00:13:54; 6=0; 14=0; 37=algo20220416001354; 10=200;
8=FIX4.4; 35=8; 34=87; 49=MS; 56=MTHREE; 52=2022-04-16-00:13:55; 55=CSCO; 40=2; 11=algo20220416001354; 31=233.73; 150=2; 39=2; 54=1; 44=233.73; 32=3541; 17=exec20220416001355; 38=3541; 60=2022-04-16-00:13:55; 6=233.73; 14=3541; 37=algo20220416001354; 10=246;
8=FIX4.4; 35=D; 34=68; 49=MTHREE; 56=MS; 52=2022-04-16-00:13:55; 55=AMGN; 40=2; 38=9673; 21=2; 11=algo20220416001355; 60=2022-04-16-00:13:55; 54=2; 44=116.62; 10=0252;
8=FIX4.4; 35=8; 34=88; 49=MS; 56=MTHREE; 52=2022-04-16-00:13:55; 55=AMGN; 40=2; 11=algo20220416001355; 31=116.62; 150=0; 39=0; 54=2; 44=116.62; 32=0; 17=exec20220416001355; 38=9673; 60=2022-04-16-00:13:55; 6=0; 14=0; 37=algo20220416001355; 10=200;
8=FIX4.4; 35=8; 34=89; 49=MS; 56=MTHREE; 52=2022-04-16-00:13:55; 55=AMGN; 40=2; 11=algo20220416001355; 31=116.62; 150=1; 39=1; 54=2; 44=116.62; 32=2418; 17=exec20220416001355; 38=9673; 60=2022-04-16-00:13:55; 6=116.62; 14=2418; 37=algo20220416001355; 10=240;
8=FIX4.4; 35=8; 34=90; 49=MS; 56=MTHREE; 52=2022-04-16-00:13:56; 55=AMGN; 40=2; 11=algo20220416001355; 31=116.62; 150=1; 39=1; 54=2; 44=116.62; 32=2418; 17=exec20220416001356; 38=9673; 60=2022-04-16-00:13:56; 6=116.62; 14=4836; 37=algo20220416001355; 10=240;
8=FIX4.4; 35=8; 34=91; 49=MS; 56=MTHREE; 52=2022-04-16-00:13:57; 55=AMGN; 40=2; 11=algo20220416001355; 31=116.62; 150=1; 39=1; 54=2; 44=116.62; 32=2418; 17=exec20220416001357; 38=9673; 60=2022-04-16-00:13:57; 6=116.62; 14=7254; 37=algo20220416001355; 10=240;
8=FIX4.4; 35=8; 34=92; 49=MS; 56=MTHREE; 52=2022-04-16-00:13:59; 55=AMGN; 40=2; 11=algo20220416001355; 31=116.62; 150=2; 39=2; 54=2; 44=116.62; 32=2419; 17=exec20220416001359; 38=9673; 60=2022-04-16-00:13:59; 6=116.62; 14=9673; 37=algo20220416001355; 10=246;
8=FIX4.4; 35=D; 34=69; 49=MTHREE; 56=MS; 52=2022-04-16-00:13:59; 55=PYPL; 40=2; 38=11376; 21=2; 11=algo20220416001359; 60=2022-04-16-00:13:59; 54=1; 44=723.61; 10=0252;
8=FIX4.4; 35=8; 34=93; 49=MS; 56=MTHREE; 52=2022-04-16-00:13:59; 55=PYPL; 40=2; 11=algo20220416001359; 31=723.61; 150=0; 39=0; 54=1; 44=723.61; 32=0; 17=exec20220416001359; 38=11376; 60=2022-04-16-00:13:59; 6=0; 14=0; 37=algo20220416001359; 10=200;
8=FIX4.4; 35=F; 34=69; 49=MTHREE; 56=MS; 52=2022-04-16-00:13:59; 41=algo20220416001359; 55=PYPL; 38=11376; 11=C_algo20220416001359; 60=2022-04-16-00:13:59; 10=060;
8=FIX4.4; 35=8; 34=93; 49=MS; 56=MTHREE; 52=2022-04-16-00:13:59; 55=PYPL; 11=C_algo20220416001359; 31=0; 150=6; 39=6; 54=1; 44=723.61; 17=exec20220416001359; 32=0; 41=algo20220416001359; 38=11376; 60=2022-04-16-00:13:59; 6=0.0; 14=0; 37=algo20220416001359; 10=252;
8=FIX4.4; 35=8; 34=94; 49=MS; 56=MTHREE; 52=2022-04-16-00:13:59; 151=5688; 55=PYPL; 11=C_algo20220416001359; 31=0; 150=4; 39=4; 54=1; 17=exec20220416001359; 32=0; 41=algo20220416001359; 38=11376; 60=2022-04-16-00:13:59; 6=0.0; 14=0; 37=algo20220416001359; 10=252;
8=FIX4.4; 35=D; 34=71; 49=MTHREE; 56=MS; 52=2022-04-16-00:14:01; 55=TSLA; 40=2; 38=27891; 21=2; 11=algo20220416001401; 60=2022-04-16-00:14:01; 54=2; 44=503.77; 10=0252;
8=FIX4.4; 35=8; 34=96; 49=MS; 56=MTHREE; 52=2022-04-16-00:14:01; 55=TSLA; 40=2; 11=algo20220416001401; 31=503.77; 150=0; 39=0; 54=2; 44=503.77; 32=0; 17=exec20220416001401; 38=27891; 60=2022-04-16-00:14:01; 6=0; 14=0; 37=algo20220416001401; 10=200;
8=FIX4.4; 35=8; 34=97; 49=MS; 56=MTHREE; 52=2022-04-16-00:14:01; 55=TSLA; 40=2; 11=algo20220416001401; 31=503.77; 150=1; 39=1; 54=2; 44=503.77; 32=6972; 17=exec20220416001401; 38=27891; 60=2022-04-16-00:14:01; 6=503.77; 14=6972; 37=algo20220416001401; 10=240;
8=FIX4.4; 35=F; 34=71; 49=MTHREE; 56=MS; 52=2022-04-16-00:14:02; 41=algo20220416001401; 55=TSLA; 38=27891; 11=C_algo20220416001401; 60=2022-04-16-00:14:02; 10=060;
8=FIX4.4; 35=8; 34=97; 49=MS; 56=MTHREE; 52=2022-04-16-00:14:02; 55=TSLA; 11=C_algo20220416001401; 31=0; 150=6; 39=6; 54=2; 44=503.77; 17=exec20220416001402; 32=0; 41=algo20220416001401; 38=27891; 60=2022-04-16-00:14:02; 6=0.0; 14=6972; 37=algo20220416001401; 10=252;
8=FIX4.4; 35=8; 34=98; 49=MS; 56=MTHREE; 52=2022-04-16-00:14:02; 151=13947; 55=TSLA; 11=C_algo20220416001401; 31=0; 150=4; 39=4; 54=2; 17=exec20220416001402; 32=0; 41=algo20220416001401; 38=27891; 60=2022-04-16-00:14:02; 6=0.0; 14=6972; 37=algo20220416001401; 10=252;
8=FIX4.4; 35=D; 34=73; 49=MTHREE; 56=MS; 52=2022-04-16-00:14:04; 55=TXN; 40=2; 38=11906; 21=2; 11=algo20220416001404; 60=2022-04-16-00:14:04; 54=1; 44=112.46; 10=0252;
8=FIX4.4; 35=8; 34=100; 49=MS; 56=MTHREE; 52=2022-04-16-00:14:04; 55=TXN; 40=2; 11=algo20220416001404; 31=112.46; 150=0; 39=0; 54=1; 44=112.46; 32=0; 17=exec20220416001404; 38=11906; 60=2022-04-16-00:14:04; 6=0; 14=0; 37=algo20220416001404; 10=200;
8=FIX4.4; 35=F; 34=73; 49=MTHREE; 56=MS; 52=2022-04-16-00:14:04; 41=algo20220416001404; 55=TXN; 38=11906; 11=C_algo20220416001404; 60=2022-04-16-00:14:04; 10=060;
8=FIX4.4; 35=8; 34=100; 49=MS; 56=MTHREE; 52=2022-04-16-00:14:04; 55=TXN; 11=C_algo20220416001404; 31=0; 150=6; 39=6; 54=1; 44=112.46; 17=exec20220416001404; 32=0; 41=algo20220416001404; 38=11906; 60=2022-04-16-00:14:04; 6=0.0; 14=0; 37=algo20220416001404; 10=252;
8=FIX4.4; 35=8; 34=101; 49=MS; 56=MTHREE; 52=2022-04-16-00:14:04; 151=5953; 55=TXN; 11=C_algo20220416001404; 31=0; 150=4; 39=4; 54=1; 17=exec20220416001404; 32=0; 41=algo20220416001404; 38=11906; 60=2022-04-16-00:14:04; 6=0.0; 14=0; 37=algo20220416001404; 10=252;
8=FIX4.4; 35=D; 34=75; 49=MTHREE; 56=MS; 52=2022-04-16-00:14:06; 55=AVGO; 40=2; 38=18620; 21=2; 11=algo20220416001406; 60=2022-04-16-00:14:06; 54=1; 44=262.99; 10=0252;
8=FIX4.4; 35=8; 34=103; 49=MS; 56=MTHREE; 52=2022-04-16-00:14:06; 55=AVGO; 40=2; 11=algo20220416001406; 31=262.99; 150=0; 39=0; 54=1; 44=262.99; 32=0; 17=exec20220416001406; 38=18620; 60=2022-04-16-00:14:06; 6=0; 14=0; 37=algo20220416001406; 10=200;
8=FIX4.4; 35=8; 34=104; 49=MS; 56=MTHREE; 52=2022-04-16-00:14:07; 55=AVGO; 40=2; 11=algo20220416001406; 31=262.99; 150=2; 39=2; 54=1; 44=262.99; 32=18620; 17=exec20220416001407; 38=18620; 60=2022-04-16-00:14:07; 6=262.99; 14=18620; 37=algo20220416001406; 10=246;
8=FIX4.4; 35=D; 34=76; 49=MTHREE; 56=MS; 52=2022-04-16-00:14:07; 55=GILD; 40=2; 38=22431; 21=2; 11=algo20220416001407; 60=2022-04-16-00:14:07; 54=1; 44=82.91; 10=0252;
8=FIX4.4; 35=8; 34=105; 49=MS; 56=MTHREE; 52=2022-04-16-00:14:07; 55=GILD; 40=2; 11=algo20220416001407; 31=82.91; 150=0; 39=0; 54=1; 44=82.91; 32=0; 17=exec20220416001407; 38=22431; 60=2022-04-16-00:14:07; 6=0; 14=0; 37=algo20220416001407; 10=200;
8=FIX4.4; 35=8; 34=106; 49=MS; 56=MTHREE; 52=2022-04-16-00:14:07; 55=GILD; 40=2; 11=algo20220416001407; 31=82.91; 150=1; 39=1; 54=1; 44=82.91; 32=5607; 17=exec20220416001407; 38=22431; 60=2022-04-16-00:14:07; 6=82.91; 14=5607; 37=algo20220416001407; 10=240;
8=FIX4.4; 35=F; 34=76; 49=MTHREE; 56=MS; 52=2022-04-16-00:14:08; 41=algo20220416001407; 55=GILD; 38=22431; 11=C_algo20220416001407; 60=2022-04-16-00:14:08; 10=060;
8=FIX4.4; 35=8; 34=106; 49=MS; 56=MTHREE; 52=2022-04-16-00:14:08; 55=GILD; 11=C_algo20220416001407; 31=0; 150=6; 39=6; 54=1; 44=82.91; 17=exec20220416001408; 32=0; 41=algo20220416001407; 38=22431; 60=2022-04-16-00:14:08; 6=0.0; 14=5607; 37=algo20220416001407; 10=252;
8=FIX4.4; 35=8; 34=107; 49=MS; 56=MTHREE; 52=2022-04-16-00:14:08; 151=11217; 55=GILD; 11=C_algo20220416001407; 31=0; 150=4; 39=4; 54=1; 17=exec20220416001408; 32=0; 41=algo20220416001407; 38=22431; 60=2022-04-16-00:14:08; 6=0.0; 14=5607; 37=algo20220416001407; 10=252;
8=FIX4.4; 35=D; 34=78; 49=MTHREE; 56=MS; 52=2022-04-16-00:14:10; 55=SBUX; 40=2; 38=21565; 21=2; 11=algo20220416001410; 60=2022-04-16-00:14:10; 54=2; 44=75.71; 10=0252;
8=FIX4.4; 35=8; 34=109; 49=MS; 56=MTHREE; 52=2022-04-16-00:14:10; 55=SBUX; 40=2; 11=algo20220416001410; 31=75.71; 150=0; 39=0; 54=2; 44=75.71; 32=0; 17=exec20220416001410; 38=21565; 60=2022-04-16-00:14:10; 6=0; 14=0; 37=algo20220416001410; 10=200;
8=FIX4.4; 35=8; 34=110; 49=MS; 56=MTHREE; 52=2022-04-16-00:14:10; 55=SBUX; 40=2; 11=algo20220416001410; 31=75.71; 150=1; 39=1; 54=2; 44=75.71; 32=10782; 17=exec20220416001410; 38=21565; 60=2022-04-16-00:14:10; 6=75.71; 14=10782; 37=algo20220416001410; 10=240;
8=FIX4.4; 35=8; 34=111; 49=MS; 56=MTHREE; 52=2022-04-16-00:14:12; 55=SBUX; 40=2; 11=algo20220416001410; 31=75.71; 150=2; 39=2; 54=2; 44=75.71; 32=10783; 17=exec20220416001412; 38=21565; 60=2022-04-16-00:14:12; 6=75.71; 14=21565; 37=algo20220416001410; 10=246;
8=FIX4.4; 35=D; 34=79; 49=MTHREE; 56=MS; 52=2022-04-16-00:14:12; 55=QCOM; 40=2; 38=22882; 21=2; 11=algo20220416001412; 60=2022-04-16-00:14:12; 54=2; 44=75.47; 10=0252;
8=FIX4.4; 35=8; 34=112; 49=MS; 56=MTHREE; 52=2022-04-16-00:14:12; 55=QCOM; 40=2; 11=algo20220416001412; 31=75.47; 150=0; 39=0; 54=2; 44=75.47; 32=0; 17=exec20220416001412; 38=22882; 60=2022-04-16-00:14:12; 6=0; 14=0; 37=algo20220416001412; 10=200;
8=FIX4.4; 35=8; 34=113; 49=MS; 56=MTHREE; 52=2022-04-16-00:14:12; 55=QCOM; 40=2; 11=algo20220416001412; 31=75.47; 150=1; 39=1; 54=2; 44=75.47; 32=5720; 17=exec20220416001412; 38=22882; 60=2022-04-16-00:14:12; 6=75.47; 14=5720; 37=algo20220416001412; 10=240;
8=FIX4.4; 35=8; 34=114; 49=MS; 56=MTHREE; 52=2022-04-16-00:14:13; 55=QCOM; 40=2; 11=algo20220416001412; 31=75.47; 150=1; 39=1; 54=2; 44=75.47; 32=5720; 17=exec20220416001413; 38=22882; 60=2022-04-16-00:14:13; 6=75.47; 14=11440; 37=algo20220416001412; 10=240;
8=FIX4.4; 35=8; 34=115; 49=MS; 56=MTHREE; 52=2022-04-16-00:14:14; 55=QCOM; 40=2; 11=algo20220416001412; 31=75.47; 150=1; 39=1; 54=2; 44=75.47; 32=5720; 17=exec20220416001414; 38=22882; 60=2022-04-16-00:14:14; 6=75.47; 14=17160; 37=algo20220416001412; 10=240;
8=FIX4.4; 35=8; 34=116; 49=MS; 56=MTHREE; 52=2022-04-16-00:14:16; 55=QCOM; 40=2; 11=algo20220416001412; 31=75.47; 150=2; 39=2; 54=2; 44=75.47; 32=5722; 17=exec20220416001416; 38=22882; 60=2022-04-16-00:14:16; 6=75.47; 14=22882; 37=algo20220416001412; 10=246;
8=FIX4.4; 35=D; 34=80; 49=MTHREE; 56=MS; 52=2022-04-16-00:14:16; 55=TMUS; 40=2; 38=31081; 21=2; 11=algo20220416001416; 60=2022-04-16-00:14:16; 54=1; 44=90.74; 10=0252;
8=FIX4.4; 35=8; 34=117; 49=MS; 56=MTHREE; 52=2022-04-16-00:14:16; 55=TMUS; 40=2; 11=algo20220416001416; 31=90.74; 150=0; 39=0; 54=1; 44=90.74; 32=0; 17=exec20220416001416; 38=31081; 60=2022-04-16-00:14:16; 6=0; 14=0; 37=algo20220416001416; 10=200;
8=FIX4.4; 35=F; 34=80; 49=MTHREE; 56=MS; 52=2022-04-16-00:14:16; 41=algo20220416001416; 55=TMUS; 38=31081; 11=C_algo20220416001416; 60=2022-04-16-00:14:16; 10=060;
8=FIX4.4; 35=8; 34=117; 49=MS; 56=MTHREE; 52=2022-04-16-00:14:16; 55=TMUS; 11=C_algo20220416001416; 31=0; 150=6; 39=6; 54=1; 44=90.74; 17=exec20220416001416; 32=0; 41=algo20220416001416; 38=31081; 60=2022-04-16-00:14:16; 6=0.0; 14=0; 37=algo20220416001416; 10=252;
8=FIX4.4; 35=8; 34=118; 49=MS; 56=MTHREE; 52=2022-04-16-00:14:16; 151=23311; 55=TMUS; 11=C_algo20220416001416; 31=0; 150=4; 39=4; 54=1; 17=exec20220416001416; 32=0; 41=algo20220416001416; 38=31081; 60=2022-04-16-00:14:16; 6=0.0; 14=0; 37=algo20220416001416; 10=252;
8=FIX4.4; 35=D; 34=82; 49=MTHREE; 56=MS; 52=2022-04-16-00:14:18; 55=MDLZ; 40=2; 38=4482; 21=2; 11=algo20220416001418; 60=2022-04-16-00:14:18; 54=1; 44=52.26; 10=0252;
8=FIX4.4; 35=8; 34=120; 49=MS; 56=MTHREE; 52=2022-04-16-00:14:18; 55=MDLZ; 40=2; 11=algo20220416001418; 31=52.26; 150=0; 39=0; 54=1; 44=52.26; 32=0; 17=exec20220416001418; 38=4482; 60=2022-04-16-00:14:18; 6=0; 14=0; 37=algo20220416001418; 10=200;
8=FIX4.4; 35=F; 34=82; 49=MTHREE; 56=MS; 52=2022-04-16-00:14:18; 41=algo20220416001418; 55=MDLZ; 38=4482; 11=C_algo20220416001418; 60=2022-04-16-00:14:18; 10=060;
8=FIX4.4; 35=8; 34=120; 49=MS; 56=MTHREE; 52=2022-04-16-00:14:18; 55=MDLZ; 11=C_algo20220416001418; 31=0; 150=6; 39=6; 54=1; 44=52.26; 17=exec20220416001418; 32=0; 41=algo20220416001418; 38=4482; 60=2022-04-16-00:14:18; 6=0.0; 14=0; 37=algo20220416001418; 10=252;
8=FIX4.4; 35=8; 34=121; 49=MS; 56=MTHREE; 52=2022-04-16-00:14:18; 151=2241; 55=MDLZ; 11=C_algo20220416001418; 31=0; 150=4; 39=4; 54=1; 17=exec20220416001418; 32=0; 41=algo20220416001418; 38=4482; 60=2022-04-16-00:14:18; 6=0.0; 14=0; 37=algo20220416001418; 10=252;
8=FIX4.4; 35=D; 34=84; 49=MTHREE; 56=MS; 52=2022-04-16-00:14:20; 55=BAC; 40=2; 38=4426; 21=2; 11=algo20220416001420; 60=2022-04-16-00:14:20; 54=1; 44=22.03; 10=0252;
8=FIX4.4; 35=8; 34=123; 49=MS; 56=MTHREE; 52=2022-04-16-00:14:20; 55=BAC; 40=2; 11=algo20220416001420; 31=22.03; 150=0; 39=0; 54=1; 44=22.03; 32=0; 17=exec20220416001420; 38=4426; 60=2022-04-16-00:14:20; 6=0; 14=0; 37=algo20220416001420; 10=200;
8=FIX4.4; 35=F; 34=84; 49=MTHREE; 56=MS; 52=2022-04-16-00:14:20; 41=algo20220416001420; 55=BAC; 38=4426; 11=C_algo20220416001420; 60=2022-04-16-00:14:20; 10=060;
8=FIX4.4; 35=8; 34=123; 49=MS; 56=MTHREE; 52=2022-04-16-00:14:20; 55=BAC; 11=C_algo20220416001420; 31=0; 150=6; 39=6; 54=1; 44=22.03; 17=exec20220416001420; 32=0; 41=algo20220416001420; 38=4426; 60=2022-04-16-00:14:20; 6=0.0; 14=0; 37=algo20220416001420; 10=252;
8=FIX4.4; 35=8; 34=124; 49=MS; 56=MTHREE; 52=2022-04-16-00:14:20; 151=2951; 55=BAC; 11=C_algo20220416001420; 31=0; 150=4; 39=4; 54=1; 17=exec20220416001420; 32=0; 41=algo20220416001420; 38=4426; 60=2022-04-16-00:14:20; 6=0.0; 14=0; 37=algo20220416001420; 10=252;
8=FIX4.4; 35=D; 34=86; 49=MTHREE; 56=MS; 52=2022-04-16-00:14:22; 55=DDD; 40=2; 38=902; 21=2; 11=algo20220416001422; 60=2022-04-16-00:14:22; 54=2; 44=8.01; 10=0252;
8=FIX4.4; 35=8; 34=126; 49=MS; 56=MTHREE; 52=2022-04-16-00:14:22; 55=DDD; 40=2; 11=algo20220416001422; 31=8.01; 150=0; 39=0; 54=2; 44=8.01; 32=0; 17=exec20220416001422; 38=902; 60=2022-04-16-00:14:22; 6=0; 14=0; 37=algo20220416001422; 10=200;
8=FIX4.4; 35=8; 34=127; 49=MS; 56=MTHREE; 52=2022-04-16-00:14:23; 55=DDD; 40=2; 11=algo20220416001422; 31=8.01; 150=2; 39=2; 54=2; 44=8.01; 32=902; 17=exec20220416001423; 38=902; 60=2022-04-16-00:14:23; 6=8.01; 14=902; 37=algo20220416001422; 10=246;
8=FIX4.4; 35=D; 34=87; 49=MTHREE; 56=MS; 52=2022-04-16-00:14:23; 55=MMM; 40=2; 38=11131; 21=2; 11=algo20220416001423; 60=2022-04-16-00:14:23; 54=1; 44=146.98; 10=0252;
8=FIX4.4; 35=8; 34=128; 49=MS; 56=MTHREE; 52=2022-04-16-00:14:23; 55=MMM; 40=2; 11=algo20220416001423; 31=146.98; 150=0; 39=0; 54=1; 44=146.98; 32=0; 17=exec20220416001423; 38=11131; 60=2022-04-16-00:14:23; 6=0; 14=0; 37=algo20220416001423; 10=200;
8=FIX4.4; 35=F; 34=87; 49=MTHREE; 56=MS; 52=2022-04-16-00:14:23; 41=algo20220416001423; 55=MMM; 38=11131; 11=C_algo20220416001423; 60=2022-04-16-00:14:23; 10=060;
8=FIX4.4; 35=8; 34=128; 49=MS; 56=MTHREE; 52=2022-04-16-00:14:23; 55=MMM; 11=C_algo20220416001423; 31=0; 150=6; 39=6; 54=1; 44=146.98; 17=exec20220416001423; 32=0; 41=algo20220416001423; 38=11131; 60=2022-04-16-00:14:23; 6=0.0; 14=0; 37=algo20220416001423; 10=252;
8=FIX4.4; 35=8; 34=129; 49=MS; 56=MTHREE; 52=2022-04-16-00:14:23; 151=8349; 55=MMM; 11=C_algo20220416001423; 31=0; 150=4; 39=4; 54=1; 17=exec20220416001423; 32=0; 41=algo20220416001423; 38=11131; 60=2022-04-16-00:14:23; 6=0.0; 14=0; 37=algo20220416001423; 10=252;
8=FIX4.4; 35=D; 34=89; 49=MTHREE; 56=MS; 52=2022-04-16-00:14:25; 55=WBAI; 40=2; 38=6005; 21=2; 11=algo20220416001425; 60=2022-04-16-00:14:25; 54=1; 44=4.10; 10=0252;
8=FIX4.4; 35=8; 34=131; 49=MS; 56=MTHREE; 52=2022-04-16-00:14:25; 55=WBAI; 40=2; 11=algo20220416001425; 31=4.10; 150=0; 39=0; 54=1; 44=4.10; 32=0; 17=exec20220416001425; 38=6005; 60=2022-04-16-00:14:25; 6=0; 14=0; 37=algo20220416001425; 10=200;
8=FIX4.4; 35=8; 34=132; 49=MS; 56=MTHREE; 52=2022-04-16-00:14:25; 55=WBAI; 40=2; 11=algo20220416001425; 31=4.10; 150=1; 39=1; 54=1; 44=4.10; 32=2001; 17=exec20220416001425; 38=6005; 60=2022-04-16-00:14:25; 6=4.10; 14=2001; 37=algo20220416001425; 10=240;
8=FIX4.4; 35=8; 34=133; 49=MS; 56=MTHREE; 52=2022-04-16-00:14:26; 55=WBAI; 40=2; 11=algo20220416001425; 31=4.10; 150=1; 39=1; 54=1; 44=4.10; 32=2001; 17=exec20220416001426; 38=6005; 60=2022-04-16-00:14:26; 6=4.10; 14=4002; 37=algo20220416001425; 10=240;
8=FIX4.4; 35=8; 34=134; 49=MS; 56=MTHREE; 52=2022-04-16-00:14:28; 55=WBAI; 40=2; 11=algo20220416001425; 31=4.10; 150=2; 39=2; 54=1; 44=4.10; 32=2003; 17=exec20220416001428; 38=6005; 60=2022-04-16-00:14:28; 6=4.10; 14=6005; 37=algo20220416001425; 10=246;
8=FIX4.4; 35=D; 34=90; 49=MTHREE; 56=MS; 52=2022-04-16-00:14:28; 55=WUBA; 40=2; 38=6816; 21=2; 11=algo20220416001428; 60=2022-04-16-00:14:28; 54=1; 44=51.41; 10=0252;
8=FIX4.4; 35=8; 34=135; 49=MS; 56=MTHREE; 52=2022-04-16-00:14:28; 55=WUBA; 40=2; 11=algo20220416001428; 31=51.41; 150=0; 39=0; 54=1; 44=51.41; 32=0; 17=exec20220416001428; 38=6816; 60=2022-04-16-00:14:28; 6=0; 14=0; 37=algo20220416001428; 10=200;
8=FIX4.4; 35=8; 34=136; 49=MS; 56=MTHREE; 52=2022-04-16-00:14:28; 55=WUBA; 40=2; 11=algo20220416001428; 31=51.41; 150=1; 39=1; 54=1; 44=51.41; 32=1363; 17=exec20220416001428; 38=6816; 60=2022-04-16-00:14:28; 6=51.41; 14=1363; 37=algo20220416001428; 10=240;
8=FIX4.4; 35=8; 34=137; 49=MS; 56=MTHREE; 52=2022-04-16-00:14:29; 55=WUBA; 40=2; 11=algo20220416001428; 31=51.41; 150=1; 39=1; 54=1; 44=51.41; 32=1363; 17=exec20220416001429; 38=6816; 60=2022-04-16-00:14:29; 6=51.41; 14=2726; 37=algo20220416001428; 10=240;
8=FIX4.4; 35=8; 34=138; 49=MS; 56=MTHREE; 52=2022-04-16-00:14:30; 55=WUBA; 40=2; 11=algo20220416001428; 31=51.41; 150=1; 39=1; 54=1; 44=51.41; 32=1363; 17=exec20220416001430; 38=6816; 60=2022-04-16-00:14:30; 6=51.41; 14=4089; 37=algo20220416001428; 10=240;
8=FIX4.4; 35=F; 34=90; 49=MTHREE; 56=MS; 52=2022-04-16-00:14:31; 41=algo20220416001428; 55=WUBA; 38=6816; 11=C_algo20220416001428; 60=2022-04-16-00:14:31; 10=060;
8=FIX4.4; 35=8; 34=138; 49=MS; 56=MTHREE; 52=2022-04-16-00:14:31; 55=WUBA; 11=C_algo20220416001428; 31=0; 150=6; 39=6; 54=1; 44=51.41; 17=exec20220416001431; 32=0; 41=algo20220416001428; 38=6816; 60=2022-04-16-00:14:31; 6=0.0; 14=4089; 37=algo20220416001428; 10=252;
8=FIX4.4; 35=8; 34=139; 49=MS; 56=MTHREE; 52=2022-04-16-00:14:31; 151=1364; 55=WUBA; 11=C_algo20220416001428; 31=0; 150=4; 39=4; 54=1; 17=exec20220416001431; 32=0; 41=algo20220416001428; 38=6816; 60=2022-04-16-00:14:31; 6=0.0; 14=4089; 37=algo20220416001428; 10=252;
8=FIX4.4; 35=D; 34=92; 49=MTHREE; 56=MS; 52=2022-04-16-00:14:33; 55=EGHT; 40=2; 38=15094; 21=2; 11=algo20220416001433; 60=2022-04-16-00:14:33; 54=1; 44=17.03; 10=0252;
8=FIX4.4; 35=8; 34=141; 49=MS; 56=MTHREE; 52=2022-04-16-00:14:33; 55=EGHT; 40=2; 11=algo20220416001433; 31=17.03; 150=0; 39=0; 54=1; 44=17.03; 32=0; 17=exec20220416001433; 38=15094; 60=2022-04-16-00:14:33; 6=0; 14=0; 37=algo20220416001433; 10=200;
8=FIX4.4; 35=F; 34=92; 49=MTHREE; 56=MS; 52=2022-04-16-00:14:33; 41=algo20220416001433; 55=EGHT; 38=15094; 11=C_algo20220416001433; 60=2022-04-16-00:14:33; 10=060;
8=FIX4.4; 35=8; 34=141; 49=MS; 56=MTHREE; 52=2022-04-16-00:14:33; 55=EGHT; 11=C_algo20220416001433; 31=0; 150=6; 39=6; 54=1; 44=17.03; 17=exec20220416001433; 32=0; 41=algo20220416001433; 38=15094; 60=2022-04-16-00:14:33; 6=0.0; 14=0; 37=algo20220416001433; 10=252;
8=FIX4.4; 35=8; 34=142; 49=MS; 56=MTHREE; 52=2022-04-16-00:14:33; 151=7547; 55=EGHT; 11=C_algo20220416001433; 31=0; 150=4; 39=4; 54=1; 17=exec20220416001433; 32=0; 41=algo20220416001433; 38=15094; 60=2022-04-16-00:14:33; 6=0.0; 14=0; 37=algo20220416001433; 10=252;
8=FIX4.4; 35=D; 34=94; 49=MTHREE; 56=MS; 52=2022-04-16-00:14:35; 55=AHC; 40=2; 38=2299; 21=2; 11=algo20220416001435; 60=2022-04-16-00:14:35; 54=2; 44=1.40; 10=0252;
8=FIX4.4; 35=8; 34=144; 49=MS; 56=MTHREE; 52=2022-04-16-00:14:35; 55=AHC; 40=2; 11=algo20220416001435; 31=1.40; 150=0; 39=0; 54=2; 44=1.40; 32=0; 17=exec20220416001435; 38=2299; 60=2022-04-16-00:14:35; 6=0; 14=0; 37=algo20220416001435; 10=200;
8=FIX4.4; 35=8; 34=145; 49=MS; 56=MTHREE; 52=2022-04-16-00:14:35; 55=AHC; 40=2; 11=algo20220416001435; 31=1.40; 150=1; 39=1; 54=2; 44=1.40; 32=766; 17=exec20220416001435; 38=2299; 60=2022-04-16-00:14:35; 6=1.40; 14=766; 37=algo20220416001435; 10=240;
8=FIX4.4; 35=F; 34=94; 49=MTHREE; 56=MS; 52=2022-04-16-00:14:36; 41=algo20220416001435; 55=AHC; 38=2299; 11=C_algo20220416001435; 60=2022-04-16-00:14:36; 10=060;
8=FIX4.4; 35=8; 34=145; 49=MS; 56=MTHREE; 52=2022-04-16-00:14:36; 55=AHC; 11=C_algo20220416001435; 31=0; 150=6; 39=6; 54=2; 44=1.40; 17=exec20220416001436; 32=0; 41=algo20220416001435; 38=2299; 60=2022-04-16-00:14:36; 6=0.0; 14=766; 37=algo20220416001435; 10=252;
8=FIX4.4; 35=8; 34=146; 49=MS; 56=MTHREE; 52=2022-04-16-00:14:36; 151=767; 55=AHC; 11=C_algo20220416001435; 31=0; 150=4; 39=4; 54=2; 17=exec20220416001436; 32=0; 41=algo20220416001435; 38=2299; 60=2022-04-16-00:14:36; 6=0.0; 14=766; 37=algo20220416001435; 10=252;
8=FIX4.4; 35=D; 34=96; 49=MTHREE; 56=MS; 52=2022-04-16-00:14:38; 55=AOS; 40=2; 38=19419; 21=2; 11=algo20220416001438; 60=2022-04-16-00:14:38; 54=1; 44=40.38; 10=0252;
8=FIX4.4; 35=8; 34=148; 49=MS; 56=MTHREE; 52=2022-04-16-00:14:38; 55=AOS; 40=2; 11=algo20220416001438; 31=40.38; 150=0; 39=0; 54=1; 44=40.38; 32=0; 17=exec20220416001438; 38=19419; 60=2022-04-16-00:14:38; 6=0; 14=0; 37=algo20220416001438; 10=200;
8=FIX4.4; 35=F; 34=96; 49=MTHREE; 56=MS; 52=2022-04-16-00:14:38; 41=algo20220416001438; 55=AOS; 38=19419; 11=C_algo20220416001438; 60=2022-04-16-00:14:38; 10=060;
8=FIX4.4; 35=8; 34=148; 49=MS; 56=MTHREE; 52=2022-04-16-00:14:38; 55=AOS; 11=C_algo20220416001438; 31=0; 150=6; 39=6; 54=1; 44=40.38; 17=exec20220416001438; 32=0; 41=algo20220416001438; 38=19419; 60=2022-04-16-00:14:38; 6=0.0; 14=0; 37=algo20220416001438; 10=252;
8=FIX4.4; 35=8; 34=149; 49=MS; 56=MTHREE; 52=2022-04-16-00:14:38; 151=12946; 55=AOS; 11=C_algo20220416001438; 31=0; 150=4; 39=4; 54=1; 17=exec20220416001438; 32=0; 41=algo20220416001438; 38=19419; 60=2022-04-16-00:14:38; 6=0.0; 14=0; 37=algo20220416001438; 10=252;
8=FIX4.4; 35=D; 34=98; 49=MTHREE; 56=MS; 52=2022-04-16-00:14:40; 55=ATEN; 40=2; 38=22950; 21=2; 11=algo20220416001440; 60=2022-04-16-00:14:40; 54=1; 44=6.45; 10=0252;
8=FIX4.4; 35=8; 34=151; 49=MS; 56=MTHREE; 52=2022-04-16-00:14:40; 55=ATEN; 40=2; 11=algo20220416001440; 31=6.45; 150=0; 39=0; 54=1; 44=6.45; 32=0; 17=exec20220416001440; 38=22950; 60=2022-04-16-00:14:40; 6=0; 14=0; 37=algo20220416001440; 10=200;
8=FIX4.4; 35=8; 34=152; 49=MS; 56=MTHREE; 52=2022-04-16-00:14:40; 55=ATEN; 40=2; 11=algo20220416001440; 31=6.45; 150=1; 39=1; 54=1; 44=6.45; 32=7650; 17=exec20220416001440; 38=22950; 60=2022-04-16-00:14:40; 6=6.45; 14=7650; 37=algo20220416001440; 10=240;
8=FIX4.4; 35=8; 34=153; 49=MS; 56=MTHREE; 52=2022-04-16-00:14:41; 55=ATEN; 40=2; 11=algo20220416001440; 31=6.45; 150=1; 39=1; 54=1; 44=6.45; 32=7650; 17=exec20220416001441; 38=22950; 60=2022-04-16-00:14:41; 6=6.45; 14=15300; 37=algo20220416001440; 10=240;
8=FIX4.4; 35=8; 34=154; 49=MS; 56=MTHREE; 52=2022-04-16-00:14:43; 55=ATEN; 40=2; 11=algo20220416001440; 31=6.45; 150=2; 39=2; 54=1; 44=6.45; 32=7650; 17=exec20220416001443; 38=22950; 60=2022-04-16-00:14:43; 6=6.45; 14=22950; 37=algo20220416001440; 10=246;
8=FIX4.4; 35=D; 34=99; 49=MTHREE; 56=MS; 52=2022-04-16-00:14:43; 55=AIR; 40=2; 38=32505; 21=2; 11=algo20220416001443; 60=2022-04-16-00:14:43; 54=2; 44=16.31; 10=0252;
8=FIX4.4; 35=8; 34=155; 49=MS; 56=MTHREE; 52=2022-04-16-00:14:43; 55=AIR; 40=2; 11=algo20220416001443; 31=16.31; 150=0; 39=0; 54=2; 44=16.31; 32=0; 17=exec20220416001443; 38=32505; 60=2022-04-16-00:14:43; 6=0; 14=0; 37=algo20220416001443; 10=200;
8=FIX4.4; 35=8; 34=156; 49=MS; 56=MTHREE; 52=2022-04-16-00:14:44; 55=AIR; 40=2; 11=algo20220416001443; 31=16.31; 150=2; 39=2; 54=2; 44=16.31; 32=32505; 17=exec20220416001444; 38=32505; 60=2022-04-16-00:14:44; 6=16.31; 14=32505; 37=algo20220416001443; 10=246;
8=FIX4.4; 35=D; 34=100; 49=MTHREE; 56=MS; 52=2022-04-16-00:14:44; 55=AAN; 40=2; 38=29476; 21=2; 11=algo20220416001444; 60=2022-04-16-00:14:44; 54=1; 44=25.68; 10=0252;
8=FIX4.4; 35=8; 34=157; 49=MS; 56=MTHREE; 52=2022-04-16-00:14:44; 55=AAN; 40=2; 11=algo20220416001444; 31=25.68; 150=0; 39=0; 54=1; 44=25.68; 32=0; 17=exec20220416001444; 38=29476; 60=2022-04-16-00:14:44; 6=0; 14=0; 37=algo20220416001444; 10=200;
8=FIX4.4; 35=8; 34=158; 49=MS; 56=MTHREE; 52=2022-04-16-00:14:45; 55=AAN; 40=2; 11=algo20220416001444; 31=25.68; 150=2; 39=2; 54=1; 44=25.68; 32=29476; 17=exec20220416001445; 38=29476; 60=2022-04-16-00:14:45; 6=25.68; 14=29476; 37=algo20220416001444; 10=246;
8=FIX4.4; 35=D; 34=101; 49=MTHREE; 56=MS; 52=2022-04-16-00:14:45; 55=ABB; 40=2; 38=1064; 21=2; 11=algo20220416001445; 60=2022-04-16-00:14:45; 54=2; 44=17.42; 10=0252;
8=FIX4.4; 35=8; 34=159; 49=MS; 56=MTHREE; 52=2022-04-16-00:14:45; 55=ABB; 40=2; 11=algo20220416001445; 31=17.42; 150=0; 39=0; 54=2; 44=17.42; 32=0; 17=exec20220416001445; 38=1064; 60=2022-04-16-00:14:45; 6=0; 14=0; 37=algo20220416001445; 10=200;
8=FIX4.4; 35=F; 34=101; 49=MTHREE; 56=MS; 52=2022-04-16-00:14:45; 41=algo20220416001445; 55=ABB; 38=1064; 11=C_algo20220416001445; 60=2022-04-16-00:14:45; 10=060;
8=FIX4.4; 35=8; 34=159; 49=MS; 56=MTHREE; 52=2022-04-16-00:14:45; 55=ABB; 11=C_algo20220416001445; 31=0; 150=6; 39=6; 54=2; 44=17.42; 17=exec20220416001445; 32=0; 41=algo20220416001445; 38=1064; 60=2022-04-16-00:14:45; 6=0.0; 14=0; 37=algo20220416001445; 10=252;
8=FIX4.4; 35=8; 34=160; 49=MS; 56=MTHREE; 52=2022-04-16-00:14:45; 151=852; 55=ABB; 11=C_algo20220416001445; 31=0; 150=4; 39=4; 54=2; 17=exec20220416001445; 32=0; 41=algo20220416001445; 38=1064; 60=2022-04-16-00:14:45; 6=0.0; 14=0; 37=algo20220416001445; 10=252;
8=FIX4.4; 35=D; 34=103; 49=MTHREE; 56=MS; 52=2022-04-16-00:14:47; 55=ABT; 40=2; 38=6487; 21=2; 11=algo20220416001447; 60=2022-04-16-00:14:47; 54=2; 44=94.04; 10=0252;
8=FIX4.4; 35=8; 34=162; 49=MS; 56=MTHREE; 52=2022-04-16-00:14:47; 55=ABT; 40=2; 11=algo20220416001447; 31=94.04; 150=0; 39=0; 54=2; 44=94.04; 32=0; 17=exec20220416001447; 38=6487; 60=2022-04-16-00:14:47; 6=0; 14=0; 37=algo20220416001447; 10=200;
8=FIX4.4; 35=F; 34=103; 49=MTHREE; 56=MS; 52=2022-04-16-00:14:47; 41=algo20220416001447; 55=ABT; 38=6487; 11=C_algo20220416001447; 60=2022-04-16-00:14:47; 10=060;
8=FIX4.4; 35=8; 34=162; 49=MS; 56=MTHREE; 52=2022-04-16-00:14:47; 55=ABT; 11=C_algo20220416001447; 31=0; 150=6; 39=6; 54=2; 44=94.04; 17=exec20220416001447; 32=0; 41=algo20220416001447; 38=6487; 60=2022-04-16-00:14:47; 6=0.0; 14=0; 37=algo20220416001447; 10=252;
8=FIX4.4; 35=8; 34=163; 49=MS; 56=MTHREE; 52=2022-04-16-00:14:47; 151=4866; 55=ABT; 11=C_algo20220416001447; 31=0; 150=4; 39=4; 54=2; 17=exec20220416001447; 32=0; 41=algo20220416001447; 38=6487; 60=2022-04-16-00:14:47; 6=0.0; 14=0; 37=algo20220416001447; 10=252;
8=FIX4.4; 35=D; 34=105; 49=MTHREE; 56=MS; 52=2022-04-16-00:14:49; 55=ABBV; 40=2; 38=11594; 21=2; 11=algo20220416001449; 60=2022-04-16-00:14:49; 54=1; 44=83.60; 10=0252;
8=FIX4.4; 35=8; 34=165; 49=MS; 56=MTHREE; 52=2022-04-16-00:14:49; 55=ABBV; 40=2; 11=algo20220416001449; 31=83.60; 150=0; 39=0; 54=1; 44=83.60; 32=0; 17=exec20220416001449; 38=11594; 60=2022-04-16-00:14:49; 6=0; 14=0; 37=algo20220416001449; 10=200;
8=FIX4.4; 35=8; 34=166; 49=MS; 56=MTHREE; 52=2022-04-16-00:14:50; 55=ABBV; 40=2; 11=algo20220416001449; 31=83.60; 150=2; 39=2; 54=1; 44=83.60; 32=11594; 17=exec20220416001450; 38=11594; 60=2022-04-16-00:14:50; 6=83.60; 14=11594; 37=algo20220416001449; 10=246;
8=FIX4.4; 35=D; 34=106; 49=MTHREE; 56=MS; 52=2022-04-16-00:14:50; 55=ANF; 40=2; 38=26160; 21=2; 11=algo20220416001450; 60=2022-04-16-00:14:50; 54=1; 44=9.10; 10=0252;
8=FIX4.4; 35=8; 34=167; 49=MS; 56=MTHREE; 52=2022-04-16-00:14:50; 55=ANF; 40=2; 11=algo20220416001450; 31=9.10; 150=0; 39=0; 54=1; 44=9.10; 32=0; 17=exec20220416001450; 38=26160; 60=2022-04-16-00:14:50; 6=0; 14=0; 37=algo20220416001450; 10=200;
8=FIX4.4; 35=F; 34=106; 49=MTHREE; 56=MS; 52=2022-04-16-00:14:50; 41=algo20220416001450; 55=ANF; 38=26160; 11=C_algo20220416001450; 60=2022-04-16-00:14:50; 10=060;
8=FIX4.4; 35=8; 34=167; 49=MS; 56=MTHREE; 52=2022-04-16-00:14:50; 55=ANF; 11=C_algo20220416001450; 31=0; 150=6; 39=6; 54=1; 44=9.10; 17=exec20220416001450; 32=0; 41=algo20220416001450; 38=26160; 60=2022-04-16-00:14:50; 6=0.0; 14=0; 37=algo20220416001450; 10=252;
8=FIX4.4; 35=8; 34=168; 49=MS; 56=MTHREE; 52=2022-04-16-00:14:50; 151=19620; 55=ANF; 11=C_algo20220416001450; 31=0; 150=4; 39=4; 54=1; 17=exec20220416001450; 32=0; 41=algo20220416001450; 38=26160; 60=2022-04-16-00:14:50; 6=0.0; 14=0; 37=algo20220416001450; 10=252;
8=FIX4.4; 35=D; 34=108; 49=MTHREE; 56=MS; 52=2022-04-16-00:14:52; 55=ABM; 40=2; 38=23010; 21=2; 11=algo20220416001452; 60=2022-04-16-00:14:52; 54=2; 44=31.64; 10=0252;
8=FIX4.4; 35=8; 34=170; 49=MS; 56=MTHREE; 52=2022-04-16-00:14:52; 55=ABM; 40=2; 11=algo20220416001452; 31=31.64; 150=0; 39=0; 54=2; 44=31.64; 32=0; 17=exec20220416001452; 38=23010; 60=2022-04-16-00:14:52; 6=0; 14=0; 37=algo20220416001452; 10=200;
8=FIX4.4; 35=F; 34=108; 49=MTHREE; 56=MS; 52=2022-04-16-00:14:52; 41=algo20220416001452; 55=ABM; 38=23010; 11=C_algo20220416001452; 60=2022-04-16-00:14:52; 10=060;
8=FIX4.4; 35=8; 34=170; 49=MS; 56=MTHREE; 52=2022-04-16-00:14:52; 55=ABM; 11=C_algo20220416001452; 31=0; 150=6; 39=6; 54=2; 44=31.64; 17=exec20220416001452; 32=0; 41=algo20220416001452; 38=23010; 60=2022-04-16-00:14:52; 6=0.0; 14=0; 37=algo20220416001452; 10=252;
8=FIX4.4; 35=8; 34=171; 49=MS; 56=MTHREE; 52=2022-04-16-00:14:52; 151=11505; 55=ABM; 11=C_algo20220416001452; 31=0; 150=4; 39=4; 54=2; 17=exec20220416001452; 32=0; 41=algo20220416001452; 38=23010; 60=2022-04-16-00:14:52; 6=0.0; 14=0; 37=algo20220416001452; 10=252;
8=FIX4.4; 35=D; 34=110; 49=MTHREE; 56=MS; 52=2022-04-16-00:14:54; 55=AAPL; 40=2; 38=12724; 21=2; 11=algo20220416001454; 60=2022-04-16-00:14:54; 54=1; 44=284.65; 10=0252;
8=FIX4.4; 35=8; 34=173; 49=MS; 56=MTHREE; 52=2022-04-16-00:14:54; 55=AAPL; 40=2; 11=algo20220416001454; 31=284.65; 150=0; 39=0; 54=1; 44=284.65; 32=0; 17=exec20220416001454; 38=12724; 60=2022-04-16-00:14:54; 6=0; 14=0; 37=algo20220416001454; 10=200;
8=FIX4.4; 35=8; 34=174; 49=MS; 56=MTHREE; 52=2022-04-16-00:14:55; 55=AAPL; 40=2; 11=algo20220416001454; 31=284.65; 150=2; 39=2; 54=1; 44=284.65; 32=12724; 17=exec20220416001455; 38=12724; 60=2022-04-16-00:14:55; 6=284.65; 14=12724; 37=algo20220416001454; 10=246;
8=FIX4.4; 35=D; 34=111; 49=MTHREE; 56=MS; 52=2022-04-16-00:14:55; 55=PEP; 40=2; 38=10368; 21=2; 11=algo20220416001455; 60=2022-04-16-00:14:55; 54=1; 44=45.43; 10=0252;
8=FIX4.4; 35=8; 34=175; 49=MS; 56=MTHREE; 52=2022-04-16-00:14:55; 55=PEP; 40=2; 11=algo20220416001455; 31=45.43; 150=0; 39=0; 54=1; 44=45.43; 32=0; 17=exec20220416001455; 38=10368; 60=2022-04-16-00:14:55; 6=0; 14=0; 37=algo20220416001455; 10=200;
8=FIX4.4; 35=F; 34=111; 49=MTHREE; 56=MS; 52=2022-04-16-00:14:55; 41=algo20220416001455; 55=PEP; 38=10368; 11=C_algo20220416001455; 60=2022-04-16-00:14:55; 10=060;
8=FIX4.4; 35=8; 34=175; 49=MS; 56=MTHREE; 52=2022-04-16-00:14:55; 55=PEP; 11=C_algo20220416001455; 31=0; 150=6; 39=6; 54=1; 44=45.43; 17=exec20220416001455; 32=0; 41=algo20220416001455; 38=10368; 60=2022-04-16-00:14:55; 6=0.0; 14=0; 37=algo20220416001455; 10=252;
8=FIX4.4; 35=8; 34=176; 49=MS; 56=MTHREE; 52=2022-04-16-00:14:55; 151=5184; 55=PEP; 11=C_algo20220416001455; 31=0; 150=4; 39=4; 54=1; 17=exec20220416001455; 32=0; 41=algo20220416001455; 38=10368; 60=2022-04-16-00:14:55; 6=0.0; 14=0; 37=algo20220416001455; 10=252;
8=FIX4.4; 35=D; 34=113; 49=MTHREE; 56=MS; 52=2022-04-16-00:14:57; 55=; 40=2; 38=25263; 21=2; 11=algo20220416001457; 60=2022-04-16-00:14:57; 54=2; 44=; 10=0252;
8=FIX4.4; 35=8; 34=178; 49=MS; 56=MTHREE; 52=2022-04-16-00:14:57; 55=; 40=2; 11=algo20220416001457; 31=; 150=0; 39=0; 54=2; 44=; 32=0; 17=exec20220416001457; 38=25263; 60=2022-04-16-00:14:57; 6=0; 14=0; 37=algo20220416001457; 10=200;
8=FIX4.4; 35=F; 34=113; 49=MTHREE; 56=MS; 52=2022-04-16-00:14:57; 41=algo20220416001457; 55=; 38=25263; 11=C_algo20220416001457; 60=2022-04-16-00:14:57; 10=060;
8=FIX4.4; 35=8; 34=178; 49=MS; 56=MTHREE; 52=2022-04-16-00:14:57; 55=; 11=C_algo20220416001457; 31=0; 150=6; 39=6; 54=2; 44=; 17=exec20220416001457; 32=0; 41=algo20220416001457; 38=25263; 60=2022-04-16-00:14:57; 6=0.0; 14=0; 37=algo20220416001457; 10=252;
8=FIX4.4; 35=8; 34=179; 49=MS; 56=MTHREE; 52=2022-04-16-00:14:57; 151=20211; 55=; 11=C_algo20220416001457; 31=0; 150=4; 39=4; 54=2; 17=exec20220416001457; 32=0; 41=algo20220416001457; 38=25263; 60=2022-04-16-00:14:57; 6=0.0; 14=0; 37=algo20220416001457; 10=252;
