8=FIX4.4; 35=A; 34=1; 49=MTHREE; 56=MS; 52=2022-04-16-00:11:41; 108=30; 10=0015;
8=FIX4.4; 35=A; 34=1; 49=MS; 56=MTHREE; 52=2022-04-16-00:11:41; 108=30; 10=0016;
8=FIX4.4; 35=0; 34=2; 49=MTHREE; 56=MS; 52=2022-04-16-00:11:42; 108=30; 10=0015;
8=FIX4.4; 35=0; 34=2; 49=MS; 56=MTHREE; 52=2022-04-16-00:11:42; 108=30; 10=0015;
8=FIX4.4; 35=0; 34=3; 49=MTHREE; 56=MS; 52=2022-04-16-00:11:44; 108=30; 10=0015;
8=FIX4.4; 35=0; 34=3; 49=MS; 56=MTHREE; 52=2022-04-16-00:11:44; 108=30; 10=0015;
8=FIX4.4; 35=0; 34=4; 49=MTHREE; 56=MS; 52=2022-04-16-00:11:46; 108=30; 10=0015;
8=FIX4.4; 35=0; 34=4; 49=MS; 56=MTHREE; 52=2022-04-16-00:11:46; 108=30; 10=0015;
8=FIX4.4; 35=0; 34=5; 49=MTHREE; 56=MS; 52=2022-04-16-00:11:48; 108=30; 10=0015;
8=FIX4.4; 35=0; 34=5; 49=MS; 56=MTHREE; 52=2022-04-16-00:11:48; 108=30; 10=0015;
8=FIX4.4; 35=0; 34=6; 49=MTHREE; 56=MS; 52=2022-04-16-00:11:50; 108=30; 10=0015;
8=FIX4.4; 35=0; 34=6; 49=MS; 56=MTHREE; 52=2022-04-16-00:11:50; 108=30; 10=0015;
8=FIX4.4; 35=0; 34=7; 49=MTHREE; 56=MS; 52=2022-04-16-00:11:52; 108=30; 10=0015;
8=FIX4.4; 35=0; 34=7; 49=MS; 56=MTHREE; 52=2022-04-16-00:11:52; 108=30; 10=0015;
8=FIX4.4; 35=0; 34=8; 49=MTHREE; 56=MS; 52=2022-04-16-00:11:54; 108=30; 10=0015;
8=FIX4.4; 35=0; 34=8; 49=MS; 56=MTHREE; 52=2022-04-16-00:11:54; 108=30; 10=0015;
8=FIX4.4; 35=0; 34=9; 49=MTHREE; 56=MS; 52=2022-04-16-00:11:56; 108=30; 10=0015;
8=FIX4.4; 35=0; 34=9; 49=MS; 56=MTHREE; 52=2022-04-16-00:11:56; 108=30; 10=0015;
8=FIX4.4; 35=0; 34=10; 49=MTHREE; 56=MS; 52=2022-04-16-00:11:58; 108=30; 10=0015;
8=FIX4.4; 35=0; 34=10; 49=MS; 56=MTHREE; 52=2022-04-16-00:11:58; 108=30; 10=0015;
8=FIX4.4; 35=0; 34=11; 49=MTHREE; 56=MS; 52=2022-04-16-00:12:00; 108=30; 10=0015;
8=FIX4.4; 35=0; 34=11; 49=MS; 56=MTHREE; 52=2022-04-16-00:12:00; 108=30; 10=0015;
8=FIX4.4; 35=0; 34=12; 49=MTHREE; 56=MS; 52=2022-04-16-00:12:02; 108=30; 10=0015;
8=FIX4.4; 35=0; 34=12; 49=MS; 56=MTHREE; 52=2022-04-16-00:12:02; 108=30; 10=0015;
8=FIX4.4; 35=0; 34=13; 49=MTHREE; 56=MS; 52=2022-04-16-00:12:04; 108=30; 10=0015;
8=FIX4.4; 35=0; 34=13; 49=MS; 56=MTHREE; 52=2022-04-16-00:12:04; 108=30; 10=0015;
8=FIX4.4; 35=0; 34=14; 49=MTHREE; 56=MS; 52=2022-04-16-00:12:06; 108=30; 10=0015;
8=FIX4.4; 35=0; 34=14; 49=MS; 56=MTHREE; 52=2022-04-16-00:12:06; 108=30; 10=0015;
8=FIX4.4; 35=0; 34=15; 49=MTHREE; 56=MS; 52=2022-04-16-00:12:08; 108=30; 10=0015;
8=FIX4.4; 35=0; 34=15; 49=MS; 56=MTHREE; 52=2022-04-16-00:12:08; 108=30; 10=0015;
8=FIX4.4; 35=0; 34=16; 49=MTHREE; 56=MS; 52=2022-04-16-00:12:10; 108=30; 10=0015;
8=FIX4.4; 35=0; 34=16; 49=MS; 56=MTHREE; 52=2022-04-16-00:12:10; 108=30; 10=0015;
8=FIX4.4; 35=0; 34=17; 49=MTHREE; 56=MS; 52=2022-04-16-00:12:12; 108=30; 10=0015;
8=FIX4.4; 35=0; 34=17; 49=MS; 56=MTHREE; 52=2022-04-16-00:12:12; 108=30; 10=0015;
8=FIX4.4; 35=0; 34=18; 49=MTHREE; 56=MS; 52=2022-04-16-00:12:14; 108=30; 10=0015;
8=FIX4.4; 35=0; 34=18; 49=MS; 56=MTHREE; 52=2022-04-16-00:12:14; 108=30; 10=0015;
8=FIX4.4; 35=0; 34=19; 49=MTHREE; 56=MS; 52=2022-04-16-00:12:16; 108=30; 10=0015;
8=FIX4.4; 35=0; 34=19; 49=MS; 56=MTHREE; 52=2022-04-16-00:12:16; 108=30; 10=0015;
8=FIX4.4; 35=0; 34=20; 49=MTHREE; 56=MS; 52=2022-04-16-00:12:18; 108=30; 10=0015;
8=FIX4.4; 35=0; 34=20; 49=MS; 56=MTHREE; 52=2022-04-16-00:12:18; 108=30; 10=0015;
8=FIX4.4; 35=0; 34=21; 49=MTHREE; 56=MS; 52=2022-04-16-00:12:20; 108=30; 10=0015;
8=FIX4.4; 35=0; 34=21; 49=MS; 56=MTHREE; 52=2022-04-16-00:12:20; 108=30; 10=0015;
8=FIX4.4; 35=0; 34=22; 49=MTHREE; 56=MS; 52=2022-04-16-00:12:22; 108=30; 10=0015;
8=FIX4.4; 35=0; 34=22; 49=MS; 56=MTHREE; 52=2022-04-16-00:12:22; 108=30; 10=0015;
8=FIX4.4; 35=0; 34=23; 49=MTHREE; 56=MS; 52=2022-04-16-00:12:24; 108=30; 10=0015;
8=FIX4.4; 35=0; 34=23; 49=MS; 56=MTHREE; 52=2022-04-16-00:12:24; 108=30; 10=0015;
8=FIX4.4; 35=0; 34=24; 49=MTHREE; 56=MS; 52=2022-04-16-00:12:26; 108=30; 10=0015;
8=FIX4.4; 35=0; 34=24; 49=MS; 56=MTHREE; 52=2022-04-16-00:12:26; 108=30; 10=0015;
8=FIX4.4; 35=0; 34=25; 49=MTHREE; 56=MS; 52=2022-04-16-00:12:28; 108=30; 10=0015;
8=FIX4.4; 35=0; 34=25; 49=MS; 56=MTHREE; 52=2022-04-16-00:12:28; 108=30; 10=0015;
8=FIX4.4; 35=0; 34=26; 49=MTHREE; 56=MS; 52=2022-04-16-00:12:30; 108=30; 10=0015;
8=FIX4.4; 35=0; 34=26; 49=MS; 56=MTHREE; 52=2022-04-16-00:12:30; 108=30; 10=0015;
8=FIX4.4; 35=0; 34=27; 49=MTHREE; 56=MS; 52=2022-04-16-00:12:32; 108=30; 10=0015;
8=FIX4.4; 35=0; 34=27; 49=MS; 56=MTHREE; 52=2022-04-16-00:12:32; 108=30; 10=0015;
8=FIX4.4; 35=0; 34=28; 49=MTHREE; 56=MS; 52=2022-04-16-00:12:34; 108=30; 10=0015;
8=FIX4.4; 35=0; 34=28; 49=MS; 56=MTHREE; 52=2022-04-16-00:12:34; 108=30; 10=0015;
8=FIX4.4; 35=0; 34=29; 49=MTHREE; 56=MS; 52=2022-04-16-00:12:36; 108=30; 10=0015;
8=FIX4.4; 35=0; 34=29; 49=MS; 56=MTHREE; 52=2022-04-16-00:12:36; 108=30; 10=0015;
8=FIX4.4; 35=0; 34=30; 49=MTHREE; 56=MS; 52=2022-04-16-00:12:38; 108=30; 10=0015;
8=FIX4.4; 35=0; 34=30; 49=MS; 56=MTHREE; 52=2022-04-16-00:12:38; 108=30; 10=0015;
8=FIX4.4; 35=0; 34=31; 49=MTHREE; 56=MS; 52=2022-04-16-00:12:40; 108=30; 10=0015;
8=FIX4.4; 35=0; 34=31; 49=MS; 56=MTHREE; 52=2022-04-16-00:12:40; 108=30; 10=0015;
8=FIX4.4; 35=0; 34=32; 49=MTHREE; 56=MS; 52=2022-04-16-00:12:42; 108=30; 10=0015;
8=FIX4.4; 35=0; 34=32; 49=MS; 56=MTHREE; 52=2022-04-16-00:12:42; 108=30; 10=0015;
8=FIX4.4; 35=0; 34=33; 49=MTHREE; 56=MS; 52=2022-04-16-00:12:44; 108=30; 10=0015;
8=FIX4.4; 35=0; 34=33; 49=MS; 56=MTHREE; 52=2022-04-16-00:12:44; 108=30; 10=0015;
8=FIX4.4; 35=0; 34=34; 49=MTHREE; 56=MS; 52=2022-04-16-00:12:46; 108=30; 10=0015;
8=FIX4.4; 35=0; 34=34; 49=MS; 56=MTHREE; 52=2022-04-16-00:12:46; 108=30; 10=0015;
8=FIX4.4; 35=0; 34=35; 49=MTHREE; 56=MS; 52=2022-04-16-00:12:48; 108=30; 10=0015;
8=FIX4.4; 35=0; 34=35; 49=MS; 56=MTHREE; 52=2022-04-16-00:12:48; 108=30; 10=0015;
8=FIX4.4; 35=0; 34=36; 49=MTHREE; 56=MS; 52=2022-04-16-00:12:50; 108=30; 10=0015;
8=FIX4.4; 35=0; 34=36; 49=MS; 56=MTHREE; 52=2022-04-16-00:12:50; 108=30; 10=0015;
8=FIX4.4; 35=0; 34=37; 49=MTHREE; 56=MS; 52=2022-04-16-00:12:52; 108=30; 10=0015;
8=FIX4.4; 35=0; 34=37; 49=MS; 56=MTHREE; 52=2022-04-16-00:12:52; 108=30; 10=0015;
8=FIX4.4; 35=0; 34=38; 49=MTHREE; 56=MS; 52=2022-04-16-00:12:54; 108=30; 10=0015;
8=FIX4.4; 35=0; 34=38; 49=MS; 56=MTHREE; 52=2022-04-16-00:12:54; 108=30; 10=0015;
8=FIX4.4; 35=0; 34=39; 49=MTHREE; 56=MS; 52=2022-04-16-00:12:56; 108=30; 10=0015;
8=FIX4.4; 35=0; 34=39; 49=MS; 56=MTHREE; 52=2022-04-16-00:12:56; 108=30; 10=0015;
8=FIX4.4; 35=0; 34=40; 49=MTHREE; 56=MS; 52=2022-04-16-00:12:58; 108=30; 10=0015;
8=FIX4.4; 35=0; 34=40; 49=MS; 56=MTHREE; 52=2022-04-16-00:12:58; 108=30; 10=0015;
8=FIX4.4; 35=0; 34=41; 49=MTHREE; 56=MS; 52=2022-04-16-00:13:00; 108=30; 10=0015;
8=FIX4.4; 35=0; 34=41; 49=MS; 56=MTHREE; 52=2022-04-16-00:13:00; 108=30; 10=0015;
8=FIX4.4; 35=0; 34=42; 49=MTHREE; 56=MS; 52=2022-04-16-00:13:02; 108=30; 10=0015;
8=FIX4.4; 35=0; 34=42; 49=MS; 56=MTHREE; 52=2022-04-16-00:13:02; 108=30; 10=0015;
8=FIX4.4; 35=0; 34=43; 49=MTHREE; 56=MS; 52=2022-04-16-00:13:04; 108=30; 10=0015;
8=FIX4.4; 35=0; 34=43; 49=MS; 56=MTHREE; 52=2022-04-16-00:13:04; 108=30; 10=0015;
8=FIX4.4; 35=0; 34=44; 49=MTHREE; 56=MS; 52=2022-04-16-00:13:06; 108=30; 10=0015;
8=FIX4.4; 35=0; 34=44; 49=MS; 56=MTHREE; 52=2022-04-16-00:13:06; 108=30; 10=0015;
8=FIX4.4; 35=0; 34=45; 49=MTHREE; 56=MS; 52=2022-04-16-00:13:08; 108=30; 10=0015;
8=FIX4.4; 35=0; 34=45; 49=MS; 56=MTHREE; 52=2022-04-16-00:13:08; 108=30; 10=0015;
8=FIX4.4; 35=0; 34=46; 49=MTHREE; 56=MS; 52=2022-04-16-00:13:10; 108=30; 10=0015;
8=FIX4.4; 35=0; 34=46; 49=MS; 56=MTHREE; 52=2022-04-16-00:13:10; 108=30; 10=0015;
8=FIX4.4; 35=0; 34=47; 49=MTHREE; 56=MS; 52=2022-04-16-00:13:12; 108=30; 10=0015;
8=FIX4.4; 35=0; 34=47; 49=MS; 56=MTHREE; 52=2022-04-16-00:13:12; 108=30; 10=0015;
8=FIX4.4; 35=0; 34=48; 49=MTHREE; 56=MS; 52=2022-04-16-00:13:14; 108=30; 10=0015;
8=FIX4.4; 35=0; 34=48; 49=MS; 56=MTHREE; 52=2022-04-16-00:13:14; 108=30; 10=0015;
8=FIX4.4; 35=0; 34=49; 49=MTHREE; 56=MS; 52=2022-04-16-00:13:16; 108=30; 10=0015;
8=FIX4.4; 35=0; 34=49; 49=MS; 56=MTHREE; 52=2022-04-16-00:13:16; 108=30; 10=0015;
8=FIX4.4; 35=0; 34=50; 49=MTHREE; 56=MS; 52=2022-04-16-00:13:18; 108=30; 10=0015;
8=FIX4.4; 35=0; 34=50; 49=MS; 56=MTHREE; 52=2022-04-16-00:13:18; 108=30; 10=0015;
8=FIX4.4; 35=0; 34=51; 49=MTHREE; 56=MS; 52=2022-04-16-00:13:20; 108=30; 10=0015;
8=FIX4.4; 35=0; 34=51; 49=MS; 56=MTHREE; 52=2022-04-16-00:13:20; 108=30; 10=0015;
8=FIX4.4; 35=D; 34=52; 49=MTHREE; 56=MS; 52=2022-04-16-00:13:22; 55=AAPL; 40=2; 38=10561; 21=2; 11=algo20220416001322; 60=2022-04-16-00:13:22; 54=2; 44=1276.37; 10=0252;
8=FIX4.4; 35=8; 34=52; 49=MS; 56=MTHREE; 52=2022-04-16-00:13:22; 55=AAPL; 40=2; 11=algo20220416001322; 31=1276.37; 150=0; 39=0; 54=2; 44=1276.37; 32=0; 17=exec20220416001322; 38=10561; 60=2022-04-16-00:13:22; 6=0; 14=0; 37=algo20220416001322; 10=200;
8=FIX4.4; 35=F; 34=52; 49=MTHREE; 56=MS; 52=2022-04-16-00:13:22; 41=algo20220416001322; 55=AAPL; 38=10561; 11=C_algo20220416001322; 60=2022-04-16-00:13:22; 10=060;
8=FIX4.4; 35=8; 34=52; 49=MS; 56=MTHREE; 52=2022-04-16-00:13:22; 55=AAPL; 11=C_algo20220416001322; 31=0; 150=6; 39=6; 54=2; 44=1276.37; 17=exec20220416001322; 32=0; 41=algo20220416001322; 38=10561; 60=2022-04-16-00:13:22; 6=0.0; 14=0; 37=algo20220416001322; 10=252;
8=FIX4.4; 35=8; 34=53; 49=MS; 56=MTHREE; 52=2022-04-16-00:13:22; 151=7041; 55=AAPL; 11=C_algo20220416001322; 31=0; 150=4; 39=4; 54=2; 17=exec20220416001322; 32=0; 41=algo20220416001322; 38=10561; 60=2022-04-16-00:13:22; 6=0.0; 14=0; 37=algo20220416001322; 10=252;
8=FIX4.4; 35=D; 34=54; 49=MTHREE; 56=MS; 52=2022-04-16-00:13:24; 55=MSFT; 40=2; 38=941; 21=2; 11=algo20220416001324; 60=2022-04-16-00:13:24; 54=1; 44=59.89; 10=0252;
8=FIX4.4; 35=8; 34=55; 49=MS; 56=MTHREE; 52=2022-04-16-00:13:24; 55=MSFT; 40=2; 11=algo20220416001324; 31=59.89; 150=0; 39=0; 54=1; 44=59.89; 32=0; 17=exec20220416001324; 38=941; 60=2022-04-16-00:13:24; 6=0; 14=0; 37=algo20220416001324; 10=200;
8=FIX4.4; 35=8; 34=56; 49=MS; 56=MTHREE; 52=2022-04-16-00:13:25; 55=MSFT; 40=2; 11=algo20220416001324; 31=59.89; 150=2; 39=2; 54=1; 44=59.89; 32=941; 17=exec20220416001325; 38=941; 60=2022-04-16-00:13:25; 6=59.89; 14=941; 37=algo20220416001324; 10=246;
8=FIX4.4; 35=D; 34=55; 49=MTHREE; 56=MS; 52=2022-04-16-00:13:25; 55=AMZN; 40=2; 38=29800; 21=2; 11=algo20220416001325; 60=2022-04-16-00:13:25; 54=1; 44=133.47; 10=0252;
8=FIX4.4; 35=8; 34=57; 49=MS; 56=MTHREE; 52=2022-04-16-00:13:25; 55=AMZN; 40=2; 11=algo20220416001325; 31=133.47; 150=0; 39=0; 54=1; 44=133.47; 32=0; 17=exec20220416001325; 38=29800; 60=2022-04-16-00:13:25; 6=0; 14=0; 37=algo20220416001325; 10=200;
8=FIX4.4; 35=8; 34=58; 49=MS; 56=MTHREE; 52=2022-04-16-00:13:26; 55=AMZN; 40=2; 11=algo20220416001325; 31=133.47; 150=2; 39=2; 54=1; 44=133.47; 32=29800; 17=exec20220416001326; 38=29800; 60=2022-04-16-00:13:26; 6=133.47; 14=29800; 37=algo20220416001325; 10=246;
8=FIX4.4; 35=D; 34=56; 49=MTHREE; 56=MS; 52=2022-04-16-00:13:26; 55=FB; 40=2; 38=5928; 21=2; 11=algo20220416001326; 60=2022-04-16-00:13:26; 54=1; 44=430.62; 10=0252;
8=FIX4.4; 35=8; 34=59; 49=MS; 56=MTHREE; 52=2022-04-16-00:13:26; 55=FB; 40=2; 11=algo20220416001326; 31=430.62; 150=0; 39=0; 54=1; 44=430.62; 32=0; 17=exec20220416001326; 38=5928; 60=2022-04-16-00:13:26; 6=0; 14=0; 37=algo20220416001326; 10=200;
8=FIX4.4; 35=F; 34=56; 49=MTHREE; 56=MS; 52=2022-04-16-00:13:26; 41=algo20220416001326; 55=FB; 38=5928; 11=C_algo20220416001326; 60=2022-04-16-00:13:26; 10=060;
8=FIX4.4; 35=8; 34=59; 49=MS; 56=MTHREE; 52=2022-04-16-00:13:26; 55=FB; 11=C_algo20220416001326; 31=0; 150=6; 39=6; 54=1; 44=430.62; 17=exec20220416001326; 32=0; 41=algo20220416001326; 38=5928; 60=2022-04-16-00:13:26; 6=0.0; 14=0; 37=algo20220416001326; 10=252;
8=FIX4.4; 35=8; 34=60; 49=MS; 56=MTHREE; 52=2022-04-16-00:13:26; 151=4446; 55=FB; 11=C_algo20220416001326; 31=0; 150=4; 39=4; 54=1; 17=exec20220416001326; 32=0; 41=algo20220416001326; 38=5928; 60=2022-04-16-00:13:26; 6=0.0; 14=0; 37=algo20220416001326; 10=252;
8=FIX4.4; 35=D; 34=58; 49=MTHREE; 56=MS; 52=2022-04-16-00:13:28; 55=GOOG; 40=2; 38=19175; 21=2; 11=algo20220416001328; 60=2022-04-16-00:13:28; 54=2; 44=42.05; 10=0252;
8=FIX4.4; 35=8; 34=62; 49=MS; 56=MTHREE; 52=2022-04-16-00:13:28; 55=GOOG; 40=2; 11=algo20220416001328; 31=42.05; 150=0; 39=0; 54=2; 44=42.05; 32=0; 17=exec20220416001328; 38=19175; 60=2022-04-16-00:13:28; 6=0; 14=0; 37=algo20220416001328; 10=200;
8=FIX4.4; 35=8; 34=63; 49=MS; 56=MTHREE; 52=2022-04-16-00:13:29; 55=GOOG; 40=2; 11=algo20220416001328; 31=42.05; 150=2; 39=2; 54=2; 44=42.05; 32=19175; 17=exec20220416001329; 38=19175; 60=2022-04-16-00:13:29; 6=42.05; 14=19175; 37=algo20220416001328; 10=246;
8=FIX4.4; 35=D; 34=59; 49=MTHREE; 56=MS; 52=2022-04-16-00:13:29; 55=GOOGL; 40=2; 38=13127; 21=2; 11=algo20220416001329; 60=2022-04-16-00:13:29; 54=1; 44=289.20; 10=0252;
8=FIX4.4; 35=8; 34=64; 49=MS; 56=MTHREE; 52=2022-04-16-00:13:29; 55=GOOGL; 40=2; 11=algo20220416001329; 31=289.20; 150=0; 39=0; 54=1; 44=289.20; 32=0; 17=exec20220416001329; 38=13127; 60=2022-04-16-00:13:29; 6=0; 14=0; 37=algo20220416001329; 10=200;
8=FIX4.4; 35=8; 34=65; 49=MS; 56=MTHREE; 52=2022-04-16-00:13:29; 55=GOOGL; 40=2; 11=algo20220416001329; 31=289.20; 150=1; 39=1; 54=1; 44=289.20; 32=4375; 17=exec20220416001329; 38=13127; 60=2022-04-16-00:13:29; 6=289.20; 14=4375; 37=algo20220416001329; 10=240;
8=FIX4.4; 35=F; 34=59; 49=MTHREE; 56=MS; 52=2022-04-16-00:13:30; 41=algo20220416001329; 55=GOOGL; 38=13127; 11=C_algo20220416001329; 60=2022-04-16-00:13:30; 10=060;
8=FIX4.4; 35=8; 34=65; 49=MS; 56=MTHREE; 52=2022-04-16-00:13:30; 55=GOOGL; 11=C_algo20220416001329; 31=0; 150=6; 39=6; 54=1; 44=289.20; 17=exec20220416001330; 32=0; 41=algo20220416001329; 38=13127; 60=2022-04-16-00:13:30; 6=0.0; 14=4375; 37=algo20220416001329; 10=252;
8=FIX4.4; 35=8; 34=66; 49=MS; 56=MTHREE; 52=2022-04-16-00:13:30; 151=4377; 55=GOOGL; 11=C_algo20220416001329; 31=0; 150=4; 39=4; 54=1; 17=exec20220416001330; 32=0; 41=algo20220416001329; 38=13127; 60=2022-04-16-00:13:30; 6=0.0; 14=4375; 37=algo20220416001329; 10=252;
8=FIX4.4; 35=D; 34=61; 49=MTHREE; 56=MS; 52=2022-04-16-00:13:32; 55=INTC; 40=2; 38=31765; 21=2; 11=algo20220416001332; 60=2022-04-16-00:13:32; 54=2; 44=339.13; 10=0252;
8=FIX4.4; 35=8; 34=68; 49=MS; 56=MTHREE; 52=2022-04-16-00:13:32; 55=INTC; 40=2; 11=algo20220416001332; 31=339.13; 150=0; 39=0; 54=2; 44=339.13; 32=0; 17=exec20220416001332; 38=31765; 60=2022-04-16-00:13:32; 6=0; 14=0; 37=algo20220416001332; 10=200;
8=FIX4.4; 35=F; 34=61; 49=MTHREE; 56=MS; 52=2022-04-16-00:13:32; 41=algo20220416001332; 55=INTC; 38=31765; 11=C_algo20220416001332; 60=2022-04-16-00:13:32; 10=060;
8=FIX4.4; 35=8; 34=68; 49=MS; 56=MTHREE; 52=2022-04-16-00:13:32; 55=INTC; 11=C_algo20220416001332; 31=0; 150=6; 39=6; 54=2; 44=339.13; 17=exec20220416001332; 32=0; 41=algo20220416001332; 38=31765; 60=2022-04-16-00:13:32; 6=0.0; 14=0; 37=algo20220416001332; 10=252;
8=FIX4.4; 35=8; 34=69; 49=MS; 56=MTHREE; 52=2022-04-16-00:13:32; 151=23824; 55=INTC; 11=C_algo20220416001332; 31=0; 150=4; 39=4; 54=2; 17=exec20220416001332; 32=0; 41=algo20220416001332; 38=31765; 60=2022-04-16-00:13:32; 6=0.0; 14=0; 37=algo20220416001332; 10=252;
8=FIX4.4; 35=D; 34=63; 49=MTHREE; 56=MS; 52=2022-04-16-00:13:34; 55=PEP; 40=2; 38=14808; 21=2; 11=algo20220416001334; 60=2022-04-16-00:13:34; 54=1; 44=36.21; 10=0252;
8=FIX4.4; 35=8; 34=71; 49=MS; 56=MTHREE; 52=2022-04-16-00:13:34; 55=PEP; 40=2; 11=algo20220416001334; 31=36.21; 150=0; 39=0; 54=1; 44=36.21; 32=0; 17=exec20220416001334; 38=14808; 60=2022-04-16-00:13:34; 6=0; 14=0; 37=algo20220416001334; 10=200;
8=FIX4.4; 35=8; 34=72; 49=MS; 56=MTHREE; 52=2022-04-16-00:13:35; 55=PEP; 40=2; 11=algo20220416001334; 31=36.21; 150=2; 39=2; 54=1; 44=36.21; 32=14808; 17=exec20220416001335; 38=14808; 60=2022-04-16-00:13:35; 6=36.21; 14=14808; 37=algo20220416001334; 10=246;
8=FIX4.4; 35=D; 34=64; 49=MTHREE; 56=MS; 52=2022-04-16-00:13:35; 55=NFLX; 40=2; 38=19364; 21=2; 11=algo20220416001335; 60=2022-04-16-00:13:35; 54=1; 44=306.71; 10=0252;
8=FIX4.4; 35=8; 34=73; 49=MS; 56=MTHREE; 52=2022-04-16-00:13:35; 55=NFLX; 40=2; 11=algo20220416001335; 31=306.71; 150=0; 39=0; 54=1; 44=306.71; 32=0; 17=exec20220416001335; 38=19364; 60=2022-04-16-00:13:35; 6=0; 14=0; 37=algo20220416001335; 10=200;
8=FIX4.4; 35=F; 34=64; 49=MTHREE; 56=MS; 52=2022-04-16-00:13:35; 41=algo20220416001335; 55=NFLX; 38=19364; 11=C_algo20220416001335; 60=2022-04-16-00:13:35; 10=060;
8=FIX4.4; 35=8; 34=73; 49=MS; 56=MTHREE; 52=2022-04-16-00:13:35; 55=NFLX; 11=C_algo20220416001335; 31=0; 150=6; 39=6; 54=1; 44=306.71; 17=exec20220416001335; 32=0; 41=algo20220416001335; 38=19364; 60=2022-04-16-00:13:35; 6=0.0; 14=0; 37=algo20220416001335; 10=252;
8=FIX4.4; 35=8; 34=74; 49=MS; 56=MTHREE; 52=2022-04-16-00:13:35; 151=9682; 55=NFLX; 11=C_algo20220416001335; 31=0; 150=4; 39=4; 54=1; 17=exec20220416001335; 32=0; 41=algo20220416001335; 38=19364; 60=2022-04-16-00:13:35; 6=0.0; 14=0; 37=algo20220416001335; 10=252;
8=FIX4.4; 35=D; 34=66; 49=MTHREE; 56=MS; 52=2022-04-16-00:13:37; 55=CSCO; 40=2; 38=11797; 21=2; 11=algo20220416001337; 60=2022-04-16-00:13:37; 54=2; 44=233.73; 10=0252;
8=FIX4.4; 35=8; 34=76; 49=MS; 56=MTHREE; 52=2022-04-16-00:13:37; 55=CSCO; 40=2; 11=algo20220416001337; 31=233.73; 150=0; 39=0; 54=2; 44=233.73; 32=0; 17=exec20220416001337; 38=11797; 60=2022-04-16-00:13:37; 6=0; 14=0; 37=algo20220416001337; 10=200;
8=FIX4.4; 35=F; 34=66; 49=MTHREE; 56=MS; 52=2022-04-16-00:13:37; 41=algo20220416001337; 55=CSCO; 38=11797; 11=C_algo20220416001337; 60=2022-04-16-00:13:37; 10=060;
8=FIX4.4; 35=8; 34=76; 49=MS; 56=MTHREE; 52=2022-04-16-00:13:37; 55=CSCO; 11=C_algo20220416001337; 31=0; 150=6; 39=6; 54=2; 44=233.73; 17=exec20220416001337; 32=0; 41=algo20220416001337; 38=11797; 60=2022-04-16-00:13:37; 6=0.0; 14=0; 37=algo20220416001337; 10=252;
8=FIX4.4; 35=8; 34=77; 49=MS; 56=MTHREE; 52=2022-04-16-00:13:37; 151=5899; 55=CSCO; 11=C_algo20220416001337; 31=0; 150=4; 39=4; 54=2; 17=exec20220416001337; 32=0; 41=algo20220416001337; 38=11797; 60=2022-04-16-00:13:37; 6=0.0; 14=0; 37=algo20220416001337; 10=252;
8=FIX4.4; 35=D; 34=68; 49=MTHREE; 56=MS; 52=2022-04-16-00:13:39; 55=AMGN; 40=2; 38=14976; 21=2; 11=algo20220416001339; 60=2022-04-16-00:13:39; 54=2; 44=116.62; 10=0252;
8=FIX4.4; 35=8; 34=79; 49=MS; 56=MTHREE; 52=2022-04-16-00:13:39; 55=AMGN; 40=2; 11=algo20220416001339; 31=116.62; 150=0; 39=0; 54=2; 44=116.62; 32=0; 17=exec20220416001339; 38=14976; 60=2022-04-16-00:13:39; 6=0; 14=0; 37=algo20220416001339; 10=200;
8=FIX4.4; 35=F; 34=68; 49=MTHREE; 56=MS; 52=2022-04-16-00:13:39; 41=algo20220416001339; 55=AMGN; 38=14976; 11=C_algo20220416001339; 60=2022-04-16-00:13:39; 10=060;
8=FIX4.4; 35=8; 34=79; 49=MS; 56=MTHREE; 52=2022-04-16-00:13:39; 55=AMGN; 11=C_algo20220416001339; 31=0; 150=6; 39=6; 54=2; 44=116.62; 17=exec20220416001339; 32=0; 41=algo20220416001339; 38=14976; 60=2022-04-16-00:13:39; 6=0.0; 14=0; 37=algo20220416001339; 10=252;
8=FIX4.4; 35=8; 34=80; 49=MS; 56=MTHREE; 52=2022-04-16-00:13:39; 151=11232; 55=AMGN; 11=C_algo20220416001339; 31=0; 150=4; 39=4; 54=2; 17=exec20220416001339; 32=0; 41=algo20220416001339; 38=14976; 60=2022-04-16-00:13:39; 6=0.0; 14=0; 37=algo20220416001339; 10=252;
8=FIX4.4; 35=D; 34=70; 49=MTHREE; 56=MS; 52=2022-04-16-00:13:41; 55=PYPL; 40=2; 38=29408; 21=2; 11=algo20220416001341; 60=2022-04-16-00:13:41; 54=1; 44=723.61; 10=0252;
8=FIX4.4; 35=8; 34=82; 49=MS; 56=MTHREE; 52=2022-04-16-00:13:41; 55=PYPL; 40=2; 11=algo20220416001341; 31=723.61; 150=0; 39=0; 54=1; 44=723.61; 32=0; 17=exec20220416001341; 38=29408; 60=2022-04-16-00:13:41; 6=0; 14=0; 37=algo20220416001341; 10=200;
8=FIX4.4; 35=8; 34=83; 49=MS; 56=MTHREE; 52=2022-04-16-00:13:41; 55=PYPL; 40=2; 11=algo20220416001341; 31=723.61; 150=1; 39=1; 54=1; 44=723.61; 32=5881; 17=exec20220416001341; 38=29408; 60=2022-04-16-00:13:41; 6=723.61; 14=5881; 37=algo20220416001341; 10=240;
8=FIX4.4; 35=8; 34=84; 49=MS; 56=MTHREE; 52=2022-04-16-00:13:42; 55=PYPL; 40=2; 11=algo20220416001341; 31=723.61; 150=1; 39=1; 54=1; 44=723.61; 32=5881; 17=exec20220416001342; 38=29408; 60=2022-04-16-00:13:42; 6=723.61; 14=11762; 37=algo20220416001341; 10=240;
8=FIX4.4; 35=8; 34=85; 49=MS; 56=MTHREE; 52=2022-04-16-00:13:43; 55=PYPL; 40=2; 11=algo20220416001341; 31=723.61; 150=1; 39=1; 54=1; 44=723.61; 32=5881; 17=exec20220416001343; 38=29408; 60=2022-04-16-00:13:43; 6=723.61; 14=17643; 37=algo20220416001341; 10=240;
8=FIX4.4; 35=8; 34=86; 49=MS; 56=MTHREE; 52=2022-04-16-00:13:44; 55=PYPL; 40=2; 11=algo20220416001341; 31=723.61; 150=1; 39=1; 54=1; 44=723.61; 32=5881; 17=exec20220416001344; 38=29408; 60=2022-04-16-00:13:44; 6=723.61; 14=23524; 37=algo20220416001341; 10=240;
8=FIX4.4; 35=8; 34=87; 49=MS; 56=MTHREE; 52=2022-04-16-00:13:46; 55=PYPL; 40=2; 11=algo20220416001341; 31=723.61; 150=2; 39=2; 54=1; 44=723.61; 32=5884; 17=exec20220416001346; 38=29408; 60=2022-04-16-00:13:46; 6=723.61; 14=29408; 37=algo20220416001341; 10=246;
8=FIX4.4; 35=D; 34=71; 49=MTHREE; 56=MS; 52=2022-04-16-00:13:46; 55=TSLA; 40=2; 38=15097; 21=2; 11=algo20220416001346; 60=2022-04-16-00:13:46; 54=2; 44=503.77; 10=0252;
8=FIX4.4; 35=8; 34=88; 49=MS; 56=MTHREE; 52=2022-04-16-00:13:46; 55=TSLA; 40=2; 11=algo20220416001346; 31=503.77; 150=0; 39=0; 54=2; 44=503.77; 32=0; 17=exec20220416001346; 38=15097; 60=2022-04-16-00:13:46; 6=0; 14=0; 37=algo20220416001346; 10=200;
8=FIX4.4; 35=F; 34=71; 49=MTHREE; 56=MS; 52=2022-04-16-00:13:46; 41=algo20220416001346; 55=TSLA; 38=15097; 11=C_algo20220416001346; 60=2022-04-16-00:13:46; 10=060;
8=FIX4.4; 35=8; 34=88; 49=MS; 56=MTHREE; 52=2022-04-16-00:13:46; 55=TSLA; 11=C_algo20220416001346; 31=0; 150=6; 39=6; 54=2; 44=503.77; 17=exec20220416001346; 32=0; 41=algo20220416001346; 38=15097; 60=2022-04-16-00:13:46; 6=0.0; 14=0; 37=algo20220416001346; 10=252;
8=FIX4.4; 35=8; 34=89; 49=MS; 56=MTHREE; 52=2022-04-16-00:13:46; 151=12078; 55=TSLA; 11=C_algo20220416001346; 31=0; 150=4; 39=4; 54=2; 17=exec20220416001346; 32=0; 41=algo20220416001346; 38=15097; 60=2022-04-16-00:13:46; 6=0.0; 14=0; 37=algo20220416001346; 10=252;
8=FIX4.4; 35=D; 34=73; 49=MTHREE; 56=MS; 52=2022-04-16-00:13:48; 55=TXN; 40=2; 38=284; 21=2; 11=algo20220416001348; 60=2022-04-16-00:13:48; 54=2; 44=112.46; 10=0252;
8=FIX4.4; 35=8; 34=91; 49=MS; 56=MTHREE; 52=2022-04-16-00:13:48; 55=TXN; 40=2; 11=algo20220416001348; 31=112.46; 150=0; 39=0; 54=2; 44=112.46; 32=0; 17=exec20220416001348; 38=284; 60=2022-04-16-00:13:48; 6=0; 14=0; 37=algo20220416001348; 10=200;
8=FIX4.4; 35=8; 34=92; 49=MS; 56=MTHREE; 52=2022-04-16-00:13:49; 55=TXN; 40=2; 11=algo20220416001348; 31=112.46; 150=2; 39=2; 54=2; 44=112.46; 32=284; 17=exec20220416001349; 38=284; 60=2022-04-16-00:13:49; 6=112.46; 14=284; 37=algo20220416001348; 10=246;
8=FIX4.4; 35=D; 34=74; 49=MTHREE; 56=MS; 52=2022-04-16-00:13:49; 55=AVGO; 40=2; 38=31686; 21=2; 11=algo20220416001349; 60=2022-04-16-00:13:49; 54=2; 44=262.99; 10=0252;
8=FIX4.4; 35=8; 34=93; 49=MS; 56=MTHREE; 52=2022-04-16-00:13:49; 55=AVGO; 40=2; 11=algo20220416001349; 31=262.99; 150=0; 39=0; 54=2; 44=262.99; 32=0; 17=exec20220416001349; 38=31686; 60=2022-04-16-00:13:49; 6=0; 14=0; 37=algo20220416001349; 10=200;
8=FIX4.4; 35=F; 34=74; 49=MTHREE; 56=MS; 52=2022-04-16-00:13:49; 41=algo20220416001349; 55=AVGO; 38=31686; 11=C_algo20220416001349; 60=2022-04-16-00:13:49; 10=060;
8=FIX4.4; 35=8; 34=93; 49=MS; 56=MTHREE; 52=2022-04-16-00:13:49; 55=AVGO; 11=C_algo20220416001349; 31=0; 150=6; 39=6; 54=2; 44=262.99; 17=exec20220416001349; 32=0; 41=algo20220416001349; 38=31686; 60=2022-04-16-00:13:49; 6=0.0; 14=0; 37=algo20220416001349; 10=252;
8=FIX4.4; 35=8; 34=94; 49=MS; 56=MTHREE; 52=2022-04-16-00:13:49; 151=15843; 55=AVGO; 11=C_algo20220416001349; 31=0; 150=4; 39=4; 54=2; 17=exec20220416001349; 32=0; 41=algo20220416001349; 38=31686; 60=2022-04-16-00:13:49; 6=0.0; 14=0; 37=algo20220416001349; 10=252;
8=FIX4.4; 35=D; 34=76; 49=MTHREE; 56=MS; 52=2022-04-16-00:13:51; 55=GILD; 40=2; 38=14477; 21=2; 11=algo20220416001351; 60=2022-04-16-00:13:51; 54=1; 44=82.91; 10=0252;
8=FIX4.4; 35=8; 34=96; 49=MS; 56=MTHREE; 52=2022-04-16-00:13:51; 55=GILD; 40=2; 11=algo20220416001351; 31=82.91; 150=0; 39=0; 54=1; 44=82.91; 32=0; 17=exec20220416001351; 38=14477; 60=2022-04-16-00:13:51; 6=0; 14=0; 37=algo20220416001351; 10=200;
8=FIX4.4; 35=8; 34=97; 49=MS; 56=MTHREE; 52=2022-04-16-00:13:51; 55=GILD; 40=2; 11=algo20220416001351; 31=82.91; 150=1; 39=1; 54=1; 44=82.91; 32=7238; 17=exec20220416001351; 38=14477; 60=2022-04-16-00:13:51; 6=82.91; 14=7238; 37=algo20220416001351; 10=240;
8=FIX4.4; 35=8; 34=98; 49=MS; 56=MTHREE; 52=2022-04-16-00:13:53; 55=GILD; 40=2; 11=algo20220416001351; 31=82.91; 150=2; 39=2; 54=1; 44=82.91; 32=7239; 17=exec20220416001353; 38=14477; 60=2022-04-16-00:13:53; 6=82.91; 14=14477; 37=algo20220416001351; 10=246;
8=FIX4.4; 35=D; 34=77; 49=MTHREE; 56=MS; 52=2022-04-16-00:13:53; 55=SBUX; 40=2; 38=29952; 21=2; 11=algo20220416001353; 60=2022-04-16-00:13:53; 54=1; 44=75.71; 10=0252;
8=FIX4.4; 35=8; 34=99; 49=MS; 56=MTHREE; 52=2022-04-16-00:13:53; 55=SBUX; 40=2; 11=algo20220416001353; 31=75.71; 150=0; 39=0; 54=1; 44=75.71; 32=0; 17=exec20220416001353; 38=29952; 60=2022-04-16-00:13:53; 6=0; 14=0; 37=algo20220416001353; 10=200;
8=FIX4.4; 35=8; 34=100; 49=MS; 56=MTHREE; 52=2022-04-16-00:13:53; 55=SBUX; 40=2; 11=algo20220416001353; 31=75.71; 150=1; 39=1; 54=1; 44=75.71; 32=5990; 17=exec20220416001353; 38=29952; 60=2022-04-16-00:13:53; 6=75.71; 14=5990; 37=algo20220416001353; 10=240;
8=FIX4.4; 35=F; 34=77; 49=MTHREE; 56=MS; 52=2022-04-16-00:13:54; 41=algo20220416001353; 55=SBUX; 38=29952; 11=C_algo20220416001353; 60=2022-04-16-00:13:54; 10=060;
8=FIX4.4; 35=8; 34=100; 49=MS; 56=MTHREE; 52=2022-04-16-00:13:54; 55=SBUX; 11=C_algo20220416001353; 31=0; 150=6; 39=6; 54=1; 44=75.71; 17=exec20220416001354; 32=0; 41=algo20220416001353; 38=29952; 60=2022-04-16-00:13:54; 6=0.0; 14=5990; 37=algo20220416001353; 10=252;
8=FIX4.4; 35=8; 34=101; 49=MS; 56=MTHREE; 52=2022-04-16-00:13:54; 151=17972; 55=SBUX; 11=C_algo20220416001353; 31=0; 150=4; 39=4; 54=1; 17=exec20220416001354; 32=0; 41=algo20220416001353; 38=29952; 60=2022-04-16-00:13:54; 6=0.0; 14=5990; 37=algo20220416001353; 10=252;
8=FIX4.4; 35=D; 34=79; 49=MTHREE; 56=MS; 52=2022-04-16-00:13:56; 55=QCOM; 40=2; 38=203; 21=2; 11=algo20220416001356; 60=2022-04-16-00:13:56; 54=2; 44=75.47; 10=0252;
8=FIX4.4; 35=8; 34=103; 49=MS; 56=MTHREE; 52=2022-04-16-00:13:56; 55=QCOM; 40=2; 11=algo20220416001356; 31=75.47; 150=0; 39=0; 54=2; 44=75.47; 32=0; 17=exec20220416001356; 38=203; 60=2022-04-16-00:13:56; 6=0; 14=0; 37=algo20220416001356; 10=200;
8=FIX4.4; 35=F; 34=79; 49=MTHREE; 56=MS; 52=2022-04-16-00:13:56; 41=algo20220416001356; 55=QCOM; 38=203; 11=C_algo20220416001356; 60=2022-04-16-00:13:56; 10=060;
8=FIX4.4; 35=8; 34=103; 49=MS; 56=MTHREE; 52=2022-04-16-00:13:56; 55=QCOM; 11=C_algo20220416001356; 31=0; 150=6; 39=6; 54=2; 44=75.47; 17=exec20220416001356; 32=0; 41=algo20220416001356; 38=203; 60=2022-04-16-00:13:56; 6=0.0; 14=0; 37=algo20220416001356; 10=252;
8=FIX4.4; 35=8; 34=104; 49=MS; 56=MTHREE; 52=2022-04-16-00:13:56; 151=136; 55=QCOM; 11=C_algo20220416001356; 31=0; 150=4; 39=4; 54=2; 17=exec20220416001356; 32=0; 41=algo20220416001356; 38=203; 60=2022-04-16-00:13:56; 6=0.0; 14=0; 37=algo20220416001356; 10=252;
8=FIX4.4; 35=D; 34=81; 49=MTHREE; 56=MS; 52=2022-04-16-00:13:58; 55=TMUS; 40=2; 38=32285; 21=2; 11=algo20220416001358; 60=2022-04-16-00:13:58; 54=2; 44=90.74; 10=0252;
8=FIX4.4; 35=8; 34=106; 49=MS; 56=MTHREE; 52=2022-04-16-00:13:58; 55=TMUS; 40=2; 11=algo20220416001358; 31=90.74; 150=0; 39=0; 54=2; 44=90.74; 32=0; 17=exec20220416001358; 38=32285; 60=2022-04-16-00:13:58; 6=0; 14=0; 37=algo20220416001358; 10=200;
8=FIX4.4; 35=F; 34=81; 49=MTHREE; 56=MS; 52=2022-04-16-00:13:58; 41=algo20220416001358; 55=TMUS; 38=32285; 11=C_algo20220416001358; 60=2022-04-16-00:13:58; 10=060;
8=FIX4.4; 35=8; 34=106; 49=MS; 56=MTHREE; 52=2022-04-16-00:13:58; 55=TMUS; 11=C_algo20220416001358; 31=0; 150=6; 39=6; 54=2; 44=90.74; 17=exec20220416001358; 32=0; 41=algo20220416001358; 38=32285; 60=2022-04-16-00:13:58; 6=0.0; 14=0; 37=algo20220416001358; 10=252;
8=FIX4.4; 35=8; 34=107; 49=MS; 56=MTHREE; 52=2022-04-16-00:13:58; 151=25828; 55=TMUS; 11=C_algo20220416001358; 31=0; 150=4; 39=4; 54=2; 17=exec20220416001358; 32=0; 41=algo20220416001358; 38=32285; 60=2022-04-16-00:13:58; 6=0.0; 14=0; 37=algo20220416001358; 10=252;
8=FIX4.4; 35=D; 34=83; 49=MTHREE; 56=MS; 52=2022-04-16-00:14:00; 55=MDLZ; 40=2; 38=8224; 21=2; 11=algo20220416001400; 60=2022-04-16-00:14:00; 54=2; 44=52.26; 10=0252;
8=FIX4.4; 35=8; 34=109; 49=MS; 56=MTHREE; 52=2022-04-16-00:14:00; 55=MDLZ; 40=2; 11=algo20220416001400; 31=52.26; 150=0; 39=0; 54=2; 44=52.26; 32=0; 17=exec20220416001400; 38=8224; 60=2022-04-16-00:14:00; 6=0; 14=0; 37=algo20220416001400; 10=200;
8=FIX4.4; 35=F; 34=83; 49=MTHREE; 56=MS; 52=2022-04-16-00:14:00; 41=algo20220416001400; 55=MDLZ; 38=8224; 11=C_algo20220416001400; 60=2022-04-16-00:14:00; 10=060;
8=FIX4.4; 35=8; 34=109; 49=MS; 56=MTHREE; 52=2022-04-16-00:14:00; 55=MDLZ; 11=C_algo20220416001400; 31=0; 150=6; 39=6; 54=2; 44=52.26; 17=exec20220416001400; 32=0; 41=algo20220416001400; 38=8224; 60=2022-04-16-00:14:00; 6=0.0; 14=0; 37=algo20220416001400; 10=252;
8=FIX4.4; 35=8; 34=110; 49=MS; 56=MTHREE; 52=2022-04-16-00:14:00; 151=6168; 55=MDLZ; 11=C_algo20220416001400; 31=0; 150=4; 39=4; 54=2; 17=exec20220416001400; 32=0; 41=algo20220416001400; 38=8224; 60=2022-04-16-00:14:00; 6=0.0; 14=0; 37=algo20220416001400; 10=252;
8=FIX4.4; 35=D; 34=85; 49=MTHREE; 56=MS; 52=2022-04-16-00:14:02; 55=BAC; 40=2; 38=3085; 21=2; 11=algo20220416001402; 60=2022-04-16-00:14:02; 54=1; 44=22.03; 10=0252;
8=FIX4.4; 35=8; 34=112; 49=MS; 56=MTHREE; 52=2022-04-16-00:14:02; 55=BAC; 40=2; 11=algo20220416001402; 31=22.03; 150=0; 39=0; 54=1; 44=22.03; 32=0; 17=exec20220416001402; 38=3085; 60=2022-04-16-00:14:02; 6=0; 14=0; 37=algo20220416001402; 10=200;
8=FIX4.4; 35=F; 34=85; 49=MTHREE; 56=MS; 52=2022-04-16-00:14:02; 41=algo20220416001402; 55=BAC; 38=3085; 11=C_algo20220416001402; 60=2022-04-16-00:14:02; 10=060;
8=FIX4.4; 35=8; 34=112; 49=MS; 56=MTHREE; 52=2022-04-16-00:14:02; 55=BAC; 11=C_algo20220416001402; 31=0; 150=6; 39=6; 54=1; 44=22.03; 17=exec20220416001402; 32=0; 41=algo20220416001402; 38=3085; 60=2022-04-16-00:14:02; 6=0.0; 14=0; 37=algo20220416001402; 10=252;
8=FIX4.4; 35=8; 34=113; 49=MS; 56=MTHREE; 52=2022-04-16-00:14:02; 151=2314; 55=BAC; 11=C_algo20220416001402; 31=0; 150=4; 39=4; 54=1; 17=exec20220416001402; 32=0; 41=algo20220416001402; 38=3085; 60=2022-04-16-00:14:02; 6=0.0; 14=0; 37=algo20220416001402; 10=252;
8=FIX4.4; 35=D; 34=87; 49=MTHREE; 56=MS; 52=2022-04-16-00:14:04; 55=DDD; 40=2; 38=31192; 21=2; 11=algo20220416001404; 60=2022-04-16-00:14:04; 54=1; 44=8.01; 10=0252;
8=FIX4.4; 35=8; 34=115; 49=MS; 56=MTHREE; 52=2022-04-16-00:14:04; 55=DDD; 40=2; 11=algo20220416001404; 31=8.01; 150=0; 39=0; 54=1; 44=8.01; 32=0; 17=exec20220416001404; 38=31192; 60=2022-04-16-00:14:04; 6=0; 14=0; 37=algo20220416001404; 10=200;
8=FIX4.4; 35=F; 34=87; 49=MTHREE; 56=MS; 52=2022-04-16-00:14:04; 41=algo20220416001404; 55=DDD; 38=31192; 11=C_algo20220416001404; 60=2022-04-16-00:14:04; 10=060;
8=FIX4.4; 35=8; 34=115; 49=MS; 56=MTHREE; 52=2022-04-16-00:14:04; 55=DDD; 11=C_algo20220416001404; 31=0; 150=6; 39=6; 54=1; 44=8.01; 17=exec20220416001404; 32=0; 41=algo20220416001404; 38=31192; 60=2022-04-16-00:14:04; 6=0.0; 14=0; 37=algo20220416001404; 10=252;
8=FIX4.4; 35=8; 34=116; 49=MS; 56=MTHREE; 52=2022-04-16-00:14:04; 151=24954; 55=DDD; 11=C_algo20220416001404; 31=0; 150=4; 39=4; 54=1; 17=exec20220416001404; 32=0; 41=algo20220416001404; 38=31192; 60=2022-04-16-00:14:04; 6=0.0; 14=0; 37=algo20220416001404; 10=252;
8=FIX4.4; 35=D; 34=89; 49=MTHREE; 56=MS; 52=2022-04-16-00:14:06; 55=MMM; 40=2; 38=26448; 21=2; 11=algo20220416001406; 60=2022-04-16-00:14:06; 54=2; 44=146.98; 10=0252;
8=FIX4.4; 35=8; 34=118; 49=MS; 56=MTHREE; 52=2022-04-16-00:14:06; 55=MMM; 40=2; 11=algo20220416001406; 31=146.98; 150=0; 39=0; 54=2; 44=146.98; 32=0; 17=exec20220416001406; 38=26448; 60=2022-04-16-00:14:06; 6=0; 14=0; 37=algo20220416001406; 10=200;
8=FIX4.4; 35=F; 34=89; 49=MTHREE; 56=MS; 52=2022-04-16-00:14:06; 41=algo20220416001406; 55=MMM; 38=26448; 11=C_algo20220416001406; 60=2022-04-16-00:14:06; 10=060;
8=FIX4.4; 35=8; 34=118; 49=MS; 56=MTHREE; 52=2022-04-16-00:14:06; 55=MMM; 11=C_algo20220416001406; 31=0; 150=6; 39=6; 54=2; 44=146.98; 17=exec20220416001406; 32=0; 41=algo20220416001406; 38=26448; 60=2022-04-16-00:14:06; 6=0.0; 14=0; 37=algo20220416001406; 10=252;
8=FIX4.4; 35=8; 34=119; 49=MS; 56=MTHREE; 52=2022-04-16-00:14:06; 151=21159; 55=MMM; 11=C_algo20220416001406; 31=0; 150=4; 39=4; 54=2; 17=exec20220416001406; 32=0; 41=algo20220416001406; 38=26448; 60=2022-04-16-00:14:06; 6=0.0; 14=0; 37=algo20220416001406; 10=252;
8=FIX4.4; 35=D; 34=91; 49=MTHREE; 56=MS; 52=2022-04-16-00:14:08; 55=WBAI; 40=2; 38=9208; 21=2; 11=algo20220416001408; 60=2022-04-16-00:14:08; 54=1; 44=4.10; 10=0252;
8=FIX4.4; 35=8; 34=121; 49=MS; 56=MTHREE; 52=2022-04-16-00:14:08; 55=WBAI; 40=2; 11=algo20220416001408; 31=4.10; 150=0; 39=0; 54=1; 44=4.10; 32=0; 17=exec20220416001408; 38=9208; 60=2022-04-16-00:14:08; 6=0; 14=0; 37=algo20220416001408; 10=200;
8=FIX4.4; 35=8; 34=122; 49=MS; 56=MTHREE; 52=2022-04-16-00:14:08; 55=WBAI; 40=2; 11=algo20220416001408; 31=4.10; 150=1; 39=1; 54=1; 44=4.10; 32=3069; 17=exec20220416001408; 38=9208; 60=2022-04-16-00:14:08; 6=4.10; 14=3069; 37=algo20220416001408; 10=240;
8=FIX4.4; 35=F; 34=91; 49=MTHREE; 56=MS; 52=2022-04-16-00:14:09; 41=algo20220416001408; 55=WBAI; 38=9208; 11=C_algo20220416001408; 60=2022-04-16-00:14:09; 10=060;
8=FIX4.4; 35=8; 34=122; 49=MS; 56=MTHREE; 52=2022-04-16-00:14:09; 55=WBAI; 11=C_algo20220416001408; 31=0; 150=6; 39=6; 54=1; 44=4.10; 17=exec20220416001409; 32=0; 41=algo20220416001408; 38=9208; 60=2022-04-16-00:14:09; 6=0.0; 14=3069; 37=algo20220416001408; 10=252;
8=FIX4.4; 35=8; 34=123; 49=MS; 56=MTHREE; 52=2022-04-16-00:14:09; 151=3070; 55=WBAI; 11=C_algo20220416001408; 31=0; 150=4; 39=4; 54=1; 17=exec20220416001409; 32=0; 41=algo20220416001408; 38=9208; 60=2022-04-16-00:14:09; 6=0.0; 14=3069; 37=algo20220416001408; 10=252;
8=FIX4.4; 35=D; 34=93; 49=MTHREE; 56=MS; 52=2022-04-16-00:14:11; 55=WUBA; 40=2; 38=26749; 21=2; 11=algo20220416001411; 60=2022-04-16-00:14:11; 54=1; 44=51.41; 10=0252;
8=FIX4.4; 35=8; 34=125; 49=MS; 56=MTHREE; 52=2022-04-16-00:14:11; 55=WUBA; 40=2; 11=algo20220416001411; 31=51.41; 150=0; 39=0; 54=1; 44=51.41; 32=0; 17=exec20220416001411; 38=26749; 60=2022-04-16-00:14:11; 6=0; 14=0; 37=algo20220416001411; 10=200;
8=FIX4.4; 35=F; 34=93; 49=MTHREE; 56=MS; 52=2022-04-16-00:14:11; 41=algo20220416001411; 55=WUBA; 38=26749; 11=C_algo20220416001411; 60=2022-04-16-00:14:11; 10=060;
8=FIX4.4; 35=8; 34=125; 49=MS; 56=MTHREE; 52=2022-04-16-00:14:11; 55=WUBA; 11=C_algo20220416001411; 31=0; 150=6; 39=6; 54=1; 44=51.41; 17=exec20220416001411; 32=0; 41=algo20220416001411; 38=26749; 60=2022-04-16-00:14:11; 6=0.0; 14=0; 37=algo20220416001411; 10=252;
8=FIX4.4; 35=8; 34=126; 49=MS; 56=MTHREE; 52=2022-04-16-00:14:11; 151=20062; 55=WUBA; 11=C_algo20220416001411; 31=0; 150=4; 39=4; 54=1; 17=exec20220416001411; 32=0; 41=algo20220416001411; 38=26749; 60=2022-04-16-00:14:11; 6=0.0; 14=0; 37=algo20220416001411; 10=252;
8=FIX4.4; 35=D; 34=95; 49=MTHREE; 56=MS; 52=2022-04-16-00:14:13; 55=EGHT; 40=2; 38=17861; 21=2; 11=algo20220416001413; 60=2022-04-16-00:14:13; 54=1; 44=17.03; 10=0252;
8=FIX4.4; 35=8; 34=128; 49=MS; 56=MTHREE; 52=2022-04-16-00:14:13; 55=EGHT; 40=2; 11=algo20220416001413; 31=17.03; 150=0; 39=0; 54=1; 44=17.03; 32=0; 17=exec20220416001413; 38=17861; 60=2022-04-16-00:14:13; 6=0; 14=0; 37=algo20220416001413; 10=200;
8=FIX4.4; 35=F; 34=95; 49=MTHREE; 56=MS; 52=2022-04-16-00:14:13; 41=algo20220416001413; 55=EGHT; 38=17861; 11=C_algo20220416001413; 60=2022-04-16-00:14:13; 10=060;
8=FIX4.4; 35=8; 34=128; 49=MS; 56=MTHREE; 52=2022-04-16-00:14:13; 55=EGHT; 11=C_algo20220416001413; 31=0; 150=6; 39=6; 54=1; 44=17.03; 17=exec20220416001413; 32=0; 41=algo20220416001413; 38=17861; 60=2022-04-16-00:14:13; 6=0.0; 14=0; 37=algo20220416001413; 10=252;
8=FIX4.4; 35=8; 34=129; 49=MS; 56=MTHREE; 52=2022-04-16-00:14:13; 151=11908; 55=EGHT; 11=C_algo20220416001413; 31=0; 150=4; 39=4; 54=1; 17=exec20220416001413; 32=0; 41=algo20220416001413; 38=17861; 60=2022-04-16-00:14:13; 6=0.0; 14=0; 37=algo20220416001413; 10=252;
8=FIX4.4; 35=D; 34=97; 49=MTHREE; 56=MS; 52=2022-04-16-00:14:15; 55=AHC; 40=2; 38=26539; 21=2; 11=algo20220416001415; 60=2022-04-16-00:14:15; 54=1; 44=1.40; 10=0252;
8=FIX4.4; 35=8; 34=131; 49=MS; 56=MTHREE; 52=2022-04-16-00:14:15; 55=AHC; 40=2; 11=algo20220416001415; 31=1.40; 150=0; 39=0; 54=1; 44=1.40; 32=0; 17=exec20220416001415; 38=26539; 60=2022-04-16-00:14:15; 6=0; 14=0; 37=algo20220416001415; 10=200;
8=FIX4.4; 35=F; 34=97; 49=MTHREE; 56=MS; 52=2022-04-16-00:14:15; 41=algo20220416001415; 55=AHC; 38=26539; 11=C_algo20220416001415; 60=2022-04-16-00:14:15; 10=060;
8=FIX4.4; 35=8; 34=131; 49=MS; 56=MTHREE; 52=2022-04-16-00:14:15; 55=AHC; 11=C_algo20220416001415; 31=0; 150=6; 39=6; 54=1; 44=1.40; 17=exec20220416001415; 32=0; 41=algo20220416001415; 38=26539; 60=2022-04-16-00:14:15; 6=0.0; 14=0; 37=algo20220416001415; 10=252;
8=FIX4.4; 35=8; 34=132; 49=MS; 56=MTHREE; 52=2022-04-16-00:14:15; 151=21232; 55=AHC; 11=C_algo20220416001415; 31=0; 150=4; 39=4; 54=1; 17=exec20220416001415; 32=0; 41=algo20220416001415; 38=26539; 60=2022-04-16-00:14:15; 6=0.0; 14=0; 37=algo20220416001415; 10=252;
8=FIX4.4; 35=D; 34=99; 49=MTHREE; 56=MS; 52=2022-04-16-00:14:17; 55=AOS; 40=2; 38=105; 21=2; 11=algo20220416001417; 60=2022-04-16-00:14:17; 54=2; 44=40.38; 10=0252;
8=FIX4.4; 35=8; 34=134; 49=MS; 56=MTHREE; 52=2022-04-16-00:14:17; 55=AOS; 40=2; 11=algo20220416001417; 31=40.38; 150=0; 39=0; 54=2; 44=40.38; 32=0; 17=exec20220416001417; 38=105; 60=2022-04-16-00:14:17; 6=0; 14=0; 37=algo20220416001417; 10=200;
8=FIX4.4; 35=F; 34=99; 49=MTHREE; 56=MS; 52=2022-04-16-00:14:17; 41=algo20220416001417; 55=AOS; 38=105; 11=C_algo20220416001417; 60=2022-04-16-00:14:17; 10=060;
8=FIX4.4; 35=8; 34=134; 49=MS; 56=MTHREE; 52=2022-04-16-00:14:17; 55=AOS; 11=C_algo20220416001417; 31=0; 150=6; 39=6; 54=2; 44=40.38; 17=exec20220416001417; 32=0; 41=algo20220416001417; 38=105; 60=2022-04-16-00:14:17; 6=0.0; 14=0; 37=algo20220416001417; 10=252;
8=FIX4.4; 35=8; 34=135; 49=MS; 56=MTHREE; 52=2022-04-16-00:14:17; 151=79; 55=AOS; 11=C_algo20220416001417; 31=0; 150=4; 39=4; 54=2; 17=exec20220416001417; 32=0; 41=algo20220416001417; 38=105; 60=2022-04-16-00:14:17; 6=0.0; 14=0; 37=algo20220416001417; 10=252;
8=FIX4.4; 35=D; 34=101; 49=MTHREE; 56=MS; 52=2022-04-16-00:14:19; 55=ATEN; 40=2; 38=19109; 21=2; 11=algo20220416001419; 60=2022-04-16-00:14:19; 54=2; 44=6.45; 10=0252;
8=FIX4.4; 35=8; 34=137; 49=MS; 56=MTHREE; 52=2022-04-16-00:14:19; 55=ATEN; 40=2; 11=algo20220416001419; 31=6.45; 150=0; 39=0; 54=2; 44=6.45; 32=0; 17=exec20220416001419; 38=19109; 60=2022-04-16-00:14:19; 6=0; 14=0; 37=algo20220416001419; 10=200;
8=FIX4.4; 35=F; 34=101; 49=MTHREE; 56=MS; 52=2022-04-16-00:14:19; 41=algo20220416001419; 55=ATEN; 38=19109; 11=C_algo20220416001419; 60=2022-04-16-00:14:19; 10=060;
8=FIX4.4; 35=8; 34=137; 49=MS; 56=MTHREE; 52=2022-04-16-00:14:19; 55=ATEN; 11=C_algo20220416001419; 31=0; 150=6; 39=6; 54=2; 44=6.45; 17=exec20220416001419; 32=0; 41=algo20220416001419; 38=19109; 60=2022-04-16-00:14:19; 6=0.0; 14=0; 37=algo20220416001419; 10=252;
8=FIX4.4; 35=8; 34=138; 49=MS; 56=MTHREE; 52=2022-04-16-00:14:19; 151=15288; 55=ATEN; 11=C_algo20220416001419; 31=0; 150=4; 39=4; 54=2; 17=exec20220416001419; 32=0; 41=algo20220416001419; 38=19109; 60=2022-04-16-00:14:19; 6=0.0; 14=0; 37=algo20220416001419; 10=252;
8=FIX4.4; 35=D; 34=103; 49=MTHREE; 56=MS; 52=2022-04-16-00:14:21; 55=AIR; 40=2; 38=6639; 21=2; 11=algo20220416001421; 60=2022-04-16-00:14:21; 54=1; 44=16.31; 10=0252;
8=FIX4.4; 35=8; 34=140; 49=MS; 56=MTHREE; 52=2022-04-16-00:14:21; 55=AIR; 40=2; 11=algo20220416001421; 31=16.31; 150=0; 39=0; 54=1; 44=16.31; 32=0; 17=exec20220416001421; 38=6639; 60=2022-04-16-00:14:21; 6=0; 14=0; 37=algo20220416001421; 10=200;
8=FIX4.4; 35=8; 34=141; 49=MS; 56=MTHREE; 52=2022-04-16-00:14:21; 55=AIR; 40=2; 11=algo20220416001421; 31=16.31; 150=1; 39=1; 54=1; 44=16.31; 32=3319; 17=exec20220416001421; 38=6639; 60=2022-04-16-00:14:21; 6=16.31; 14=3319; 37=algo20220416001421; 10=240;
8=FIX4.4; 35=8; 34=142; 49=MS; 56=MTHREE; 52=2022-04-16-00:14:23; 55=AIR; 40=2; 11=algo20220416001421; 31=16.31; 150=2; 39=2; 54=1; 44=16.31; 32=3320; 17=exec20220416001423; 38=6639; 60=2022-04-16-00:14:23; 6=16.31; 14=6639; 37=algo20220416001421; 10=246;
8=FIX4.4; 35=D; 34=104; 49=MTHREE; 56=MS; 52=2022-04-16-00:14:23; 55=AAN; 40=2; 38=31404; 21=2; 11=algo20220416001423; 60=2022-04-16-00:14:23; 54=2; 44=25.68; 10=0252;
8=FIX4.4; 35=8; 34=143; 49=MS; 56=MTHREE; 52=2022-04-16-00:14:23; 55=AAN; 40=2; 11=algo20220416001423; 31=25.68; 150=0; 39=0; 54=2; 44=25.68; 32=0; 17=exec20220416001423; 38=31404; 60=2022-04-16-00:14:23; 6=0; 14=0; 37=algo20220416001423; 10=200;
8=FIX4.4; 35=F; 34=104; 49=MTHREE; 56=MS; 52=2022-04-16-00:14:23; 41=algo20220416001423; 55=AAN; 38=31404; 11=C_algo20220416001423; 60=2022-04-16-00:14:23; 10=060;
8=FIX4.4; 35=8; 34=143; 49=MS; 56=MTHREE; 52=2022-04-16-00:14:23; 55=AAN; 11=C_algo20220416001423; 31=0; 150=6; 39=6; 54=2; 44=25.68; 17=exec20220416001423; 32=0; 41=algo20220416001423; 38=31404; 60=2022-04-16-00:14:23; 6=0.0; 14=0; 37=algo20220416001423; 10=252;
8=FIX4.4; 35=8; 34=144; 49=MS; 56=MTHREE; 52=2022-04-16-00:14:23; 151=15702; 55=AAN; 11=C_algo20220416001423; 31=0; 150=4; 39=4; 54=2; 17=exec20220416001423; 32=0; 41=algo20220416001423; 38=31404; 60=2022-04-16-00:14:23; 6=0.0; 14=0; 37=algo20220416001423; 10=252;
8=FIX4.4; 35=D; 34=106; 49=MTHREE; 56=MS; 52=2022-04-16-00:14:25; 55=ABB; 40=2; 38=194; 21=2; 11=algo20220416001425; 60=2022-04-16-00:14:25; 54=1; 44=17.42; 10=0252;
8=FIX4.4; 35=8; 34=146; 49=MS; 56=MTHREE; 52=2022-04-16-00:14:25; 55=ABB; 40=2; 11=algo20220416001425; 31=17.42; 150=0; 39=0; 54=1; 44=17.42; 32=0; 17=exec20220416001425; 38=194; 60=2022-04-16-00:14:25; 6=0; 14=0; 37=algo20220416001425; 10=200;
8=FIX4.4; 35=F; 34=106; 49=MTHREE; 56=MS; 52=2022-04-16-00:14:25; 41=algo20220416001425; 55=ABB; 38=194; 11=C_algo20220416001425; 60=2022-04-16-00:14:25; 10=060;
8=FIX4.4; 35=8; 34=146; 49=MS; 56=MTHREE; 52=2022-04-16-00:14:25; 55=ABB; 11=C_algo20220416001425; 31=0; 150=6; 39=6; 54=1; 44=17.42; 17=exec20220416001425; 32=0; 41=algo20220416001425; 38=194; 60=2022-04-16-00:14:25; 6=0.0; 14=0; 37=algo20220416001425; 10=252;
8=FIX4.4; 35=8; 34=147; 49=MS; 56=MTHREE; 52=2022-04-16-00:14:25; 151=130; 55=ABB; 11=C_algo20220416001425; 31=0; 150=4; 39=4; 54=1; 17=exec20220416001425; 32=0; 41=algo20220416001425; 38=194; 60=2022-04-16-00:14:25; 6=0.0; 14=0; 37=algo20220416001425; 10=252;
8=FIX4.4; 35=D; 34=108; 49=MTHREE; 56=MS; 52=2022-04-16-00:14:27; 55=ABT; 40=2; 38=12942; 21=2; 11=algo20220416001427; 60=2022-04-16-00:14:27; 54=1; 44=94.04; 10=0252;
8=FIX4.4; 35=8; 34=149; 49=MS; 56=MTHREE; 52=2022-04-16-00:14:27; 55=ABT; 40=2; 11=algo20220416001427; 31=94.04; 150=0; 39=0; 54=1; 44=94.04; 32=0; 17=exec20220416001427; 38=12942; 60=2022-04-16-00:14:27; 6=0; 14=0; 37=algo20220416001427; 10=200;
8=FIX4.4; 35=8; 34=150; 49=MS; 56=MTHREE; 52=2022-04-16-00:14:28; 55=ABT; 40=2; 11=algo20220416001427; 31=94.04; 150=2; 39=2; 54=1; 44=94.04; 32=12942; 17=exec20220416001428; 38=12942; 60=2022-04-16-00:14:28; 6=94.04; 14=12942; 37=algo20220416001427; 10=246;
8=FIX4.4; 35=D; 34=109; 49=MTHREE; 56=MS; 52=2022-04-16-00:14:28; 55=ABBV; 40=2; 38=31969; 21=2; 11=algo20220416001428; 60=2022-04-16-00:14:28; 54=1; 44=83.60; 10=0252;
8=FIX4.4; 35=8; 34=151; 49=MS; 56=MTHREE; 52=2022-04-16-00:14:28; 55=ABBV; 40=2; 11=algo20220416001428; 31=83.60; 150=0; 39=0; 54=1; 44=83.60; 32=0; 17=exec20220416001428; 38=31969; 60=2022-04-16-00:14:28; 6=0; 14=0; 37=algo20220416001428; 10=200;
8=FIX4.4; 35=8; 34=152; 49=MS; 56=MTHREE; 52=2022-04-16-00:14:29; 55=ABBV; 40=2; 11=algo20220416001428; 31=83.60; 150=2; 39=2; 54=1; 44=83.60; 32=31969; 17=exec20220416001429; 38=31969; 60=2022-04-16-00:14:29; 6=83.60; 14=31969; 37=algo20220416001428; 10=246;
8=FIX4.4; 35=D; 34=110; 49=MTHREE; 56=MS; 52=2022-04-16-00:14:29; 55=ANF; 40=2; 38=24699; 21=2; 11=algo20220416001429; 60=2022-04-16-00:14:29; 54=1; 44=9.10; 10=0252;
8=FIX4.4; 35=8; 34=153; 49=MS; 56=MTHREE; 52=2022-04-16-00:14:29; 55=ANF; 40=2; 11=algo20220416001429; 31=9.10; 150=0; 39=0; 54=1; 44=9.10; 32=0; 17=exec20220416001429; 38=24699; 60=2022-04-16-00:14:29; 6=0; 14=0; 37=algo20220416001429; 10=200;
8=FIX4.4; 35=8; 34=154; 49=MS; 56=MTHREE; 52=2022-04-16-00:14:29; 55=ANF; 40=2; 11=algo20220416001429; 31=9.10; 150=1; 39=1; 54=1; 44=9.10; 32=8233; 17=exec20220416001429; 38=24699; 60=2022-04-16-00:14:29; 6=9.10; 14=8233; 37=algo20220416001429; 10=240;
8=FIX4.4; 35=8; 34=155; 49=MS; 56=MTHREE; 52=2022-04-16-00:14:30; 55=ANF; 40=2; 11=algo20220416001429; 31=9.10; 150=1; 39=1; 54=1; 44=9.10; 32=8233; 17=exec20220416001430; 38=24699; 60=2022-04-16-00:14:30; 6=9.10; 14=16466; 37=algo20220416001429; 10=240;
8=FIX4.4; 35=8; 34=156; 49=MS; 56=MTHREE; 52=2022-04-16-00:14:32; 55=ANF; 40=2; 11=algo20220416001429; 31=9.10; 150=2; 39=2; 54=1; 44=9.10; 32=8233; 17=exec20220416001432; 38=24699; 60=2022-04-16-00:14:32; 6=9.10; 14=24699; 37=algo20220416001429; 10=246;
8=FIX4.4; 35=D; 34=111; 49=MTHREE; 56=MS; 52=2022-04-16-00:14:32; 55=ABM; 40=2; 38=19597; 21=2; 11=algo20220416001432; 60=2022-04-16-00:14:32; 54=2; 44=31.64; 10=0252;
8=FIX4.4; 35=8; 34=157; 49=MS; 56=MTHREE; 52=2022-04-16-00:14:32; 55=ABM; 40=2; 11=algo20220416001432; 31=31.64; 150=0; 39=0; 54=2; 44=31.64; 32=0; 17=exec20220416001432; 38=19597; 60=2022-04-16-00:14:32; 6=0; 14=0; 37=algo20220416001432; 10=200;
8=FIX4.4; 35=8; 34=158; 49=MS; 56=MTHREE; 52=2022-04-16-00:14:32; 55=ABM; 40=2; 11=algo20220416001432; 31=31.64; 150=1; 39=1; 54=2; 44=31.64; 32=3919; 17=exec20220416001432; 38=19597; 60=2022-04-16-00:14:32; 6=31.64; 14=3919; 37=algo20220416001432; 10=240;
8=FIX4.4; 35=F; 34=111; 49=MTHREE; 56=MS; 52=2022-04-16-00:14:33; 41=algo20220416001432; 55=ABM; 38=19597; 11=C_algo20220416001432; 60=2022-04-16-00:14:33; 10=060;
8=FIX4.4; 35=8; 34=158; 49=MS; 56=MTHREE; 52=2022-04-16-00:14:33; 55=ABM; 11=C_algo20220416001432; 31=0; 150=6; 39=6; 54=2; 44=31.64; 17=exec20220416001433; 32=0; 41=algo20220416001432; 38=19597; 60=2022-04-16-00:14:33; 6=0.0; 14=3919; 37=algo20220416001432; 10=252;
8=FIX4.4; 35=8; 34=159; 49=MS; 56=MTHREE; 52=2022-04-16-00:14:33; 151=11759; 55=ABM; 11=C_algo20220416001432; 31=0; 150=4; 39=4; 54=2; 17=exec20220416001433; 32=0; 41=algo20220416001432; 38=19597; 60=2022-04-16-00:14:33; 6=0.0; 14=3919; 37=algo20220416001432; 10=252;
8=FIX4.4; 35=D; 34=113; 49=MTHREE; 56=MS; 52=2022-04-16-00:14:35; 55=AAPL; 40=2; 38=7220; 21=2; 11=algo20220416001435; 60=2022-04-16-00:14:35; 54=1; 44=284.65; 10=0252;
8=FIX4.4; 35=8; 34=161; 49=MS; 56=MTHREE; 52=2022-04-16-00:14:35; 55=AAPL; 40=2; 11=algo20220416001435; 31=284.65; 150=0; 39=0; 54=1; 44=284.65; 32=0; 17=exec20220416001435; 38=7220; 60=2022-04-16-00:14:35; 6=0; 14=0; 37=algo20220416001435; 10=200;
8=FIX4.4; 35=8; 34=162; 49=MS; 56=MTHREE; 52=2022-04-16-00:14:36; 55=AAPL; 40=2; 11=algo20220416001435; 31=284.65; 150=2; 39=2; 54=1; 44=284.65; 32=7220; 17=exec20220416001436; 38=7220; 60=2022-04-16-00:14:36; 6=284.65; 14=7220; 37=algo20220416001435; 10=246;
8=FIX4.4; 35=D; 34=114; 49=MTHREE; 56=MS; 52=2022-04-16-00:14:36; 55=PEP; 40=2; 38=18115; 21=2; 11=algo20220416001436; 60=2022-04-16-00:14:36; 54=1; 44=45.43; 10=0252;
8=FIX4.4; 35=8; 34=163; 49=MS; 56=MTHREE; 52=2022-04-16-00:14:36; 55=PEP; 40=2; 11=algo20220416001436; 31=45.43; 150=0; 39=0; 54=1; 44=45.43; 32=0; 17=exec20220416001436; 38=18115; 60=2022-04-16-00:14:36; 6=0; 14=0; 37=algo20220416001436; 10=200;
8=FIX4.4; 35=F; 34=114; 49=MTHREE; 56=MS; 52=2022-04-16-00:14:36; 41=algo20220416001436; 55=PEP; 38=18115; 11=C_algo20220416001436; 60=2022-04-16-00:14:36; 10=060;
8=FIX4.4; 35=8; 34=163; 49=MS; 56=MTHREE; 52=2022-04-16-00:14:36; 55=PEP; 11=C_algo20220416001436; 31=0; 150=6; 39=6; 54=1; 44=45.43; 17=exec20220416001436; 32=0; 41=algo20220416001436; 38=18115; 60=2022-04-16-00:14:36; 6=0.0; 14=0; 37=algo20220416001436; 10=252;
8=FIX4.4; 35=8; 34=164; 49=MS; 56=MTHREE; 52=2022-04-16-00:14:36; 151=14492; 55=PEP; 11=C_algo20220416001436; 31=0; 150=4; 39=4; 54=1; 17=exec20220416001436; 32=0; 41=algo20220416001436; 38=18115; 60=2022-04-16-00:14:36; 6=0.0; 14=0; 37=algo20220416001436; 10=252;
8=FIX4.4; 35=D; 34=116; 49=MTHREE; 56=MS; 52=2022-04-16-00:14:38; 55=; 40=2; 38=23677; 21=2; 11=algo20220416001438; 60=2022-04-16-00:14:38; 54=2; 44=; 10=0252;
8=FIX4.4; 35=8; 34=166; 49=MS; 56=MTHREE; 52=2022-04-16-00:14:38; 55=; 40=2; 11=algo20220416001438; 31=; 150=0; 39=0; 54=2; 44=; 32=0; 17=exec20220416001438; 38=23677; 60=2022-04-16-00:14:38; 6=0; 14=0; 37=algo20220416001438; 10=200;
8=FIX4.4; 35=8; 34=167; 49=MS; 56=MTHREE; 52=2022-04-16-00:14:38; 55=; 40=2; 11=algo20220416001438; 31=; 150=1; 39=1; 54=2; 44=; 32=11838; 17=exec20220416001438; 38=23677; 60=2022-04-16-00:14:38; 6=; 14=11838; 37=algo20220416001438; 10=240;
8=FIX4.4; 35=8; 34=168; 49=MS; 56=MTHREE; 52=2022-04-16-00:14:40; 55=; 40=2; 11=algo20220416001438; 31=; 150=2; 39=2; 54=2; 44=; 32=11839; 17=exec20220416001440; 38=23677; 60=2022-04-16-00:14:40; 6=; 14=23677; 37=algo20220416001438; 10=246;
