8=FIX4.4; 35=A; 34=1; 49=MTHREE; 56=MS; 52=2022-04-16-00:11:46; 108=30; 10=0015;
8=FIX4.4; 35=A; 34=1; 49=MS; 56=MTHREE; 52=2022-04-16-00:11:46; 108=30; 10=0016;
8=FIX4.4; 35=0; 34=2; 49=MTHREE; 56=MS; 52=2022-04-16-00:11:46; 108=30; 10=0015;
8=FIX4.4; 35=0; 34=2; 49=MS; 56=MTHREE; 52=2022-04-16-00:11:46; 108=30; 10=0015;
8=FIX4.4; 35=0; 34=3; 49=MTHREE; 56=MS; 52=2022-04-16-00:11:48; 108=30; 10=0015;
8=FIX4.4; 35=0; 34=3; 49=MS; 56=MTHREE; 52=2022-04-16-00:11:48; 108=30; 10=0015;
8=FIX4.4; 35=0; 34=4; 49=MTHREE; 56=MS; 52=2022-04-16-00:11:50; 108=30; 10=0015;
8=FIX4.4; 35=0; 34=4; 49=MS; 56=MTHREE; 52=2022-04-16-00:11:50; 108=30; 10=0015;
8=FIX4.4; 35=0; 34=5; 49=MTHREE; 56=MS; 52=2022-04-16-00:11:52; 108=30; 10=0015;
8=FIX4.4; 35=0; 34=5; 49=MS; 56=MTHREE; 52=2022-04-16-00:11:52; 108=30; 10=0015;
8=FIX4.4; 35=0; 34=6; 49=MTHREE; 56=MS; 52=2022-04-16-00:11:54; 108=30; 10=0015;
8=FIX4.4; 35=0; 34=6; 49=MS; 56=MTHREE; 52=2022-04-16-00:11:54; 108=30; 10=0015;
8=FIX4.4; 35=0; 34=7; 49=MTHREE; 56=MS; 52=2022-04-16-00:11:56; 108=30; 10=0015;
8=FIX4.4; 35=0; 34=7; 49=MS; 56=MTHREE; 52=2022-04-16-00:11:56; 108=30; 10=0015;
8=FIX4.4; 35=0; 34=8; 49=MTHREE; 56=MS; 52=2022-04-16-00:11:58; 108=30; 10=0015;
8=FIX4.4; 35=0; 34=8; 49=MS; 56=MTHREE; 52=2022-04-16-00:11:58; 108=30; 10=0015;
8=FIX4.4; 35=0; 34=9; 49=MTHREE; 56=MS; 52=2022-04-16-00:12:00; 108=30; 10=0015;
8=FIX4.4; 35=0; 34=9; 49=MS; 56=MTHREE; 52=2022-04-16-00:12:00; 108=30; 10=0015;
8=FIX4.4; 35=0; 34=10; 49=MTHREE; 56=MS; 52=2022-04-16-00:12:02; 108=30; 10=0015;
8=FIX4.4; 35=0; 34=10; 49=MS; 56=MTHREE; 52=2022-04-16-00:12:02; 108=30; 10=0015;
8=FIX4.4; 35=0; 34=11; 49=MTHREE; 56=MS; 52=2022-04-16-00:12:04; 108=30; 10=0015;
8=FIX4.4; 35=0; 34=11; 49=MS; 56=MTHREE; 52=2022-04-16-00:12:04; 108=30; 10=0015;
8=FIX4.4; 35=0; 34=12; 49=MTHREE; 56=MS; 52=2022-04-16-00:12:06; 108=30; 10=0015;
8=FIX4.4; 35=0; 34=12; 49=MS; 56=MTHREE; 52=2022-04-16-00:12:06; 108=30; 10=0015;
8=FIX4.4; 35=0; 34=13; 49=MTHREE; 56=MS; 52=2022-04-16-00:12:08; 108=30; 10=0015;
8=FIX4.4; 35=0; 34=13; 49=MS; 56=MTHREE; 52=2022-04-16-00:12:08; 108=30; 10=0015;
8=FIX4.4; 35=0; 34=14; 49=MTHREE; 56=MS; 52=2022-04-16-00:12:10; 108=30; 10=0015;
8=FIX4.4; 35=0; 34=14; 49=MS; 56=MTHREE; 52=2022-04-16-00:12:10; 108=30; 10=0015;
8=FIX4.4; 35=0; 34=15; 49=MTHREE; 56=MS; 52=2022-04-16-00:12:12; 108=30; 10=0015;
8=FIX4.4; 35=0; 34=15; 49=MS; 56=MTHREE; 52=2022-04-16-00:12:12; 108=30; 10=0015;
8=FIX4.4; 35=0; 34=16; 49=MTHREE; 56=MS; 52=2022-04-16-00:12:14; 108=30; 10=0015;
8=FIX4.4; 35=0; 34=16; 49=MS; 56=MTHREE; 52=2022-04-16-00:12:14; 108=30; 10=0015;
8=FIX4.4; 35=0; 34=17; 49=MTHREE; 56=MS; 52=2022-04-16-00:12:16; 108=30; 10=0015;
8=FIX4.4; 35=0; 34=17; 49=MS; 56=MTHREE; 52=2022-04-16-00:12:16; 108=30; 10=0015;
8=FIX4.4; 35=0; 34=18; 49=MTHREE; 56=MS; 52=2022-04-16-00:12:18; 108=30; 10=0015;
8=FIX4.4; 35=0; 34=18; 49=MS; 56=MTHREE; 52=2022-04-16-00:12:18; 108=30; 10=0015;
8=FIX4.4; 35=0; 34=19; 49=MTHREE; 56=MS; 52=2022-04-16-00:12:20; 108=30; 10=0015;
8=FIX4.4; 35=0; 34=19; 49=MS; 56=MTHREE; 52=2022-04-16-00:12:20; 108=30; 10=0015;
8=FIX4.4; 35=0; 34=20; 49=MTHREE; 56=MS; 52=2022-04-16-00:12:22; 108=30; 10=0015;
8=FIX4.4; 35=0; 34=20; 49=MS; 56=MTHREE; 52=2022-04-16-00:12:22; 108=30; 10=0015;
8=FIX4.4; 35=0; 34=21; 49=MTHREE; 56=MS; 52=2022-04-16-00:12:24; 108=30; 10=0015;
8=FIX4.4; 35=0; 34=21; 49=MS; 56=MTHREE; 52=2022-04-16-00:12:24; 108=30; 10=0015;
8=FIX4.4; 35=0; 34=22; 49=MTHREE; 56=MS; 52=2022-04-16-00:12:26; 108=30; 10=0015;
8=FIX4.4; 35=0; 34=22; 49=MS; 56=MTHREE; 52=2022-04-16-00:12:26; 108=30; 10=0015;
8=FIX4.4; 35=0; 34=23; 49=MTHREE; 56=MS; 52=2022-04-16-00:12:28; 108=30; 10=0015;
8=FIX4.4; 35=0; 34=23; 49=MS; 56=MTHREE; 52=2022-04-16-00:12:28; 108=30; 10=0015;
8=FIX4.4; 35=0; 34=24; 49=MTHREE; 56=MS; 52=2022-04-16-00:12:30; 108=30; 10=0015;
8=FIX4.4; 35=0; 34=24; 49=MS; 56=MTHREE; 52=2022-04-16-00:12:30; 108=30; 10=0015;
8=FIX4.4; 35=0; 34=25; 49=MTHREE; 56=MS; 52=2022-04-16-00:12:32; 108=30; 10=0015;
8=FIX4.4; 35=0; 34=25; 49=MS; 56=MTHREE; 52=2022-04-16-00:12:32; 108=30; 10=0015;
8=FIX4.4; 35=0; 34=26; 49=MTHREE; 56=MS; 52=2022-04-16-00:12:34; 108=30; 10=0015;
8=FIX4.4; 35=0; 34=26; 49=MS; 56=MTHREE; 52=2022-04-16-00:12:34; 108=30; 10=0015;
8=FIX4.4; 35=0; 34=27; 49=MTHREE; 56=MS; 52=2022-04-16-00:12:36; 108=30; 10=0015;
8=FIX4.4; 35=0; 34=27; 49=MS; 56=MTHREE; 52=2022-04-16-00:12:36; 108=30; 10=0015;
8=FIX4.4; 35=0; 34=28; 49=MTHREE; 56=MS; 52=2022-04-16-00:12:38; 108=30; 10=0015;
8=FIX4.4; 35=0; 34=28; 49=MS; 56=MTHREE; 52=2022-04-16-00:12:38; 108=30; 10=0015;
8=FIX4.4; 35=0; 34=29; 49=MTHREE; 56=MS; 52=2022-04-16-00:12:40; 108=30; 10=0015;
8=FIX4.4; 35=0; 34=29; 49=MS; 56=MTHREE; 52=2022-04-16-00:12:40; 108=30; 10=0015;
8=FIX4.4; 35=0; 34=30; 49=MTHREE; 56=MS; 52=2022-04-16-00:12:42; 108=30; 10=0015;
8=FIX4.4; 35=0; 34=30; 49=MS; 56=MTHREE; 52=2022-04-16-00:12:42; 108=30; 10=0015;
8=FIX4.4; 35=0; 34=31; 49=MTHREE; 56=MS; 52=2022-04-16-00:12:44; 108=30; 10=0015;
8=FIX4.4; 35=0; 34=31; 49=MS; 56=MTHREE; 52=2022-04-16-00:12:44; 108=30; 10=0015;
8=FIX4.4; 35=0; 34=32; 49=MTHREE; 56=MS; 52=2022-04-16-00:12:46; 108=30; 10=0015;
8=FIX4.4; 35=0; 34=32; 49=MS; 56=MTHREE; 52=2022-04-16-00:12:46; 108=30; 10=0015;
8=FIX4.4; 35=0; 34=33; 49=MTHREE; 56=MS; 52=2022-04-16-00:12:48; 108=30; 10=0015;
8=FIX4.4; 35=0; 34=33; 49=MS; 56=MTHREE; 52=2022-04-16-00:12:48; 108=30; 10=0015;
8=FIX4.4; 35=0; 34=34; 49=MTHREE; 56=MS; 52=2022-04-16-00:12:50; 108=30; 10=0015;
8=FIX4.4; 35=0; 34=34; 49=MS; 56=MTHREE; 52=2022-04-16-00:12:50; 108=30; 10=0015;
8=FIX4.4; 35=0; 34=35; 49=MTHREE; 56=MS; 52=2022-04-16-00:12:52; 108=30; 10=0015;
8=FIX4.4; 35=0; 34=35; 49=MS; 56=MTHREE; 52=2022-04-16-00:12:52; 108=30; 10=0015;
8=FIX4.4; 35=0; 34=36; 49=MTHREE; 56=MS; 52=2022-04-16-00:12:54; 108=30; 10=0015;
8=FIX4.4; 35=0; 34=36; 49=MS; 56=MTHREE; 52=2022-04-16-00:12:54; 108=30; 10=0015;
8=FIX4.4; 35=0; 34=37; 49=MTHREE; 56=MS; 52=2022-04-16-00:12:56; 108=30; 10=0015;
8=FIX4.4; 35=0; 34=37; 49=MS; 56=MTHREE; 52=2022-04-16-00:12:56; 108=30; 10=0015;
8=FIX4.4; 35=0; 34=38; 49=MTHREE; 56=MS; 52=2022-04-16-00:12:58; 108=30; 10=0015;
8=FIX4.4; 35=0; 34=38; 49=MS; 56=MTHREE; 52=2022-04-16-00:12:58; 108=30; 10=0015;
8=FIX4.4; 35=0; 34=39; 49=MTHREE; 56=MS; 52=2022-04-16-00:13:00; 108=30; 10=0015;
8=FIX4.4; 35=0; 34=39; 49=MS; 56=MTHREE; 52=2022-04-16-00:13:00; 108=30; 10=0015;
8=FIX4.4; 35=0; 34=40; 49=MTHREE; 56=MS; 52=2022-04-16-00:13:02; 108=30; 10=0015;
8=FIX4.4; 35=0; 34=40; 49=MS; 56=MTHREE; 52=2022-04-16-00:13:02; 108=30; 10=0015;
8=FIX4.4; 35=0; 34=41; 49=MTHREE; 56=MS; 52=2022-04-16-00:13:04; 108=30; 10=0015;
8=FIX4.4; 35=0; 34=41; 49=MS; 56=MTHREE; 52=2022-04-16-00:13:04; 108=30; 10=0015;
8=FIX4.4; 35=0; 34=42; 49=MTHREE; 56=MS; 52=2022-04-16-00:13:06; 108=30; 10=0015;
8=FIX4.4; 35=0; 34=42; 49=MS; 56=MTHREE; 52=2022-04-16-00:13:06; 108=30; 10=0015;
8=FIX4.4; 35=0; 34=43; 49=MTHREE; 56=MS; 52=2022-04-16-00:13:08; 108=30; 10=0015;
8=FIX4.4; 35=0; 34=43; 49=MS; 56=MTHREE; 52=2022-04-16-00:13:08; 108=30; 10=0015;
8=FIX4.4; 35=0; 34=44; 49=MTHREE; 56=MS; 52=2022-04-16-00:13:10; 108=30; 10=0015;
8=FIX4.4; 35=0; 34=44; 49=MS; 56=MTHREE; 52=2022-04-16-00:13:10; 108=30; 10=0015;
8=FIX4.4; 35=0; 34=45; 49=MTHREE; 56=MS; 52=2022-04-16-00:13:12; 108=30; 10=0015;
8=FIX4.4; 35=0; 34=45; 49=MS; 56=MTHREE; 52=2022-04-16-00:13:12; 108=30; 10=0015;
8=FIX4.4; 35=0; 34=46; 49=MTHREE; 56=MS; 52=2022-04-16-00:13:14; 108=30; 10=0015;
8=FIX4.4; 35=0; 34=46; 49=MS; 56=MTHREE; 52=2022-04-16-00:13:14; 108=30; 10=0015;
8=FIX4.4; 35=0; 34=47; 49=MTHREE; 56=MS; 52=2022-04-16-00:13:16; 108=30; 10=0015;
8=FIX4.4; 35=0; 34=47; 49=MS; 56=MTHREE; 52=2022-04-16-00:13:16; 108=30; 10=0015;
8=FIX4.4; 35=0; 34=48; 49=MTHREE; 56=MS; 52=2022-04-16-00:13:18; 108=30; 10=0015;
8=FIX4.4; 35=0; 34=48; 49=MS; 56=MTHREE; 52=2022-04-16-00:13:18; 108=30; 10=0015;
8=FIX4.4; 35=0; 34=49; 49=MTHREE; 56=MS; 52=2022-04-16-00:13:20; 108=30; 10=0015;
8=FIX4.4; 35=0; 34=49; 49=MS; 56=MTHREE; 52=2022-04-16-00:13:20; 108=30; 10=0015;
8=FIX4.4; 35=0; 34=50; 49=MTHREE; 56=MS; 52=2022-04-16-00:13:22; 108=30; 10=0015;
8=FIX4.4; 35=0; 34=50; 49=MS; 56=MTHREE; 52=2022-04-16-00:13:22; 108=30; 10=0015;
8=FIX4.4; 35=0; 34=51; 49=MTHREE; 56=MS; 52=2022-04-16-00:13:24; 108=30; 10=0015;
8=FIX4.4; 35=0; 34=51; 49=MS; 56=MTHREE; 52=2022-04-16-00:13:24; 108=30; 10=0015;
8=FIX4.4; 35=D; 34=52; 49=MTHREE; 56=MS; 52=2022-04-16-00:13:26; 55=AAPL; 40=2; 38=10832; 21=2; 11=algo20220416001326; 60=2022-04-16-00:13:26; 54=2; 44=1276.37; 10=0252;
8=FIX4.4; 35=8; 34=52; 49=MS; 56=MTHREE; 52=2022-04-16-00:13:26; 55=AAPL; 40=2; 11=algo20220416001326; 31=1276.37; 150=0; 39=0; 54=2; 44=1276.37; 32=0; 17=exec20220416001326; 38=10832; 60=2022-04-16-00:13:26; 6=0; 14=0; 37=algo20220416001326; 10=200;
8=FIX4.4; 35=8; 34=53; 49=MS; 56=MTHREE; 52=2022-04-16-00:13:27; 55=AAPL; 40=2; 11=algo20220416001326; 31=1276.37; 150=2; 39=2; 54=2; 44=1276.37; 32=10832; 17=exec20220416001327; 38=10832; 60=2022-04-16-00:13:27; 6=1276.37; 14=10832; 37=algo20220416001326; 10=246;
8=FIX4.4; 35=D; 34=53; 49=MTHREE; 56=MS; 52=2022-04-16-00:13:27; 55=MSFT; 40=2; 38=17868; 21=2; 11=algo20220416001327; 60=2022-04-16-00:13:27; 54=2; 44=59.89; 10=0252;
8=FIX4.4; 35=8; 34=54; 49=MS; 56=MTHREE; 52=2022-04-16-00:13:27; 55=MSFT; 40=2; 11=algo20220416001327; 31=59.89; 150=0; 39=0; 54=2; 44=59.89; 32=0; 17=exec20220416001327; 38=17868; 60=2022-04-16-00:13:27; 6=0; 14=0; 37=algo20220416001327; 10=200;
8=FIX4.4; 35=F; 34=53; 49=MTHREE; 56=MS; 52=2022-04-16-00:13:27; 41=algo20220416001327; 55=MSFT; 38=17868; 11=C_algo20220416001327; 60=2022-04-16-00:13:27; 10=060;
8=FIX4.4; 35=8; 34=54; 49=MS; 56=MTHREE; 52=2022-04-16-00:13:27; 55=MSFT; 11=C_algo20220416001327; 31=0; 150=6; 39=6; 54=2; 44=59.89; 17=exec20220416001327; 32=0; 41=algo20220416001327; 38=17868; 60=2022-04-16-00:13:27; 6=0.0; 14=0; 37=algo20220416001327; 10=252;
8=FIX4.4; 35=8; 34=55; 49=MS; 56=MTHREE; 52=2022-04-16-00:13:27; 151=8934; 55=MSFT; 11=C_algo20220416001327; 31=0; 150=4; 39=4; 54=2; 17=exec20220416001327; 32=0; 41=algo20220416001327; 38=17868; 60=2022-04-16-00:13:27; 6=0.0; 14=0; 37=algo20220416001327; 10=252;
8=FIX4.4; 35=D; 34=55; 49=MTHREE; 56=MS; 52=2022-04-16-00:13:29; 55=AMZN; 40=2; 38=5622; 21=2; 11=algo20220416001329; 60=2022-04-16-00:13:29; 54=2; 44=133.47; 10=0252;
8=FIX4.4; 35=8; 34=57; 49=MS; 56=MTHREE; 52=2022-04-16-00:13:29; 55=AMZN; 40=2; 11=algo20220416001329; 31=133.47; 150=0; 39=0; 54=2; 44=133.47; 32=0; 17=exec20220416001329; 38=5622; 60=2022-04-16-00:13:29; 6=0; 14=0; 37=algo20220416001329; 10=200;
8=FIX4.4; 35=8; 34=58; 49=MS; 56=MTHREE; 52=2022-04-16-00:13:30; 55=AMZN; 40=2; 11=algo20220416001329; 31=133.47; 150=2; 39=2; 54=2; 44=133.47; 32=5622; 17=exec20220416001330; 38=5622; 60=2022-04-16-00:13:30; 6=133.47; 14=5622; 37=algo20220416001329; 10=246;
8=FIX4.4; 35=D; 34=56; 49=MTHREE; 56=MS; 52=2022-04-16-00:13:30; 55=FB; 40=2; 38=32455; 21=2; 11=algo20220416001330; 60=2022-04-16-00:13:30; 54=1; 44=430.62; 10=0252;
8=FIX4.4; 35=8; 34=59; 49=MS; 56=MTHREE; 52=2022-04-16-00:13:30; 55=FB; 40=2; 11=algo20220416001330; 31=430.62; 150=0; 39=0; 54=1; 44=430.62; 32=0; 17=exec20220416001330; 38=32455; 60=2022-04-16-00:13:30; 6=0; 14=0; 37=algo20220416001330; 10=200;
8=FIX4.4; 35=F; 34=56; 49=MTHREE; 56=MS; 52=2022-04-16-00:13:30; 41=algo20220416001330; 55=FB; 38=32455; 11=C_algo20220416001330; 60=2022-04-16-00:13:30; 10=060;
8=FIX4.4; 35=8; 34=59; 49=MS; 56=MTHREE; 52=2022-04-16-00:13:30; 55=FB; 11=C_algo20220416001330; 31=0; 150=6; 39=6; 54=1; 44=430.62; 17=exec20220416001330; 32=0; 41=algo20220416001330; 38=32455; 60=2022-04-16-00:13:30; 6=0.0; 14=0; 37=algo20220416001330; 10=252;
8=FIX4.4; 35=8; 34=60; 49=MS; 56=MTHREE; 52=2022-04-16-00:13:30; 151=21637; 55=FB; 11=C_algo20220416001330; 31=0; 150=4; 39=4; 54=1; 17=exec20220416001330; 32=0; 41=algo20220416001330; 38=32455; 60=2022-04-16-00:13:30; 6=0.0; 14=0; 37=algo20220416001330; 10=252;
8=FIX4.4; 35=D; 34=58; 49=MTHREE; 56=MS; 52=2022-04-16-00:13:32; 55=GOOG; 40=2; 38=28753; 21=2; 11=algo20220416001332; 60=2022-04-16-00:13:32; 54=1; 44=42.05; 10=0252;
8=FIX4.4; 35=8; 34=62; 49=MS; 56=MTHREE; 52=2022-04-16-00:13:32; 55=GOOG; 40=2; 11=algo20220416001332; 31=42.05; 150=0; 39=0; 54=1; 44=42.05; 32=0; 17=exec20220416001332; 38=28753; 60=2022-04-16-00:13:32; 6=0; 14=0; 37=algo20220416001332; 10=200;
8=FIX4.4; 35=F; 34=58; 49=MTHREE; 56=MS; 52=2022-04-16-00:13:32; 41=algo20220416001332; 55=GOOG; 38=28753; 11=C_algo20220416001332; 60=2022-04-16-00:13:32; 10=060;
8=FIX4.4; 35=8; 34=62; 49=MS; 56=MTHREE; 52=2022-04-16-00:13:32; 55=GOOG; 11=C_algo20220416001332; 31=0; 150=6; 39=6; 54=1; 44=42.05; 17=exec20220416001332; 32=0; 41=algo20220416001332; 38=28753; 60=2022-04-16-00:13:32; 6=0.0; 14=0; 37=algo20220416001332; 10=252;
8=FIX4.4; 35=8; 34=63; 49=MS; 56=MTHREE; 52=2022-04-16-00:13:32; 151=23003; 55=GOOG; 11=C_algo20220416001332; 31=0; 150=4; 39=4; 54=1; 17=exec20220416001332; 32=0; 41=algo20220416001332; 38=28753; 60=2022-04-16-00:13:32; 6=0.0; 14=0; 37=algo20220416001332; 10=252;
8=FIX4.4; 35=D; 34=60; 49=MTHREE; 56=MS; 52=2022-04-16-00:13:34; 55=GOOGL; 40=2; 38=8606; 21=2; 11=algo20220416001334; 60=2022-04-16-00:13:34; 54=1; 44=289.20; 10=0252;
8=FIX4.4; 35=8; 34=65; 49=MS; 56=MTHREE; 52=2022-04-16-00:13:34; 55=GOOGL; 40=2; 11=algo20220416001334; 31=289.20; 150=0; 39=0; 54=1; 44=289.20; 32=0; 17=exec20220416001334; 38=8606; 60=2022-04-16-00:13:34; 6=0; 14=0; 37=algo20220416001334; 10=200;
8=FIX4.4; 35=F; 34=60; 49=MTHREE; 56=MS; 52=2022-04-16-00:13:34; 41=algo20220416001334; 55=GOOGL; 38=8606; 11=C_algo20220416001334; 60=2022-04-16-00:13:34; 10=060;
8=FIX4.4; 35=8; 34=65; 49=MS; 56=MTHREE; 52=2022-04-16-00:13:34; 55=GOOGL; 11=C_algo20220416001334; 31=0; 150=6; 39=6; 54=1; 44=289.20; 17=exec20220416001334; 32=0; 41=algo20220416001334; 38=8606; 60=2022-04-16-00:13:34; 6=0.0; 14=0; 37=algo20220416001334; 10=252;
8=FIX4.4; 35=8; 34=66; 49=MS; 56=MTHREE; 52=2022-04-16-00:13:34; 151=6455; 55=GOOGL; 11=C_algo20220416001334; 31=0; 150=4; 39=4; 54=1; 17=exec20220416001334; 32=0; 41=algo20220416001334; 38=8606; 60=2022-04-16-00:13:34; 6=0.0; 14=0; 37=algo20220416001334; 10=252;
8=FIX4.4; 35=D; 34=62; 49=MTHREE; 56=MS; 52=2022-04-16-00:13:36; 55=INTC; 40=2; 38=28535; 21=2; 11=algo20220416001336; 60=2022-04-16-00:13:36; 54=1; 44=339.13; 10=0252;
8=FIX4.4; 35=8; 34=68; 49=MS; 56=MTHREE; 52=2022-04-16-00:13:36; 55=INTC; 40=2; 11=algo20220416001336; 31=339.13; 150=0; 39=0; 54=1; 44=339.13; 32=0; 17=exec20220416001336; 38=28535; 60=2022-04-16-00:13:36; 6=0; 14=0; 37=algo20220416001336; 10=200;
8=FIX4.4; 35=F; 34=62; 49=MTHREE; 56=MS; 52=2022-04-16-00:13:36; 41=algo20220416001336; 55=INTC; 38=28535; 11=C_algo20220416001336; 60=2022-04-16-00:13:36; 10=060;
8=FIX4.4; 35=8; 34=68; 49=MS; 56=MTHREE; 52=2022-04-16-00:13:36; 55=INTC; 11=C_algo20220416001336; 31=0; 150=6; 39=6; 54=1; 44=339.13; 17=exec20220416001336; 32=0; 41=algo20220416001336; 38=28535; 60=2022-04-16-00:13:36; 6=0.0; 14=0; 37=algo20220416001336; 10=252;
8=FIX4.4; 35=8; 34=69; 49=MS; 56=MTHREE; 52=2022-04-16-00:13:36; 151=21402; 55=INTC; 11=C_algo20220416001336; 31=0; 150=4; 39=4; 54=1; 17=exec20220416001336; 32=0; 41=algo20220416001336; 38=28535; 60=2022-04-16-00:13:36; 6=0.0; 14=0; 37=algo20220416001336; 10=252;
8=FIX4.4; 35=D; 34=64; 49=MTHREE; 56=MS; 52=2022-04-16-00:13:38; 55=PEP; 40=2; 38=3486; 21=2; 11=algo20220416001338; 60=2022-04-16-00:13:38; 54=1; 44=36.21; 10=0252;
8=FIX4.4; 35=8; 34=71; 49=MS; 56=MTHREE; 52=2022-04-16-00:13:38; 55=PEP; 40=2; 11=algo20220416001338; 31=36.21; 150=0; 39=0; 54=1; 44=36.21; 32=0; 17=exec20220416001338; 38=3486; 60=2022-04-16-00:13:38; 6=0; 14=0; 37=algo20220416001338; 10=200;
8=FIX4.4; 35=8; 34=72; 49=MS; 56=MTHREE; 52=2022-04-16-00:13:39; 55=PEP; 40=2; 11=algo20220416001338; 31=36.21; 150=2; 39=2; 54=1; 44=36.21; 32=3486; 17=exec20220416001339; 38=3486; 60=2022-04-16-00:13:39; 6=36.21; 14=3486; 37=algo20220416001338; 10=246;
8=FIX4.4; 35=D; 34=65; 49=MTHREE; 56=MS; 52=2022-04-16-00:13:39; 55=NFLX; 40=2; 38=29641; 21=2; 11=algo20220416001339; 60=2022-04-16-00:13:39; 54=1; 44=306.71; 10=0252;
8=FIX4.4; 35=8; 34=73; 49=MS; 56=MTHREE; 52=2022-04-16-00:13:39; 55=NFLX; 40=2; 11=algo20220416001339; 31=306.71; 150=0; 39=0; 54=1; 44=306.71; 32=0; 17=exec20220416001339; 38=29641; 60=2022-04-16-00:13:39; 6=0; 14=0; 37=algo20220416001339; 10=200;
8=FIX4.4; 35=8; 34=74; 49=MS; 56=MTHREE; 52=2022-04-16-00:13:39; 55=NFLX; 40=2; 11=algo20220416001339; 31=306.71; 150=1; 39=1; 54=1; 44=306.71; 32=7410; 17=exec20220416001339; 38=29641; 60=2022-04-16-00:13:39; 6=306.71; 14=7410; 37=algo20220416001339; 10=240;
8=FIX4.4; 35=8; 34=75; 49=MS; 56=MTHREE; 52=2022-04-16-00:13:40; 55=NFLX; 40=2; 11=algo20220416001339; 31=306.71; 150=1; 39=1; 54=1; 44=306.71; 32=7410; 17=exec20220416001340; 38=29641; 60=2022-04-16-00:13:40; 6=306.71; 14=14820; 37=algo20220416001339; 10=240;
8=FIX4.4; 35=8; 34=76; 49=MS; 56=MTHREE; 52=2022-04-16-00:13:41; 55=NFLX; 40=2; 11=algo20220416001339; 31=306.71; 150=1; 39=1; 54=1; 44=306.71; 32=7410; 17=exec20220416001341; 38=29641; 60=2022-04-16-00:13:41; 6=306.71; 14=22230; 37=algo20220416001339; 10=240;
8=FIX4.4; 35=8; 34=77; 49=MS; 56=MTHREE; 52=2022-04-16-00:13:43; 55=NFLX; 40=2; 11=algo20220416001339; 31=306.71; 150=2; 39=2; 54=1; 44=306.71; 32=7411; 17=exec20220416001343; 38=29641; 60=2022-04-16-00:13:43; 6=306.71; 14=29641; 37=algo20220416001339; 10=246;
8=FIX4.4; 35=D; 34=66; 49=MTHREE; 56=MS; 52=2022-04-16-00:13:43; 55=CSCO; 40=2; 38=11828; 21=2; 11=algo20220416001343; 60=2022-04-16-00:13:43; 54=2; 44=233.73; 10=0252;
8=FIX4.4; 35=8; 34=78; 49=MS; 56=MTHREE; 52=2022-04-16-00:13:43; 55=CSCO; 40=2; 11=algo20220416001343; 31=233.73; 150=0; 39=0; 54=2; 44=233.73; 32=0; 17=exec20220416001343; 38=11828; 60=2022-04-16-00:13:43; 6=0; 14=0; 37=algo20220416001343; 10=200;
8=FIX4.4; 35=8; 34=79; 49=MS; 56=MTHREE; 52=2022-04-16-00:13:43; 55=CSCO; 40=2; 11=algo20220416001343; 31=233.73; 150=1; 39=1; 54=2; 44=233.73; 32=2957; 17=exec20220416001343; 38=11828; 60=2022-04-16-00:13:43; 6=233.73; 14=2957; 37=algo20220416001343; 10=240;
8=FIX4.4; 35=8; 34=80; 49=MS; 56=MTHREE; 52=2022-04-16-00:13:44; 55=CSCO; 40=2; 11=algo20220416001343; 31=233.73; 150=1; 39=1; 54=2; 44=233.73; 32=2957; 17=exec20220416001344; 38=11828; 60=2022-04-16-00:13:44; 6=233.73; 14=5914; 37=algo20220416001343; 10=240;
8=FIX4.4; 35=8; 34=81; 49=MS; 56=MTHREE; 52=2022-04-16-00:13:45; 55=CSCO; 40=2; 11=algo20220416001343; 31=233.73; 150=1; 39=1; 54=2; 44=233.73; 32=2957; 17=exec20220416001345; 38=11828; 60=2022-04-16-00:13:45; 6=233.73; 14=8871; 37=algo20220416001343; 10=240;
8=FIX4.4; 35=8; 34=82; 49=MS; 56=MTHREE; 52=2022-04-16-00:13:47; 55=CSCO; 40=2; 11=algo20220416001343; 31=233.73; 150=2; 39=2; 54=2; 44=233.73; 32=2957; 17=exec20220416001347; 38=11828; 60=2022-04-16-00:13:47; 6=233.73; 14=11828; 37=algo20220416001343; 10=246;
8=FIX4.4; 35=D; 34=67; 49=MTHREE; 56=MS; 52=2022-04-16-00:13:47; 55=AMGN; 40=2; 38=13951; 21=2; 11=algo20220416001347; 60=2022-04-16-00:13:47; 54=2; 44=116.62; 10=0252;
8=FIX4.4; 35=8; 34=83; 49=MS; 56=MTHREE; 52=2022-04-16-00:13:47; 55=AMGN; 40=2; 11=algo20220416001347; 31=116.62; 150=0; 39=0; 54=2; 44=116.62; 32=0; 17=exec20220416001347; 38=13951; 60=2022-04-16-00:13:47; 6=0; 14=0; 37=algo20220416001347; 10=200;
8=FIX4.4; 35=8; 34=84; 49=MS; 56=MTHREE; 52=2022-04-16-00:13:48; 55=AMGN; 40=2; 11=algo20220416001347; 31=116.62; 150=2; 39=2; 54=2; 44=116.62; 32=13951; 17=exec20220416001348; 38=13951; 60=2022-04-16-00:13:48; 6=116.62; 14=13951; 37=algo20220416001347; 10=246;
8=FIX4.4; 35=D; 34=68; 49=MTHREE; 56=MS; 52=2022-04-16-00:13:48; 55=PYPL; 40=2; 38=30177; 21=2; 11=algo20220416001348; 60=2022-04-16-00:13:48; 54=2; 44=723.61; 10=0252;
8=FIX4.4; 35=8; 34=85; 49=MS; 56=MTHREE; 52=2022-04-16-00:13:48; 55=PYPL; 40=2; 11=algo20220416001348; 31=723.61; 150=0; 39=0; 54=2; 44=723.61; 32=0; 17=exec20220416001348; 38=30177; 60=2022-04-16-00:13:48; 6=0; 14=0; 37=algo20220416001348; 10=200;
8=FIX4.4; 35=8; 34=86; 49=MS; 56=MTHREE; 52=2022-04-16-00:13:48; 55=PYPL; 40=2; 11=algo20220416001348; 31=723.61; 150=1; 39=1; 54=2; 44=723.61; 32=15088; 17=exec20220416001348; 38=30177; 60=2022-04-16-00:13:48; 6=723.61; 14=15088; 37=algo20220416001348; 10=240;
8=FIX4.4; 35=8; 34=87; 49=MS; 56=MTHREE; 52=2022-04-16-00:13:50; 55=PYPL; 40=2; 11=algo20220416001348; 31=723.61; 150=2; 39=2; 54=2; 44=723.61; 32=15089; 17=exec20220416001350; 38=30177; 60=2022-04-16-00:13:50; 6=723.61; 14=30177; 37=algo20220416001348; 10=246;
8=FIX4.4; 35=D; 34=69; 49=MTHREE; 56=MS; 52=2022-04-16-00:13:50; 55=TSLA; 40=2; 38=1773; 21=2; 11=algo20220416001350; 60=2022-04-16-00:13:50; 54=1; 44=503.77; 10=0252;
8=FIX4.4; 35=8; 34=88; 49=MS; 56=MTHREE; 52=2022-04-16-00:13:50; 55=TSLA; 40=2; 11=algo20220416001350; 31=503.77; 150=0; 39=0; 54=1; 44=503.77; 32=0; 17=exec20220416001350; 38=1773; 60=2022-04-16-00:13:50; 6=0; 14=0; 37=algo20220416001350; 10=200;
8=FIX4.4; 35=8; 34=89; 49=MS; 56=MTHREE; 52=2022-04-16-00:13:50; 55=TSLA; 40=2; 11=algo20220416001350; 31=503.77; 150=1; 39=1; 54=1; 44=503.77; 32=443; 17=exec20220416001350; 38=1773; 60=2022-04-16-00:13:50; 6=503.77; 14=443; 37=algo20220416001350; 10=240;
8=FIX4.4; 35=8; 34=90; 49=MS; 56=MTHREE; 52=2022-04-16-00:13:51; 55=TSLA; 40=2; 11=algo20220416001350; 31=503.77; 150=1; 39=1; 54=1; 44=503.77; 32=443; 17=exec20220416001351; 38=1773; 60=2022-04-16-00:13:51; 6=503.77; 14=886; 37=algo20220416001350; 10=240;
8=FIX4.4; 35=8; 34=91; 49=MS; 56=MTHREE; 52=2022-04-16-00:13:52; 55=TSLA; 40=2; 11=algo20220416001350; 31=503.77; 150=1; 39=1; 54=1; 44=503.77; 32=443; 17=exec20220416001352; 38=1773; 60=2022-04-16-00:13:52; 6=503.77; 14=1329; 37=algo20220416001350; 10=240;
8=FIX4.4; 35=8; 34=92; 49=MS; 56=MTHREE; 52=2022-04-16-00:13:54; 55=TSLA; 40=2; 11=algo20220416001350; 31=503.77; 150=2; 39=2; 54=1; 44=503.77; 32=444; 17=exec20220416001354; 38=1773; 60=2022-04-16-00:13:54; 6=503.77; 14=1773; 37=algo20220416001350; 10=246;
8=FIX4.4; 35=D; 34=70; 49=MTHREE; 56=MS; 52=2022-04-16-00:13:54; 55=TXN; 40=2; 38=27135; 21=2; 11=algo20220416001354; 60=2022-04-16-00:13:54; 54=2; 44=112.46; 10=0252;
8=FIX4.4; 35=8; 34=93; 49=MS; 56=MTHREE; 52=2022-04-16-00:13:54; 55=TXN; 40=2; 11=algo20220416001354; 31=112.46; 150=0; 39=0; 54=2; 44=112.46; 32=0; 17=exec20220416001354; 38=27135; 60=2022-04-16-00:13:54; 6=0; 14=0; 37=algo20220416001354; 10=200;
8=FIX4.4; 35=8; 34=94; 49=MS; 56=MTHREE; 52=2022-04-16-00:13:54; 55=TXN; 40=2; 11=algo20220416001354; 31=112.46; 150=1; 39=1; 54=2; 44=112.46; 32=5427; 17=exec20220416001354; 38=27135; 60=2022-04-16-00:13:54; 6=112.46; 14=5427; 37=algo20220416001354; 10=240;
8=FIX4.4; 35=F; 34=70; 49=MTHREE; 56=MS; 52=2022-04-16-00:13:55; 41=algo20220416001354; 55=TXN; 38=27135; 11=C_algo20220416001354; 60=2022-04-16-00:13:55; 10=060;
8=FIX4.4; 35=8; 34=94; 49=MS; 56=MTHREE; 52=2022-04-16-00:13:55; 55=TXN; 11=C_algo20220416001354; 31=0; 150=6; 39=6; 54=2; 44=112.46; 17=exec20220416001355; 32=0; 41=algo20220416001354; 38=27135; 60=2022-04-16-00:13:55; 6=0.0; 14=5427; 37=algo20220416001354; 10=252;
8=FIX4.4; 35=8; 34=95; 49=MS; 56=MTHREE; 52=2022-04-16-00:13:55; 151=16281; 55=TXN; 11=C_algo20220416001354; 31=0; 150=4; 39=4; 54=2; 17=exec20220416001355; 32=0; 41=algo20220416001354; 38=27135; 60=2022-04-16-00:13:55; 6=0.0; 14=5427; 37=algo20220416001354; 10=252;
8=FIX4.4; 35=D; 34=72; 49=MTHREE; 56=MS; 52=2022-04-16-00:13:57; 55=AVGO; 40=2; 38=23943; 21=2; 11=algo20220416001357; 60=2022-04-16-00:13:57; 54=2; 44=262.99; 10=0252;
8=FIX4.4; 35=8; 34=97; 49=MS; 56=MTHREE; 52=2022-04-16-00:13:57; 55=AVGO; 40=2; 11=algo20220416001357; 31=262.99; 150=0; 39=0; 54=2; 44=262.99; 32=0; 17=exec20220416001357; 38=23943; 60=2022-04-16-00:13:57; 6=0; 14=0; 37=algo20220416001357; 10=200;
8=FIX4.4; 35=8; 34=98; 49=MS; 56=MTHREE; 52=2022-04-16-00:13:57; 55=AVGO; 40=2; 11=algo20220416001357; 31=262.99; 150=1; 39=1; 54=2; 44=262.99; 32=4788; 17=exec20220416001357; 38=23943; 60=2022-04-16-00:13:57; 6=262.99; 14=4788; 37=algo20220416001357; 10=240;
8=FIX4.4; 35=F; 34=72; 49=MTHREE; 56=MS; 52=2022-04-16-00:13:58; 41=algo20220416001357; 55=AVGO; 38=23943; 11=C_algo20220416001357; 60=2022-04-16-00:13:58; 10=060;
8=FIX4.4; 35=8; 34=98; 49=MS; 56=MTHREE; 52=2022-04-16-00:13:58; 55=AVGO; 11=C_algo20220416001357; 31=0; 150=6; 39=6; 54=2; 44=262.99; 17=exec20220416001358; 32=0; 41=algo20220416001357; 38=23943; 60=2022-04-16-00:13:58; 6=0.0; 14=4788; 37=algo20220416001357; 10=252;
8=FIX4.4; 35=8; 34=99; 49=MS; 56=MTHREE; 52=2022-04-16-00:13:58; 151=14367; 55=AVGO; 11=C_algo20220416001357; 31=0; 150=4; 39=4; 54=2; 17=exec20220416001358; 32=0; 41=algo20220416001357; 38=23943; 60=2022-04-16-00:13:58; 6=0.0; 14=4788; 37=algo20220416001357; 10=252;
8=FIX4.4; 35=D; 34=74; 49=MTHREE; 56=MS; 52=2022-04-16-00:14:00; 55=GILD; 40=2; 38=1354; 21=2; 11=algo20220416001400; 60=2022-04-16-00:14:00; 54=2; 44=82.91; 10=0252;
8=FIX4.4; 35=8; 34=101; 49=MS; 56=MTHREE; 52=2022-04-16-00:14:00; 55=GILD; 40=2; 11=algo20220416001400; 31=82.91; 150=0; 39=0; 54=2; 44=82.91; 32=0; 17=exec20220416001400; 38=1354; 60=2022-04-16-00:14:00; 6=0; 14=0; 37=algo20220416001400; 10=200;
8=FIX4.4; 35=F; 34=74; 49=MTHREE; 56=MS; 52=2022-04-16-00:14:00; 41=algo20220416001400; 55=GILD; 38=1354; 11=C_algo20220416001400; 60=2022-04-16-00:14:00; 10=060;
8=FIX4.4; 35=8; 34=101; 49=MS; 56=MTHREE; 52=2022-04-16-00:14:00; 55=GILD; 11=C_algo20220416001400; 31=0; 150=6; 39=6; 54=2; 44=82.91; 17=exec20220416001400; 32=0; 41=algo20220416001400; 38=1354; 60=2022-04-16-00:14:00; 6=0.0; 14=0; 37=algo20220416001400; 10=252;
8=FIX4.4; 35=8; 34=102; 49=MS; 56=MTHREE; 52=2022-04-16-00:14:00; 151=677; 55=GILD; 11=C_algo20220416001400; 31=0; 150=4; 39=4; 54=2; 17=exec20220416001400; 32=0; 41=algo20220416001400; 38=1354; 60=2022-04-16-00:14:00; 6=0.0; 14=0; 37=algo20220416001400; 10=252;
8=FIX4.4; 35=D; 34=76; 49=MTHREE; 56=MS; 52=2022-04-16-00:14:02; 55=SBUX; 40=2; 38=12122; 21=2; 11=algo20220416001402; 60=2022-04-16-00:14:02; 54=2; 44=75.71; 10=0252;
8=FIX4.4; 35=8; 34=104; 49=MS; 56=MTHREE; 52=2022-04-16-00:14:02; 55=SBUX; 40=2; 11=algo20220416001402; 31=75.71; 150=0; 39=0; 54=2; 44=75.71; 32=0; 17=exec20220416001402; 38=12122; 60=2022-04-16-00:14:02; 6=0; 14=0; 37=algo20220416001402; 10=200;
8=FIX4.4; 35=8; 34=105; 49=MS; 56=MTHREE; 52=2022-04-16-00:14:02; 55=SBUX; 40=2; 11=algo20220416001402; 31=75.71; 150=1; 39=1; 54=2; 44=75.71; 32=2424; 17=exec20220416001402; 38=12122; 60=2022-04-16-00:14:02; 6=75.71; 14=2424; 37=algo20220416001402; 10=240;
8=FIX4.4; 35=F; 34=76; 49=MTHREE; 56=MS; 52=2022-04-16-00:14:03; 41=algo20220416001402; 55=SBUX; 38=12122; 11=C_algo20220416001402; 60=2022-04-16-00:14:03; 10=060;
8=FIX4.4; 35=8; 34=105; 49=MS; 56=MTHREE; 52=2022-04-16-00:14:03; 55=SBUX; 11=C_algo20220416001402; 31=0; 150=6; 39=6; 54=2; 44=75.71; 17=exec20220416001403; 32=0; 41=algo20220416001402; 38=12122; 60=2022-04-16-00:14:03; 6=0.0; 14=2424; 37=algo20220416001402; 10=252;
8=FIX4.4; 35=8; 34=106; 49=MS; 56=MTHREE; 52=2022-04-16-00:14:03; 151=7274; 55=SBUX; 11=C_algo20220416001402; 31=0; 150=4; 39=4; 54=2; 17=exec20220416001403; 32=0; 41=algo20220416001402; 38=12122; 60=2022-04-16-00:14:03; 6=0.0; 14=2424; 37=algo20220416001402; 10=252;
8=FIX4.4; 35=D; 34=78; 49=MTHREE; 56=MS; 52=2022-04-16-00:14:05; 55=QCOM; 40=2; 38=27770; 21=2; 11=algo20220416001405; 60=2022-04-16-00:14:05; 54=1; 44=75.47; 10=0252;
8=FIX4.4; 35=8; 34=108; 49=MS; 56=MTHREE; 52=2022-04-16-00:14:05; 55=QCOM; 40=2; 11=algo20220416001405; 31=75.47; 150=0; 39=0; 54=1; 44=75.47; 32=0; 17=exec20220416001405; 38=27770; 60=2022-04-16-00:14:05; 6=0; 14=0; 37=algo20220416001405; 10=200;
8=FIX4.4; 35=8; 34=109; 49=MS; 56=MTHREE; 52=2022-04-16-00:14:05; 55=QCOM; 40=2; 11=algo20220416001405; 31=75.47; 150=1; 39=1; 54=1; 44=75.47; 32=9256; 17=exec20220416001405; 38=27770; 60=2022-04-16-00:14:05; 6=75.47; 14=9256; 37=algo20220416001405; 10=240;
8=FIX4.4; 35=F; 34=78; 49=MTHREE; 56=MS; 52=2022-04-16-00:14:06; 41=algo20220416001405; 55=QCOM; 38=27770; 11=C_algo20220416001405; 60=2022-04-16-00:14:06; 10=060;
8=FIX4.4; 35=8; 34=109; 49=MS; 56=MTHREE; 52=2022-04-16-00:14:06; 55=QCOM; 11=C_algo20220416001405; 31=0; 150=6; 39=6; 54=1; 44=75.47; 17=exec20220416001406; 32=0; 41=algo20220416001405; 38=27770; 60=2022-04-16-00:14:06; 6=0.0; 14=9256; 37=algo20220416001405; 10=252;
8=FIX4.4; 35=8; 34=110; 49=MS; 56=MTHREE; 52=2022-04-16-00:14:06; 151=9258; 55=QCOM; 11=C_algo20220416001405; 31=0; 150=4; 39=4; 54=1; 17=exec20220416001406; 32=0; 41=algo20220416001405; 38=27770; 60=2022-04-16-00:14:06; 6=0.0; 14=9256; 37=algo20220416001405; 10=252;
8=FIX4.4; 35=D; 34=80; 49=MTHREE; 56=MS; 52=2022-04-16-00:14:08; 55=TMUS; 40=2; 38=26003; 21=2; 11=algo20220416001408; 60=2022-04-16-00:14:08; 54=1; 44=90.74; 10=0252;
8=FIX4.4; 35=8; 34=112; 49=MS; 56=MTHREE; 52=2022-04-16-00:14:08; 55=TMUS; 40=2; 11=algo20220416001408; 31=90.74; 150=0; 39=0; 54=1; 44=90.74; 32=0; 17=exec20220416001408; 38=26003; 60=2022-04-16-00:14:08; 6=0; 14=0; 37=algo20220416001408; 10=200;
8=FIX4.4; 35=8; 34=113; 49=MS; 56=MTHREE; 52=2022-04-16-00:14:09; 55=TMUS; 40=2; 11=algo20220416001408; 31=90.74; 150=2; 39=2; 54=1; 44=90.74; 32=26003; 17=exec20220416001409; 38=26003; 60=2022-04-16-00:14:09; 6=90.74; 14=26003; 37=algo20220416001408; 10=246;
8=FIX4.4; 35=D; 34=81; 49=MTHREE; 56=MS; 52=2022-04-16-00:14:09; 55=MDLZ; 40=2; 38=5967; 21=2; 11=algo20220416001409; 60=2022-04-16-00:14:09; 54=1; 44=52.26; 10=0252;
8=FIX4.4; 35=8; 34=114; 49=MS; 56=MTHREE; 52=2022-04-16-00:14:09; 55=MDLZ; 40=2; 11=algo20220416001409; 31=52.26; 150=0; 39=0; 54=1; 44=52.26; 32=0; 17=exec20220416001409; 38=5967; 60=2022-04-16-00:14:09; 6=0; 14=0; 37=algo20220416001409; 10=200;
8=FIX4.4; 35=F; 34=81; 49=MTHREE; 56=MS; 52=2022-04-16-00:14:09; 41=algo20220416001409; 55=MDLZ; 38=5967; 11=C_algo20220416001409; 60=2022-04-16-00:14:09; 10=060;
8=FIX4.4; 35=8; 34=114; 49=MS; 56=MTHREE; 52=2022-04-16-00:14:09; 55=MDLZ; 11=C_algo20220416001409; 31=0; 150=6; 39=6; 54=1; 44=52.26; 17=exec20220416001409; 32=0; 41=algo20220416001409; 38=5967; 60=2022-04-16-00:14:09; 6=0.0; 14=0; 37=algo20220416001409; 10=252;
8=FIX4.4; 35=8; 34=115; 49=MS; 56=MTHREE; 52=2022-04-16-00:14:09; 151=2984; 55=MDLZ; 11=C_algo20220416001409; 31=0; 150=4; 39=4; 54=1; 17=exec20220416001409; 32=0; 41=algo20220416001409; 38=5967; 60=2022-04-16-00:14:09; 6=0.0; 14=0; 37=algo20220416001409; 10=252;
8=FIX4.4; 35=D; 34=83; 49=MTHREE; 56=MS; 52=2022-04-16-00:14:11; 55=BAC; 40=2; 38=23302; 21=2; 11=algo20220416001411; 60=2022-04-16-00:14:11; 54=2; 44=22.03; 10=0252;
8=FIX4.4; 35=8; 34=117; 49=MS; 56=MTHREE; 52=2022-04-16-00:14:11; 55=BAC; 40=2; 11=algo20220416001411; 31=22.03; 150=0; 39=0; 54=2; 44=22.03; 32=0; 17=exec20220416001411; 38=23302; 60=2022-04-16-00:14:11; 6=0; 14=0; 37=algo20220416001411; 10=200;
8=FIX4.4; 35=F; 34=83; 49=MTHREE; 56=MS; 52=2022-04-16-00:14:11; 41=algo20220416001411; 55=BAC; 38=23302; 11=C_algo20220416001411; 60=2022-04-16-00:14:11; 10=060;
8=FIX4.4; 35=8; 34=117; 49=MS; 56=MTHREE; 52=2022-04-16-00:14:11; 55=BAC; 11=C_algo20220416001411; 31=0; 150=6; 39=6; 54=2; 44=22.03; 17=exec20220416001411; 32=0; 41=algo20220416001411; 38=23302; 60=2022-04-16-00:14:11; 6=0.0; 14=0; 37=algo20220416001411; 10=252;
8=FIX4.4; 35=8; 34=118; 49=MS; 56=MTHREE; 52=2022-04-16-00:14:11; 151=15535; 55=BAC; 11=C_algo20220416001411; 31=0; 150=4; 39=4; 54=2; 17=exec20220416001411; 32=0; 41=algo20220416001411; 38=23302; 60=2022-04-16-00:14:11; 6=0.0; 14=0; 37=algo20220416001411; 10=252;
8=FIX4.4; 35=D; 34=85; 49=MTHREE; 56=MS; 52=2022-04-16-00:14:13; 55=DDD; 40=2; 38=4618; 21=2; 11=algo20220416001413; 60=2022-04-16-00:14:13; 54=1; 44=8.01; 10=0252;
8=FIX4.4; 35=8; 34=120; 49=MS; 56=MTHREE; 52=2022-04-16-00:14:13; 55=DDD; 40=2; 11=algo20220416001413; 31=8.01; 150=0; 39=0; 54=1; 44=8.01; 32=0; 17=exec20220416001413; 38=4618; 60=2022-04-16-00:14:13; 6=0; 14=0; 37=algo20220416001413; 10=200;
8=FIX4.4; 35=F; 34=85; 49=MTHREE; 56=MS; 52=2022-04-16-00:14:13; 41=algo20220416001413; 55=DDD; 38=4618; 11=C_algo20220416001413; 60=2022-04-16-00:14:13; 10=060;
8=FIX4.4; 35=8; 34=120; 49=MS; 56=MTHREE; 52=2022-04-16-00:14:13; 55=DDD; 11=C_algo20220416001413; 31=0; 150=6; 39=6; 54=1; 44=8.01; 17=exec20220416001413; 32=0; 41=algo20220416001413; 38=4618; 60=2022-04-16-00:14:13; 6=0.0; 14=0; 37=algo20220416001413; 10=252;
8=FIX4.4; 35=8; 34=121; 49=MS; 56=MTHREE; 52=2022-04-16-00:14:13; 151=3079; 55=DDD; 11=C_algo20220416001413; 31=0; 150=4; 39=4; 54=1; 17=exec20220416001413; 32=0; 41=algo20220416001413; 38=4618; 60=2022-04-16-00:14:13; 6=0.0; 14=0; 37=algo20220416001413; 10=252;
8=FIX4.4; 35=D; 34=87; 49=MTHREE; 56=MS; 52=2022-04-16-00:14:15; 55=MMM; 40=2; 38=9040; 21=2; 11=algo20220416001415; 60=2022-04-16-00:14:15; 54=1; 44=146.98; 10=0252;
8=FIX4.4; 35=8; 34=123; 49=MS; 56=MTHREE; 52=2022-04-16-00:14:15; 55=MMM; 40=2; 11=algo20220416001415; 31=146.98; 150=0; 39=0; 54=1; 44=146.98; 32=0; 17=exec20220416001415; 38=9040; 60=2022-04-16-00:14:15; 6=0; 14=0; 37=algo20220416001415; 10=200;
8=FIX4.4; 35=F; 34=87; 49=MTHREE; 56=MS; 52=2022-04-16-00:14:15; 41=algo20220416001415; 55=MMM; 38=9040; 11=C_algo20220416001415; 60=2022-04-16-00:14:15; 10=060;
8=FIX4.4; 35=8; 34=123; 49=MS; 56=MTHREE; 52=2022-04-16-00:14:15; 55=MMM; 11=C_algo20220416001415; 31=0; 150=6; 39=6; 54=1; 44=146.98; 17=exec20220416001415; 32=0; 41=algo20220416001415; 38=9040; 60=2022-04-16-00:14:15; 6=0.0; 14=0; 37=algo20220416001415; 10=252;
8=FIX4.4; 35=8; 34=124; 49=MS; 56=MTHREE; 52=2022-04-16-00:14:15; 151=6780; 55=MMM; 11=C_algo20220416001415; 31=0; 150=4; 39=4; 54=1; 17=exec20220416001415; 32=0; 41=algo20220416001415; 38=9040; 60=2022-04-16-00:14:15; 6=0.0; 14=0; 37=algo20220416001415; 10=252;
8=FIX4.4; 35=D; 34=89; 49=MTHREE; 56=MS; 52=2022-04-16-00:14:17; 55=WBAI; 40=2; 38=5874; 21=2; 11=algo20220416001417; 60=2022-04-16-00:14:17; 54=2; 44=4.10; 10=0252;
8=FIX4.4; 35=8; 34=126; 49=MS; 56=MTHREE; 52=2022-04-16-00:14:17; 55=WBAI; 40=2; 11=algo20220416001417; 31=4.10; 150=0; 39=0; 54=2; 44=4.10; 32=0; 17=exec20220416001417; 38=5874; 60=2022-04-16-00:14:17; 6=0; 14=0; 37=algo20220416001417; 10=200;
8=FIX4.4; 35=F; 34=89; 49=MTHREE; 56=MS; 52=2022-04-16-00:14:17; 41=algo20220416001417; 55=WBAI; 38=5874; 11=C_algo20220416001417; 60=2022-04-16-00:14:17; 10=060;
8=FIX4.4; 35=8; 34=126; 49=MS; 56=MTHREE; 52=2022-04-16-00:14:17; 55=WBAI; 11=C_algo20220416001417; 31=0; 150=6; 39=6; 54=2; 44=4.10; 17=exec20220416001417; 32=0; 41=algo20220416001417; 38=5874; 60=2022-04-16-00:14:17; 6=0.0; 14=0; 37=algo20220416001417; 10=252;
8=FIX4.4; 35=8; 34=127; 49=MS; 56=MTHREE; 52=2022-04-16-00:14:17; 151=4700; 55=WBAI; 11=C_algo20220416001417; 31=0; 150=4; 39=4; 54=2; 17=exec20220416001417; 32=0; 41=algo20220416001417; 38=5874; 60=2022-04-16-00:14:17; 6=0.0; 14=0; 37=algo20220416001417; 10=252;
8=FIX4.4; 35=D; 34=91; 49=MTHREE; 56=MS; 52=2022-04-16-00:14:19; 55=WUBA; 40=2; 38=8684; 21=2; 11=algo20220416001419; 60=2022-04-16-00:14:19; 54=2; 44=51.41; 10=0252;
8=FIX4.4; 35=8; 34=129; 49=MS; 56=MTHREE; 52=2022-04-16-00:14:19; 55=WUBA; 40=2; 11=algo20220416001419; 31=51.41; 150=0; 39=0; 54=2; 44=51.41; 32=0; 17=exec20220416001419; 38=8684; 60=2022-04-16-00:14:19; 6=0; 14=0; 37=algo20220416001419; 10=200;
8=FIX4.4; 35=F; 34=91; 49=MTHREE; 56=MS; 52=2022-04-16-00:14:19; 41=algo20220416001419; 55=WUBA; 38=8684; 11=C_algo20220416001419; 60=2022-04-16-00:14:19; 10=060;
8=FIX4.4; 35=8; 34=129; 49=MS; 56=MTHREE; 52=2022-04-16-00:14:19; 55=WUBA; 11=C_algo20220416001419; 31=0; 150=6; 39=6; 54=2; 44=51.41; 17=exec20220416001419; 32=0; 41=algo20220416001419; 38=8684; 60=2022-04-16-00:14:19; 6=0.0; 14=0; 37=algo20220416001419; 10=252;
8=FIX4.4; 35=8; 34=130; 49=MS; 56=MTHREE; 52=2022-04-16-00:14:19; 151=6948; 55=WUBA; 11=C_algo20220416001419; 31=0; 150=4; 39=4; 54=2; 17=exec20220416001419; 32=0; 41=algo20220416001419; 38=8684; 60=2022-04-16-00:14:19; 6=0.0; 14=0; 37=algo20220416001419; 10=252;
8=FIX4.4; 35=D; 34=93; 49=MTHREE; 56=MS; 52=2022-04-16-00:14:21; 55=EGHT; 40=2; 38=22285; 21=2; 11=algo20220416001421; 60=2022-04-16-00:14:21; 54=1; 44=17.03; 10=0252;
8=FIX4.4; 35=8; 34=132; 49=MS; 56=MTHREE; 52=2022-04-16-00:14:21; 55=EGHT; 40=2; 11=algo20220416001421; 31=17.03; 150=0; 39=0; 54=1; 44=17.03; 32=0; 17=exec20220416001421; 38=22285; 60=2022-04-16-00:14:21; 6=0; 14=0; 37=algo20220416001421; 10=200;
8=FIX4.4; 35=F; 34=93; 49=MTHREE; 56=MS; 52=2022-04-16-00:14:21; 41=algo20220416001421; 55=EGHT; 38=22285; 11=C_algo20220416001421; 60=2022-04-16-00:14:21; 10=060;
8=FIX4.4; 35=8; 34=132; 49=MS; 56=MTHREE; 52=2022-04-16-00:14:21; 55=EGHT; 11=C_algo20220416001421; 31=0; 150=6; 39=6; 54=1; 44=17.03; 17=exec20220416001421; 32=0; 41=algo20220416001421; 38=22285; 60=2022-04-16-00:14:21; 6=0.0; 14=0; 37=algo20220416001421; 10=252;
8=FIX4.4; 35=8; 34=133; 49=MS; 56=MTHREE; 52=2022-04-16-00:14:21; 151=16714; 55=EGHT; 11=C_algo20220416001421; 31=0; 150=4; 39=4; 54=1; 17=exec20220416001421; 32=0; 41=algo20220416001421; 38=22285; 60=2022-04-16-00:14:21; 6=0.0; 14=0; 37=algo20220416001421; 10=252;
8=FIX4.4; 35=D; 34=95; 49=MTHREE; 56=MS; 52=2022-04-16-00:14:23; 55=AHC; 40=2; 38=6924; 21=2; 11=algo20220416001423; 60=2022-04-16-00:14:23; 54=1; 44=1.40; 10=0252;
8=FIX4.4; 35=8; 34=135; 49=MS; 56=MTHREE; 52=2022-04-16-00:14:23; 55=AHC; 40=2; 11=algo20220416001423; 31=1.40; 150=0; 39=0; 54=1; 44=1.40; 32=0; 17=exec20220416001423; 38=6924; 60=2022-04-16-00:14:23; 6=0; 14=0; 37=algo20220416001423; 10=200;
8=FIX4.4; 35=8; 34=136; 49=MS; 56=MTHREE; 52=2022-04-16-00:14:23; 55=AHC; 40=2; 11=algo20220416001423; 31=1.40; 150=1; 39=1; 54=1; 44=1.40; 32=1731; 17=exec20220416001423; 38=6924; 60=2022-04-16-00:14:23; 6=1.40; 14=1731; 37=algo20220416001423; 10=240;
8=FIX4.4; 35=F; 34=95; 49=MTHREE; 56=MS; 52=2022-04-16-00:14:24; 41=algo20220416001423; 55=AHC; 38=6924; 11=C_algo20220416001423; 60=2022-04-16-00:14:24; 10=060;
8=FIX4.4; 35=8; 34=136; 49=MS; 56=MTHREE; 52=2022-04-16-00:14:24; 55=AHC; 11=C_algo20220416001423; 31=0; 150=6; 39=6; 54=1; 44=1.40; 17=exec20220416001424; 32=0; 41=algo20220416001423; 38=6924; 60=2022-04-16-00:14:24; 6=0.0; 14=1731; 37=algo20220416001423; 10=252;
8=FIX4.4; 35=8; 34=137; 49=MS; 56=MTHREE; 52=2022-04-16-00:14:24; 151=3462; 55=AHC; 11=C_algo20220416001423; 31=0; 150=4; 39=4; 54=1; 17=exec20220416001424; 32=0; 41=algo20220416001423; 38=6924; 60=2022-04-16-00:14:24; 6=0.0; 14=1731; 37=algo20220416001423; 10=252;
8=FIX4.4; 35=D; 34=97; 49=MTHREE; 56=MS; 52=2022-04-16-00:14:26; 55=AOS; 40=2; 38=5090; 21=2; 11=algo20220416001426; 60=2022-04-16-00:14:26; 54=1; 44=40.38; 10=0252;
8=FIX4.4; 35=8; 34=139; 49=MS; 56=MTHREE; 52=2022-04-16-00:14:26; 55=AOS; 40=2; 11=algo20220416001426; 31=40.38; 150=0; 39=0; 54=1; 44=40.38; 32=0; 17=exec20220416001426; 38=5090; 60=2022-04-16-00:14:26; 6=0; 14=0; 37=algo20220416001426; 10=200;
8=FIX4.4; 35=F; 34=97; 49=MTHREE; 56=MS; 52=2022-04-16-00:14:26; 41=algo20220416001426; 55=AOS; 38=5090; 11=C_algo20220416001426; 60=2022-04-16-00:14:26; 10=060;
8=FIX4.4; 35=8; 34=139; 49=MS; 56=MTHREE; 52=2022-04-16-00:14:26; 55=AOS; 11=C_algo20220416001426; 31=0; 150=6; 39=6; 54=1; 44=40.38; 17=exec20220416001426; 32=0; 41=algo20220416001426; 38=5090; 60=2022-04-16-00:14:26; 6=0.0; 14=0; 37=algo20220416001426; 10=252;
8=FIX4.4; 35=8; 34=140; 49=MS; 56=MTHREE; 52=2022-04-16-00:14:26; 151=2545; 55=AOS; 11=C_algo20220416001426; 31=0; 150=4; 39=4; 54=1; 17=exec20220416001426; 32=0; 41=algo20220416001426; 38=5090; 60=2022-04-16-00:14:26; 6=0.0; 14=0; 37=algo20220416001426; 10=252;
8=FIX4.4; 35=D; 34=99; 49=MTHREE; 56=MS; 52=2022-04-16-00:14:28; 55=ATEN; 40=2; 38=1433; 21=2; 11=algo20220416001428; 60=2022-04-16-00:14:28; 54=2; 44=6.45; 10=0252;
8=FIX4.4; 35=8; 34=142; 49=MS; 56=MTHREE; 52=2022-04-16-00:14:28; 55=ATEN; 40=2; 11=algo20220416001428; 31=6.45; 150=0; 39=0; 54=2; 44=6.45; 32=0; 17=exec20220416001428; 38=1433; 60=2022-04-16-00:14:28; 6=0; 14=0; 37=algo20220416001428; 10=200;
8=FIX4.4; 35=8; 34=143; 49=MS; 56=MTHREE; 52=2022-04-16-00:14:29; 55=ATEN; 40=2; 11=algo20220416001428; 31=6.45; 150=2; 39=2; 54=2; 44=6.45; 32=1433; 17=exec20220416001429; 38=1433; 60=2022-04-16-00:14:29; 6=6.45; 14=1433; 37=algo20220416001428; 10=246;
8=FIX4.4; 35=D; 34=100; 49=MTHREE; 56=MS; 52=2022-04-16-00:14:29; 55=AIR; 40=2; 38=6183; 21=2; 11=algo20220416001429; 60=2022-04-16-00:14:29; 54=1; 44=16.31; 10=0252;
8=FIX4.4; 35=8; 34=144; 49=MS; 56=MTHREE; 52=2022-04-16-00:14:29; 55=AIR; 40=2; 11=algo20220416001429; 31=16.31; 150=0; 39=0; 54=1; 44=16.31; 32=0; 17=exec20220416001429; 38=6183; 60=2022-04-16-00:14:29; 6=0; 14=0; 37=algo20220416001429; 10=200;
8=FIX4.4; 35=F; 34=100; 49=MTHREE; 56=MS; 52=2022-04-16-00:14:29; 41=algo20220416001429; 55=AIR; 38=6183; 11=C_algo20220416001429; 60=2022-04-16-00:14:29; 10=060;
8=FIX4.4; 35=8; 34=144; 49=MS; 56=MTHREE; 52=2022-04-16-00:14:29; 55=AIR; 11=C_algo20220416001429; 31=0; 150=6; 39=6; 54=1; 44=16.31; 17=exec20220416001429; 32=0; 41=algo20220416001429; 38=6183; 60=2022-04-16-00:14:29; 6=0.0; 14=0; 37=algo20220416001429; 10=252;
8=FIX4.4; 35=8; 34=145; 49=MS; 56=MTHREE; 52=2022-04-16-00:14:29; 151=4947; 55=AIR; 11=C_algo20220416001429; 31=0; 150=4; 39=4; 54=1; 17=exec20220416001429; 32=0; 41=algo20220416001429; 38=6183; 60=2022-04-16-00:14:29; 6=0.0; 14=0; 37=algo20220416001429; 10=252;
8=FIX4.4; 35=D; 34=102; 49=MTHREE; 56=MS; 52=2022-04-16-00:14:31; 55=AAN; 40=2; 38=27208; 21=2; 11=algo20220416001431; 60=2022-04-16-00:14:31; 54=2; 44=25.68; 10=0252;
8=FIX4.4; 35=8; 34=147; 49=MS; 56=MTHREE; 52=2022-04-16-00:14:31; 55=AAN; 40=2; 11=algo20220416001431; 31=25.68; 150=0; 39=0; 54=2; 44=25.68; 32=0; 17=exec20220416001431; 38=27208; 60=2022-04-16-00:14:31; 6=0; 14=0; 37=algo20220416001431; 10=200;
8=FIX4.4; 35=8; 34=148; 49=MS; 56=MTHREE; 52=2022-04-16-00:14:31; 55=AAN; 40=2; 11=algo20220416001431; 31=25.68; 150=1; 39=1; 54=2; 44=25.68; 32=6802; 17=exec20220416001431; 38=27208; 60=2022-04-16-00:14:31; 6=25.68; 14=6802; 37=algo20220416001431; 10=240;
8=FIX4.4; 35=F; 34=102; 49=MTHREE; 56=MS; 52=2022-04-16-00:14:32; 41=algo20220416001431; 55=AAN; 38=27208; 11=C_algo20220416001431; 60=2022-04-16-00:14:32; 10=060;
8=FIX4.4; 35=8; 34=148; 49=MS; 56=MTHREE; 52=2022-04-16-00:14:32; 55=AAN; 11=C_algo20220416001431; 31=0; 150=6; 39=6; 54=2; 44=25.68; 17=exec20220416001432; 32=0; 41=algo20220416001431; 38=27208; 60=2022-04-16-00:14:32; 6=0.0; 14=6802; 37=algo20220416001431; 10=252;
8=FIX4.4; 35=8; 34=149; 49=MS; 56=MTHREE; 52=2022-04-16-00:14:32; 151=13604; 55=AAN; 11=C_algo20220416001431; 31=0; 150=4; 39=4; 54=2; 17=exec20220416001432; 32=0; 41=algo20220416001431; 38=27208; 60=2022-04-16-00:14:32; 6=0.0; 14=6802; 37=algo20220416001431; 10=252;
8=FIX4.4; 35=D; 34=104; 49=MTHREE; 56=MS; 52=2022-04-16-00:14:34; 55=ABB; 40=2; 38=11435; 21=2; 11=algo20220416001434; 60=2022-04-16-00:14:34; 54=2; 44=17.42; 10=0252;
8=FIX4.4; 35=8; 34=151; 49=MS; 56=MTHREE; 52=2022-04-16-00:14:34; 55=ABB; 40=2; 11=algo20220416001434; 31=17.42; 150=0; 39=0; 54=2; 44=17.42; 32=0; 17=exec20220416001434; 38=11435; 60=2022-04-16-00:14:34; 6=0; 14=0; 37=algo20220416001434; 10=200;
8=FIX4.4; 35=8; 34=152; 49=MS; 56=MTHREE; 52=2022-04-16-00:14:35; 55=ABB; 40=2; 11=algo20220416001434; 31=17.42; 150=2; 39=2; 54=2; 44=17.42; 32=11435; 17=exec20220416001435; 38=11435; 60=2022-04-16-00:14:35; 6=17.42; 14=11435; 37=algo20220416001434; 10=246;
8=FIX4.4; 35=D; 34=105; 49=MTHREE; 56=MS; 52=2022-04-16-00:14:35; 55=ABT; 40=2; 38=9597; 21=2; 11=algo20220416001435; 60=2022-04-16-00:14:35; 54=1; 44=94.04; 10=0252;
8=FIX4.4; 35=8; 34=153; 49=MS; 56=MTHREE; 52=2022-04-16-00:14:35; 55=ABT; 40=2; 11=algo20220416001435; 31=94.04; 150=0; 39=0; 54=1; 44=94.04; 32=0; 17=exec20220416001435; 38=9597; 60=2022-04-16-00:14:35; 6=0; 14=0; 37=algo20220416001435; 10=200;
8=FIX4.4; 35=F; 34=105; 49=MTHREE; 56=MS; 52=2022-04-16-00:14:35; 41=algo20220416001435; 55=ABT; 38=9597; 11=C_algo20220416001435; 60=2022-04-16-00:14:35; 10=060;
8=FIX4.4; 35=8; 34=153; 49=MS; 56=MTHREE; 52=2022-04-16-00:14:35; 55=ABT; 11=C_algo20220416001435; 31=0; 150=6; 39=6; 54=1; 44=94.04; 17=exec20220416001435; 32=0; 41=algo20220416001435; 38=9597; 60=2022-04-16-00:14:35; 6=0.0; 14=0; 37=algo20220416001435; 10=252;
8=FIX4.4; 35=8; 34=154; 49=MS; 56=MTHREE; 52=2022-04-16-00:14:35; 151=7198; 55=ABT; 11=C_algo20220416001435; 31=0; 150=4; 39=4; 54=1; 17=exec20220416001435; 32=0; 41=algo20220416001435; 38=9597; 60=2022-04-16-00:14:35; 6=0.0; 14=0; 37=algo20220416001435; 10=252;
8=FIX4.4; 35=D; 34=107; 49=MTHREE; 56=MS; 52=2022-04-16-00:14:37; 55=ABBV; 40=2; 38=5934; 21=2; 11=algo20220416001437; 60=2022-04-16-00:14:37; 54=2; 44=83.60; 10=0252;
8=FIX4.4; 35=8; 34=156; 49=MS; 56=MTHREE; 52=2022-04-16-00:14:37; 55=ABBV; 40=2; 11=algo20220416001437; 31=83.60; 150=0; 39=0; 54=2; 44=83.60; 32=0; 17=exec20220416001437; 38=5934; 60=2022-04-16-00:14:37; 6=0; 14=0; 37=algo20220416001437; 10=200;
8=FIX4.4; 35=8; 34=157; 49=MS; 56=MTHREE; 52=2022-04-16-00:14:37; 55=ABBV; 40=2; 11=algo20220416001437; 31=83.60; 150=1; 39=1; 54=2; 44=83.60; 32=1186; 17=exec20220416001437; 38=5934; 60=2022-04-16-00:14:37; 6=83.60; 14=1186; 37=algo20220416001437; 10=240;
8=FIX4.4; 35=F; 34=107; 49=MTHREE; 56=MS; 52=2022-04-16-00:14:38; 41=algo20220416001437; 55=ABBV; 38=5934; 11=C_algo20220416001437; 60=2022-04-16-00:14:38; 10=060;
8=FIX4.4; 35=8; 34=157; 49=MS; 56=MTHREE; 52=2022-04-16-00:14:38; 55=ABBV; 11=C_algo20220416001437; 31=0; 150=6; 39=6; 54=2; 44=83.60; 17=exec20220416001438; 32=0; 41=algo20220416001437; 38=5934; 60=2022-04-16-00:14:38; 6=0.0; 14=1186; 37=algo20220416001437; 10=252;
8=FIX4.4; 35=8; 34=158; 49=MS; 56=MTHREE; 52=2022-04-16-00:14:38; 151=3562; 55=ABBV; 11=C_algo20220416001437; 31=0; 150=4; 39=4; 54=2; 17=exec20220416001438; 32=0; 41=algo20220416001437; 38=5934; 60=2022-04-16-00:14:38; 6=0.0; 14=1186; 37=algo20220416001437; 10=252;
8=FIX4.4; 35=D; 34=109; 49=MTHREE; 56=MS; 52=2022-04-16-00:14:40; 55=ANF; 40=2; 38=6809; 21=2; 11=algo20220416001440; 60=2022-04-16-00:14:40; 54=2; 44=9.10; 10=0252;
8=FIX4.4; 35=8; 34=160; 49=MS; 56=MTHREE; 52=2022-04-16-00:14:40; 55=ANF; 40=2; 11=algo20220416001440; 31=9.10; 150=0; 39=0; 54=2; 44=9.10; 32=0; 17=exec20220416001440; 38=6809; 60=2022-04-16-00:14:40; 6=0; 14=0; 37=algo20220416001440; 10=200;
8=FIX4.4; 35=8; 34=161; 49=MS; 56=MTHREE; 52=2022-04-16-00:14:41; 55=ANF; 40=2; 11=algo20220416001440; 31=9.10; 150=2; 39=2; 54=2; 44=9.10; 32=6809; 17=exec20220416001441; 38=6809; 60=2022-04-16-00:14:41; 6=9.10; 14=6809; 37=algo20220416001440; 10=246;
8=FIX4.4; 35=D; 34=110; 49=MTHREE; 56=MS; 52=2022-04-16-00:14:41; 55=ABM; 40=2; 38=11674; 21=2; 11=algo20220416001441; 60=2022-04-16-00:14:41; 54=2; 44=31.64; 10=0252;
8=FIX4.4; 35=8; 34=162; 49=MS; 56=MTHREE; 52=2022-04-16-00:14:41; 55=ABM; 40=2; 11=algo20220416001441; 31=31.64; 150=0; 39=0; 54=2; 44=31.64; 32=0; 17=exec20220416001441; 38=11674; 60=2022-04-16-00:14:41; 6=0; 14=0; 37=algo20220416001441; 10=200;
8=FIX4.4; 35=F; 34=110; 49=MTHREE; 56=MS; 52=2022-04-16-00:14:41; 41=algo20220416001441; 55=ABM; 38=11674; 11=C_algo20220416001441; 60=2022-04-16-00:14:41; 10=060;
8=FIX4.4; 35=8; 34=162; 49=MS; 56=MTHREE; 52=2022-04-16-00:14:41; 55=ABM; 11=C_algo20220416001441; 31=0; 150=6; 39=6; 54=2; 44=31.64; 17=exec20220416001441; 32=0; 41=algo20220416001441; 38=11674; 60=2022-04-16-00:14:41; 6=0.0; 14=0; 37=algo20220416001441; 10=252;
8=FIX4.4; 35=8; 34=163; 49=MS; 56=MTHREE; 52=2022-04-16-00:14:41; 151=8756; 55=ABM; 11=C_algo20220416001441; 31=0; 150=4; 39=4; 54=2; 17=exec20220416001441; 32=0; 41=algo20220416001441; 38=11674; 60=2022-04-16-00:14:41; 6=0.0; 14=0; 37=algo20220416001441; 10=252;
8=FIX4.4; 35=D; 34=112; 49=MTHREE; 56=MS; 52=2022-04-16-00:14:43; 55=AAPL; 40=2; 38=28347; 21=2; 11=algo20220416001443; 60=2022-04-16-00:14:43; 54=1; 44=284.65; 10=0252;
8=FIX4.4; 35=8; 34=165; 49=MS; 56=MTHREE; 52=2022-04-16-00:14:43; 55=AAPL; 40=2; 11=algo20220416001443; 31=284.65; 150=0; 39=0; 54=1; 44=284.65; 32=0; 17=exec20220416001443; 38=28347; 60=2022-04-16-00:14:43; 6=0; 14=0; 37=algo20220416001443; 10=200;
8=FIX4.4; 35=F; 34=112; 49=MTHREE; 56=MS; 52=2022-04-16-00:14:43; 41=algo20220416001443; 55=AAPL; 38=28347; 11=C_algo20220416001443; 60=2022-04-16-00:14:43; 10=060;
8=FIX4.4; 35=8; 34=165; 49=MS; 56=MTHREE; 52=2022-04-16-00:14:43; 55=AAPL; 11=C_algo20220416001443; 31=0; 150=6; 39=6; 54=1; 44=284.65; 17=exec20220416001443; 32=0; 41=algo20220416001443; 38=28347; 60=2022-04-16-00:14:43; 6=0.0; 14=0; 37=algo20220416001443; 10=252;
8=FIX4.4; 35=8; 34=166; 49=MS; 56=MTHREE; 52=2022-04-16-00:14:43; 151=18898; 55=AAPL; 11=C_algo20220416001443; 31=0; 150=4; 39=4; 54=1; 17=exec20220416001443; 32=0; 41=algo20220416001443; 38=28347; 60=2022-04-16-00:14:43; 6=0.0; 14=0; 37=algo20220416001443; 10=252;
8=FIX4.4; 35=D; 34=114; 49=MTHREE; 56=MS; 52=2022-04-16-00:14:45; 55=PEP; 40=2; 38=3369; 21=2; 11=algo20220416001445; 60=2022-04-16-00:14:45; 54=1; 44=45.43; 10=0252;
8=FIX4.4; 35=8; 34=168; 49=MS; 56=MTHREE; 52=2022-04-16-00:14:45; 55=PEP; 40=2; 11=algo20220416001445; 31=45.43; 150=0; 39=0; 54=1; 44=45.43; 32=0; 17=exec20220416001445; 38=3369; 60=2022-04-16-00:14:45; 6=0; 14=0; 37=algo20220416001445; 10=200;
8=FIX4.4; 35=8; 34=169; 49=MS; 56=MTHREE; 52=2022-04-16-00:14:45; 55=PEP; 40=2; 11=algo20220416001445; 31=45.43; 150=1; 39=1; 54=1; 44=45.43; 32=1684; 17=exec20220416001445; 38=3369; 60=2022-04-16-00:14:45; 6=45.43; 14=1684; 37=algo20220416001445; 10=240;
8=FIX4.4; 35=8; 34=170; 49=MS; 56=MTHREE; 52=2022-04-16-00:14:47; 55=PEP; 40=2; 11=algo20220416001445; 31=45.43; 150=2; 39=2; 54=1; 44=45.43; 32=1685; 17=exec20220416001447; 38=3369; 60=2022-04-16-00:14:47; 6=45.43; 14=3369; 37=algo20220416001445; 10=246;
8=FIX4.4; 35=D; 34=115; 49=MTHREE; 56=MS; 52=2022-04-16-00:14:47; 55=; 40=2; 38=17953; 21=2; 11=algo20220416001447; 60=2022-04-16-00:14:47; 54=2; 44=; 10=0252;
8=FIX4.4; 35=8; 34=171; 49=MS; 56=MTHREE; 52=2022-04-16-00:14:47; 55=; 40=2; 11=algo20220416001447; 31=; 150=0; 39=0; 54=2; 44=; 32=0; 17=exec20220416001447; 38=17953; 60=2022-04-16-00:14:47; 6=0; 14=0; 37=algo20220416001447; 10=200;
8=FIX4.4; 35=F; 34=115; 49=MTHREE; 56=MS; 52=2022-04-16-00:14:47; 41=algo20220416001447; 55=; 38=17953; 11=C_algo20220416001447; 60=2022-04-16-00:14:47; 10=060;
8=FIX4.4; 35=8; 34=171; 49=MS; 56=MTHREE; 52=2022-04-16-00:14:47; 55=; 11=C_algo20220416001447; 31=0; 150=6; 39=6; 54=2; 44=; 17=exec20220416001447; 32=0; 41=algo20220416001447; 38=17953; 60=2022-04-16-00:14:47; 6=0.0; 14=0; 37=algo20220416001447; 10=252;
8=FIX4.4; 35=8; 34=172; 49=MS; 56=MTHREE; 52=2022-04-16-00:14:47; 151=8977; 55=; 11=C_algo20220416001447; 31=0; 150=4; 39=4; 54=2; 17=exec20220416001447; 32=0; 41=algo20220416001447; 38=17953; 60=2022-04-16-00:14:47; 6=0.0; 14=0; 37=algo20220416001447; 10=252;
